Answer: 
( ( [[[][]][]][] , 740 ) , .....(((((((....))((....))))(((.(((......))))))..)))..((((....((...))..))))..... )
( ( [[][]][][] , -600 ) , .....(((((((((((...)))((..((((.....))))..))))))).)))..((......)).((....))....... )
( ( [[][]][[][]] , -610 ) , ........((((((((...)))((..((((.....))))..)))))))((((..((......)).((....))))))... )
( ( [][[][]] , -570 ) , ........((((..(((.((.....((....)).....)).)))))))((((..((......)).((....))))))... )
( ( [[][]][] , -962 ) , ........((((((((...)))((..((((.....))))..)))))))(((((.((.............)).)))))... )
( ( [[][][]][] , -170 ) , .....(((..((((........))))((((.....))))((.....)).)))..((((....((...))..))))..... )
( ( [][][] , -560 ) , .....(((((((..(((.((.....((....)).....)).))))))).)))..((......)).((....))....... )
( ( [] , -900 ) , .....(((((((..(((.((.....((....)).....)).))))))).)))............................ )
( ( [[[][]][]][][] , 1070 ) , .....(((((((....))((....))))(((.(((......))))))..)))..((......)).((....))....... )
( ( [[[][]][][]] , 750 ) , .....((((((((...))((...)))).....(((.(((.......))))))..((......)).))))........... )
( ( [[[][]][][]][][] , 1410 ) , .....(((((((....))((....)))).((...))(((.......))))))..((......)).((....))....... )
( ( [[][]] , -940 ) , .....(((((((((((...)))((..((((.....))))..))))))).)))............................ )
( ( [[][]] , -940 ) , .....(((((((..(((.((.....((....)).....)).)))))))......((......))..)))........... )
( ( [[][][]] , -740 ) , .....(((((((((........))))).....(((.(((.......))))))..((......)).))))........... )
( ( [[][[][]]] , -440 ) , .....(((((((((........))))).....(((....((.....))((.....))....))).))))........... )
( ( [[][][]][][] , 160 ) , .....(((..((((........))))((((.....))))((.....)).)))..((......)).((....))....... )
( ( [][] , -922 ) , ........((((..(((.((.....((....)).....)).)))))))(((((.((.............)).)))))... )
( ( [[][][]][[][]] , 650 ) , ........((((((((...))((...))((.....)).))....))))((((..((......)).((....))))))... )
( ( [[[][]][][]][] , 1080 ) , .....(((((((....))((....)))).((...))(((.......))))))..((((....((...))..))))..... )
( ( [[[][]][]] , -980 ) , .....(((((((((((...)))((..((((.....))))..)))))))......((......))..)))........... )
( ( [[[][][]][]] , 280 ) , .....(((((((((((...))((...))((.....)).))....))))......((......))..)))........... )
( ( [[[][]][[][]]] , 1050 ) , .....((((((((...))((...)))).....(((....((.....))((.....))....))).))))........... )
