Answer: 
( ( [][][][] , (-290, <0, 28>, <0, 0>) ) , ........((((((........))))))....(((.(((.......))))))..((......))..((......)).... )
( ( [][][] , (-690, <0, 52>, <0, 0>) ) , .....(((((((..(((.((.....((....)).....)).))))))).)))..((......))..((......)).... )
( ( [][][][][] , (130, <0, 22>, <0, 0>) ) , .............(((...)))...((....))...(((.......))).....((......))..((......)).... )
( ( [][] , (-890, <0, 52>, <0, 0>) ) , .....(((((((..(((.((.....((....)).....)).))))))).)))..((((....((...))..))))..... )
( ( [][][[][]] , (-100, <0, 26>, <0, 0>) ) , ..........((((........))))((((.....))))..(((.((......)).......((...))....))).... )
( ( [][][[][]] , (-100, <0, 26>, <0, 0>) ) , ........((((((........)))))).((.(((......)))))..((((..((......)).((....))))))... )
( ( [][][[][][]] , (550, <0, 20>, <0, 0>) ) , ........((((....)))).((...)).((.(((.(((.......))))))..((......))..((......))..)) )
( ( [][[][]] , (-550, <0, 22>, <0, 0>) ) , .............(((...)))..(((((((.(((.(((.......))).....((......))..)))..))))))).. )
( ( [][[][]][] , (-10, <0, 28>, <0, 0>) ) , ........((((((........))))))....(((.(((.......))).....((......))..)))..((...)).. )
( ( [][[][]][][] , (460, <0, 20>, <0, 0>) ) , ........((((....))))..((.((....))...(((.......)))))...((......))..((......)).... )
( ( [][[][][]][] , (690, <0, 20>, <0, 0>) ) , ........((((....))))..(((((....))((......))..((......)).....)))...((......)).... )
( ( [][[][][]] , (-100, <0, 22>, <0, 0>) ) , .............(((...)))..(((((((.(((......))).((......)).......((...))..))))))).. )
( ( [][[[][]][]][] , (1030, <0, 19>, <0, 0>) ) , .........(((....)))((.((.((....))...(((.......)))))...((......))...))..((...)).. )
( ( [][[[][]][]] , (300, <0, 28>, <0, 0>) ) , ........((((((........)))))).((.(((.(((.......))).....((......))..)))..((...)))) )
( ( [][[][[][]]] , (170, <0, 15>, <0, 0>) ) , ........((...)).(((((((...))....(((.(((.......))).....((......))..)))....))))).. )
( ( [][[][[][]]][] , (1200, <0, 15>, <0, 0>) ) , ........((...))..((......((....))((.(((.......))).....((......))..)))).((...)).. )
( ( [][][][[][]] , (330, <0, 27>, <0, 0>) ) , .........(((((........))))).((.....))..((.....))((((..((......)).((....))))))... )
( ( [][[][]][[][]] , (720, <0, 19>, <0, 0>) ) , .........(((....))).((...((....))((......))...))((((..((......)).((....))))))... )
( ( [[][]][][] , (-570, <0, 52>, <0, 0>) ) , .....(((((((((((...)))....((((.....))))....))))).)))..((......))..((......)).... )
( ( [[][]][][[][]] , (380, <0, 36>, <0, 0>) ) , ..........((.(((...)))...((....)).))...((.....))((((..((......)).((....))))))... )
( ( [[][]][][[][][]] , (1760, <0, 36>, <0, 0>) ) , ..........((.(((...)))...((....)).))((....))..((((.....)).....((...))..((...)))) )
( ( [[][]][] , (-770, <0, 52>, <0, 0>) ) , .....(((((((((((...)))....((((.....))))....))))).)))..((((....((...))..))))..... )
( ( [[][]][][][] , (240, <0, 36>, <0, 0>) ) , ..........((.(((...)))...((....)).))...((.....))......((......))..((......)).... )
( ( [[][]][][][][] , (1020, <0, 36>, <0, 0>) ) , ..........((.(((...)))...((....)).))...((.....))((.....)).....((...))..((...)).. )
( ( [[][]][[][]][] , (910, <0, 36>, <0, 0>) ) , ..........((.(((...)))...((....)).))..((..((........))((......))..))...((...)).. )
( ( [[][]][[][]] , (-240, <0, 48>, <0, 0>) ) , ........((((((((...)))....((((.....))))....)))))((((..((......)).((....))))))... )
( ( [[][]][[][]][][] , (2020, <0, 29>, <0, 0>) ) , .....((.((...))...((....)).)).(((((......))((....))..)))......((...))..((...)).. )
( ( [[][][]][][][] , (1020, <0, 48>, <0, 0>) ) , ........((((.(((...)))...((....))...((....))))))((.....)).....((...))..((...)).. )
( ( [[][][]][][] , (50, <0, 52>, <0, 0>) ) , .....(((((((.(((...)))...((....))...((....)))))).)))..((......))..((......)).... )
( ( [[][][]][][[][]] , (1600, <1, 38>, <0, 0>) ) , .((......(((....)))..((...)).((...)))).((.....))((((..((......)).((....))))))... )
( ( [[][][]][] , (-340, <0, 64>, <0, 0>) ) , .....((((....(((...)))....((((.....))))...((........))......))))..((......)).... )
( ( [[][][]][] , (-340, <0, 64>, <0, 0>) ) , .....((((.((((........))))((((.....))))...((........))......))))..((......)).... )
( ( [[][][]][][][][] , (2240, <1, 38>, <0, 0>) ) , .((......(((....)))..((...)).((...)))).((.....))((.....)).....((...))..((...)).. )
( ( [[[][]][]][][][] , (1580, <1, 38>, <0, 0>) ) , .((.((((....))((...)).)).((....))...)).((.....))......((......))..((......)).... )
( ( [[[][]][]][][] , (230, <0, 52>, <0, 0>) ) , .....(((..((.(((...)))...((....)).))...((.....)).)))..((......))..((......)).... )
( ( [[[][]][]][][[][]] , (1720, <1, 38>, <0, 0>) ) , .((.((((....))((...)).)).((....))...)).((.....))((((..((......)).((....))))))... )
( ( [[[][]][]][] , (-280, <0, 69>, <0, 0>) ) , .....(((((((((((...)))....((((.....))))....)))))......((......))..)))..((...)).. )
( ( [[[][]][]][][][][] , (2360, <1, 38>, <0, 0>) ) , .((.((((....))((...)).)).((....))...)).((.....))((.....)).....((...))..((...)).. )
( ( [[][[][]]][][] , (580, <0, 52>, <0, 0>) ) , .....(((.(((....))).((...((....))((......))...)).)))..((......))..((......)).... )
( ( [[][[][]]][] , (-70, <0, 64>, <0, 0>) ) , .....((((....(((...))).(((((((.....))))...((........))..))).))))..((......)).... )
( ( [[][[][]]][[][]] , (1170, <0, 44>, <0, 0>) ) , .....((.((...))..(((.((...))((.....))..)))))....((((..((......)).((....))))))... )
( ( [[[][]][]][[][]] , (1030, <0, 48>, <0, 0>) ) , ........((((.(((...)))...((....)).))((....))..))((((..((......)).((....))))))... )
( ( [[][][]][[][]] , (380, <0, 48>, <0, 0>) ) , ........((((.(((...)))...((....))...((....))))))((((..((......)).((....))))))... )
( ( [[[][]][][]][][] , (1450, <1, 52>, <0, 0>) ) , .((.((((....))((...)).)).((....))...(((.......))).))..((......))..((......)).... )
( ( [[[][]][][]][] , (330, <0, 64>, <0, 0>) ) , .....((((.((.(((...)))...((....)).))...((.....))((.....))...))))..((......)).... )
( ( [[[][]][][]][[][]] , (2280, <1, 49>, <0, 0>) ) , .(((((((....))((...)).))..((.....)).((....))..)))(((..((......)).((....))))).... )
( ( [[[][][]][]][][] , (1640, <1, 52>, <0, 0>) ) , .((.((((....))....((...))((....)))).(((.......))).))..((......))..((......)).... )
( ( [[[][][]][]][] , (340, <0, 69>, <0, 0>) ) , .....(((((((.(((...)))...((....))...((....))))))......((......))..)))..((...)).. )
( ( [[[][][]][]][[][]] , (2180, <1, 49>, <0, 0>) ) , .(((((((....))....((...))((....)))).((....))..)))(((..((......)).((....))))).... )
( ( [[][][][]][][] , (920, <0, 52>, <0, 0>) ) , .....((..(((....)))..((...))((.....))..((.....))..))..((......))..((......)).... )
( ( [[][][][]][] , (190, <0, 64>, <0, 0>) ) , .....((((....(((...)))...((....))((......))..((......)).....))))..((......)).... )
( ( [[][][][]][[][]] , (1790, <1, 49>, <0, 0>) ) , .(((.....(((....)))..((...)).((...))((....))..)))(((..((......)).((....))))).... )
( ( [[[][]][[][]]][][] , (2200, <1, 52>, <0, 0>) ) , .((.((((....))((...)).)).((.((.....))..((.....))))))..((......))..((......)).... )
( ( [[[][]][[][]]][][] , (2200, <1, 52>, <0, 0>) ) , .((.((((....))((...)).)).(((((.....))).((.....))))))..((......))..((......)).... )
( ( [[[][]][[][]]][] , (1190, <0, 69>, <0, 0>) ) , .....((.((....((...))((...)).)).(((.((....)).((......))......)))...))..((...)).. )
( ( [[[][]][[][]]][[][]] , (2770, <1, 49>, <0, 0>) ) , .((.((((....))((...)).))..((.((...))((....)))).))(((..((......)).((....))))).... )
( ( [[][][[][]]][] , (880, <0, 69>, <0, 0>) ) , .....((((....(((...)))...((....))((.((....)).((......))......))..))))..((...)).. )
( ( [[][[][]][]][] , (830, <0, 64>, <0, 0>) ) , .....((.((...)).((((.((...))((.....))..))))..((......)).......))..((......)).... )
( ( [[][[][][]]][] , (560, <0, 64>, <0, 0>) ) , .....((((....(((...))).((((....))((......))..((......))..)).))))..((......)).... )
( ( [[][[[][]][]]][] , (1210, <0, 69>, <0, 0>) ) , .....((.((...)).((.(((...((....))((......))...))).....((......)).))))..((...)).. )
( ( [[][[][[][]]]][] , (1370, <0, 69>, <0, 0>) ) , .....((.((...)).(((......((....))((.((....)).((......))......))))).))..((...)).. )
( ( [][][[][]][] , (570, <0, 20>, <0, 0>) ) , ........((((....)))).((...))....(((.(((.......))).....((......))..)))..((...)).. )
( ( [][][][[][][]] , (1450, <0, 22>, <0, 0>) ) , .............(((...)))...((....))((......))...((((.....)).....((...))..((...)))) )
( ( [][][][][][] , (790, <0, 20>, <0, 0>) ) , ........((((....)))).((...))((.....))..((.....))......((......))..((......)).... )
( ( [][][[][]][][] , (1420, <0, 20>, <0, 0>) ) , ........((((....)))).((...))((..(((......))).((......)))).....((...))..((...)).. )
( ( [][][[][[][]]] , (830, <0, 20>, <0, 0>) ) , ........((((....)))).((...)).((.(((......)))....((((..((......)).((....)))))).)) )
( ( [][][][][[][]] , (930, <0, 20>, <0, 0>) ) , ........((((....)))).((...))((.....))..((.....))((((..((......)).((....))))))... )
( ( [][][][][][][] , (1570, <0, 20>, <0, 0>) ) , ........((((....)))).((...))((.....))..((.....))((.....)).....((...))..((...)).. )
( ( [][][][[][]][] , (1470, <0, 20>, <0, 0>) ) , ........((((....)))).((...))((.....)).((..((........))((......))..))...((...)).. )
( ( [][][[[][]][]] , (880, <0, 20>, <0, 0>) ) , ........((((....)))).((...)).((.(((.(((.......))).....((......))..)))..((...)))) )
( ( [][][][][[][][]] , (2330, <0, 20>, <0, 0>) ) , ........((((....)))).((...)).((...))((....))..((((.....)).....((...))..((...)))) )
( ( [][][][[][[][]]] , (1640, <0, 20>, <0, 0>) ) , ........((((....)))).((...)).((...))((.((.....))((((..((......)).((....)))))))). )
( ( [][][][[][[][]]] , (1640, <0, 20>, <0, 0>) ) , ........((((....)))).((...)).((...))((.((.....)).(((..((......)).((....))))).)). )
( ( [][][[][][][]] , (1660, <0, 20>, <0, 0>) ) , ........((((....)))).((...)).((..((......))((((......)).))....((...))..((...)))) )
( ( [][][[[][]][][]] , (2080, <0, 20>, <0, 0>) ) , ........((((....)))).((...)).((((((......))((....))..)).......((...))..((...)))) )
( ( [][[][][][]] , (730, <0, 15>, <0, 0>) ) , ........((...)).(((((((...))....(((.(((.......))))))..((......)).((....))))))).. )
( ( [][[[][]][][]] , (860, <0, 15>, <0, 0>) ) , ........((...)).(((((.((.((....))...(((.......)))))...((......)).((....))))))).. )
( ( [[][]][][][[][]] , (1510, <0, 29>, <0, 0>) ) , .....((.((...))...((....)).))((...))...((.....))((((..((......)).((....))))))... )
( ( [[][]][][[][]][] , (2040, <0, 29>, <0, 0>) ) , .....((.((...))...((....)).))((...))..((..((........))((......))..))...((...)).. )
( ( [[][]][][][][][] , (2150, <0, 29>, <0, 0>) ) , .....((.((...))...((....)).))((...))...((.....))((.....)).....((...))..((...)).. )
( ( [[][]][[[][]][]] , (1440, <0, 29>, <0, 0>) ) , .....((.((...))...((....)).))((.(((.(((.......))).....((......))..)))..((...)))) )
( ( [[][]][[][][]] , (980, <0, 36>, <0, 0>) ) , ..........((.(((...)))...((....)).)).....((((....))...((......)).((....)).)).... )
( ( [[][]][][][[][][]] , (2890, <0, 29>, <0, 0>) ) , .....((.((...))...((....)).))((...))((....))..((((.....)).....((...))..((...)))) )
( ( [[][]][][[][[][]]] , (2200, <0, 29>, <0, 0>) ) , .....((.((...))...((....)).))((...))((.((.....))((((..((......)).((....)))))))). )
( ( [[][]][][[][[][]]] , (2200, <0, 29>, <0, 0>) ) , .....((.((...))...((....)).))((...))((.((.....)).(((..((......)).((....))))).)). )
( ( [[][]][[][][][]] , (2220, <0, 29>, <0, 0>) ) , .....((.((...))...((....)).))((..((......))((((......)).))....((...))..((...)))) )
( ( [[][]][[][[][]]] , (1070, <0, 36>, <0, 0>) ) , ..........((.(((...)))...((....)).))((.((.....))((((..((......)).((....)))))))). )
( ( [[][]][[][[][]]] , (1070, <0, 36>, <0, 0>) ) , ..........((.(((...)))...((....)).))((.((.....)).(((..((......)).((....))))).)). )
( ( [[][]][[[][]][][]] , (2640, <0, 29>, <0, 0>) ) , .....((.((...))...((....)).))((((((......))((....))..)).......((...))..((...)))) )
( ( [[][][]][[][]][] , (2140, <1, 38>, <0, 0>) ) , .((......(((....)))..((...)).((...))))((..((........))((......))..))...((...)).. )
( ( [[[][]][]][[][]][] , (2260, <1, 38>, <0, 0>) ) , .((.((((....))((...)).)).((....))...))((..((........))((......))..))...((...)).. )
( ( [][[[][]][]][][] , (1650, <0, 15>, <0, 0>) ) , ........((...))((.((.((...)).((...)).))((.....)).))...((......))..((......)).... )
( ( [][[][][]][][] , (1270, <0, 22>, <0, 0>) ) , .............(((...))).((((....))((......))..((......))..))...((...))..((...)).. )
( ( [][[][][]][][] , (1270, <0, 22>, <0, 0>) ) , .............(((...))).((((....))((......))..((......))...))..((...))..((...)).. )
( ( [][[][]][][][] , (1290, <0, 15>, <0, 0>) ) , ........((...))..(((.((...))((.....))..)))((........))((......))..((......)).... )
( ( [][[[][][]][]] , (1160, <0, 15>, <0, 0>) ) , ........((...))...(((.(((((....))((......))..((......)).....)))...((......)).))) )
( ( [][[][][[][]]] , (930, <0, 22>, <0, 0>) ) , .............(((...))).((((....))...(((.......))).((..((......)).((....)))).)).. )
( ( [][[[][]][[][]]] , (1290, <0, 15>, <0, 0>) ) , ........((...))...((((...((....))((......))...))((((..((......)).((....)))))).)) )
( ( [] , (-900, <0, 52>, <0, 0>) ) , .....(((((((..(((.((.....((....)).....)).))))))).)))............................ )
( ( [][[][]][[][][]] , (1960, <0, 15>, <0, 0>) ) , ........((...)).((((.((...))((.....))..))))...((((.....)).....((...))..((...)))) )
( ( [][[][[][]][]] , (1130, <0, 15>, <0, 0>) ) , ........((...)).(((((((...))..(((((......))((....))..)))......((...))....))))).. )
( ( [][[][[][][]]] , (1130, <0, 15>, <0, 0>) ) , ........((...)).((((.((...))(((.(((......))).((......)).......((...))..))))))).. )
( ( [[][]] , (-910, <0, 69>, <0, 0>) ) , .....(((((((..(((.((.....((....)).....)).)))))))......((......))..)))........... )
( ( [[][][]] , (-690, <0, 69>, <0, 0>) ) , .....(((((((((........))))).....(((.(((.......))))))..((......)).))))........... )
( ( [[][][]][[][][]] , (1780, <0, 44>, <0, 0>) ) , .....(((.(((....)))..((...)).((......))..)))..((((.....)).....((...))..((...)))) )
( ( [[[][]][]] , (-790, <0, 69>, <0, 0>) ) , .....(((((((((((...)))....((((.....))))....)))))......((......))..)))........... )
( ( [[[][]][]][[][][]] , (2270, <1, 44>, <0, 0>) ) , .(((((((....))((...)).))..((((.....))))..)))..((((.....)).....((...))..((...)))) )
( ( [[][[][]]][[][][]] , (2180, <0, 44>, <0, 0>) ) , .....((.((...))..(((.((...))((.....))..)))))..((((.....)).....((...))..((...)))) )
( ( [[][[][]]] , (-680, <1, 79>, <0, 0>) ) , .(((((..((((((........))))))....(((.(((.......))).....((......))..))).....))))). )
( ( [[][[][]]][][][] , (1790, <0, 44>, <0, 0>) ) , .....((.((...))..(((.((...))((.....))..)))))...((.....))......((...))..((...)).. )
( ( [[[][]][][]] , (-290, <1, 79>, <0, 0>) ) , .(((((..((((((((...)))....((((.....))))....)))))......((......)).((....)).))))). )
( ( [[[][][]][]] , (-170, <0, 69>, <0, 0>) ) , .....(((((((.(((...)))...((....))...((....))))))......((......))..)))........... )
( ( [[][][][]] , (-160, <1, 79>, <0, 0>) ) , .(((((..((((((........))))))....(((.(((.......))))))..((......)).((....)).))))). )
( ( [[[][]][[][]]] , (160, <1, 79>, <0, 0>) ) , .((((...((((((((...)))....((((.....))))....)))))..((..((......)).((....)))))))). )
( ( [[[][]][[][]]] , (160, <1, 79>, <0, 0>) ) , .(((....((((((((...)))....((((.....))))....))))).(((..((......)).((....)))))))). )
( ( [[][[][][]]][][] , (1750, <0, 56>, <0, 0>) ) , .....((.((...))....((((...))((.....))..((.....))....))))......((...))..((...)).. )
( ( [[][[][][]]] , (140, <0, 80>, <0, 0>) ) , ..........((.(((...)))..(((((((.(((......))).((......)).......((...))..))))))))) )
( ( [[][[][]][]][][] , (1420, <1, 52>, <0, 0>) ) , .((((.((....))....((.((...)).((...)).))((.....))))))..((......))..((......)).... )
( ( [[][[][]][]] , (210, <1, 79>, <0, 0>) ) , .(((((...(((((........)))))((((...))...((.....))....))........((...)).....))))). )
( ( [[][][[][]]][][] , (1870, <1, 52>, <0, 0>) ) , .((((.((....))....((....))((.((...))((....))))..))))..((......))..((......)).... )
( ( [[][][[][]]] , (100, <0, 80>, <0, 0>) ) , ..........((.(((...)))....((((.....))))..(((.((......)).......((...))....)))..)) )
( ( [[][[[][]][]]][][] , (2180, <0, 56>, <0, 0>) ) , .....((.((...)).((((.((...)).((...)).))((.....)).))...))......((...))..((...)).. )
( ( [[][[[][]][]]] , (660, <1, 79>, <0, 0>) ) , .(((((..((...))..((((....((....))...(((.......)))...))........((...))...))))))). )
( ( [[][[[][]][]]] , (660, <1, 79>, <0, 0>) ) , .(((((..((...))..((((.((.((....))...(((.......))))).))........((...))...))))))). )
( ( [[][[][[][]]]] , (520, <1, 79>, <0, 0>) ) , .(((((..((...))..(((.((...))....(((.(((.......))).....((......))..)))..)))))))). )
( ( [[][[][[][]]]][][] , (2720, <0, 56>, <0, 0>) ) , .....((.((...)).((((....))((.((...))((....))))...))...))......((...))..((...)).. )
( ( [[[][]][[][]][]] , (1760, <1, 79>, <0, 0>) ) , .(((((..((.((...))((....))))..(((((......))((....))..)))......((...)).....))))). )
( ( [[[][]][][][]] , (870, <1, 79>, <0, 0>) ) , .((((((.((((....)))).((...))....))).(((.......))).....((......)).((....))...))). )
( ( [[[][]][[[][]][]]] , (2050, <1, 79>, <0, 0>) ) , .((.((((....))((...)).)).((((((((((......))((....))..)))......((...))...))))))). )
( ( [[[][]][[][][]]] , (1420, <1, 79>, <0, 0>) ) , .((.((((....))((...)).)).((((((.(((......))).((......)).......((...))..)))))))). )
( ( [[][][[][]][]] , (1180, <0, 80>, <0, 0>) ) , ..........((.(((...)))....((((.....))))...((.((......)).......((...))))((...)))) )
( ( [[][][][][]] , (720, <0, 80>, <0, 0>) ) , ..........((.(((...)))....((((.....))))...((........))........((...))..((...)))) )
( ( [[][][[[][]][]]] , (1690, <1, 79>, <0, 0>) ) , .(((((..((...))......((...))(((((((......))((....))..)))......((...))...))))))). )
( ( [[][][[][][]]] , (1030, <0, 80>, <0, 0>) ) , ..........((.(((...)))....((((.....))))..((((....))...((......)).((....)).))..)) )
( ( [[][[][]][][]] , (880, <0, 80>, <0, 0>) ) , ..........((.(((...)))..((((((.....))))((.....)).))...((......))..((......))..)) )
( ( [[][[][][]][]] , (1200, <1, 79>, <0, 0>) ) , .((((....(((((........)))))((((...))...((.....))((.....)).....)).((....))..)))). )
( ( [[][[][][][]]] , (1030, <1, 79>, <0, 0>) ) , .(((((..((...))..(((.((...))....(((......))).((......)).......((...))..)))))))). )
( ( [[][[][[][]][]]] , (1480, <1, 79>, <0, 0>) ) , .(((((..((...))..(((.((...))..(((((......))((....))..)))......((...))..)))))))). )
( ( [[][[[][]][][]]] , (1530, <0, 69>, <0, 0>) ) , .....((.((...)).((((.((...)).((...)).))...((........))((......)).))))........... )
( ( [[][[[][][]][]]] , (1320, <1, 79>, <0, 0>) ) , .(((((..((...))..((((((...))((.....))..((.....))....))........((...))...))))))). )
( ( [[][[[][[][]]][]]] , (2700, <1, 79>, <0, 0>) ) , .(((((..((...))..((((((...))((...((......))((....)))).))......((...))...))))))). )
( ( [[][[[][]][[][]]]] , (2080, <0, 80>, <0, 0>) ) , ..........((.(((...)))..((((.((...))((....))))...(((..((......)).((....))))))))) )
( ( [[[[][]][]][]] , (110, <1, 79>, <0, 0>) ) , .(((.(((((((((((...)))....((((.....))))....)))).((.....))...))))..((......))))). )
( ( [[[[][]][]][]] , (110, <1, 79>, <0, 0>) ) , .(((.((((.((.(((...)))...((....)).))......((........))......))))..((......))))). )
( ( [[[][[][]]][]] , (270, <1, 79>, <0, 0>) ) , .(((((.((((..(((...)))((.((....))...(((.......)))))..)).))....((...)).....))))). )
( ( [[[][[][]]][]] , (270, <1, 79>, <0, 0>) ) , .(((.((((....(((...))).(((((((.....))))...((........))..))).))))..((......))))). )
( ( [[[][][][]][]] , (530, <1, 79>, <0, 0>) ) , .(((.((((....(((...)))...((....))((......))..((......)).....))))..((......))))). )
( ( [[[[][]][][]][]] , (670, <1, 79>, <0, 0>) ) , .(((.((((.((.(((...)))...((....)).))...((.....))((.....))...))))..((......))))). )
( ( [[[][[][][]]][]] , (900, <1, 79>, <0, 0>) ) , .(((.((((....(((...))).((((....))((......))..((......))..)).))))..((......))))). )
( ( [[[][][]][][]] , (330, <1, 79>, <0, 0>) ) , .(((((..((((.(((...)))...((....))...((....))))))......((......)).((....)).))))). )
( ( [[[][[][]]][][]] , (950, <1, 79>, <0, 0>) ) , .(((((((.(((....))).((...((....))((......))...)).))...((......)).((....)).))))). )
( ( [[[[][]][]][][]] , (600, <1, 79>, <0, 0>) ) , .(((((((..((.(((...)))...((....)).))...((.....)).))...((......)).((....)).))))). )
( ( [[[][[][]][]][]] , (1170, <1, 79>, <0, 0>) ) , .(((.((.((...)).((((.((...))((.....))..))))..((......)).......))..((......))))). )
( ( [[[][[][][]]][][]] , (2110, <1, 79>, <0, 0>) ) , .((((.((....)).((.((....))((((.....))))((.....)).)))).((......)).((....))....)). )
( ( [[[[][]][][]][][]] , (2160, <1, 79>, <0, 0>) ) , .(((.((.((.((...))((....))))((.....))..((.....))..))..((......))..((......))))). )
( ( [[[][][][]][][]] , (1310, <1, 79>, <0, 0>) ) , .(((.((..(((....)))..((...))((.....))..((.....))..))..((......))..((......))))). )
( ( [[[][[][]][]][][]] , (1840, <1, 79>, <0, 0>) ) , .(((.((.((...))...((.((...)).((...)).))((.....))..))..((......))..((......))))). )
( ( [[[][]][[][[][]]]] , (1910, <1, 79>, <0, 0>) ) , .((.((((....))((...)).)).((((((......))..((..((......)).......((...)).)).)))))). )
( ( [[[[][][]][]][]] , (730, <1, 79>, <0, 0>) ) , .(((.(((((((.(((...)))...((....))...((....))))).((.....))...))))..((......))))). )
( ( [[[[[][]][]][]][]] , (1390, <1, 79>, <0, 0>) ) , .(((.(((((((.(((...)))...((....)).))((....))..))((.....))....)))..((......))))). )
( ( [[[[][]][[][]]][]] , (1970, <1, 79>, <0, 0>) ) , .(((((.((((...((...))((...)))).((((......))((....))..)).))....((...)).....))))). )
( ( [[[][]][][[][]]] , (1020, <1, 79>, <0, 0>) ) , .((((((.((((....)))).((...))....))).(((.......))).((..((......)).((....)))).))). )
( ( [[[[][]][]][[][]]] , (1430, <1, 79>, <0, 0>) ) , .((((...((((.(((...)))...((....)).))((....))..))..((..((......)).((....)))))))). )
( ( [[[[][]][]][[][]]] , (1430, <1, 79>, <0, 0>) ) , .(((....((((.(((...)))...((....)).))((....))..)).(((..((......)).((....)))))))). )
( ( [[[][][]][[][]]] , (780, <1, 79>, <0, 0>) ) , .((((...((((.(((...)))...((....))...((....))))))..((..((......)).((....)))))))). )
( ( [[[][][]][[][]]] , (780, <1, 79>, <0, 0>) ) , .(((....((((.(((...)))...((....))...((....)))))).(((..((......)).((....)))))))). )
( ( [[[][[][]]][[][]]] , (1720, <1, 79>, <0, 0>) ) , .((((...((((....))))((...((....))((......))...))))((..((......)).((....))))..)). )
( ( [[[][[][]]][[][]]] , (1720, <1, 79>, <0, 0>) ) , .((((.((....))..((((.....((....))((......)).))))))((..((......)).((....))))..)). )
( ( [[[][][[][]]][][]] , (2330, <1, 79>, <0, 0>) ) , .(((.((.((...))...((...))((.((.....))..((.....))))))..((......))..((......))))). )
( ( [[[][][[][]]][][]] , (2330, <1, 79>, <0, 0>) ) , .(((.((.((...))...((...))(((((.....))).((.....))))))..((......))..((......))))). )
( ( [[[][][[][]]][]] , (1740, <1, 79>, <0, 0>) ) , .(((.((.((...)).((((....))))..(((((......))((....))..)))......))..((......))))). )
( ( [[[][[[][]][]]][][]] , (2470, <1, 79>, <0, 0>) ) , .((((.((....)).((.((.((...)).((...)).))((.....)).)))).((......)).((....))....)). )
( ( [[[][[[][]][]]][]] , (1570, <1, 79>, <0, 0>) ) , .(((.((.((...)).((((.((...))((.....))..)).((........))....))..))..((......))))). )
( ( [[[][[[][]][]]][]] , (1570, <1, 79>, <0, 0>) ) , .(((.((.((...)).((((.((...))((.....))..)).((........))...))...))..((......))))). )
( ( [[[][]][[][]][][]] , (3060, <1, 79>, <0, 0>) ) , .((((....((((...))((...))))((((...))...((.....))..))..((......)).((....))..)))). )
( ( [[[][]][[][][]][]] , (2930, <1, 79>, <0, 0>) ) , .((((....((((...))((...))))((((...))...((.....))((.....)).....)).((....))..)))). )
( ( [[][][][[][]]] , (900, <0, 80>, <0, 0>) ) , ..........((.(((...)))....((((.....))))...((...))(((..((......)).((....)))))..)) )
( ( [[[][]][][][[][]]] , (1900, <1, 79>, <0, 0>) ) , .((.((((....))((...)).)).((....))......((.....))((((..((......)).((....)))))))). )
( ( [[[[][]][][][]][]] , (2480, <1, 79>, <0, 0>) ) , .(((.((((((((...))((...))))..((...))...((.....))((.....))...))))..((......))))). )
( ( [[[[][[][]]][]][]] , (1780, <1, 79>, <0, 0>) ) , .(((.(((((.((...))((.....((....))((......)).))))((.....))....)))..((......))))). )
( ( [[[][[][][][]]][]] , (1990, <1, 79>, <0, 0>) ) , .(((.((.((...)).((((....))((((.....))))((.....))((.....))..)).))..((......))))). )
( ( [[[][[][[][]]]][]] , (1750, <1, 79>, <0, 0>) ) , .(((.((.((...)).((...((...))((..(((......))).((......)))).))..))..((......))))). )
( ( [[[][[][[][]][]]][]] , (2810, <1, 79>, <0, 0>) ) , .(((.((.((...)).((((....))((.((...))((....))))..((.....))..)).))..((......))))). )
( ( [[[][[[][]][][]]][]] , (2340, <1, 79>, <0, 0>) ) , .(((.((.((...)).((((.((...)).((...)).))((.....))((.....))..)).))..((......))))). )
( ( [[[][[][][]][]][]] , (2410, <1, 79>, <0, 0>) ) , .(((.((.((...)).((...((...)).((...))((....))..))((.....)).....))..((......))))). )
( ( [[[][]][][][][]] , (1830, <1, 79>, <0, 0>) ) , .((.((((....))((...)).))..((((.....))))...((........))((......)).((....))....)). )
( ( [[[][][]][][][]] , (1880, <1, 79>, <0, 0>) ) , .(((((((....))....((...))((....)))).(((.......))).....((......)).((....))...))). )
( ( [[[][][]][][[][]]] , (2030, <1, 79>, <0, 0>) ) , .(((((((....))....((...))((....)))).(((.......))).((..((......)).((....)))).))). )
( ( [[][][[][[][]]]] , (2160, <1, 79>, <0, 0>) ) , .((((.((....))....((....))(((((...))..((..((........))((......))..)).)))))...)). )
( ( [[][[[][]][]][]] , (1720, <0, 80>, <0, 0>) ) , ..........((.(((...)))...((((((...))...((.....))....))((......))....)).((...)))) )
( ( [[][[][]][[][]]] , (1440, <0, 80>, <0, 0>) ) , ..........((.(((...)))...((.((.....))..((.....))))((..((......)).((....))))...)) )
( ( [[][[][]][[][]]] , (1440, <0, 80>, <0, 0>) ) , ..........((.(((...)))...(((((.....))).((.....))))((..((......)).((....))))...)) )
( ( [[][[][][[][]]]] , (1380, <0, 80>, <0, 0>) ) , ..........((.(((...)))..((((((.....))))...((...)).((..((......)).((....)))).)))) )
( ( [[[][]][[][]][[][]]] , (2720, <1, 79>, <0, 0>) ) , .((.((((....))((...)).)).((((...))..((....)).)).((((..((......)).((....)))))))). )
( ( [[[][]][[][][[][]]]] , (2900, <1, 79>, <0, 0>) ) , .((.((((....))((...)).)).((..((...))(((.......))).((..((......)).((....)))))))). )
( ( [[[][]][[[][]][][]]] , (3170, <1, 79>, <0, 0>) ) , .((.((((....))((...)).)).((((((...))...((.....))..))..((......)).((....))..)))). )
( ( [[[][]][[[][][]][]]] , (3040, <1, 79>, <0, 0>) ) , .((.((((....))((...)).)).((((((...))...((.....))((.....)).....)).((....))..)))). )
( ( [[[][]][[][][][]]] , (2920, <1, 79>, <0, 0>) ) , .((.((((....))((...)).)).((..((......))...((...)).((..........)).((....))..)))). )
( ( [[[][]][[[][]][[][]]]] , (3610, <1, 79>, <0, 0>) ) , .((.((((....))((...)).)).((((((...))((....))...)).((..((......)).((....)))))))). )
( ( [[[[][]][][]][[][]]] , (3010, <1, 79>, <0, 0>) ) , .((((((.((...))...((....)).))((...))((....))....))((..((......)).((....))))..)). )
( ( [[[][[][][]]][[][]]] , (2830, <1, 79>, <0, 0>) ) , .((((.((....))..((...((...)).((...))((....))..))))((..((......)).((....))))..)). )
( ( [[[][][][]][[][]]] , (2060, <1, 79>, <0, 0>) ) , .((((.((....))....((....))((((.....))))((.....))))((..((......)).((....))))..)). )
( ( [[[][[][]][]][[][]]] , (2430, <1, 79>, <0, 0>) ) , .((((.((....))....((.((...)).((...)).))((.....))))((..((......)).((....))))..)). )
( ( [[[][][[][]]][[][]]] , (2880, <1, 79>, <0, 0>) ) , .((((.((....))....((....))((.((...))((....))))..))((..((......)).((....))))..)). )
( ( [[[][[][[][]]]][][]] , (3000, <1, 79>, <0, 0>) ) , .((((.((....)).((.((....))((.((...))((....))))...)))).((......)).((....))....)). )
( ( [[][][[][]][][]] , (2980, <1, 79>, <0, 0>) ) , .((((.((....))....((....))((.((...))((....))))..((.....))....((.......))))...)). )
( ( _ , (0, <0, 80>, <0, 0>) ) , ................................................................................ )
( ( [[[[][]][]][]][] , (930, <0, 69>, <0, 0>) ) , .....((((.((.(((...)))...((....)).))...((.....)).))...((......))...))..((...)).. )
( ( [][[][]][][[][]] , (1510, <0, 15>, <0, 0>) ) , ........((...))...((.((...)).((...)).))((.....))((((..((......)).((....))))))... )
( ( [][[][]][[][]][] , (1930, <0, 15>, <0, 0>) ) , ........((...))..(((.((...))((.....))..)))((.((......)).......((...))))((...)).. )
( ( [][[][][]][[][]] , (1830, <0, 15>, <0, 0>) ) , ........((...))((.((....))((((.....))))((.....)).))((.((......)).((....))..))... )
( ( [][[][[][]]][][] , (1980, <0, 15>, <0, 0>) ) , ........((...)).((...((...))((..(((......))).((......)))).))..((...))..((...)).. )
( ( [][[][][][[][]]] , (1890, <0, 15>, <0, 0>) ) , ........((...))...(((((...)).((......))...((...))(((..((......)).((....))))).))) )
( ( [][[[[][]][]][]] , (2030, <0, 15>, <0, 0>) ) , ........((...))...(((.((((((.((...))((....))))..((.....))..))))...((......)).))) )
( ( [][[[][]][][]][] , (1960, <0, 15>, <0, 0>) ) , ........((...))(((((.((...)).((...)).))...((........))((......)).)))...((...)).. )
( ( [][[][][][]][] , (1650, <0, 15>, <0, 0>) ) , ........((...))(((((....))((((.....))))((.....))((.....))...)))...((......)).... )
( ( [][[][][][]][] , (1650, <0, 15>, <0, 0>) ) , ........((...))((.((....))((((.....))))...((........))((......))..))...((...)).. )
( ( [][[][[][]][]][] , (2170, <0, 19>, <0, 0>) ) , .........(((....)))((((...))..(((((......))((....))..)))......((...))))((...)).. )
( ( [][[][]][][][][] , (2150, <0, 15>, <0, 0>) ) , ........((...))...((.((...)).((...)).))((.....))((.....)).....((...))..((...)).. )
( ( [][][[][]][[][]] , (1960, <0, 15>, <0, 0>) ) , ........((...))...((....))((.((...))((....))))..((((..((......)).((....))))))... )
( ( [][][[][][]][] , (1740, <0, 15>, <0, 0>) ) , ........((...))...((....)).((((...))...((.....))((.....)).....))..((......)).... )
( ( [][][[[][]][]][] , (2360, <0, 15>, <0, 0>) ) , ........((...))...((....)).((.(((((......))((....))..)))......((...))))((...)).. )
( ( [][][[[][]][]][] , (2360, <0, 15>, <0, 0>) ) , ........((...))...((...))((((((...))...((.....))....))((......))....)).((...)).. )
( ( [][][[][[][]]][] , (2210, <0, 15>, <0, 0>) ) , ........((...))...((....)).((((...))..((..((........))((......))..)).))((...)).. )
( ( [][][[][][[][]]] , (1970, <0, 15>, <0, 0>) ) , ........((...))...((....))(((((...))(((.......))).((..((......)).((....))))..))) )
( ( [][[][[[][]][]]] , (1760, <0, 15>, <0, 0>) ) , ........((...)).((((.((...))(((((((......))((....))..)))......((...))...)))))).. )
( ( [][][[][][]][][] , (2730, <0, 15>, <0, 0>) ) , ........((...))...((...))((((...))..((....)).((......)))).....((...))..((...)).. )
( ( [][][[[][][]][]] , (2510, <0, 15>, <0, 0>) ) , ........((...))...((...))((((((...))...((.....))((.....)).....)).((....))..))... )
( ( [][][[[][]][[][]]] , (3080, <0, 15>, <0, 0>) ) , ........((...))...((...))((((((...))((....))...)).((..((......)).((....))))))... )
( ( [][][][][][[][]] , (2400, <0, 15>, <0, 0>) ) , ........((...))...((...))((....))((......))((....))((.((......)).((....))..))... )
( ( [][][[][]][][][] , (2600, <0, 15>, <0, 0>) ) , ........((...))...((....))((.((...))((....))))..((.....)).....((...))..((...)).. )
( ( [][][[][]][[][][]] , (3170, <0, 15>, <0, 0>) ) , ........((...))...((....))((.((...))((....))))((((.....)).....((...))..((...)))) )
( ( [][][[][[][]][]] , (2430, <0, 15>, <0, 0>) ) , ........((...))...((....))((.((......))...((.((......)).......((...))))((...)))) )
( ( [][][[][[][][]]] , (2280, <0, 15>, <0, 0>) ) , ........((...))...((....))((.((......))..((((....))...((......)).((....)).))..)) )
( ( [][[[][]][][][]] , (2290, <0, 15>, <0, 0>) ) , ........((...)).((((.((...)).((...)).))...((...)).((..........)).((....))...)).. )
( ( [][[][][][][]] , (2030, <0, 15>, <0, 0>) ) , ........((...))...((.((...)).....((......))((((......)).))....((...))..((...)))) )
( ( [[][[][[][]]][]] , (1610, <0, 80>, <0, 0>) ) , ..........((.(((...)))...((.((.....)).((..((........))((......))..)))).((...)))) )
( ( [[][[][]][][][]] , (2230, <0, 80>, <0, 0>) ) , ..........((.(((...)))....((.((...))((....))))..((.....)).....((...))..((...)))) )
( ( [[][[][][]][][]] , (2010, <0, 80>, <0, 0>) ) , ..........((.(((...)))..((.((...))..((....)).((......)).))....((...))..((...)))) )
( ( [[][[[][]][]][][]] , (2650, <0, 80>, <0, 0>) ) , ..........((.(((...)))..((((.((...))((....)))).((.....))))....((...))..((...)))) )
( ( [[][]][[][]][[][]] , (3190, <0, 27>, <0, 0>) ) , .........((((...))((...))))((((...))((....))...))(((..((......)).((....))))).... )
( ( [[][]][[][][]][] , (2630, <0, 27>, <0, 0>) ) , .........((((...))((...))))((((...))...((.....))((.....)).....))..((......)).... )
( ( [[][]][[][][[][]]] , (2980, <0, 27>, <0, 0>) ) , .........((((...))((...))))((((...))(((.......))).((..((......)).((....))))..)). )
( ( [[][]][[[][]][]][] , (3250, <0, 27>, <0, 0>) ) , .........((((...))((...))))((.(((((......))((....))..)))......((...))))((...)).. )
( ( [[][]][[][[][]]][] , (3100, <0, 27>, <0, 0>) ) , .........((((...))((...))))((((...))..((..((........))((......))..)).))((...)).. )
( ( [][[[][][]][]][] , (1870, <0, 15>, <0, 0>) ) , ........((...))(((.((((...))((.....))..((.....))....))((......)).)))...((...)).. )
( ( [][[[][][]][][]] , (2120, <0, 15>, <0, 0>) ) , ........((...)).((.((((...))((.....))..((.....))..))..((......))..((......)))).. )
( ( [][[[][[][]]][]] , (1830, <0, 15>, <0, 0>) ) , ........((...)).((.((((...))..(((((......))((....))..)))......))..((......)))).. )
( ( [][[[][][]][[][]]] , (2540, <0, 15>, <0, 0>) ) , ........((...)).((.((((...)).((...))((....))...)).((..((......)).((....)))).)).. )
( ( [][[][[][]][][]] , (2480, <0, 15>, <0, 0>) ) , ........((...)).((((....)).((((...))...((.....))..))..((......)).((....))...)).. )
( ( [][[][[][][]][]] , (2350, <0, 15>, <0, 0>) ) , ........((...)).((((....)).((((...))...((.....))((.....)).....)).((....))...)).. )
( ( [][[][[][[][]]]] , (1980, <0, 15>, <0, 0>) ) , ........((...)).((((....)).((((...))..((..((........))((......))..)).)).....)).. )
( ( [][[[][]][][[][]]] , (2300, <0, 15>, <0, 0>) ) , ........((...)).((((.((...)).((...)).))...((...)).((..((......)).((....)))).)).. )
( ( [][[][][]][][][] , (2600, <0, 15>, <0, 0>) ) , ........((...)).((...((...)).((...))((....))..))((.....)).....((...))..((...)).. )
( ( [][[[][]][]][[][]] , (2190, <0, 15>, <0, 0>) ) , ........((...))((.((.((...)).((...)).))((.....)).))((.((......)).((....))..))... )
( ( [][[][[][]]][[][]] , (2720, <0, 15>, <0, 0>) ) , ........((...))((.((....))((.((...))((....))))...))((.((......)).((....))..))... )
( ( [][[][][][]][][] , (2220, <0, 15>, <0, 0>) ) , ........((...)).((((....))((((.....))))((.....))((.....))..)).((...))..((...)).. )
( ( [][[][[][]][]][][] , (3040, <0, 15>, <0, 0>) ) , ........((...)).((((....))((.((...))((....))))..((.....))..)).((...))..((...)).. )
( ( [][[[][]][][]][][] , (2570, <0, 15>, <0, 0>) ) , ........((...)).((((.((...)).((...)).))((.....))((.....))..)).((...))..((...)).. )
( ( [][[[[][]][]][]][] , (2690, <0, 15>, <0, 0>) ) , ........((...))((((((((...)).((...)))).((.....))...)).((......))..))...((...)).. )
( ( [][[[][]][[][]]][] , (2610, <0, 15>, <0, 0>) ) , ........((...))..((((((...)).((...))))((..((........))((......))..)))).((...)).. )
( ( [[[][]][][][]][] , (2140, <0, 64>, <0, 0>) ) , .....((((((((...))((...))))..((...))...((.....))((.....))...))))..((......)).... )
( ( [[[][[][]]][]][] , (1280, <0, 69>, <0, 0>) ) , .....(((((((....))).((...((....))((......))...)).))...((......))...))..((...)).. )
( ( [[][[][][][]]][] , (1650, <0, 64>, <0, 0>) ) , .....((.((...)).((((....))((((.....))))((.....))((.....))..)).))..((......)).... )
( ( [[][[][[][]][]]][] , (2470, <0, 64>, <0, 0>) ) , .....((.((...)).((((....))((.((...))((....))))..((.....))..)).))..((......)).... )
( ( [[][[[][]][][]]][] , (2000, <0, 64>, <0, 0>) ) , .....((.((...)).((((.((...)).((...)).))((.....))((.....))..)).))..((......)).... )
( ( [[][[][][]][]][] , (2070, <0, 64>, <0, 0>) ) , .....((.((...)).((...((...)).((...))((....))..))((.....)).....))..((......)).... )
( ( [[][[[][][]][]]][] , (1950, <0, 69>, <0, 0>) ) , .....((.((...)).((.((((...))((.....))..((.....))....))((......)).))))..((...)).. )
( ( [[[][][][]][]][] , (1980, <0, 69>, <0, 0>) ) , .....(((((((....)))..((...)).((...))((....))..))......((......))...))..((...)).. )
( ( [[[[][]][][]][]][] , (2740, <0, 69>, <0, 0>) ) , .....((((((((...))((...))))..((...))...((.....)).))...((......))...))..((...)).. )
( ( [[[][[][][]]][]][] , (2560, <0, 69>, <0, 0>) ) , .....(((((((....)))((((...)).((...))((....))...))))...((......))...))..((...)).. )
