Answer: 
( ( [[][][][]][] , 590 ) , .....(((.(((....)))..((...)).((...))(((.......))))))..((((....((...))..))))..... )
( ( [[][][][]][] , 590 ) , .....(((.(((....)))..((...))((.....))..((.....)).)))..((((....((...))..))))..... )
( ( [[][]][][] , -600 ) , .....(((((((((((...)))((..((((.....))))..))))))).)))..((......)).((....))....... )
( ( [[[][]][][][]] , 1060 ) , .....((((((((...))((...)))).(((........)))((........))((......)).))))........... )
( ( [[][[][]]][][] , 420 ) , .....(((.(((....)))(((...((....))((......))...))))))..((......)).((....))....... )
( ( [[][[][][]]][] , 1170 ) , .....(((.(((....)))((((...)).((...))((....))...)))))..((((....((...))..))))..... )
( ( [[][]][[][]] , -610 ) , ........((((((((...)))((..((((.....))))..)))))))((((..((......)).((....))))))... )
( ( [][[][]] , -570 ) , ........((((..(((.((.....((....)).....)).)))))))((((..((......)).((....))))))... )
( ( [[][]][] , -962 ) , ........((((((((...)))((..((((.....))))..)))))))(((((.((.............)).)))))... )
( ( [[][][]][] , -492 ) , ........((((((((...)))...((....))((......)))))))(((((.((.............)).)))))... )
( ( [][][] , -560 ) , .....(((((((..(((.((.....((....)).....)).))))))).)))..((......)).((....))....... )
( ( [] , -900 ) , .....(((((((..(((.((.....((....)).....)).))))))).)))............................ )
( ( [[][]] , -940 ) , .....(((((((((((...)))((..((((.....))))..))))))).)))............................ )
( ( [[][]] , -940 ) , .....(((((((..(((.((.....((....)).....)).)))))))......((......))..)))........... )
( ( [[][][][]][][] , 920 ) , .....(((.(((....)))..((...)).((...))(((.......))))))..((......)).((....))....... )
( ( [[][][][]][][] , 920 ) , .....(((.(((....)))..((...))((.....))..((.....)).)))..((......)).((....))....... )
( ( [[[][]][]][][] , 1070 ) , .....(((((((....))((....))))(((.(((......))))))..)))..((......)).((....))....... )
( ( [[[][]][][]] , 750 ) , .....((((((((...))((...)))).....(((.(((.......))))))..((......)).))))........... )
( ( [[][[][]]] , -440 ) , .....(((((((((........))))).....(((....((.....))((.....))....))).))))........... )
( ( [[[][]][][]][][] , 1410 ) , .....(((((((....))((....)))).((...))(((.......))))))..((......)).((....))....... )
( ( [[[][]][][]][][] , 1410 ) , .....(((((((....))((....))))((.....))..((.....)).)))..((......)).((....))....... )
( ( [[][][]] , -740 ) , .....(((((((((........))))).....(((.(((.......))))))..((......)).))))........... )
( ( [[][][]][][] , -130 ) , .....(((((((((((...)))...((....))((......))))))).)))..((......)).((....))....... )
( ( [][] , -922 ) , ........((((..(((.((.....((....)).....)).)))))))(((((.((.............)).)))))... )
( ( [[][][][]] , -430 ) , .....(((((((((........))))).(((........)))((........))((......)).))))........... )
( ( [[][][]][[][]] , -140 ) , ........((((((((...)))...((....))((......)))))))((((..((......)).((....))))))... )
( ( [[[][]][]] , -980 ) , .....(((((((((((...)))((..((((.....))))..)))))))......((......))..)))........... )
( ( [[][[][][]]] , 1160 ) , .....(((.(((....)))((((...)).((...))((....))...)))))............................ )
( ( [[[][]][][]][] , 1080 ) , .....(((((((....))((....)))).((...))(((.......))))))..((((....((...))..))))..... )
( ( [[[][]][][]][] , 1080 ) , .....(((((((....))((....))))((.....))..((.....)).)))..((((....((...))..))))..... )
( ( [[][[][]]][] , 90 ) , .....(((.(((....)))(((...((....))((......))...))))))..((((....((...))..))))..... )
( ( [[][[][][]]][][] , 1500 ) , .....(((.(((....)))((((...)).((...))((....))...)))))..((......)).((....))....... )
( ( [[[][][]][]] , -510 ) , .....(((((((((((...)))...((....))((......)))))))......((......))..)))........... )
( ( [[[][]][]][] , 740 ) , .....(((((((....))((....))))(((.(((......))))))..)))..((((....((...))..))))..... )
( ( [[[][]][[][]]] , 1050 ) , .....((((((((...))((...)))).....(((....((.....))((.....))....))).))))........... )
