Answer: 
( [[][][]][] , 6.98451e-17 )
( [[][[][]][]] , 1.33241e-21 )
( _ , 2.17659e-08 )
( [[][[][]]] , 1.10584e-11 )
( [[][][[][]]] , 3.43542e-19 )
( [[[][]][]] , 1.22189e-07 )
( [[][][]] , 4.62241e-05 )
( [[][][][]] , 1.90337e-12 )
( [[[][]][][]] , 7.92597e-17 )
( [][][][][] , 3.98377e-12 )
( [][] , 3.29629 )
( [][][][] , 8.69086e-05 )
( [][][] , 1.98166 )
( [][][[][]] , 6.04546e-10 )
( [[][]][[][]] , 5.54044e-13 )
( [[][]][][] , 4.16291e-06 )
( [[][]][] , 0.000331226 )
( [][[][]] , 0.000189785 )
( [][[][][]] , 1.83852e-11 )
( [][][[][]][] , 2.28034e-20 )
( [][][[][][]] , 4.34956e-19 )
( [[][]][][][] , 1.99827e-15 )
( [][[][]][] , 8.49898e-14 )
( [] , 1.64155 )
( [[][]] , 2.41757 )

