Answer: 
( [] , 19094.1 )
( [][] , 424526 )
( [][][] , 269219 )
( [[][]] , 11156.1 )
( [[][][]] , 11171.2 )
( [][[][]] , 2295.74 )
( [[][]][] , 22683.4 )
( [[][][][]] , 3666.86 )
( [][][][] , 15890.8 )
( [[[][]][]] , 591.43 )
( [][[][][]] , 2041.07 )
( [[][][]][] , 9672.53 )
( [][][[][]] , 881.328 )
( [][[][]][] , 5835.06 )
( [][][][][] , 12067.5 )
( [[][]][][] , 1385.23 )
( [][][[][][]] , 695.601 )
( [[][][][]][] , 12134.6 )
( [[][[][]]] , 57.2924 )
( [[][][][][]] , 2991.88 )
( [][[][][][]] , 1711.28 )
( [][][][[][]] , 1044.62 )
( [][[][][]][] , 2006.03 )
( [[][]][[][]] , 26.8455 )
( [[][[][]][]] , 98.7854 )
( [][[[][]][]] , 75.5585 )
( [][][[][]][] , 601.454 )
( [[[][]][]][] , 178.617 )
( [[][][]][][] , 810.616 )
( [][][][][][] , 314.046 )
( [[][]][][][] , 343.753 )
( [[][][]][[][]] , 20.8458 )
( [[][][][]][][] , 286.835 )
( [[][][[][]]] , 23.1278 )
( [[[][]][][]] , 534.725 )
( [[[][][]][]] , 256.839 )
( [[][[][][]]] , 11.5661 )
( [[][][][][][]] , 1094.03 )
( [[[][]][][][]] , 33.7551 )
( [[][][[][]][]] , 46.3259 )
( [[][[][][]][]] , 18.6253 )
( [[[][][]][][]] , 217.764 )
( [][[][]][][] , 402.311 )
( [][[][][][]][] , 268.704 )
( [][[][[][]]] , 32.7137 )
( [][[][][][][]] , 358.1 )
( [][][[][][][]] , 382.13 )
( [][[][[][]][]] , 14.7108 )
( [][][[[][]][]] , 28.5134 )
( [][][][[][]][] , 50.8842 )
( [][[][[][]]][] , 89.0067 )
( [[][][][[][]][]] , 19.8195 )
( [][[][]][[][]] , 19.2612 )
( [][[[][]][][]] , 64.3237 )
( [][[[][][]][]] , 9.52261 )
( [][[][][][][][]] , 320.827 )
( [][[][][[][]][]] , 8.81223 )
( [][][][][[][]] , 23.2747 )
( [[][][]][][][] , 14.6128 )
( [[[][][][]][]] , 335.985 )
( [][][][[][][]] , 19.0536 )
( [][][[][][]][] , 20.9168 )
( [][[][][]][][] , 92.5004 )
( [][[][]][][][] , 8.33181 )
( [[][][][][]][] , 1318.19 )
( [[[][][]][]][] , 67.663 )
( [[][[][]][][]] , 177.951 )
( [[][[][][][]]] , 1.55423 )
( [[][][][][][][]] , 619.215 )
( [[[][][][]][][]] , 321.421 )
( [][[][][]][[][]] , 5.41619 )
( [[][[][]]][] , 420.533 )
( [[][[][]][]][] , 79.6296 )
( [[][[][][]]][] , 40.7859 )
( [[][][][][][]][] , 108.266 )
( [[][][[][][]]] , 7.68477 )
( [][[[][]][]][] , 13.7946 )
( [][][][][][][] , 45.9127 )
( [][[][][][][]][] , 75.4144 )
( [][[][][][]][][] , 88.2457 )
( [][][[][]][][] , 184.428 )
( [][][[][][][]][] , 5.90722 )
( [][][[][][][][]] , 66.6452 )
( [][][[][[][]][]] , 5.19508 )
( [][][[][][[][]][]] , 1.73408 )
( [[][]][][[][]] , 6.66697 )
( [[][]][[][]][] , 82.7545 )
( [[][][][]][[][]] , 5.37288 )
( [[][[][]]][][] , 26.4741 )
( [[][][][][]][][] , 64.5456 )
( [[[[][]][]][]] , 2.81747 )
( [[][[][]][][][]] , 4.86053 )
( [[][][[][]][][]] , 128.49 )
( [[][[][][]][][]] , 29.9786 )
( [[][[][][][]][]] , 7.43859 )
( [[[][][]][][][]] , 5.72838 )
( [[][][[][][]][]] , 4.93999 )
( [[][][][][[][]][]] , 10.0655 )
( [[[][][][][]][]] , 31.6933 )
( [][[[][]][][][]] , 1.56103 )
( [][[[][][][]][]] , 4.14656 )
( [[][][][][][][][]] , 89.2565 )
( [][[][][[][]]] , 1.02908 )
( [][[][[][][]]] , 2.78344 )
( [][[[][][]][][]] , 6.57171 )
( [][][[][[][]]] , 6.06126 )
( [][][][[][][][]] , 29.6442 )
( [][][][][[][]][] , 2.43394 )
( [[][][]][][[][]] , 2.53293 )
( [[[][]][][][][]] , 18.4941 )
( [][[][[][][]][]] , 1.49229 )
( [][[][][][[][]][]] , 4.49516 )
( [][][[][]][[][]] , 19.3169 )
( [[[][[][]]][]] , 11.0311 )
( [[][]][[][][]] , 17.6529 )
( [[][][][]][][][] , 6.94029 )
( [[[][]][][]][] , 10.0785 )
( [[][][[][]]][] , 107.708 )
( [[][[][][]][]][] , 7.4371 )
( [[][][][[][]]] , 7.5411 )
( [[][]][[][][][]] , 4.73259 )
( [[][]][][][][] , 11.5266 )
( [[[][]][]][][] , 2.98984 )
( [[][[][][]]][][] , 2.70215 )
( [[][][[][]]][][] , 25.7563 )
( [[[][][]][]][][] , 4.2874 )
( [[][][][][][]][][] , 6.39894 )
( [[][[[][]][]][]] , 0.579543 )
( [[][[][][][]][][]] , 28.7146 )
( [[][][[][][]][][]] , 10.0049 )
( [[[][[][]]][][]] , 8.87651 )
( [[[][[][]][]][]] , 1.60993 )
( [[[][][][]][][][]] , 0.800441 )
( [[[][]][[][]][]] , 1.71099 )
( [[[][]][][][][][]] , 1.63637 )
( [[[][][][][][]][]] , 2.02533 )
( [][[][[][]][][]] , 84.3176 )
( [][[][][][][][][]] , 32.2759 )
( [][][[][][]][][] , 13.8802 )
( [][][[[][]][][]] , 12.9905 )
( [[[][][][][]][][]] , 19.295 )
( [[[][][]][][][][]] , 0.465849 )
( [[][][[][][]]][] , 8.85031 )
( [[][][[][]][]][] , 13.9319 )
( [[][]][[[][]][]] , 0.725432 )
( [[][[][][][]]][] , 3.04675 )
( [[[][][][]][]][] , 83.179 )
( [[[][]][][[][]][]] , 0.638925 )
( [][][[][][][][][]] , 3.75144 )
( [][[][[][]]][][] , 2.98472 )
( [][[][[][][]][][]] , 6.05877 )
( [[[][][[][]]][]] , 2.267 )
( [[[[][][]][]][]] , 1.01601 )
( [[[[][]][]][][]] , 1.03304 )
( [[[][][[][]]][][]] , 2.17518 )
( [[[][][][][][]][][]] , 0.967544 )
( [[[][[][][]]][][]] , 0.76292 )
( [[][][][[][]][][]] , 13.5726 )
( [[][][][[][]]][] , 12.7255 )
( [][[][][][]][[][]] , 5.836 )
( [][[][][][][]][][] , 5.18094 )
( [][[][][]][][[][]] , 3.7143 )
( [][[][]][][[][]] , 1.42221 )
( [][[][][[][][]][]] , 0.908558 )
( [][][[[][][]][]] , 1.92804 )
( [][][][][][[][]] , 2.81632 )
( [][[][][]][][][] , 2.47552 )
( [][][][][[][][]] , 1.75129 )
( [][][][[][][]][] , 4.28458 )
( [][[[][][][]][][]] , 1.26128 )
( [][][[][][]][[][]] , 1.52747 )
( [][[][[][]][]][] , 8.44008 )
( [][[][][][][][]][] , 3.5552 )
( [][][[[][]][]][] , 1.48102 )
( [][][][][][][][] , 1.36505 )
( [][][][[][]][][] , 2.16915 )
( [][][][[][][][][]] , 2.88771 )
( [][[][][][][[][]][]] , 1.26637 )
( [][[[][][][][]][]] , 0.875401 )
( [][][[[][][]][][]] , 0.891146 )
( [][[[][]][][][][]] , 0.980345 )
( [[[[][][][]][]][]] , 1.0263 )
( [[][[][]][][]][] , 2.38817 )
( [[[][]][][][]][] , 5.25235 )
( [[[][][]][][]][] , 2.72137 )
( [[][][][][][][]][] , 5.35934 )
( [[][][[][][]][]][] , 0.57494 )
( [[[][[][]]][]][] , 2.29932 )
( [[[][][][][]][]][] , 4.80301 )
( [[[][][][]][][]][] , 1.44725 )
( [[[][][[][]]][]][] , 0.517388 )
( [[][[][][][]][]][] , 0.69455 )
( [[[][]][][][][]][] , 0.637975 )
( [][[[][][]][]][] , 1.01925 )
( [][[][[][][]]][] , 1.14408 )
( [][[[[][]][]][]] , 0.531282 )
( [][[][]][[][][]] , 0.782098 )
( [][[][][[][]]][] , 1.21704 )
( [][[][[][][]][]][] , 0.517358 )
( [][[][]][[][][][]] , 0.511298 )
( [][[][]][][][][] , 0.908516 )
( [[][]][][[][][]] , 0.706529 )
( [[][]][[][][]][] , 1.87407 )
( [[][]][][][[][]] , 0.879701 )
( [[][]][][[][]][] , 0.671406 )
( [[][]][][][][][] , 1.10285 )
( [[][]][[][]][][] , 6.46404 )
( [[][]][[][][][][]] , 0.865606 )
( [[][]][][[][][][]] , 1.05032 )
( [[][]][[][][]][][] , 0.467551 )
( [[][][]][[][][]] , 0.959836 )
( [[][][]][[][]][] , 3.7081 )
( [[][][]][[][][][]] , 0.623101 )
( [[][][]][][][][] , 3.5491 )
( [[][][][]][][[][]] , 1.97372 )
( [[][][][]][[][]][] , 1.72654 )
( [[][][][][]][][][] , 0.607814 )
( [[][][][][]][[][]] , 3.08733 )
( [[[][]][][]][][] , 0.89196 )
( [[][][[][][]]][][] , 1.91065 )
( [[][][][[][]]][][] , 0.795774 )
( [[][[][][]][]][][] , 0.506041 )
( [[][][][[][][]]][] , 0.469854 )
( [[][][[][][][]]][] , 0.528722 )
( [[][][][][[][]]][] , 2.74568 )
( [[][][][[][]][]][] , 0.502732 )
( [[][[][][]][][]][] , 0.870005 )
( [[][][[][][][]]] , 0.792587 )
( [[][][][[][][]]] , 1.67938 )
( [[][][][][[][]]] , 1.44402 )
( [[[][]][][[][]]][] , 0.46781 )
( [[][[][][]][][][]] , 2.51939 )
( [[][[][][][][]][]] , 1.89135 )
( [[][][]][[][][]][] , 0.606107 )
( [[][][][[][][]][]] , 1.50266 )
( [[][][[][][][]][]] , 1.47208 )
( [[][[][[][]]][]] , 0.569267 )
( [[][[][]][][][][]] , 2.92416 )
( [[[][[][][]]][]] , 0.638264 )
( [[][][][][][][][][]] , 3.61748 )
( [[][[][[][]]][][]] , 0.911316 )
( [[][[][][][][]][][]] , 1.65552 )
( [[][][[][]][][][]] , 1.46291 )
( [[][][][[][][]][][]] , 0.861192 )
( [[][][][][][[][]][]] , 2.32952 )

