Answer: 
( ( [][] , ( (-720, <1, 11>, <0, 0>) , 0.00929002 ) ) , .((......))...(((..(((((((.(((.....)))...)))))))..)))....... )
( ( [][][] , ( (-580, <0, 26>, <0, 0>) , 0.000651009 ) ) , ........(((((........))))).(((.....)))...(((.....)))........ )
( ( [][][][] , ( (-260, <1, 11>, <0, 0>) , 5.64243e-06 ) ) , .((......)).......((......))..((....))...(((.....)))........ )
( ( [][][[][]] , ( (70, <1, 11>, <0, 0>) , 2.55095e-08 ) ) , .((......)).((((...))))((..(((.....)))...(((.....)))..)).... )
( ( [][][][][] , ( (390, <1, 11>, <0, 0>) , 2.09972e-10 ) ) , .((......)).......((......))..((....))...(((.....)))((...)). )
( ( [][][][[][]] , ( (1130, <1, 11>, <0, 0>) , 1.05898e-15 ) ) , .((......))....((((...))))..((.....))((...((.....))((...)))) )
( ( [][][[][]][] , ( (1220, <1, 11>, <0, 0>) , 3.57533e-16 ) ) , .((......)).((((...))))(((.((.....))((....))..))).(((....))) )
( ( [][[][]][] , ( (-140, <1, 11>, <0, 0>) , 6.20003e-07 ) ) , .((......))..((((.((......))((.....))))))(((.....)))........ )
( ( [][[][]] , ( (-440, <1, 11>, <0, 0>) , 0.000119064 ) ) , .((......))........((..((..(((.....)))...(((.....)))..))..)) )
( ( [][[][][]][] , ( (1040, <1, 11>, <0, 0>) , 7.69706e-15 ) ) , .((......))..((...((......))..((....))((......))))(((....))) )
( ( [][[][][]] , ( (-140, <1, 11>, <0, 0>) , 6.06287e-07 ) ) , .((......))..(((..((......))..((....))...(((.....))))))..... )
( ( [][[][[][]]][] , ( (1870, <1, 11>, <0, 0>) , 2.35994e-21 ) ) , .((......))..((..((...))((.((.....))((....))..))))(((....))) )
( ( [][[][[][]]] , ( (680, <1, 11>, <0, 0>) , 1.83235e-12 ) ) , .((......)).((((...))..((..(((.....)))...(((.....)))..)).)). )
( ( [][[][[][]]] , ( (680, <1, 11>, <0, 0>) , 1.83235e-12 ) ) , .((......))(((((...))).((..(((.....)))...(((.....)))..)).)). )
( ( [][[][[][]]] , ( (680, <1, 11>, <0, 0>) , 1.83235e-12 ) ) , .((......))((.((...))..((..(((.....)))...(((.....)))..)).)). )
( ( [][[[][]][]] , ( (250, <1, 11>, <0, 0>) , 4.2404e-10 ) ) , .((......))..((((.((......))((.....))))..(((.....))).))..... )
( ( [][[[][][]][]] , ( (2110, <1, 11>, <0, 0>) , 1.17167e-22 ) ) , .((......))..((((((...))...((.....))((....))))((...))))..... )
( ( [][[][][][]] , ( (1320, <1, 11>, <0, 0>) , 4.45996e-17 ) ) , .((......))..((((((...)))).((.....))((....))..((...))))..... )
( ( [][[][[][]][]] , ( (2310, <1, 11>, <0, 0>) , 1.17657e-23 ) ) , .((......)).((((...))((((.......))..((....))))((....))..)).. )
( ( [][[][[][]][]] , ( (2310, <1, 11>, <0, 0>) , 1.17657e-23 ) ) , .((......))((.((...))((((.......))..((....))))((....))..)).. )
( ( [][[][][[][]]] , ( (1960, <1, 11>, <0, 0>) , 3.79596e-21 ) ) , .((......)).((((...))..((.....)).(((((....))..((....))))))). )
( ( [][[][][[][]]] , ( (1960, <1, 11>, <0, 0>) , 3.79596e-21 ) ) , .((......))((.((...))..((.....)).(((((....))..((....))))))). )
( ( [][[][][[][]]] , ( (1960, <1, 11>, <0, 0>) , 3.79596e-21 ) ) , .((......))(((((...))).((.....)).(((((....))..((....))))))). )
( ( [][[][[][][]]] , ( (2010, <1, 11>, <0, 0>) , 9.68576e-22 ) ) , .((......)).((((...))..((..((.....))((....))..((....)))).)). )
( ( [][[][[][][]]] , ( (2010, <1, 11>, <0, 0>) , 9.68576e-22 ) ) , .((......))(((((...))).((..((.....))((....))..((....)))).)). )
( ( [][[][[][][]]] , ( (2010, <1, 11>, <0, 0>) , 9.68576e-22 ) ) , .((......))((.((...))..((..((.....))((....))..((....)))).)). )
( ( [][][[][][]] , ( (1120, <1, 11>, <0, 0>) , 1.11742e-15 ) ) , .((......)).((((...)))).((.(((.....)))....((.....))((...)))) )
( ( [][][[[][]][]] , ( (1900, <1, 11>, <0, 0>) , 2.8543e-21 ) ) , .((......)).((((...)))).((.((.((....))((......)).))((...)))) )
( ( [][[][]][][] , ( (450, <1, 11>, <0, 0>) , 5.329e-11 ) ) , .((......)).(((((.((......))((.....)))))))((.....)).((...)). )
( ( [[][]][] , ( (-460, <0, 46>, <0, 0>) , 0.000281854 ) ) , .......(((((.((((.((......))((.....)))))))))))....(((....))) )
( ( [[][]][] , ( (-460, <0, 46>, <0, 0>) , 0.000281854 ) ) , .......((((.(((((.((......))((.....)))))))))))....(((....))) )
( ( [[][]][][] , ( (50, <0, 33>, <0, 0>) , 5.42312e-08 ) ) , ..((......((...)).((......))...))...((....))......(((....))) )
( ( [[][]][][][] , ( (710, <0, 30>, <0, 0>) , 1.03329e-12 ) ) , ..((......((...)).((......))))((....))...(((.....)))((...)). )
( ( [[][]][[][]] , ( (580, <0, 33>, <0, 0>) , 5.53904e-12 ) ) , ..((......((...)).((......))...)).((((....))..((....)))).... )
( ( [[][][]][][] , ( (970, <0, 39>, <0, 0>) , 1.14547e-14 ) ) , .....((...((...)).((......))((.....))))..(((.....)))((...)). )
( ( [[][][]][] , ( (110, <0, 45>, <0, 0>) , 9.02542e-09 ) ) , ...((.....((...)).((......))..((....)).....)).....(((....))) )
( ( [[][][]][[][]] , ( (1810, <0, 37>, <0, 0>) , 1.56474e-20 ) ) , ..((.((...)).(((...))).((.......)).))((...((.....))((...)))) )
( ( [[][[][]]][] , ( (300, <0, 45>, <0, 0>) , 6.26312e-10 ) ) , ...((((...)).((((.((......))((.....))))))..)).....(((....))) )
( ( [[[][]][]][] , ( (990, <0, 45>, <0, 0>) , 9.32005e-15 ) ) , ...((((...((...))((...)))).(((.....))).....)).....(((....))) )
( ( [[][][][]][] , ( (1250, <1, 51>, <0, 0>) , 2.87642e-16 ) ) , .((.......((...)).((......))..((....))((......)).)).((...)). )
( ( [[][][[][]]][] , ( (1940, <1, 51>, <0, 0>) , 2.96543e-21 ) ) , .((..((...)).(((...))).(((.((.....))((....))..))))).((...)). )
( ( [[][[][][]]][] , ( (1780, <1, 51>, <0, 0>) , 5.36594e-20 ) ) , .((..((...)).((((((...)))).((.....))((....)).))..)).((...)). )
( ( [[[][]][][]][] , ( (2000, <1, 51>, <0, 0>) , 8.09242e-22 ) ) , .((..((...((...))((...)))).(((.....)))((......)).)).((...)). )
( ( [[][[][[][]]]][] , ( (2690, <1, 51>, <0, 0>) , 7.86887e-27 ) ) , .((..((...))((((...))((((.......))..((....)))))).)).((...)). )
( ( [[[][]][]][][] , ( (1830, <0, 39>, <0, 0>) , 3.94492e-21 ) ) , .....((.((((...))((...))))..((.....))))..(((.....)))((...)). )
( ( [] , ( (-810, <0, 53>, <0, 0>) , 0.0909356 ) ) , ..............(((..(((((((.(((.....)))...)))))))..)))....... )
( ( [] , ( (-810, <0, 53>, <0, 0>) , 0.0909356 ) ) , ..........(((((((..(((((((.(((.....)))...)))))))..))...))))) )
( ( [[][]][][[][]] , ( (1780, <1, 25>, <0, 0>) , 1.15271e-20 ) ) , .((..((...)).(((...))).))...((.....))((...((.....))((...)))) )
( ( [[][]][[][]][] , ( (1940, <1, 25>, <0, 0>) , 1.57926e-21 ) ) , .((..((...)).(((...))).))..((.((....))((......)).)).((...)). )
( ( [[][]] , ( (-850, <0, 53>, <0, 0>) , 0.0207634 ) ) , .......((((.(((((.((......))..((....)).....))))).))))....... )
( ( [[][][]] , ( (-400, <0, 60>, <0, 0>) , 3.8123e-05 ) ) , ..........(((((...((......))..((....))...(((.....)))...))))) )
( ( [[[][]][]] , ( (-80, <0, 60>, <0, 0>) , 2.926e-07 ) ) , ..........(((((((.((......))((.....))))))(((.....))).....))) )
( ( [[][[][]]] , ( (10, <1, 51>, <0, 0>) , 4.86103e-08 ) ) , .((..((...)).((((.((......))..((....)).....))))..))......... )
( ( [[][][][]] , ( (420, <0, 54>, <0, 0>) , 2.72162e-11 ) ) , .......((.((...)).((......))..((....))...(((.....)))))...... )
( ( [[][][[][]]] , ( (1370, <1, 51>, <0, 0>) , 3.75924e-17 ) ) , .((..((...)).(((...))).(((.((.....))((....))..)))))......... )
( ( [[][[][][]]] , ( (1210, <1, 51>, <0, 0>) , 2.99384e-16 ) ) , .((..((...)).((((((...)))).((.....))((....)).))..))......... )
( ( [[[][]][][]] , ( (720, <0, 60>, <0, 0>) , 2.71744e-13 ) ) , ..........((.((((.((......))((.....)))))).((.....))((...)))) )
( ( [[][[][[][]]]] , ( (2120, <1, 51>, <0, 0>) , 4.32343e-23 ) ) , .((..((...))((((...))((((.......))..((....)))))).))......... )
( ( _ , ( (0, <0, 60>, <0, 0>) , 1.61402e-08 ) ) , ............................................................ )
( ( [[[][][]][]] , ( (1340, <0, 60>, <0, 0>) , 3.91514e-17 ) ) , ..........((.((...((......))..((....))((......)))).((...)))) )
( ( [[][[][]][]] , ( (1550, <0, 60>, <0, 0>) , 9.25297e-19 ) ) , ..........((...((((...)))).((.((....))((......)).))((...)))) )
( ( [[[][[][]]][]] , ( (2170, <0, 60>, <0, 0>) , 8.34576e-24 ) ) , ..........((.((..((...))((.((.....))((....))..)))).((...)))) )
