\documentclass{article}
\usepackage{tikz}
\usepackage{amsmath}
\usepackage{verbatim}
\usetikzlibrary{external}
\tikzexternalize[mode=list and make]
\tikzset{
  png export/.style={
    % First we call ImageMagick; change settings to requirements
    external/system call/.add={}{; convert -density 300 -transparent white "\image.pdf" "\image.png"},
    % Now we force the PNG figure to be used instead of the PDF
    /pgf/images/external info,
    /pgf/images/include external/.code={
      \includegraphics[width=\pgfexternalwidth,height=\pgfexternalheight]{##1.png}
    },
  }
}
\begin{document}
\tikzset{png export}

\begin{tikzpicture}
  \node {$\begin{aligned} Rank & \ 1 \\ mfe & \ 0 \\ p\_func & \ 0.123288 \\ pretty & \ ....... \\ \end{aligned}$} child {node {\color[HTML]{14fe14} sadd} child { node {$\color[HTML]{0402fc} C$} } child { node {\color[HTML]{14fe14} sadd} child { node {$\color[HTML]{0402fc} C$} } child { node {\color[HTML]{14fe14} sadd} child { node {$\color[HTML]{0402fc} A$} } child { node {\color[HTML]{14fe14} sadd} child { node {$\color[HTML]{0402fc} A$} } child { node {\color[HTML]{14fe14} sadd} child { node {$\color[HTML]{0402fc} A$} } child { node {\color[HTML]{14fe14} sadd} child { node {$\color[HTML]{0402fc} G$} } child { node {\color[HTML]{14fe14} sadd} child { node {$\color[HTML]{0402fc} G$} } child { node {\color[HTML]{14fe14} nil} child { node {$\color[HTML]{0402fc} \epsilon $} } } } } } } } } };
\end{tikzpicture}

\end{document}

% You computed an instance containing the automatically generated tikZ algebra.
% To 'draw' these candidate trees, redirect standard output into a file and execute pdflatex on it OR
% directly pipe standard output to pdflatex by appending ' | pdflatex' to your previous command.
