Answer: 
del( < c, 1 > del( < a, 1 > del( < g, 1 > del( < u, 1 > ins( < 1, c > ins( < 1, a > ins( < 1, g > nil( < 1, 1 > ) ) ) ) ) ) ) )
del( < c, 1 > del( < a, 1 > del( < g, 1 > ins( < 1, c > del( < u, 1 > ins( < 1, a > ins( < 1, g > nil( < 1, 1 > ) ) ) ) ) ) ) )
del( < c, 1 > del( < a, 1 > del( < g, 1 > ins( < 1, c > ins( < 1, a > del( < u, 1 > ins( < 1, g > nil( < 1, 1 > ) ) ) ) ) ) ) )
del( < c, 1 > del( < a, 1 > del( < g, 1 > ins( < 1, c > ins( < 1, a > ins( < 1, g > del( < u, 1 > nil( < 1, 1 > ) ) ) ) ) ) ) )
del( < c, 1 > del( < a, 1 > del( < g, 1 > ins( < 1, c > ins( < 1, a > match( < u, g > nil( < 1, 1 > ) ) ) ) ) ) )
del( < c, 1 > del( < a, 1 > del( < g, 1 > ins( < 1, c > match( < u, a > ins( < 1, g > nil( < 1, 1 > ) ) ) ) ) ) )
del( < c, 1 > del( < a, 1 > del( < g, 1 > match( < u, c > ins( < 1, a > ins( < 1, g > nil( < 1, 1 > ) ) ) ) ) ) )
del( < c, 1 > del( < a, 1 > ins( < 1, c > del( < g, 1 > del( < u, 1 > ins( < 1, a > ins( < 1, g > nil( < 1, 1 > ) ) ) ) ) ) ) )
del( < c, 1 > del( < a, 1 > ins( < 1, c > del( < g, 1 > ins( < 1, a > del( < u, 1 > ins( < 1, g > nil( < 1, 1 > ) ) ) ) ) ) ) )
del( < c, 1 > del( < a, 1 > ins( < 1, c > del( < g, 1 > ins( < 1, a > ins( < 1, g > del( < u, 1 > nil( < 1, 1 > ) ) ) ) ) ) ) )
del( < c, 1 > del( < a, 1 > ins( < 1, c > del( < g, 1 > ins( < 1, a > match( < u, g > nil( < 1, 1 > ) ) ) ) ) ) )
del( < c, 1 > del( < a, 1 > ins( < 1, c > del( < g, 1 > match( < u, a > ins( < 1, g > nil( < 1, 1 > ) ) ) ) ) ) )
del( < c, 1 > del( < a, 1 > ins( < 1, c > ins( < 1, a > del( < g, 1 > del( < u, 1 > ins( < 1, g > nil( < 1, 1 > ) ) ) ) ) ) ) )
del( < c, 1 > del( < a, 1 > ins( < 1, c > ins( < 1, a > del( < g, 1 > ins( < 1, g > del( < u, 1 > nil( < 1, 1 > ) ) ) ) ) ) ) )
del( < c, 1 > del( < a, 1 > ins( < 1, c > ins( < 1, a > del( < g, 1 > match( < u, g > nil( < 1, 1 > ) ) ) ) ) ) )
del( < c, 1 > del( < a, 1 > ins( < 1, c > ins( < 1, a > ins( < 1, g > del( < g, 1 > del( < u, 1 > nil( < 1, 1 > ) ) ) ) ) ) ) )
del( < c, 1 > del( < a, 1 > ins( < 1, c > ins( < 1, a > match( < g, g > del( < u, 1 > nil( < 1, 1 > ) ) ) ) ) ) )
del( < c, 1 > del( < a, 1 > ins( < 1, c > match( < g, a > del( < u, 1 > ins( < 1, g > nil( < 1, 1 > ) ) ) ) ) ) )
del( < c, 1 > del( < a, 1 > ins( < 1, c > match( < g, a > ins( < 1, g > del( < u, 1 > nil( < 1, 1 > ) ) ) ) ) ) )
del( < c, 1 > del( < a, 1 > ins( < 1, c > match( < g, a > match( < u, g > nil( < 1, 1 > ) ) ) ) ) )
del( < c, 1 > del( < a, 1 > match( < g, c > del( < u, 1 > ins( < 1, a > ins( < 1, g > nil( < 1, 1 > ) ) ) ) ) ) )
del( < c, 1 > del( < a, 1 > match( < g, c > ins( < 1, a > del( < u, 1 > ins( < 1, g > nil( < 1, 1 > ) ) ) ) ) ) )
del( < c, 1 > del( < a, 1 > match( < g, c > ins( < 1, a > ins( < 1, g > del( < u, 1 > nil( < 1, 1 > ) ) ) ) ) ) )
del( < c, 1 > del( < a, 1 > match( < g, c > ins( < 1, a > match( < u, g > nil( < 1, 1 > ) ) ) ) ) )
del( < c, 1 > del( < a, 1 > match( < g, c > match( < u, a > ins( < 1, g > nil( < 1, 1 > ) ) ) ) ) )
del( < c, 1 > ins( < 1, c > del( < a, 1 > del( < g, 1 > del( < u, 1 > ins( < 1, a > ins( < 1, g > nil( < 1, 1 > ) ) ) ) ) ) ) )
del( < c, 1 > ins( < 1, c > del( < a, 1 > del( < g, 1 > ins( < 1, a > del( < u, 1 > ins( < 1, g > nil( < 1, 1 > ) ) ) ) ) ) ) )
del( < c, 1 > ins( < 1, c > del( < a, 1 > del( < g, 1 > ins( < 1, a > ins( < 1, g > del( < u, 1 > nil( < 1, 1 > ) ) ) ) ) ) ) )
del( < c, 1 > ins( < 1, c > del( < a, 1 > del( < g, 1 > ins( < 1, a > match( < u, g > nil( < 1, 1 > ) ) ) ) ) ) )
del( < c, 1 > ins( < 1, c > del( < a, 1 > del( < g, 1 > match( < u, a > ins( < 1, g > nil( < 1, 1 > ) ) ) ) ) ) )
del( < c, 1 > ins( < 1, c > del( < a, 1 > ins( < 1, a > del( < g, 1 > del( < u, 1 > ins( < 1, g > nil( < 1, 1 > ) ) ) ) ) ) ) )
del( < c, 1 > ins( < 1, c > del( < a, 1 > ins( < 1, a > del( < g, 1 > ins( < 1, g > del( < u, 1 > nil( < 1, 1 > ) ) ) ) ) ) ) )
del( < c, 1 > ins( < 1, c > del( < a, 1 > ins( < 1, a > del( < g, 1 > match( < u, g > nil( < 1, 1 > ) ) ) ) ) ) )
del( < c, 1 > ins( < 1, c > del( < a, 1 > ins( < 1, a > ins( < 1, g > del( < g, 1 > del( < u, 1 > nil( < 1, 1 > ) ) ) ) ) ) ) )
del( < c, 1 > ins( < 1, c > del( < a, 1 > ins( < 1, a > match( < g, g > del( < u, 1 > nil( < 1, 1 > ) ) ) ) ) ) )
del( < c, 1 > ins( < 1, c > del( < a, 1 > match( < g, a > del( < u, 1 > ins( < 1, g > nil( < 1, 1 > ) ) ) ) ) ) )
del( < c, 1 > ins( < 1, c > del( < a, 1 > match( < g, a > ins( < 1, g > del( < u, 1 > nil( < 1, 1 > ) ) ) ) ) ) )
del( < c, 1 > ins( < 1, c > del( < a, 1 > match( < g, a > match( < u, g > nil( < 1, 1 > ) ) ) ) ) )
del( < c, 1 > ins( < 1, c > ins( < 1, a > del( < a, 1 > del( < g, 1 > del( < u, 1 > ins( < 1, g > nil( < 1, 1 > ) ) ) ) ) ) ) )
del( < c, 1 > ins( < 1, c > ins( < 1, a > del( < a, 1 > del( < g, 1 > ins( < 1, g > del( < u, 1 > nil( < 1, 1 > ) ) ) ) ) ) ) )
del( < c, 1 > ins( < 1, c > ins( < 1, a > del( < a, 1 > del( < g, 1 > match( < u, g > nil( < 1, 1 > ) ) ) ) ) ) )
del( < c, 1 > ins( < 1, c > ins( < 1, a > del( < a, 1 > ins( < 1, g > del( < g, 1 > del( < u, 1 > nil( < 1, 1 > ) ) ) ) ) ) ) )
del( < c, 1 > ins( < 1, c > ins( < 1, a > del( < a, 1 > match( < g, g > del( < u, 1 > nil( < 1, 1 > ) ) ) ) ) ) )
del( < c, 1 > ins( < 1, c > ins( < 1, a > ins( < 1, g > del( < a, 1 > del( < g, 1 > del( < u, 1 > nil( < 1, 1 > ) ) ) ) ) ) ) )
del( < c, 1 > ins( < 1, c > ins( < 1, a > match( < a, g > del( < g, 1 > del( < u, 1 > nil( < 1, 1 > ) ) ) ) ) ) )
del( < c, 1 > ins( < 1, c > match( < a, a > del( < g, 1 > del( < u, 1 > ins( < 1, g > nil( < 1, 1 > ) ) ) ) ) ) )
del( < c, 1 > ins( < 1, c > match( < a, a > del( < g, 1 > ins( < 1, g > del( < u, 1 > nil( < 1, 1 > ) ) ) ) ) ) )
del( < c, 1 > ins( < 1, c > match( < a, a > del( < g, 1 > match( < u, g > nil( < 1, 1 > ) ) ) ) ) )
del( < c, 1 > ins( < 1, c > match( < a, a > ins( < 1, g > del( < g, 1 > del( < u, 1 > nil( < 1, 1 > ) ) ) ) ) ) )
del( < c, 1 > ins( < 1, c > match( < a, a > match( < g, g > del( < u, 1 > nil( < 1, 1 > ) ) ) ) ) )
del( < c, 1 > match( < a, c > del( < g, 1 > del( < u, 1 > ins( < 1, a > ins( < 1, g > nil( < 1, 1 > ) ) ) ) ) ) )
del( < c, 1 > match( < a, c > del( < g, 1 > ins( < 1, a > del( < u, 1 > ins( < 1, g > nil( < 1, 1 > ) ) ) ) ) ) )
del( < c, 1 > match( < a, c > del( < g, 1 > ins( < 1, a > ins( < 1, g > del( < u, 1 > nil( < 1, 1 > ) ) ) ) ) ) )
del( < c, 1 > match( < a, c > del( < g, 1 > ins( < 1, a > match( < u, g > nil( < 1, 1 > ) ) ) ) ) )
del( < c, 1 > match( < a, c > del( < g, 1 > match( < u, a > ins( < 1, g > nil( < 1, 1 > ) ) ) ) ) )
del( < c, 1 > match( < a, c > ins( < 1, a > del( < g, 1 > del( < u, 1 > ins( < 1, g > nil( < 1, 1 > ) ) ) ) ) ) )
del( < c, 1 > match( < a, c > ins( < 1, a > del( < g, 1 > ins( < 1, g > del( < u, 1 > nil( < 1, 1 > ) ) ) ) ) ) )
del( < c, 1 > match( < a, c > ins( < 1, a > del( < g, 1 > match( < u, g > nil( < 1, 1 > ) ) ) ) ) )
del( < c, 1 > match( < a, c > ins( < 1, a > ins( < 1, g > del( < g, 1 > del( < u, 1 > nil( < 1, 1 > ) ) ) ) ) ) )
del( < c, 1 > match( < a, c > ins( < 1, a > match( < g, g > del( < u, 1 > nil( < 1, 1 > ) ) ) ) ) )
del( < c, 1 > match( < a, c > match( < g, a > del( < u, 1 > ins( < 1, g > nil( < 1, 1 > ) ) ) ) ) )
del( < c, 1 > match( < a, c > match( < g, a > ins( < 1, g > del( < u, 1 > nil( < 1, 1 > ) ) ) ) ) )
del( < c, 1 > match( < a, c > match( < g, a > match( < u, g > nil( < 1, 1 > ) ) ) ) )
ins( < 1, c > del( < c, 1 > del( < a, 1 > del( < g, 1 > del( < u, 1 > ins( < 1, a > ins( < 1, g > nil( < 1, 1 > ) ) ) ) ) ) ) )
ins( < 1, c > del( < c, 1 > del( < a, 1 > del( < g, 1 > ins( < 1, a > del( < u, 1 > ins( < 1, g > nil( < 1, 1 > ) ) ) ) ) ) ) )
ins( < 1, c > del( < c, 1 > del( < a, 1 > del( < g, 1 > ins( < 1, a > ins( < 1, g > del( < u, 1 > nil( < 1, 1 > ) ) ) ) ) ) ) )
ins( < 1, c > del( < c, 1 > del( < a, 1 > del( < g, 1 > ins( < 1, a > match( < u, g > nil( < 1, 1 > ) ) ) ) ) ) )
ins( < 1, c > del( < c, 1 > del( < a, 1 > del( < g, 1 > match( < u, a > ins( < 1, g > nil( < 1, 1 > ) ) ) ) ) ) )
ins( < 1, c > del( < c, 1 > del( < a, 1 > ins( < 1, a > del( < g, 1 > del( < u, 1 > ins( < 1, g > nil( < 1, 1 > ) ) ) ) ) ) ) )
ins( < 1, c > del( < c, 1 > del( < a, 1 > ins( < 1, a > del( < g, 1 > ins( < 1, g > del( < u, 1 > nil( < 1, 1 > ) ) ) ) ) ) ) )
ins( < 1, c > del( < c, 1 > del( < a, 1 > ins( < 1, a > del( < g, 1 > match( < u, g > nil( < 1, 1 > ) ) ) ) ) ) )
ins( < 1, c > del( < c, 1 > del( < a, 1 > ins( < 1, a > ins( < 1, g > del( < g, 1 > del( < u, 1 > nil( < 1, 1 > ) ) ) ) ) ) ) )
ins( < 1, c > del( < c, 1 > del( < a, 1 > ins( < 1, a > match( < g, g > del( < u, 1 > nil( < 1, 1 > ) ) ) ) ) ) )
ins( < 1, c > del( < c, 1 > del( < a, 1 > match( < g, a > del( < u, 1 > ins( < 1, g > nil( < 1, 1 > ) ) ) ) ) ) )
ins( < 1, c > del( < c, 1 > del( < a, 1 > match( < g, a > ins( < 1, g > del( < u, 1 > nil( < 1, 1 > ) ) ) ) ) ) )
ins( < 1, c > del( < c, 1 > del( < a, 1 > match( < g, a > match( < u, g > nil( < 1, 1 > ) ) ) ) ) )
ins( < 1, c > del( < c, 1 > ins( < 1, a > del( < a, 1 > del( < g, 1 > del( < u, 1 > ins( < 1, g > nil( < 1, 1 > ) ) ) ) ) ) ) )
ins( < 1, c > del( < c, 1 > ins( < 1, a > del( < a, 1 > del( < g, 1 > ins( < 1, g > del( < u, 1 > nil( < 1, 1 > ) ) ) ) ) ) ) )
ins( < 1, c > del( < c, 1 > ins( < 1, a > del( < a, 1 > del( < g, 1 > match( < u, g > nil( < 1, 1 > ) ) ) ) ) ) )
ins( < 1, c > del( < c, 1 > ins( < 1, a > del( < a, 1 > ins( < 1, g > del( < g, 1 > del( < u, 1 > nil( < 1, 1 > ) ) ) ) ) ) ) )
ins( < 1, c > del( < c, 1 > ins( < 1, a > del( < a, 1 > match( < g, g > del( < u, 1 > nil( < 1, 1 > ) ) ) ) ) ) )
ins( < 1, c > del( < c, 1 > ins( < 1, a > ins( < 1, g > del( < a, 1 > del( < g, 1 > del( < u, 1 > nil( < 1, 1 > ) ) ) ) ) ) ) )
ins( < 1, c > del( < c, 1 > ins( < 1, a > match( < a, g > del( < g, 1 > del( < u, 1 > nil( < 1, 1 > ) ) ) ) ) ) )
ins( < 1, c > del( < c, 1 > match( < a, a > del( < g, 1 > del( < u, 1 > ins( < 1, g > nil( < 1, 1 > ) ) ) ) ) ) )
ins( < 1, c > del( < c, 1 > match( < a, a > del( < g, 1 > ins( < 1, g > del( < u, 1 > nil( < 1, 1 > ) ) ) ) ) ) )
ins( < 1, c > del( < c, 1 > match( < a, a > del( < g, 1 > match( < u, g > nil( < 1, 1 > ) ) ) ) ) )
ins( < 1, c > del( < c, 1 > match( < a, a > ins( < 1, g > del( < g, 1 > del( < u, 1 > nil( < 1, 1 > ) ) ) ) ) ) )
ins( < 1, c > del( < c, 1 > match( < a, a > match( < g, g > del( < u, 1 > nil( < 1, 1 > ) ) ) ) ) )
ins( < 1, c > ins( < 1, a > del( < c, 1 > del( < a, 1 > del( < g, 1 > del( < u, 1 > ins( < 1, g > nil( < 1, 1 > ) ) ) ) ) ) ) )
ins( < 1, c > ins( < 1, a > del( < c, 1 > del( < a, 1 > del( < g, 1 > ins( < 1, g > del( < u, 1 > nil( < 1, 1 > ) ) ) ) ) ) ) )
ins( < 1, c > ins( < 1, a > del( < c, 1 > del( < a, 1 > del( < g, 1 > match( < u, g > nil( < 1, 1 > ) ) ) ) ) ) )
ins( < 1, c > ins( < 1, a > del( < c, 1 > del( < a, 1 > ins( < 1, g > del( < g, 1 > del( < u, 1 > nil( < 1, 1 > ) ) ) ) ) ) ) )
ins( < 1, c > ins( < 1, a > del( < c, 1 > del( < a, 1 > match( < g, g > del( < u, 1 > nil( < 1, 1 > ) ) ) ) ) ) )
ins( < 1, c > ins( < 1, a > del( < c, 1 > ins( < 1, g > del( < a, 1 > del( < g, 1 > del( < u, 1 > nil( < 1, 1 > ) ) ) ) ) ) ) )
ins( < 1, c > ins( < 1, a > del( < c, 1 > match( < a, g > del( < g, 1 > del( < u, 1 > nil( < 1, 1 > ) ) ) ) ) ) )
ins( < 1, c > ins( < 1, a > ins( < 1, g > del( < c, 1 > del( < a, 1 > del( < g, 1 > del( < u, 1 > nil( < 1, 1 > ) ) ) ) ) ) ) )
ins( < 1, c > ins( < 1, a > match( < c, g > del( < a, 1 > del( < g, 1 > del( < u, 1 > nil( < 1, 1 > ) ) ) ) ) ) )
ins( < 1, c > match( < c, a > del( < a, 1 > del( < g, 1 > del( < u, 1 > ins( < 1, g > nil( < 1, 1 > ) ) ) ) ) ) )
ins( < 1, c > match( < c, a > del( < a, 1 > del( < g, 1 > ins( < 1, g > del( < u, 1 > nil( < 1, 1 > ) ) ) ) ) ) )
ins( < 1, c > match( < c, a > del( < a, 1 > del( < g, 1 > match( < u, g > nil( < 1, 1 > ) ) ) ) ) )
ins( < 1, c > match( < c, a > del( < a, 1 > ins( < 1, g > del( < g, 1 > del( < u, 1 > nil( < 1, 1 > ) ) ) ) ) ) )
ins( < 1, c > match( < c, a > del( < a, 1 > match( < g, g > del( < u, 1 > nil( < 1, 1 > ) ) ) ) ) )
ins( < 1, c > match( < c, a > ins( < 1, g > del( < a, 1 > del( < g, 1 > del( < u, 1 > nil( < 1, 1 > ) ) ) ) ) ) )
ins( < 1, c > match( < c, a > match( < a, g > del( < g, 1 > del( < u, 1 > nil( < 1, 1 > ) ) ) ) ) )
match( < c, c > del( < a, 1 > del( < g, 1 > del( < u, 1 > ins( < 1, a > ins( < 1, g > nil( < 1, 1 > ) ) ) ) ) ) )
match( < c, c > del( < a, 1 > del( < g, 1 > ins( < 1, a > del( < u, 1 > ins( < 1, g > nil( < 1, 1 > ) ) ) ) ) ) )
match( < c, c > del( < a, 1 > del( < g, 1 > ins( < 1, a > ins( < 1, g > del( < u, 1 > nil( < 1, 1 > ) ) ) ) ) ) )
match( < c, c > del( < a, 1 > del( < g, 1 > ins( < 1, a > match( < u, g > nil( < 1, 1 > ) ) ) ) ) )
match( < c, c > del( < a, 1 > del( < g, 1 > match( < u, a > ins( < 1, g > nil( < 1, 1 > ) ) ) ) ) )
match( < c, c > del( < a, 1 > ins( < 1, a > del( < g, 1 > del( < u, 1 > ins( < 1, g > nil( < 1, 1 > ) ) ) ) ) ) )
match( < c, c > del( < a, 1 > ins( < 1, a > del( < g, 1 > ins( < 1, g > del( < u, 1 > nil( < 1, 1 > ) ) ) ) ) ) )
match( < c, c > del( < a, 1 > ins( < 1, a > del( < g, 1 > match( < u, g > nil( < 1, 1 > ) ) ) ) ) )
match( < c, c > del( < a, 1 > ins( < 1, a > ins( < 1, g > del( < g, 1 > del( < u, 1 > nil( < 1, 1 > ) ) ) ) ) ) )
match( < c, c > del( < a, 1 > ins( < 1, a > match( < g, g > del( < u, 1 > nil( < 1, 1 > ) ) ) ) ) )
match( < c, c > del( < a, 1 > match( < g, a > del( < u, 1 > ins( < 1, g > nil( < 1, 1 > ) ) ) ) ) )
match( < c, c > del( < a, 1 > match( < g, a > ins( < 1, g > del( < u, 1 > nil( < 1, 1 > ) ) ) ) ) )
match( < c, c > del( < a, 1 > match( < g, a > match( < u, g > nil( < 1, 1 > ) ) ) ) )
match( < c, c > ins( < 1, a > del( < a, 1 > del( < g, 1 > del( < u, 1 > ins( < 1, g > nil( < 1, 1 > ) ) ) ) ) ) )
match( < c, c > ins( < 1, a > del( < a, 1 > del( < g, 1 > ins( < 1, g > del( < u, 1 > nil( < 1, 1 > ) ) ) ) ) ) )
match( < c, c > ins( < 1, a > del( < a, 1 > del( < g, 1 > match( < u, g > nil( < 1, 1 > ) ) ) ) ) )
match( < c, c > ins( < 1, a > del( < a, 1 > ins( < 1, g > del( < g, 1 > del( < u, 1 > nil( < 1, 1 > ) ) ) ) ) ) )
match( < c, c > ins( < 1, a > del( < a, 1 > match( < g, g > del( < u, 1 > nil( < 1, 1 > ) ) ) ) ) )
match( < c, c > ins( < 1, a > ins( < 1, g > del( < a, 1 > del( < g, 1 > del( < u, 1 > nil( < 1, 1 > ) ) ) ) ) ) )
match( < c, c > ins( < 1, a > match( < a, g > del( < g, 1 > del( < u, 1 > nil( < 1, 1 > ) ) ) ) ) )
match( < c, c > match( < a, a > del( < g, 1 > del( < u, 1 > ins( < 1, g > nil( < 1, 1 > ) ) ) ) ) )
match( < c, c > match( < a, a > del( < g, 1 > ins( < 1, g > del( < u, 1 > nil( < 1, 1 > ) ) ) ) ) )
match( < c, c > match( < a, a > del( < g, 1 > match( < u, g > nil( < 1, 1 > ) ) ) ) )
match( < c, c > match( < a, a > ins( < 1, g > del( < g, 1 > del( < u, 1 > nil( < 1, 1 > ) ) ) ) ) )
match( < c, c > match( < a, a > match( < g, g > del( < u, 1 > nil( < 1, 1 > ) ) ) ) )

