start answers A(0,0):
( -4 , Ins( < A, 1 > < <1,1>, 1 > Ers( < A, B > < <2,2>, <1,1> > Sto( < 1, 1 > ) ) ) )
( -4 , Ers( < A, B > < <1,1>, <1,1> > Ins( < A, 1 > < <2,2>, 1 > Sto( < 1, 1 > ) ) ) )

//end answers A(0,0)
start answers A(0,1):
( -6 , Ins( < A, 1 > < <1,1>, 1 > Ins( < A, 1 > < <2,2>, 1 > Sto( < 1, 1 > ) ) ) )

//end answers A(0,1)
start answers A(1,0):
( -1 , Ers( < A, B > < <2,2>, <1,1> > Sto( < 1, 1 > ) ) )

//end answers A(1,0)
start answers A(1,1):
( -3 , Ins( < A, 1 > < <2,2>, 1 > Sto( < 1, 1 > ) ) )

//end answers A(1,1)
start answers A(2,0):
( -2 , Del( < 1, B > < 1, <1,1> > Sto( < 1, 1 > ) ) )

//end answers A(2,0)
start answers A(2,1):
( 0 , Sto( < 1, 1 > ) )

//end answers A(2,1)
start answers outside_A(0,0):
( 0 , Sto( < 1, 1 > ) )

//end answers outside_A(0,0)
start answers outside_A(0,1):
( -2 , Del( < 1, B > < 1, <1,1> > Sto( < 1, 1 > ) ) )

//end answers outside_A(0,1)
start answers outside_A(1,0):
( -3 , Ins( < A, 1 > < <1,1>, 1 > Sto( < 1, 1 > ) ) )

//end answers outside_A(1,0)
start answers outside_A(1,1):
( -1 , Ers( < A, B > < <1,1>, <1,1> > Sto( < 1, 1 > ) ) )

//end answers outside_A(1,1)
start answers outside_A(2,0):
( -6 , Ins( < A, 1 > < <2,2>, 1 > Ins( < A, 1 > < <1,1>, 1 > Sto( < 1, 1 > ) ) ) )

//end answers outside_A(2,0)
start answers outside_A(2,1):
( -4 , Ins( < A, 1 > < <2,2>, 1 > Ers( < A, B > < <1,1>, <1,1> > Sto( < 1, 1 > ) ) ) )
( -4 , Ers( < A, B > < <2,2>, <1,1> > Ins( < A, 1 > < <1,1>, 1 > Sto( < 1, 1 > ) ) ) )

//end answers outside_A(2,1)
