\documentclass{article}
\usepackage{tikz}
\usepackage{amsmath}
\usepackage{verbatim}
\begin{document}
\begin{tikzpicture}
  \node {$\begin{aligned} Rank & \ 1 \\ enum & \ del( < I, 1 > del( < T, 1 > ins( < 1, S > ins( < 1, T > nil( < 1, 1 > ) ) ) ) ) \\ \end{aligned}$} child {node {\color[HTML]{14fe14} del} child { node {$\begin{aligned} \color[HTML]{0402fc} I \\ \color[HTML]{0402fc} \epsilon \end{aligned}$ } } child { node {\color[HTML]{14fe14} del} child { node {$\begin{aligned} \color[HTML]{0402fc} T \\ \color[HTML]{0402fc} \epsilon \end{aligned}$ } } child { node {\color[HTML]{14fe14} ins} child { node {$\begin{aligned} \color[HTML]{0402fc} \epsilon  \\ \color[HTML]{0402fc} S\end{aligned}$ } } child { node {\color[HTML]{14fe14} ins} child { node {$\begin{aligned} \color[HTML]{0402fc} \epsilon  \\ \color[HTML]{0402fc} T\end{aligned}$ } } child { node {\color[HTML]{14fe14} nil} child { node {$\begin{aligned} \color[HTML]{0402fc} \epsilon  \\ \color[HTML]{0402fc} \epsilon \end{aligned}$ } } } } } } };
\end{tikzpicture}

\begin{tikzpicture}
  \node {$\begin{aligned} Rank & \ 2 \\ enum & \ del( < I, 1 > ins( < 1, S > del( < T, 1 > ins( < 1, T > nil( < 1, 1 > ) ) ) ) ) \\ \end{aligned}$} child {node {\color[HTML]{14fe14} del} child { node {$\begin{aligned} \color[HTML]{0402fc} I \\ \color[HTML]{0402fc} \epsilon \end{aligned}$ } } child { node {\color[HTML]{14fe14} ins} child { node {$\begin{aligned} \color[HTML]{0402fc} \epsilon  \\ \color[HTML]{0402fc} S\end{aligned}$ } } child { node {\color[HTML]{14fe14} del} child { node {$\begin{aligned} \color[HTML]{0402fc} T \\ \color[HTML]{0402fc} \epsilon \end{aligned}$ } } child { node {\color[HTML]{14fe14} ins} child { node {$\begin{aligned} \color[HTML]{0402fc} \epsilon  \\ \color[HTML]{0402fc} T\end{aligned}$ } } child { node {\color[HTML]{14fe14} nil} child { node {$\begin{aligned} \color[HTML]{0402fc} \epsilon  \\ \color[HTML]{0402fc} \epsilon \end{aligned}$ } } } } } } };
\end{tikzpicture}

\begin{tikzpicture}
  \node {$\begin{aligned} Rank & \ 3 \\ enum & \ del( < I, 1 > ins( < 1, S > ins( < 1, T > del( < T, 1 > nil( < 1, 1 > ) ) ) ) ) \\ \end{aligned}$} child {node {\color[HTML]{14fe14} del} child { node {$\begin{aligned} \color[HTML]{0402fc} I \\ \color[HTML]{0402fc} \epsilon \end{aligned}$ } } child { node {\color[HTML]{14fe14} ins} child { node {$\begin{aligned} \color[HTML]{0402fc} \epsilon  \\ \color[HTML]{0402fc} S\end{aligned}$ } } child { node {\color[HTML]{14fe14} ins} child { node {$\begin{aligned} \color[HTML]{0402fc} \epsilon  \\ \color[HTML]{0402fc} T\end{aligned}$ } } child { node {\color[HTML]{14fe14} del} child { node {$\begin{aligned} \color[HTML]{0402fc} T \\ \color[HTML]{0402fc} \epsilon \end{aligned}$ } } child { node {\color[HTML]{14fe14} nil} child { node {$\begin{aligned} \color[HTML]{0402fc} \epsilon  \\ \color[HTML]{0402fc} \epsilon \end{aligned}$ } } } } } } };
\end{tikzpicture}

\begin{tikzpicture}
  \node {$\begin{aligned} Rank & \ 4 \\ enum & \ del( < I, 1 > ins( < 1, S > match( < T, T > nil( < 1, 1 > ) ) ) ) \\ \end{aligned}$} child {node {\color[HTML]{14fe14} del} child { node {$\begin{aligned} \color[HTML]{0402fc} I \\ \color[HTML]{0402fc} \epsilon \end{aligned}$ } } child { node {\color[HTML]{14fe14} ins} child { node {$\begin{aligned} \color[HTML]{0402fc} \epsilon  \\ \color[HTML]{0402fc} S\end{aligned}$ } } child { node {\color[HTML]{14fe14} match} child { node {$\begin{aligned} \color[HTML]{0402fc} T \\ \color[HTML]{0402fc} T\end{aligned}$ } } child { node {\color[HTML]{14fe14} nil} child { node {$\begin{aligned} \color[HTML]{0402fc} \epsilon  \\ \color[HTML]{0402fc} \epsilon \end{aligned}$ } } } } } };
\end{tikzpicture}

\begin{tikzpicture}
  \node {$\begin{aligned} Rank & \ 5 \\ enum & \ del( < I, 1 > match( < T, S > ins( < 1, T > nil( < 1, 1 > ) ) ) ) \\ \end{aligned}$} child {node {\color[HTML]{14fe14} del} child { node {$\begin{aligned} \color[HTML]{0402fc} I \\ \color[HTML]{0402fc} \epsilon \end{aligned}$ } } child { node {\color[HTML]{14fe14} match} child { node {$\begin{aligned} \color[HTML]{0402fc} T \\ \color[HTML]{0402fc} S\end{aligned}$ } } child { node {\color[HTML]{14fe14} ins} child { node {$\begin{aligned} \color[HTML]{0402fc} \epsilon  \\ \color[HTML]{0402fc} T\end{aligned}$ } } child { node {\color[HTML]{14fe14} nil} child { node {$\begin{aligned} \color[HTML]{0402fc} \epsilon  \\ \color[HTML]{0402fc} \epsilon \end{aligned}$ } } } } } };
\end{tikzpicture}

\begin{tikzpicture}
  \node {$\begin{aligned} Rank & \ 6 \\ enum & \ ins( < 1, S > del( < I, 1 > del( < T, 1 > ins( < 1, T > nil( < 1, 1 > ) ) ) ) ) \\ \end{aligned}$} child {node {\color[HTML]{14fe14} ins} child { node {$\begin{aligned} \color[HTML]{0402fc} \epsilon  \\ \color[HTML]{0402fc} S\end{aligned}$ } } child { node {\color[HTML]{14fe14} del} child { node {$\begin{aligned} \color[HTML]{0402fc} I \\ \color[HTML]{0402fc} \epsilon \end{aligned}$ } } child { node {\color[HTML]{14fe14} del} child { node {$\begin{aligned} \color[HTML]{0402fc} T \\ \color[HTML]{0402fc} \epsilon \end{aligned}$ } } child { node {\color[HTML]{14fe14} ins} child { node {$\begin{aligned} \color[HTML]{0402fc} \epsilon  \\ \color[HTML]{0402fc} T\end{aligned}$ } } child { node {\color[HTML]{14fe14} nil} child { node {$\begin{aligned} \color[HTML]{0402fc} \epsilon  \\ \color[HTML]{0402fc} \epsilon \end{aligned}$ } } } } } } };
\end{tikzpicture}

\begin{tikzpicture}
  \node {$\begin{aligned} Rank & \ 7 \\ enum & \ ins( < 1, S > del( < I, 1 > ins( < 1, T > del( < T, 1 > nil( < 1, 1 > ) ) ) ) ) \\ \end{aligned}$} child {node {\color[HTML]{14fe14} ins} child { node {$\begin{aligned} \color[HTML]{0402fc} \epsilon  \\ \color[HTML]{0402fc} S\end{aligned}$ } } child { node {\color[HTML]{14fe14} del} child { node {$\begin{aligned} \color[HTML]{0402fc} I \\ \color[HTML]{0402fc} \epsilon \end{aligned}$ } } child { node {\color[HTML]{14fe14} ins} child { node {$\begin{aligned} \color[HTML]{0402fc} \epsilon  \\ \color[HTML]{0402fc} T\end{aligned}$ } } child { node {\color[HTML]{14fe14} del} child { node {$\begin{aligned} \color[HTML]{0402fc} T \\ \color[HTML]{0402fc} \epsilon \end{aligned}$ } } child { node {\color[HTML]{14fe14} nil} child { node {$\begin{aligned} \color[HTML]{0402fc} \epsilon  \\ \color[HTML]{0402fc} \epsilon \end{aligned}$ } } } } } } };
\end{tikzpicture}

\begin{tikzpicture}
  \node {$\begin{aligned} Rank & \ 8 \\ enum & \ ins( < 1, S > del( < I, 1 > match( < T, T > nil( < 1, 1 > ) ) ) ) \\ \end{aligned}$} child {node {\color[HTML]{14fe14} ins} child { node {$\begin{aligned} \color[HTML]{0402fc} \epsilon  \\ \color[HTML]{0402fc} S\end{aligned}$ } } child { node {\color[HTML]{14fe14} del} child { node {$\begin{aligned} \color[HTML]{0402fc} I \\ \color[HTML]{0402fc} \epsilon \end{aligned}$ } } child { node {\color[HTML]{14fe14} match} child { node {$\begin{aligned} \color[HTML]{0402fc} T \\ \color[HTML]{0402fc} T\end{aligned}$ } } child { node {\color[HTML]{14fe14} nil} child { node {$\begin{aligned} \color[HTML]{0402fc} \epsilon  \\ \color[HTML]{0402fc} \epsilon \end{aligned}$ } } } } } };
\end{tikzpicture}

\begin{tikzpicture}
  \node {$\begin{aligned} Rank & \ 9 \\ enum & \ ins( < 1, S > ins( < 1, T > del( < I, 1 > del( < T, 1 > nil( < 1, 1 > ) ) ) ) ) \\ \end{aligned}$} child {node {\color[HTML]{14fe14} ins} child { node {$\begin{aligned} \color[HTML]{0402fc} \epsilon  \\ \color[HTML]{0402fc} S\end{aligned}$ } } child { node {\color[HTML]{14fe14} ins} child { node {$\begin{aligned} \color[HTML]{0402fc} \epsilon  \\ \color[HTML]{0402fc} T\end{aligned}$ } } child { node {\color[HTML]{14fe14} del} child { node {$\begin{aligned} \color[HTML]{0402fc} I \\ \color[HTML]{0402fc} \epsilon \end{aligned}$ } } child { node {\color[HTML]{14fe14} del} child { node {$\begin{aligned} \color[HTML]{0402fc} T \\ \color[HTML]{0402fc} \epsilon \end{aligned}$ } } child { node {\color[HTML]{14fe14} nil} child { node {$\begin{aligned} \color[HTML]{0402fc} \epsilon  \\ \color[HTML]{0402fc} \epsilon \end{aligned}$ } } } } } } };
\end{tikzpicture}

\begin{tikzpicture}
  \node {$\begin{aligned} Rank & \ 10 \\ enum & \ ins( < 1, S > match( < I, T > del( < T, 1 > nil( < 1, 1 > ) ) ) ) \\ \end{aligned}$} child {node {\color[HTML]{14fe14} ins} child { node {$\begin{aligned} \color[HTML]{0402fc} \epsilon  \\ \color[HTML]{0402fc} S\end{aligned}$ } } child { node {\color[HTML]{14fe14} match} child { node {$\begin{aligned} \color[HTML]{0402fc} I \\ \color[HTML]{0402fc} T\end{aligned}$ } } child { node {\color[HTML]{14fe14} del} child { node {$\begin{aligned} \color[HTML]{0402fc} T \\ \color[HTML]{0402fc} \epsilon \end{aligned}$ } } child { node {\color[HTML]{14fe14} nil} child { node {$\begin{aligned} \color[HTML]{0402fc} \epsilon  \\ \color[HTML]{0402fc} \epsilon \end{aligned}$ } } } } } };
\end{tikzpicture}

\begin{tikzpicture}
  \node {$\begin{aligned} Rank & \ 11 \\ enum & \ match( < I, S > del( < T, 1 > ins( < 1, T > nil( < 1, 1 > ) ) ) ) \\ \end{aligned}$} child {node {\color[HTML]{14fe14} match} child { node {$\begin{aligned} \color[HTML]{0402fc} I \\ \color[HTML]{0402fc} S\end{aligned}$ } } child { node {\color[HTML]{14fe14} del} child { node {$\begin{aligned} \color[HTML]{0402fc} T \\ \color[HTML]{0402fc} \epsilon \end{aligned}$ } } child { node {\color[HTML]{14fe14} ins} child { node {$\begin{aligned} \color[HTML]{0402fc} \epsilon  \\ \color[HTML]{0402fc} T\end{aligned}$ } } child { node {\color[HTML]{14fe14} nil} child { node {$\begin{aligned} \color[HTML]{0402fc} \epsilon  \\ \color[HTML]{0402fc} \epsilon \end{aligned}$ } } } } } };
\end{tikzpicture}

\begin{tikzpicture}
  \node {$\begin{aligned} Rank & \ 12 \\ enum & \ match( < I, S > ins( < 1, T > del( < T, 1 > nil( < 1, 1 > ) ) ) ) \\ \end{aligned}$} child {node {\color[HTML]{14fe14} match} child { node {$\begin{aligned} \color[HTML]{0402fc} I \\ \color[HTML]{0402fc} S\end{aligned}$ } } child { node {\color[HTML]{14fe14} ins} child { node {$\begin{aligned} \color[HTML]{0402fc} \epsilon  \\ \color[HTML]{0402fc} T\end{aligned}$ } } child { node {\color[HTML]{14fe14} del} child { node {$\begin{aligned} \color[HTML]{0402fc} T \\ \color[HTML]{0402fc} \epsilon \end{aligned}$ } } child { node {\color[HTML]{14fe14} nil} child { node {$\begin{aligned} \color[HTML]{0402fc} \epsilon  \\ \color[HTML]{0402fc} \epsilon \end{aligned}$ } } } } } };
\end{tikzpicture}

\begin{tikzpicture}
  \node {$\begin{aligned} Rank & \ 13 \\ enum & \ match( < I, S > match( < T, T > nil( < 1, 1 > ) ) ) \\ \end{aligned}$} child {node {\color[HTML]{14fe14} match} child { node {$\begin{aligned} \color[HTML]{0402fc} I \\ \color[HTML]{0402fc} S\end{aligned}$ } } child { node {\color[HTML]{14fe14} match} child { node {$\begin{aligned} \color[HTML]{0402fc} T \\ \color[HTML]{0402fc} T\end{aligned}$ } } child { node {\color[HTML]{14fe14} nil} child { node {$\begin{aligned} \color[HTML]{0402fc} \epsilon  \\ \color[HTML]{0402fc} \epsilon \end{aligned}$ } } } } };
\end{tikzpicture}

\end{document}

% You computed an instance containing the automatically generated tikZ algebra.
% To 'draw' these candidate trees, redirect standard output into a file and execute pdflatex on it OR
% directly pipe standard output to pdflatex by appending ' | pdflatex' to your previous command.
