start answers nt_const(0,0,0,0):
1
//end answers nt_const(0,0,0,0)
start answers nt_const(0,0,0,1):
[]
//end answers nt_const(0,0,0,1)
start answers nt_const(0,0,1,1):
1
//end answers nt_const(0,0,1,1)
start answers nt_const(0,1,0,0):
[]
//end answers nt_const(0,1,0,0)
start answers nt_const(0,1,0,1):
[]
//end answers nt_const(0,1,0,1)
start answers nt_const(0,1,1,1):
[]
//end answers nt_const(0,1,1,1)
start answers nt_const(0,2,0,0):
[]
//end answers nt_const(0,2,0,0)
start answers nt_const(0,2,0,1):
[]
//end answers nt_const(0,2,0,1)
start answers nt_const(0,2,1,1):
[]
//end answers nt_const(0,2,1,1)
start answers nt_const(1,1,0,0):
1
//end answers nt_const(1,1,0,0)
start answers nt_const(1,1,0,1):
[]
//end answers nt_const(1,1,0,1)
start answers nt_const(1,1,1,1):
1
//end answers nt_const(1,1,1,1)
start answers nt_const(1,2,0,0):
[]
//end answers nt_const(1,2,0,0)
start answers nt_const(1,2,0,1):
[]
//end answers nt_const(1,2,0,1)
start answers nt_const(1,2,1,1):
[]
//end answers nt_const(1,2,1,1)
start answers nt_const(2,2,0,0):
1
//end answers nt_const(2,2,0,0)
start answers nt_const(2,2,0,1):
[]
//end answers nt_const(2,2,0,1)
start answers nt_const(2,2,1,1):
1
//end answers nt_const(2,2,1,1)
start answers outside_nt_const(0,0,0,0):
[]
//end answers outside_nt_const(0,0,0,0)
start answers outside_nt_const(0,0,0,1):
[]
//end answers outside_nt_const(0,0,0,1)
start answers outside_nt_const(0,0,1,1):
[]
//end answers outside_nt_const(0,0,1,1)
start answers outside_nt_const(0,1,0,0):
[]
//end answers outside_nt_const(0,1,0,0)
start answers outside_nt_const(0,1,0,1):
[]
//end answers outside_nt_const(0,1,0,1)
start answers outside_nt_const(0,1,1,1):
[]
//end answers outside_nt_const(0,1,1,1)
start answers outside_nt_const(0,2,0,0):
[]
//end answers outside_nt_const(0,2,0,0)
start answers outside_nt_const(0,2,0,1):
1
//end answers outside_nt_const(0,2,0,1)
start answers outside_nt_const(0,2,1,1):
[]
//end answers outside_nt_const(0,2,1,1)
start answers outside_nt_const(1,1,0,0):
[]
//end answers outside_nt_const(1,1,0,0)
start answers outside_nt_const(1,1,0,1):
[]
//end answers outside_nt_const(1,1,0,1)
start answers outside_nt_const(1,1,1,1):
[]
//end answers outside_nt_const(1,1,1,1)
start answers outside_nt_const(1,2,0,0):
[]
//end answers outside_nt_const(1,2,0,0)
start answers outside_nt_const(1,2,0,1):
[]
//end answers outside_nt_const(1,2,0,1)
start answers outside_nt_const(1,2,1,1):
[]
//end answers outside_nt_const(1,2,1,1)
start answers outside_nt_const(2,2,0,0):
[]
//end answers outside_nt_const(2,2,0,0)
start answers outside_nt_const(2,2,0,1):
[]
//end answers outside_nt_const(2,2,0,1)
start answers outside_nt_const(2,2,1,1):
[]
//end answers outside_nt_const(2,2,1,1)
start answers nt_left(0,0,0,0):
[]
//end answers nt_left(0,0,0,0)
start answers nt_left(0,0,0,1):
[]
//end answers nt_left(0,0,0,1)
start answers nt_left(0,0,1,1):
[]
//end answers nt_left(0,0,1,1)
start answers nt_left(0,1,0,0):
[]
//end answers nt_left(0,1,0,0)
start answers nt_left(0,1,0,1):
[]
//end answers nt_left(0,1,0,1)
start answers nt_left(0,1,1,1):
[]
//end answers nt_left(0,1,1,1)
start answers nt_left(0,2,0,0):
[]
//end answers nt_left(0,2,0,0)
start answers nt_left(0,2,0,1):
[]
//end answers nt_left(0,2,0,1)
start answers nt_left(0,2,1,1):
[]
//end answers nt_left(0,2,1,1)
start answers nt_left(1,1,0,0):
[]
//end answers nt_left(1,1,0,0)
start answers nt_left(1,1,0,1):
[]
//end answers nt_left(1,1,0,1)
start answers nt_left(1,1,1,1):
[]
//end answers nt_left(1,1,1,1)
start answers nt_left(1,2,0,0):
[]
//end answers nt_left(1,2,0,0)
start answers nt_left(1,2,0,1):
[]
//end answers nt_left(1,2,0,1)
start answers nt_left(1,2,1,1):
[]
//end answers nt_left(1,2,1,1)
start answers nt_left(2,2,0,0):
[]
//end answers nt_left(2,2,0,0)
start answers nt_left(2,2,0,1):
[]
//end answers nt_left(2,2,0,1)
start answers nt_left(2,2,1,1):
[]
//end answers nt_left(2,2,1,1)
start answers outside_nt_left(0,0,0,0):
[]
//end answers outside_nt_left(0,0,0,0)
start answers outside_nt_left(0,0,0,1):
[]
//end answers outside_nt_left(0,0,0,1)
start answers outside_nt_left(0,0,1,1):
[]
//end answers outside_nt_left(0,0,1,1)
start answers outside_nt_left(0,1,0,0):
[]
//end answers outside_nt_left(0,1,0,0)
start answers outside_nt_left(0,1,0,1):
[]
//end answers outside_nt_left(0,1,0,1)
start answers outside_nt_left(0,1,1,1):
[]
//end answers outside_nt_left(0,1,1,1)
start answers outside_nt_left(0,2,0,0):
[]
//end answers outside_nt_left(0,2,0,0)
start answers outside_nt_left(0,2,0,1):
1
//end answers outside_nt_left(0,2,0,1)
start answers outside_nt_left(0,2,1,1):
[]
//end answers outside_nt_left(0,2,1,1)
start answers outside_nt_left(1,1,0,0):
[]
//end answers outside_nt_left(1,1,0,0)
start answers outside_nt_left(1,1,0,1):
[]
//end answers outside_nt_left(1,1,0,1)
start answers outside_nt_left(1,1,1,1):
[]
//end answers outside_nt_left(1,1,1,1)
start answers outside_nt_left(1,2,0,0):
[]
//end answers outside_nt_left(1,2,0,0)
start answers outside_nt_left(1,2,0,1):
[]
//end answers outside_nt_left(1,2,0,1)
start answers outside_nt_left(1,2,1,1):
[]
//end answers outside_nt_left(1,2,1,1)
start answers outside_nt_left(2,2,0,0):
[]
//end answers outside_nt_left(2,2,0,0)
start answers outside_nt_left(2,2,0,1):
[]
//end answers outside_nt_left(2,2,0,1)
start answers outside_nt_left(2,2,1,1):
[]
//end answers outside_nt_left(2,2,1,1)
start answers nt_right(0,0,0,0):
[]
//end answers nt_right(0,0,0,0)
start answers nt_right(0,0,0,1):
[]
//end answers nt_right(0,0,0,1)
start answers nt_right(0,0,1,1):
[]
//end answers nt_right(0,0,1,1)
start answers nt_right(0,1,0,0):
[]
//end answers nt_right(0,1,0,0)
start answers nt_right(0,1,0,1):
1
//end answers nt_right(0,1,0,1)
start answers nt_right(0,1,1,1):
[]
//end answers nt_right(0,1,1,1)
start answers nt_right(0,2,0,0):
[]
//end answers nt_right(0,2,0,0)
start answers nt_right(0,2,0,1):
2
//end answers nt_right(0,2,0,1)
start answers nt_right(0,2,1,1):
[]
//end answers nt_right(0,2,1,1)
start answers nt_right(1,1,0,0):
[]
//end answers nt_right(1,1,0,0)
start answers nt_right(1,1,0,1):
[]
//end answers nt_right(1,1,0,1)
start answers nt_right(1,1,1,1):
[]
//end answers nt_right(1,1,1,1)
start answers nt_right(1,2,0,0):
[]
//end answers nt_right(1,2,0,0)
start answers nt_right(1,2,0,1):
1
//end answers nt_right(1,2,0,1)
start answers nt_right(1,2,1,1):
[]
//end answers nt_right(1,2,1,1)
start answers nt_right(2,2,0,0):
[]
//end answers nt_right(2,2,0,0)
start answers nt_right(2,2,0,1):
[]
//end answers nt_right(2,2,0,1)
start answers nt_right(2,2,1,1):
[]
//end answers nt_right(2,2,1,1)
start answers outside_nt_right(0,0,0,0):
[]
//end answers outside_nt_right(0,0,0,0)
start answers outside_nt_right(0,0,0,1):
[]
//end answers outside_nt_right(0,0,0,1)
start answers outside_nt_right(0,0,1,1):
[]
//end answers outside_nt_right(0,0,1,1)
start answers outside_nt_right(0,1,0,0):
[]
//end answers outside_nt_right(0,1,0,0)
start answers outside_nt_right(0,1,0,1):
[]
//end answers outside_nt_right(0,1,0,1)
start answers outside_nt_right(0,1,1,1):
[]
//end answers outside_nt_right(0,1,1,1)
start answers outside_nt_right(0,2,0,0):
[]
//end answers outside_nt_right(0,2,0,0)
start answers outside_nt_right(0,2,0,1):
[]
//end answers outside_nt_right(0,2,0,1)
start answers outside_nt_right(0,2,1,1):
[]
//end answers outside_nt_right(0,2,1,1)
start answers outside_nt_right(1,1,0,0):
[]
//end answers outside_nt_right(1,1,0,0)
start answers outside_nt_right(1,1,0,1):
[]
//end answers outside_nt_right(1,1,0,1)
start answers outside_nt_right(1,1,1,1):
[]
//end answers outside_nt_right(1,1,1,1)
start answers outside_nt_right(1,2,0,0):
[]
//end answers outside_nt_right(1,2,0,0)
start answers outside_nt_right(1,2,0,1):
[]
//end answers outside_nt_right(1,2,0,1)
start answers outside_nt_right(1,2,1,1):
[]
//end answers outside_nt_right(1,2,1,1)
start answers outside_nt_right(2,2,0,0):
[]
//end answers outside_nt_right(2,2,0,0)
start answers outside_nt_right(2,2,0,1):
[]
//end answers outside_nt_right(2,2,0,1)
start answers outside_nt_right(2,2,1,1):
[]
//end answers outside_nt_right(2,2,1,1)
start answers A(0,0,0,0):
1
//end answers A(0,0,0,0)
start answers A(0,0,0,1):
1
//end answers A(0,0,0,1)
start answers A(0,0,1,1):
1
//end answers A(0,0,1,1)
start answers A(0,1,0,0):
1
//end answers A(0,1,0,0)
start answers A(0,1,0,1):
3
//end answers A(0,1,0,1)
start answers A(0,1,1,1):
1
//end answers A(0,1,1,1)
start answers A(0,2,0,0):
1
//end answers A(0,2,0,0)
start answers A(0,2,0,1):
5
//end answers A(0,2,0,1)
start answers A(0,2,1,1):
1
//end answers A(0,2,1,1)
start answers A(1,1,0,0):
1
//end answers A(1,1,0,0)
start answers A(1,1,0,1):
1
//end answers A(1,1,0,1)
start answers A(1,1,1,1):
1
//end answers A(1,1,1,1)
start answers A(1,2,0,0):
1
//end answers A(1,2,0,0)
start answers A(1,2,0,1):
3
//end answers A(1,2,0,1)
start answers A(1,2,1,1):
1
//end answers A(1,2,1,1)
start answers A(2,2,0,0):
1
//end answers A(2,2,0,0)
start answers A(2,2,0,1):
1
//end answers A(2,2,0,1)
start answers A(2,2,1,1):
1
//end answers A(2,2,1,1)
start answers outside_A(0,0,0,0):
[]
//end answers outside_A(0,0,0,0)
start answers outside_A(0,0,0,1):
[]
//end answers outside_A(0,0,0,1)
start answers outside_A(0,0,1,1):
[]
//end answers outside_A(0,0,1,1)
start answers outside_A(0,1,0,0):
[]
//end answers outside_A(0,1,0,0)
start answers outside_A(0,1,0,1):
[]
//end answers outside_A(0,1,0,1)
start answers outside_A(0,1,1,1):
[]
//end answers outside_A(0,1,1,1)
start answers outside_A(0,2,0,0):
[]
//end answers outside_A(0,2,0,0)
start answers outside_A(0,2,0,1):
[]
//end answers outside_A(0,2,0,1)
start answers outside_A(0,2,1,1):
[]
//end answers outside_A(0,2,1,1)
start answers outside_A(1,1,0,0):
[]
//end answers outside_A(1,1,0,0)
start answers outside_A(1,1,0,1):
[]
//end answers outside_A(1,1,0,1)
start answers outside_A(1,1,1,1):
[]
//end answers outside_A(1,1,1,1)
start answers outside_A(1,2,0,0):
[]
//end answers outside_A(1,2,0,0)
start answers outside_A(1,2,0,1):
[]
//end answers outside_A(1,2,0,1)
start answers outside_A(1,2,1,1):
[]
//end answers outside_A(1,2,1,1)
start answers outside_A(2,2,0,0):
[]
//end answers outside_A(2,2,0,0)
start answers outside_A(2,2,0,1):
[]
//end answers outside_A(2,2,0,1)
start answers outside_A(2,2,1,1):
[]
//end answers outside_A(2,2,1,1)
