start answers A(0,0,0,0):
1
//end answers A(0,0,0,0)
start answers A(0,0,0,1):
1
//end answers A(0,0,0,1)
start answers A(0,0,0,2):
1
//end answers A(0,0,0,2)
start answers A(0,0,0,3):
1
//end answers A(0,0,0,3)
start answers A(0,0,0,4):
1
//end answers A(0,0,0,4)
start answers A(0,0,1,1):
1
//end answers A(0,0,1,1)
start answers A(0,0,1,2):
1
//end answers A(0,0,1,2)
start answers A(0,0,1,3):
1
//end answers A(0,0,1,3)
start answers A(0,0,1,4):
1
//end answers A(0,0,1,4)
start answers A(0,0,2,2):
1
//end answers A(0,0,2,2)
start answers A(0,0,2,3):
1
//end answers A(0,0,2,3)
start answers A(0,0,2,4):
1
//end answers A(0,0,2,4)
start answers A(0,0,3,3):
1
//end answers A(0,0,3,3)
start answers A(0,0,3,4):
1
//end answers A(0,0,3,4)
start answers A(0,0,4,4):
1
//end answers A(0,0,4,4)
start answers A(0,1,0,0):
1
//end answers A(0,1,0,0)
start answers A(0,1,0,1):
3
//end answers A(0,1,0,1)
start answers A(0,1,0,2):
5
//end answers A(0,1,0,2)
start answers A(0,1,0,3):
7
//end answers A(0,1,0,3)
start answers A(0,1,0,4):
9
//end answers A(0,1,0,4)
start answers A(0,1,1,1):
1
//end answers A(0,1,1,1)
start answers A(0,1,1,2):
3
//end answers A(0,1,1,2)
start answers A(0,1,1,3):
5
//end answers A(0,1,1,3)
start answers A(0,1,1,4):
7
//end answers A(0,1,1,4)
start answers A(0,1,2,2):
1
//end answers A(0,1,2,2)
start answers A(0,1,2,3):
3
//end answers A(0,1,2,3)
start answers A(0,1,2,4):
5
//end answers A(0,1,2,4)
start answers A(0,1,3,3):
1
//end answers A(0,1,3,3)
start answers A(0,1,3,4):
3
//end answers A(0,1,3,4)
start answers A(0,1,4,4):
1
//end answers A(0,1,4,4)
start answers A(0,2,0,0):
1
//end answers A(0,2,0,0)
start answers A(0,2,0,1):
5
//end answers A(0,2,0,1)
start answers A(0,2,0,2):
13
//end answers A(0,2,0,2)
start answers A(0,2,0,3):
25
//end answers A(0,2,0,3)
start answers A(0,2,0,4):
41
//end answers A(0,2,0,4)
start answers A(0,2,1,1):
1
//end answers A(0,2,1,1)
start answers A(0,2,1,2):
5
//end answers A(0,2,1,2)
start answers A(0,2,1,3):
13
//end answers A(0,2,1,3)
start answers A(0,2,1,4):
25
//end answers A(0,2,1,4)
start answers A(0,2,2,2):
1
//end answers A(0,2,2,2)
start answers A(0,2,2,3):
5
//end answers A(0,2,2,3)
start answers A(0,2,2,4):
13
//end answers A(0,2,2,4)
start answers A(0,2,3,3):
1
//end answers A(0,2,3,3)
start answers A(0,2,3,4):
5
//end answers A(0,2,3,4)
start answers A(0,2,4,4):
1
//end answers A(0,2,4,4)
start answers A(0,3,0,0):
1
//end answers A(0,3,0,0)
start answers A(0,3,0,1):
7
//end answers A(0,3,0,1)
start answers A(0,3,0,2):
25
//end answers A(0,3,0,2)
start answers A(0,3,0,3):
63
//end answers A(0,3,0,3)
start answers A(0,3,0,4):
129
//end answers A(0,3,0,4)
start answers A(0,3,1,1):
1
//end answers A(0,3,1,1)
start answers A(0,3,1,2):
7
//end answers A(0,3,1,2)
start answers A(0,3,1,3):
25
//end answers A(0,3,1,3)
start answers A(0,3,1,4):
63
//end answers A(0,3,1,4)
start answers A(0,3,2,2):
1
//end answers A(0,3,2,2)
start answers A(0,3,2,3):
7
//end answers A(0,3,2,3)
start answers A(0,3,2,4):
25
//end answers A(0,3,2,4)
start answers A(0,3,3,3):
1
//end answers A(0,3,3,3)
start answers A(0,3,3,4):
7
//end answers A(0,3,3,4)
start answers A(0,3,4,4):
1
//end answers A(0,3,4,4)
start answers A(0,4,0,0):
1
//end answers A(0,4,0,0)
start answers A(0,4,0,1):
9
//end answers A(0,4,0,1)
start answers A(0,4,0,2):
41
//end answers A(0,4,0,2)
start answers A(0,4,0,3):
129
//end answers A(0,4,0,3)
start answers A(0,4,0,4):
321
//end answers A(0,4,0,4)
start answers A(0,4,1,1):
1
//end answers A(0,4,1,1)
start answers A(0,4,1,2):
9
//end answers A(0,4,1,2)
start answers A(0,4,1,3):
41
//end answers A(0,4,1,3)
start answers A(0,4,1,4):
129
//end answers A(0,4,1,4)
start answers A(0,4,2,2):
1
//end answers A(0,4,2,2)
start answers A(0,4,2,3):
9
//end answers A(0,4,2,3)
start answers A(0,4,2,4):
41
//end answers A(0,4,2,4)
start answers A(0,4,3,3):
1
//end answers A(0,4,3,3)
start answers A(0,4,3,4):
9
//end answers A(0,4,3,4)
start answers A(0,4,4,4):
1
//end answers A(0,4,4,4)
start answers A(1,1,0,0):
1
//end answers A(1,1,0,0)
start answers A(1,1,0,1):
1
//end answers A(1,1,0,1)
start answers A(1,1,0,2):
1
//end answers A(1,1,0,2)
start answers A(1,1,0,3):
1
//end answers A(1,1,0,3)
start answers A(1,1,0,4):
1
//end answers A(1,1,0,4)
start answers A(1,1,1,1):
1
//end answers A(1,1,1,1)
start answers A(1,1,1,2):
1
//end answers A(1,1,1,2)
start answers A(1,1,1,3):
1
//end answers A(1,1,1,3)
start answers A(1,1,1,4):
1
//end answers A(1,1,1,4)
start answers A(1,1,2,2):
1
//end answers A(1,1,2,2)
start answers A(1,1,2,3):
1
//end answers A(1,1,2,3)
start answers A(1,1,2,4):
1
//end answers A(1,1,2,4)
start answers A(1,1,3,3):
1
//end answers A(1,1,3,3)
start answers A(1,1,3,4):
1
//end answers A(1,1,3,4)
start answers A(1,1,4,4):
1
//end answers A(1,1,4,4)
start answers A(1,2,0,0):
1
//end answers A(1,2,0,0)
start answers A(1,2,0,1):
3
//end answers A(1,2,0,1)
start answers A(1,2,0,2):
5
//end answers A(1,2,0,2)
start answers A(1,2,0,3):
7
//end answers A(1,2,0,3)
start answers A(1,2,0,4):
9
//end answers A(1,2,0,4)
start answers A(1,2,1,1):
1
//end answers A(1,2,1,1)
start answers A(1,2,1,2):
3
//end answers A(1,2,1,2)
start answers A(1,2,1,3):
5
//end answers A(1,2,1,3)
start answers A(1,2,1,4):
7
//end answers A(1,2,1,4)
start answers A(1,2,2,2):
1
//end answers A(1,2,2,2)
start answers A(1,2,2,3):
3
//end answers A(1,2,2,3)
start answers A(1,2,2,4):
5
//end answers A(1,2,2,4)
start answers A(1,2,3,3):
1
//end answers A(1,2,3,3)
start answers A(1,2,3,4):
3
//end answers A(1,2,3,4)
start answers A(1,2,4,4):
1
//end answers A(1,2,4,4)
start answers A(1,3,0,0):
1
//end answers A(1,3,0,0)
start answers A(1,3,0,1):
5
//end answers A(1,3,0,1)
start answers A(1,3,0,2):
13
//end answers A(1,3,0,2)
start answers A(1,3,0,3):
25
//end answers A(1,3,0,3)
start answers A(1,3,0,4):
41
//end answers A(1,3,0,4)
start answers A(1,3,1,1):
1
//end answers A(1,3,1,1)
start answers A(1,3,1,2):
5
//end answers A(1,3,1,2)
start answers A(1,3,1,3):
13
//end answers A(1,3,1,3)
start answers A(1,3,1,4):
25
//end answers A(1,3,1,4)
start answers A(1,3,2,2):
1
//end answers A(1,3,2,2)
start answers A(1,3,2,3):
5
//end answers A(1,3,2,3)
start answers A(1,3,2,4):
13
//end answers A(1,3,2,4)
start answers A(1,3,3,3):
1
//end answers A(1,3,3,3)
start answers A(1,3,3,4):
5
//end answers A(1,3,3,4)
start answers A(1,3,4,4):
1
//end answers A(1,3,4,4)
start answers A(1,4,0,0):
1
//end answers A(1,4,0,0)
start answers A(1,4,0,1):
7
//end answers A(1,4,0,1)
start answers A(1,4,0,2):
25
//end answers A(1,4,0,2)
start answers A(1,4,0,3):
63
//end answers A(1,4,0,3)
start answers A(1,4,0,4):
129
//end answers A(1,4,0,4)
start answers A(1,4,1,1):
1
//end answers A(1,4,1,1)
start answers A(1,4,1,2):
7
//end answers A(1,4,1,2)
start answers A(1,4,1,3):
25
//end answers A(1,4,1,3)
start answers A(1,4,1,4):
63
//end answers A(1,4,1,4)
start answers A(1,4,2,2):
1
//end answers A(1,4,2,2)
start answers A(1,4,2,3):
7
//end answers A(1,4,2,3)
start answers A(1,4,2,4):
25
//end answers A(1,4,2,4)
start answers A(1,4,3,3):
1
//end answers A(1,4,3,3)
start answers A(1,4,3,4):
7
//end answers A(1,4,3,4)
start answers A(1,4,4,4):
1
//end answers A(1,4,4,4)
start answers A(2,2,0,0):
1
//end answers A(2,2,0,0)
start answers A(2,2,0,1):
1
//end answers A(2,2,0,1)
start answers A(2,2,0,2):
1
//end answers A(2,2,0,2)
start answers A(2,2,0,3):
1
//end answers A(2,2,0,3)
start answers A(2,2,0,4):
1
//end answers A(2,2,0,4)
start answers A(2,2,1,1):
1
//end answers A(2,2,1,1)
start answers A(2,2,1,2):
1
//end answers A(2,2,1,2)
start answers A(2,2,1,3):
1
//end answers A(2,2,1,3)
start answers A(2,2,1,4):
1
//end answers A(2,2,1,4)
start answers A(2,2,2,2):
1
//end answers A(2,2,2,2)
start answers A(2,2,2,3):
1
//end answers A(2,2,2,3)
start answers A(2,2,2,4):
1
//end answers A(2,2,2,4)
start answers A(2,2,3,3):
1
//end answers A(2,2,3,3)
start answers A(2,2,3,4):
1
//end answers A(2,2,3,4)
start answers A(2,2,4,4):
1
//end answers A(2,2,4,4)
start answers A(2,3,0,0):
1
//end answers A(2,3,0,0)
start answers A(2,3,0,1):
3
//end answers A(2,3,0,1)
start answers A(2,3,0,2):
5
//end answers A(2,3,0,2)
start answers A(2,3,0,3):
7
//end answers A(2,3,0,3)
start answers A(2,3,0,4):
9
//end answers A(2,3,0,4)
start answers A(2,3,1,1):
1
//end answers A(2,3,1,1)
start answers A(2,3,1,2):
3
//end answers A(2,3,1,2)
start answers A(2,3,1,3):
5
//end answers A(2,3,1,3)
start answers A(2,3,1,4):
7
//end answers A(2,3,1,4)
start answers A(2,3,2,2):
1
//end answers A(2,3,2,2)
start answers A(2,3,2,3):
3
//end answers A(2,3,2,3)
start answers A(2,3,2,4):
5
//end answers A(2,3,2,4)
start answers A(2,3,3,3):
1
//end answers A(2,3,3,3)
start answers A(2,3,3,4):
3
//end answers A(2,3,3,4)
start answers A(2,3,4,4):
1
//end answers A(2,3,4,4)
start answers A(2,4,0,0):
1
//end answers A(2,4,0,0)
start answers A(2,4,0,1):
5
//end answers A(2,4,0,1)
start answers A(2,4,0,2):
13
//end answers A(2,4,0,2)
start answers A(2,4,0,3):
25
//end answers A(2,4,0,3)
start answers A(2,4,0,4):
41
//end answers A(2,4,0,4)
start answers A(2,4,1,1):
1
//end answers A(2,4,1,1)
start answers A(2,4,1,2):
5
//end answers A(2,4,1,2)
start answers A(2,4,1,3):
13
//end answers A(2,4,1,3)
start answers A(2,4,1,4):
25
//end answers A(2,4,1,4)
start answers A(2,4,2,2):
1
//end answers A(2,4,2,2)
start answers A(2,4,2,3):
5
//end answers A(2,4,2,3)
start answers A(2,4,2,4):
13
//end answers A(2,4,2,4)
start answers A(2,4,3,3):
1
//end answers A(2,4,3,3)
start answers A(2,4,3,4):
5
//end answers A(2,4,3,4)
start answers A(2,4,4,4):
1
//end answers A(2,4,4,4)
start answers A(3,3,0,0):
1
//end answers A(3,3,0,0)
start answers A(3,3,0,1):
1
//end answers A(3,3,0,1)
start answers A(3,3,0,2):
1
//end answers A(3,3,0,2)
start answers A(3,3,0,3):
1
//end answers A(3,3,0,3)
start answers A(3,3,0,4):
1
//end answers A(3,3,0,4)
start answers A(3,3,1,1):
1
//end answers A(3,3,1,1)
start answers A(3,3,1,2):
1
//end answers A(3,3,1,2)
start answers A(3,3,1,3):
1
//end answers A(3,3,1,3)
start answers A(3,3,1,4):
1
//end answers A(3,3,1,4)
start answers A(3,3,2,2):
1
//end answers A(3,3,2,2)
start answers A(3,3,2,3):
1
//end answers A(3,3,2,3)
start answers A(3,3,2,4):
1
//end answers A(3,3,2,4)
start answers A(3,3,3,3):
1
//end answers A(3,3,3,3)
start answers A(3,3,3,4):
1
//end answers A(3,3,3,4)
start answers A(3,3,4,4):
1
//end answers A(3,3,4,4)
start answers A(3,4,0,0):
1
//end answers A(3,4,0,0)
start answers A(3,4,0,1):
3
//end answers A(3,4,0,1)
start answers A(3,4,0,2):
5
//end answers A(3,4,0,2)
start answers A(3,4,0,3):
7
//end answers A(3,4,0,3)
start answers A(3,4,0,4):
9
//end answers A(3,4,0,4)
start answers A(3,4,1,1):
1
//end answers A(3,4,1,1)
start answers A(3,4,1,2):
3
//end answers A(3,4,1,2)
start answers A(3,4,1,3):
5
//end answers A(3,4,1,3)
start answers A(3,4,1,4):
7
//end answers A(3,4,1,4)
start answers A(3,4,2,2):
1
//end answers A(3,4,2,2)
start answers A(3,4,2,3):
3
//end answers A(3,4,2,3)
start answers A(3,4,2,4):
5
//end answers A(3,4,2,4)
start answers A(3,4,3,3):
1
//end answers A(3,4,3,3)
start answers A(3,4,3,4):
3
//end answers A(3,4,3,4)
start answers A(3,4,4,4):
1
//end answers A(3,4,4,4)
start answers A(4,4,0,0):
1
//end answers A(4,4,0,0)
start answers A(4,4,0,1):
1
//end answers A(4,4,0,1)
start answers A(4,4,0,2):
1
//end answers A(4,4,0,2)
start answers A(4,4,0,3):
1
//end answers A(4,4,0,3)
start answers A(4,4,0,4):
1
//end answers A(4,4,0,4)
start answers A(4,4,1,1):
1
//end answers A(4,4,1,1)
start answers A(4,4,1,2):
1
//end answers A(4,4,1,2)
start answers A(4,4,1,3):
1
//end answers A(4,4,1,3)
start answers A(4,4,1,4):
1
//end answers A(4,4,1,4)
start answers A(4,4,2,2):
1
//end answers A(4,4,2,2)
start answers A(4,4,2,3):
1
//end answers A(4,4,2,3)
start answers A(4,4,2,4):
1
//end answers A(4,4,2,4)
start answers A(4,4,3,3):
1
//end answers A(4,4,3,3)
start answers A(4,4,3,4):
1
//end answers A(4,4,3,4)
start answers A(4,4,4,4):
1
//end answers A(4,4,4,4)
start answers outside_A(0,0,0,0):
[]
//end answers outside_A(0,0,0,0)
start answers outside_A(0,0,0,1):
[]
//end answers outside_A(0,0,0,1)
start answers outside_A(0,0,0,2):
[]
//end answers outside_A(0,0,0,2)
start answers outside_A(0,0,0,3):
[]
//end answers outside_A(0,0,0,3)
start answers outside_A(0,0,0,4):
[]
//end answers outside_A(0,0,0,4)
start answers outside_A(0,0,1,1):
[]
//end answers outside_A(0,0,1,1)
start answers outside_A(0,0,1,2):
[]
//end answers outside_A(0,0,1,2)
start answers outside_A(0,0,1,3):
[]
//end answers outside_A(0,0,1,3)
start answers outside_A(0,0,1,4):
[]
//end answers outside_A(0,0,1,4)
start answers outside_A(0,0,2,2):
[]
//end answers outside_A(0,0,2,2)
start answers outside_A(0,0,2,3):
[]
//end answers outside_A(0,0,2,3)
start answers outside_A(0,0,2,4):
[]
//end answers outside_A(0,0,2,4)
start answers outside_A(0,0,3,3):
[]
//end answers outside_A(0,0,3,3)
start answers outside_A(0,0,3,4):
[]
//end answers outside_A(0,0,3,4)
start answers outside_A(0,0,4,4):
[]
//end answers outside_A(0,0,4,4)
start answers outside_A(0,1,0,0):
[]
//end answers outside_A(0,1,0,0)
start answers outside_A(0,1,0,1):
[]
//end answers outside_A(0,1,0,1)
start answers outside_A(0,1,0,2):
[]
//end answers outside_A(0,1,0,2)
start answers outside_A(0,1,0,3):
[]
//end answers outside_A(0,1,0,3)
start answers outside_A(0,1,0,4):
[]
//end answers outside_A(0,1,0,4)
start answers outside_A(0,1,1,1):
[]
//end answers outside_A(0,1,1,1)
start answers outside_A(0,1,1,2):
[]
//end answers outside_A(0,1,1,2)
start answers outside_A(0,1,1,3):
[]
//end answers outside_A(0,1,1,3)
start answers outside_A(0,1,1,4):
[]
//end answers outside_A(0,1,1,4)
start answers outside_A(0,1,2,2):
[]
//end answers outside_A(0,1,2,2)
start answers outside_A(0,1,2,3):
[]
//end answers outside_A(0,1,2,3)
start answers outside_A(0,1,2,4):
[]
//end answers outside_A(0,1,2,4)
start answers outside_A(0,1,3,3):
[]
//end answers outside_A(0,1,3,3)
start answers outside_A(0,1,3,4):
[]
//end answers outside_A(0,1,3,4)
start answers outside_A(0,1,4,4):
[]
//end answers outside_A(0,1,4,4)
start answers outside_A(0,2,0,0):
[]
//end answers outside_A(0,2,0,0)
start answers outside_A(0,2,0,1):
[]
//end answers outside_A(0,2,0,1)
start answers outside_A(0,2,0,2):
[]
//end answers outside_A(0,2,0,2)
start answers outside_A(0,2,0,3):
[]
//end answers outside_A(0,2,0,3)
start answers outside_A(0,2,0,4):
[]
//end answers outside_A(0,2,0,4)
start answers outside_A(0,2,1,1):
[]
//end answers outside_A(0,2,1,1)
start answers outside_A(0,2,1,2):
[]
//end answers outside_A(0,2,1,2)
start answers outside_A(0,2,1,3):
[]
//end answers outside_A(0,2,1,3)
start answers outside_A(0,2,1,4):
[]
//end answers outside_A(0,2,1,4)
start answers outside_A(0,2,2,2):
[]
//end answers outside_A(0,2,2,2)
start answers outside_A(0,2,2,3):
[]
//end answers outside_A(0,2,2,3)
start answers outside_A(0,2,2,4):
[]
//end answers outside_A(0,2,2,4)
start answers outside_A(0,2,3,3):
[]
//end answers outside_A(0,2,3,3)
start answers outside_A(0,2,3,4):
[]
//end answers outside_A(0,2,3,4)
start answers outside_A(0,2,4,4):
[]
//end answers outside_A(0,2,4,4)
start answers outside_A(0,3,0,0):
[]
//end answers outside_A(0,3,0,0)
start answers outside_A(0,3,0,1):
[]
//end answers outside_A(0,3,0,1)
start answers outside_A(0,3,0,2):
[]
//end answers outside_A(0,3,0,2)
start answers outside_A(0,3,0,3):
[]
//end answers outside_A(0,3,0,3)
start answers outside_A(0,3,0,4):
[]
//end answers outside_A(0,3,0,4)
start answers outside_A(0,3,1,1):
[]
//end answers outside_A(0,3,1,1)
start answers outside_A(0,3,1,2):
[]
//end answers outside_A(0,3,1,2)
start answers outside_A(0,3,1,3):
[]
//end answers outside_A(0,3,1,3)
start answers outside_A(0,3,1,4):
[]
//end answers outside_A(0,3,1,4)
start answers outside_A(0,3,2,2):
[]
//end answers outside_A(0,3,2,2)
start answers outside_A(0,3,2,3):
[]
//end answers outside_A(0,3,2,3)
start answers outside_A(0,3,2,4):
[]
//end answers outside_A(0,3,2,4)
start answers outside_A(0,3,3,3):
[]
//end answers outside_A(0,3,3,3)
start answers outside_A(0,3,3,4):
[]
//end answers outside_A(0,3,3,4)
start answers outside_A(0,3,4,4):
[]
//end answers outside_A(0,3,4,4)
start answers outside_A(0,4,0,0):
[]
//end answers outside_A(0,4,0,0)
start answers outside_A(0,4,0,1):
[]
//end answers outside_A(0,4,0,1)
start answers outside_A(0,4,0,2):
[]
//end answers outside_A(0,4,0,2)
start answers outside_A(0,4,0,3):
[]
//end answers outside_A(0,4,0,3)
start answers outside_A(0,4,0,4):
[]
//end answers outside_A(0,4,0,4)
start answers outside_A(0,4,1,1):
[]
//end answers outside_A(0,4,1,1)
start answers outside_A(0,4,1,2):
[]
//end answers outside_A(0,4,1,2)
start answers outside_A(0,4,1,3):
[]
//end answers outside_A(0,4,1,3)
start answers outside_A(0,4,1,4):
[]
//end answers outside_A(0,4,1,4)
start answers outside_A(0,4,2,2):
[]
//end answers outside_A(0,4,2,2)
start answers outside_A(0,4,2,3):
[]
//end answers outside_A(0,4,2,3)
start answers outside_A(0,4,2,4):
[]
//end answers outside_A(0,4,2,4)
start answers outside_A(0,4,3,3):
[]
//end answers outside_A(0,4,3,3)
start answers outside_A(0,4,3,4):
[]
//end answers outside_A(0,4,3,4)
start answers outside_A(0,4,4,4):
[]
//end answers outside_A(0,4,4,4)
start answers outside_A(1,1,0,0):
[]
//end answers outside_A(1,1,0,0)
start answers outside_A(1,1,0,1):
[]
//end answers outside_A(1,1,0,1)
start answers outside_A(1,1,0,2):
[]
//end answers outside_A(1,1,0,2)
start answers outside_A(1,1,0,3):
[]
//end answers outside_A(1,1,0,3)
start answers outside_A(1,1,0,4):
[]
//end answers outside_A(1,1,0,4)
start answers outside_A(1,1,1,1):
1
//end answers outside_A(1,1,1,1)
start answers outside_A(1,1,1,2):
1
//end answers outside_A(1,1,1,2)
start answers outside_A(1,1,1,3):
1
//end answers outside_A(1,1,1,3)
start answers outside_A(1,1,1,4):
[]
//end answers outside_A(1,1,1,4)
start answers outside_A(1,1,2,2):
2
//end answers outside_A(1,1,2,2)
start answers outside_A(1,1,2,3):
2
//end answers outside_A(1,1,2,3)
start answers outside_A(1,1,2,4):
[]
//end answers outside_A(1,1,2,4)
start answers outside_A(1,1,3,3):
3
//end answers outside_A(1,1,3,3)
start answers outside_A(1,1,3,4):
[]
//end answers outside_A(1,1,3,4)
start answers outside_A(1,1,4,4):
[]
//end answers outside_A(1,1,4,4)
start answers outside_A(1,2,0,0):
[]
//end answers outside_A(1,2,0,0)
start answers outside_A(1,2,0,1):
[]
//end answers outside_A(1,2,0,1)
start answers outside_A(1,2,0,2):
[]
//end answers outside_A(1,2,0,2)
start answers outside_A(1,2,0,3):
[]
//end answers outside_A(1,2,0,3)
start answers outside_A(1,2,0,4):
[]
//end answers outside_A(1,2,0,4)
start answers outside_A(1,2,1,1):
1
//end answers outside_A(1,2,1,1)
start answers outside_A(1,2,1,2):
1
//end answers outside_A(1,2,1,2)
start answers outside_A(1,2,1,3):
1
//end answers outside_A(1,2,1,3)
start answers outside_A(1,2,1,4):
[]
//end answers outside_A(1,2,1,4)
start answers outside_A(1,2,2,2):
2
//end answers outside_A(1,2,2,2)
start answers outside_A(1,2,2,3):
2
//end answers outside_A(1,2,2,3)
start answers outside_A(1,2,2,4):
[]
//end answers outside_A(1,2,2,4)
start answers outside_A(1,2,3,3):
3
//end answers outside_A(1,2,3,3)
start answers outside_A(1,2,3,4):
[]
//end answers outside_A(1,2,3,4)
start answers outside_A(1,2,4,4):
[]
//end answers outside_A(1,2,4,4)
start answers outside_A(1,3,0,0):
[]
//end answers outside_A(1,3,0,0)
start answers outside_A(1,3,0,1):
[]
//end answers outside_A(1,3,0,1)
start answers outside_A(1,3,0,2):
[]
//end answers outside_A(1,3,0,2)
start answers outside_A(1,3,0,3):
[]
//end answers outside_A(1,3,0,3)
start answers outside_A(1,3,0,4):
[]
//end answers outside_A(1,3,0,4)
start answers outside_A(1,3,1,1):
1
//end answers outside_A(1,3,1,1)
start answers outside_A(1,3,1,2):
1
//end answers outside_A(1,3,1,2)
start answers outside_A(1,3,1,3):
1
//end answers outside_A(1,3,1,3)
start answers outside_A(1,3,1,4):
[]
//end answers outside_A(1,3,1,4)
start answers outside_A(1,3,2,2):
2
//end answers outside_A(1,3,2,2)
start answers outside_A(1,3,2,3):
2
//end answers outside_A(1,3,2,3)
start answers outside_A(1,3,2,4):
[]
//end answers outside_A(1,3,2,4)
start answers outside_A(1,3,3,3):
3
//end answers outside_A(1,3,3,3)
start answers outside_A(1,3,3,4):
[]
//end answers outside_A(1,3,3,4)
start answers outside_A(1,3,4,4):
[]
//end answers outside_A(1,3,4,4)
start answers outside_A(1,4,0,0):
[]
//end answers outside_A(1,4,0,0)
start answers outside_A(1,4,0,1):
[]
//end answers outside_A(1,4,0,1)
start answers outside_A(1,4,0,2):
[]
//end answers outside_A(1,4,0,2)
start answers outside_A(1,4,0,3):
[]
//end answers outside_A(1,4,0,3)
start answers outside_A(1,4,0,4):
[]
//end answers outside_A(1,4,0,4)
start answers outside_A(1,4,1,1):
[]
//end answers outside_A(1,4,1,1)
start answers outside_A(1,4,1,2):
[]
//end answers outside_A(1,4,1,2)
start answers outside_A(1,4,1,3):
[]
//end answers outside_A(1,4,1,3)
start answers outside_A(1,4,1,4):
[]
//end answers outside_A(1,4,1,4)
start answers outside_A(1,4,2,2):
[]
//end answers outside_A(1,4,2,2)
start answers outside_A(1,4,2,3):
[]
//end answers outside_A(1,4,2,3)
start answers outside_A(1,4,2,4):
[]
//end answers outside_A(1,4,2,4)
start answers outside_A(1,4,3,3):
[]
//end answers outside_A(1,4,3,3)
start answers outside_A(1,4,3,4):
[]
//end answers outside_A(1,4,3,4)
start answers outside_A(1,4,4,4):
[]
//end answers outside_A(1,4,4,4)
start answers outside_A(2,2,0,0):
[]
//end answers outside_A(2,2,0,0)
start answers outside_A(2,2,0,1):
[]
//end answers outside_A(2,2,0,1)
start answers outside_A(2,2,0,2):
[]
//end answers outside_A(2,2,0,2)
start answers outside_A(2,2,0,3):
[]
//end answers outside_A(2,2,0,3)
start answers outside_A(2,2,0,4):
[]
//end answers outside_A(2,2,0,4)
start answers outside_A(2,2,1,1):
2
//end answers outside_A(2,2,1,1)
start answers outside_A(2,2,1,2):
2
//end answers outside_A(2,2,1,2)
start answers outside_A(2,2,1,3):
2
//end answers outside_A(2,2,1,3)
start answers outside_A(2,2,1,4):
[]
//end answers outside_A(2,2,1,4)
start answers outside_A(2,2,2,2):
6
//end answers outside_A(2,2,2,2)
start answers outside_A(2,2,2,3):
6
//end answers outside_A(2,2,2,3)
start answers outside_A(2,2,2,4):
[]
//end answers outside_A(2,2,2,4)
start answers outside_A(2,2,3,3):
12
//end answers outside_A(2,2,3,3)
start answers outside_A(2,2,3,4):
[]
//end answers outside_A(2,2,3,4)
start answers outside_A(2,2,4,4):
[]
//end answers outside_A(2,2,4,4)
start answers outside_A(2,3,0,0):
[]
//end answers outside_A(2,3,0,0)
start answers outside_A(2,3,0,1):
[]
//end answers outside_A(2,3,0,1)
start answers outside_A(2,3,0,2):
[]
//end answers outside_A(2,3,0,2)
start answers outside_A(2,3,0,3):
[]
//end answers outside_A(2,3,0,3)
start answers outside_A(2,3,0,4):
[]
//end answers outside_A(2,3,0,4)
start answers outside_A(2,3,1,1):
2
//end answers outside_A(2,3,1,1)
start answers outside_A(2,3,1,2):
2
//end answers outside_A(2,3,1,2)
start answers outside_A(2,3,1,3):
2
//end answers outside_A(2,3,1,3)
start answers outside_A(2,3,1,4):
[]
//end answers outside_A(2,3,1,4)
start answers outside_A(2,3,2,2):
6
//end answers outside_A(2,3,2,2)
start answers outside_A(2,3,2,3):
6
//end answers outside_A(2,3,2,3)
start answers outside_A(2,3,2,4):
[]
//end answers outside_A(2,3,2,4)
start answers outside_A(2,3,3,3):
12
//end answers outside_A(2,3,3,3)
start answers outside_A(2,3,3,4):
[]
//end answers outside_A(2,3,3,4)
start answers outside_A(2,3,4,4):
[]
//end answers outside_A(2,3,4,4)
start answers outside_A(2,4,0,0):
[]
//end answers outside_A(2,4,0,0)
start answers outside_A(2,4,0,1):
[]
//end answers outside_A(2,4,0,1)
start answers outside_A(2,4,0,2):
[]
//end answers outside_A(2,4,0,2)
start answers outside_A(2,4,0,3):
[]
//end answers outside_A(2,4,0,3)
start answers outside_A(2,4,0,4):
[]
//end answers outside_A(2,4,0,4)
start answers outside_A(2,4,1,1):
[]
//end answers outside_A(2,4,1,1)
start answers outside_A(2,4,1,2):
[]
//end answers outside_A(2,4,1,2)
start answers outside_A(2,4,1,3):
[]
//end answers outside_A(2,4,1,3)
start answers outside_A(2,4,1,4):
[]
//end answers outside_A(2,4,1,4)
start answers outside_A(2,4,2,2):
[]
//end answers outside_A(2,4,2,2)
start answers outside_A(2,4,2,3):
[]
//end answers outside_A(2,4,2,3)
start answers outside_A(2,4,2,4):
[]
//end answers outside_A(2,4,2,4)
start answers outside_A(2,4,3,3):
[]
//end answers outside_A(2,4,3,3)
start answers outside_A(2,4,3,4):
[]
//end answers outside_A(2,4,3,4)
start answers outside_A(2,4,4,4):
[]
//end answers outside_A(2,4,4,4)
start answers outside_A(3,3,0,0):
[]
//end answers outside_A(3,3,0,0)
start answers outside_A(3,3,0,1):
[]
//end answers outside_A(3,3,0,1)
start answers outside_A(3,3,0,2):
[]
//end answers outside_A(3,3,0,2)
start answers outside_A(3,3,0,3):
[]
//end answers outside_A(3,3,0,3)
start answers outside_A(3,3,0,4):
[]
//end answers outside_A(3,3,0,4)
start answers outside_A(3,3,1,1):
3
//end answers outside_A(3,3,1,1)
start answers outside_A(3,3,1,2):
3
//end answers outside_A(3,3,1,2)
start answers outside_A(3,3,1,3):
3
//end answers outside_A(3,3,1,3)
start answers outside_A(3,3,1,4):
[]
//end answers outside_A(3,3,1,4)
start answers outside_A(3,3,2,2):
12
//end answers outside_A(3,3,2,2)
start answers outside_A(3,3,2,3):
12
//end answers outside_A(3,3,2,3)
start answers outside_A(3,3,2,4):
[]
//end answers outside_A(3,3,2,4)
start answers outside_A(3,3,3,3):
31
//end answers outside_A(3,3,3,3)
start answers outside_A(3,3,3,4):
[]
//end answers outside_A(3,3,3,4)
start answers outside_A(3,3,4,4):
[]
//end answers outside_A(3,3,4,4)
start answers outside_A(3,4,0,0):
[]
//end answers outside_A(3,4,0,0)
start answers outside_A(3,4,0,1):
[]
//end answers outside_A(3,4,0,1)
start answers outside_A(3,4,0,2):
[]
//end answers outside_A(3,4,0,2)
start answers outside_A(3,4,0,3):
[]
//end answers outside_A(3,4,0,3)
start answers outside_A(3,4,0,4):
[]
//end answers outside_A(3,4,0,4)
start answers outside_A(3,4,1,1):
[]
//end answers outside_A(3,4,1,1)
start answers outside_A(3,4,1,2):
[]
//end answers outside_A(3,4,1,2)
start answers outside_A(3,4,1,3):
[]
//end answers outside_A(3,4,1,3)
start answers outside_A(3,4,1,4):
[]
//end answers outside_A(3,4,1,4)
start answers outside_A(3,4,2,2):
[]
//end answers outside_A(3,4,2,2)
start answers outside_A(3,4,2,3):
[]
//end answers outside_A(3,4,2,3)
start answers outside_A(3,4,2,4):
[]
//end answers outside_A(3,4,2,4)
start answers outside_A(3,4,3,3):
[]
//end answers outside_A(3,4,3,3)
start answers outside_A(3,4,3,4):
[]
//end answers outside_A(3,4,3,4)
start answers outside_A(3,4,4,4):
[]
//end answers outside_A(3,4,4,4)
start answers outside_A(4,4,0,0):
[]
//end answers outside_A(4,4,0,0)
start answers outside_A(4,4,0,1):
[]
//end answers outside_A(4,4,0,1)
start answers outside_A(4,4,0,2):
[]
//end answers outside_A(4,4,0,2)
start answers outside_A(4,4,0,3):
[]
//end answers outside_A(4,4,0,3)
start answers outside_A(4,4,0,4):
[]
//end answers outside_A(4,4,0,4)
start answers outside_A(4,4,1,1):
[]
//end answers outside_A(4,4,1,1)
start answers outside_A(4,4,1,2):
[]
//end answers outside_A(4,4,1,2)
start answers outside_A(4,4,1,3):
[]
//end answers outside_A(4,4,1,3)
start answers outside_A(4,4,1,4):
[]
//end answers outside_A(4,4,1,4)
start answers outside_A(4,4,2,2):
[]
//end answers outside_A(4,4,2,2)
start answers outside_A(4,4,2,3):
[]
//end answers outside_A(4,4,2,3)
start answers outside_A(4,4,2,4):
[]
//end answers outside_A(4,4,2,4)
start answers outside_A(4,4,3,3):
[]
//end answers outside_A(4,4,3,3)
start answers outside_A(4,4,3,4):
[]
//end answers outside_A(4,4,3,4)
start answers outside_A(4,4,4,4):
[]
//end answers outside_A(4,4,4,4)
