start answers A(0,0):
129
//end answers A(0,0)
start answers A(0,1):
41
//end answers A(0,1)
start answers A(0,2):
9
//end answers A(0,2)
start answers A(0,3):
1
//end answers A(0,3)
start answers A(1,0):
63
//end answers A(1,0)
start answers A(1,1):
25
//end answers A(1,1)
start answers A(1,2):
7
//end answers A(1,2)
start answers A(1,3):
1
//end answers A(1,3)
start answers A(2,0):
25
//end answers A(2,0)
start answers A(2,1):
13
//end answers A(2,1)
start answers A(2,2):
5
//end answers A(2,2)
start answers A(2,3):
1
//end answers A(2,3)
start answers A(3,0):
7
//end answers A(3,0)
start answers A(3,1):
5
//end answers A(3,1)
start answers A(3,2):
3
//end answers A(3,2)
start answers A(3,3):
1
//end answers A(3,3)
start answers A(4,0):
1
//end answers A(4,0)
start answers A(4,1):
1
//end answers A(4,1)
start answers A(4,2):
1
//end answers A(4,2)
start answers A(4,3):
1
//end answers A(4,3)
start answers outside_A(0,0):
1
//end answers outside_A(0,0)
start answers outside_A(0,1):
1
//end answers outside_A(0,1)
start answers outside_A(0,2):
1
//end answers outside_A(0,2)
start answers outside_A(0,3):
1
//end answers outside_A(0,3)
start answers outside_A(1,0):
1
//end answers outside_A(1,0)
start answers outside_A(1,1):
3
//end answers outside_A(1,1)
start answers outside_A(1,2):
5
//end answers outside_A(1,2)
start answers outside_A(1,3):
7
//end answers outside_A(1,3)
start answers outside_A(2,0):
1
//end answers outside_A(2,0)
start answers outside_A(2,1):
5
//end answers outside_A(2,1)
start answers outside_A(2,2):
13
//end answers outside_A(2,2)
start answers outside_A(2,3):
25
//end answers outside_A(2,3)
start answers outside_A(3,0):
1
//end answers outside_A(3,0)
start answers outside_A(3,1):
7
//end answers outside_A(3,1)
start answers outside_A(3,2):
25
//end answers outside_A(3,2)
start answers outside_A(3,3):
63
//end answers outside_A(3,3)
start answers outside_A(4,0):
1
//end answers outside_A(4,0)
start answers outside_A(4,1):
9
//end answers outside_A(4,1)
start answers outside_A(4,2):
41
//end answers outside_A(4,2)
start answers outside_A(4,3):
129
//end answers outside_A(4,3)
