start answers formula(0,0):
1
//end answers formula(0,0)
start answers formula(0,1):
2
//end answers formula(0,1)
start answers formula(0,2):
3
//end answers formula(0,2)
start answers formula(0,3):
10
//end answers formula(0,3)
start answers formula(0,4):
52
//end answers formula(0,4)
start answers formula(0,5):
202
//end answers formula(0,5)
start answers formula(1,1):
1
//end answers formula(1,1)
start answers formula(1,2):
1
//end answers formula(1,2)
start answers formula(1,3):
3
//end answers formula(1,3)
start answers formula(1,4):
14
//end answers formula(1,4)
start answers formula(1,5):
52
//end answers formula(1,5)
start answers formula(2,2):
1
//end answers formula(2,2)
start answers formula(2,3):
2
//end answers formula(2,3)
start answers formula(2,4):
6
//end answers formula(2,4)
start answers formula(2,5):
20
//end answers formula(2,5)
start answers formula(3,3):
1
//end answers formula(3,3)
start answers formula(3,4):
2
//end answers formula(3,4)
start answers formula(3,5):
6
//end answers formula(3,5)
start answers formula(4,4):
1
//end answers formula(4,4)
start answers formula(4,5):
2
//end answers formula(4,5)
start answers formula(5,5):
1
//end answers formula(5,5)
start answers outside_formula(0,0):
150
//end answers outside_formula(0,0)
start answers outside_formula(0,1):
52
//end answers outside_formula(0,1)
start answers outside_formula(0,2):
14
//end answers outside_formula(0,2)
start answers outside_formula(0,3):
6
//end answers outside_formula(0,3)
start answers outside_formula(0,4):
1
//end answers outside_formula(0,4)
start answers outside_formula(0,5):
1
//end answers outside_formula(0,5)
start answers outside_formula(1,1):
150
//end answers outside_formula(1,1)
start answers outside_formula(1,2):
38
//end answers outside_formula(1,2)
start answers outside_formula(1,3):
14
//end answers outside_formula(1,3)
start answers outside_formula(1,4):
2
//end answers outside_formula(1,4)
start answers outside_formula(1,5):
1
//end answers outside_formula(1,5)
start answers outside_formula(2,2):
150
//end answers outside_formula(2,2)
start answers outside_formula(2,3):
52
//end answers outside_formula(2,3)
start answers outside_formula(2,4):
7
//end answers outside_formula(2,4)
start answers outside_formula(2,5):
3
//end answers outside_formula(2,5)
start answers outside_formula(3,3):
150
//end answers outside_formula(3,3)
start answers outside_formula(3,4):
19
//end answers outside_formula(3,4)
start answers outside_formula(3,5):
7
//end answers outside_formula(3,5)
start answers outside_formula(4,4):
150
//end answers outside_formula(4,4)
start answers outside_formula(4,5):
52
//end answers outside_formula(4,5)
start answers outside_formula(5,5):
150
//end answers outside_formula(5,5)
