Answer: 
( -190 , 1 (((..........))) )
( -80 , 1 ((.(((...)))...)) )
( -390 , 1 ((((((((......))))).........))) )
( -260 , 1 ((((((((......))))))..........)) )
( -500 , 1 (((.((((.....................))))))) )
( -460 , 1 ((((((.....(((((................)))))..))).))) )
( -460 , 1 ((((((.....(((((................)))))..)))).)) )
( -450 , 1 ((((((.....(((((................)))))..))))..)) )
( -487 , 1 (((......................(((((.((........)))))))....))) )
( -831 , 1 (((.............(((.((...(((((.((........))))))).....))...)))))) )
( -700 , 1 (((((((..................(((((.((........))))))).....))))).....)) )
( -1050 , 1 (((...((((.((..(((((.....(((((.((........)))))))......))))))))))).))) )
( -1030 , 1 ((.((.((((.((..(((((.....(((((.((........)))))))......))))))))))).)))) )
( -1260 , 1 ((..((((...(((..(((.((...(((((.((........))))))).....))...)))..))).)))))) )
( -1340 , 1 ((((((((...(((..(((.((...(((((.((........))))))).....))...)))..))).)))))....))) )
( -1280 , 1 ((.(((((...(((..(((.((...(((((.((........))))))).....))...)))..))).)))))......)) )
( -1290 , 1 ((.(((((...(((..(((.((...(((((.((........))))))).....))...)))..))).))))).......)) )
( -1130 , 1 ((.(((((...(((..(((.((...(((((.((........))))))).....))...)))..))).)))))........)) )
( -1200 , 1 ((.(((((...(((..(((.((...(((((.((........))))))).....))...)))..))).))))).........)) )
( -1180 , 1 ((.(((((...(((..(((.((...(((((.((........))))))).....))...)))..))).)))))..........)) )
( -1282 , 1 ((((((((...(((..(((.((...(((((.((........))))))).....))...)))..))).))))).................))) )
( -1045 , 1 ((.(((((...(((..(((.((...(((((.((........))))))).....))...)))..))).)))))...................)) )
( -1065 , 1 ((.(((((...(((..(((.((...(((((.((........))))))).....))...)))..))).))))).......................)) )
( -1024 , 1 ((.((.((((.........(((((.....((((((.((.((..(((..............))).)).)).))))))...))))).....)))).)))) )
( 30 , 2 ((.....)) )
( 30 , 2 ((.......)) )
( -100 , 2 ((..........)) )
( -100 , 2 ((..............)) )
( -410 , 2 (((((((......))))).....)) )
( -260 , 2 (((((((......))))).........)) )
( -410 , 2 ((.((((.....................)))))) )
( -60 , 2 ((.((((.....................)))).....)) )
( 10 , 2 ((((..(((.......................)))..)))) )
( -410 , 2 (((((.....(((((................)))))..))).)) )
( -375 , 2 ((......................(((((.((........)))))))..)) )
( -427 , 2 ((......................(((((.((........)))))))....)) )
( -695 , 2 (((((...................(((((.((........)))))))...))).)) )
( -830 , 2 ((((((..................(((((.((........))))))).....)))).)) )
( -701 , 2 ((.............(((.((...(((((.((........))))))).....))...))))) )
( -920 , 2 ((...((((.((..(((((.....(((((.((........)))))))......))))))))))).)) )
( -930 , 2 ((..(((...(((..(((.((...(((((.((........))))))).....))...)))..))).))))) )
( -1250 , 2 (((((((...(((..(((.((...(((((.((........))))))).....))...)))..))).)))))....)) )
( -1360 , 2 ((..((((...(((((.((((((.((.((.((.((((((...))))))..........)))).)).))).))))))))))))..)) )
( -1152 , 2 (((((((...(((..(((.((...(((((.((........))))))).....))...)))..))).))))).................)) )
( -904 , 2 (((((((...(((..(((.((...(((((.((........))))))).....))...)))..))).)))))......................)) )
( 30 , 3 (((...))) )
( -190 , 3 ((((...)))) )
( 130 , 3 ((............)) )
( -790 , 3 ((((((......)))))) )
( -140 , 3 ((.....................)) )
( 130 , 3 ((...........................)) )
( -320 , 3 ((((((.....................))))..)) )
( -20 , 3 (((..(((.......................)))..))) )
( -650 , 3 ((((.....(((((................)))))..)))) )
( -280 , 3 ((.......................(((.((........))))))) )
( -315 , 3 (((....................(((((.((........)))))))..))) )
( -295 , 3 ((((...................(((((.((........)))))))...)).)) )
( -1110 , 3 (((((..................(((((.((........))))))).....))))) )
( -830 , 3 (((...........((((.....(((((.((........)))))))......))))))) )
( -920 , 3 ((...(((.((..(((((.....(((((.((........)))))))......)))))))))))) )
( -720 , 3 ((..((((.((..(((((.....(((((.((........)))))))......)))))))))))....)) )
( -1400 , 3 ((((((...(((..(((.((...(((((.((........))))))).....))...)))..))).)))).)) )
( -1160 , 3 ((.((((...(((((.((((((.((.((.((.((((((...))))))..........)))).)).))).)))))))))))))) )
( -780 , 3 ((.((((...(((((.((((((.((.((.((.((((((...))))))..........)))).)).))).))))))))))))...)) )
( -1059 , 3 ((((((...(((..(((.((...(((((.((........))))))).....))...)))..))).)))).....................)) )
( -100 , 4 ((...)) )
( -320 , 4 (((...))) )
( -130 , 4 ((........)) )
( -650 , 4 (((((......))))) )
( -320 , 4 ((.((((.((............)).)))).)) )
( -150 , 4 ((..(((.......................)))..)) )
( -400 , 4 (((.....(((((................)))))..))) )
( -445 , 4 ((....................(((((.((........)))))))..)) )
( -835 , 4 (((...................(((((.((........)))))))...))) )
( -970 , 4 ((((..................(((((.((........))))))).....)))) )
( -610 , 4 ((...........((((.....(((((.((........)))))))......)))))) )
( -1220 , 4 ((.((((.((..(((((.....(((((.((........)))))))......))))))))))).)) )
( -1610 , 4 (((((...(((..(((.((...(((((.((........))))))).....))...)))..))).))))) )
( -930 , 4 (((((...(((..(((.((...(((((.((........))))))).....))...)))..))).)))......)) )
( -1184 , 4 ((.((((.........(((((.....((((((.((.((..(((..............))).)).)).))))))...))))).....)))).)) )
( -220 , 5 ((...)) )
( -220 , 5 ((.....)) )
( -520 , 5 ((((......)))) )
( -560 , 5 ((((.....................)))) )
( -300 , 5 ((.....(((((................)))))..)) )
( -705 , 5 ((...................(((((.((........)))))))...)) )
( -840 , 5 (((..................(((((.((........))))))).....))) )
( -1510 , 5 ((((...(((..(((.((...(((((.((........))))))).....))...)))..))).)))) )
( -1030 , 5 ((...((.((....((((((.((.((.((.((((((...))))))..........)))).)).))).)))......)).)).)) )
( -300 , 6 (((......))) )
( -340 , 6 (((.....................))) )
( -230 , 6 ((..((......((.(((......))).))......)).)) )
( -620 , 6 ((..................(((((.((........))))))).....)) )
( -1290 , 6 (((...(((..(((.((...(((((.((........))))))).....))...)))..))).))) )
( -1040 , 6 (((...((((.(((.((...(((((.((........))))))).....))...))).........))))...))) )
( -1140 , 6 ((((...(((((.((((((.((.((.((.((((((...))))))..........)))).)).))).)))))))))))) )
( -1080 , 6 ((((...(((((.((((((.((.((.((.((((((...))))))..........)))).)).))).)))))))).)))) )
( -90 , 7 ((......)) )
( -250 , 7 ((((...)))) )
( -130 , 7 ((.....................)) )
( -360 , 7 ((((.((............)).)))) )
( -90 , 7 ((..........................)) )
( -260 , 7 ((.((......((.(((......))).))......)).)) )
( -610 , 7 ((((.((..((...(((......))).....))..)))))) )
( -475 , 7 ((.................(((((.((........))))))).....)) )
( -990 , 7 ((.(((.((..(((.....(((((.((........)))))))...))).)).))).)) )
( -1290 , 7 ((((.((..(((((.....(((((.((........)))))))......))))))))))) )
( -1080 , 7 ((...(((..(((.((...(((((.((........))))))).....))...)))..))).)) )
( -1050 , 7 ((((.(((..(((.((...(((((.((........))))))).....))...)))..))))))) )
( -1020 , 7 ((...(((..(((.((...(((((.((........))))))).....))...)))..))).....)) )
( -830 , 7 ((...((((.(((.((...(((((.((........))))))).....))...))).........))))...)) )
( -920 , 7 ((((.((((.(((.((...(((((.((........))))))).....))...))).........))))..)))) )
( -870 , 7 (((..((((.(((.((...(((((.((........))))))).....))...))).........))))....))) )
( -930 , 7 (((...(((((.((((((.((.((.((.((((((...))))))..........)))).)).))).))))))))))) )
( -870 , 7 (((...(((((.((((((.((.((.((.((((((...))))))..........)))).)).))).)))))))).))) )
( -980 , 7 (((...(((((.((((((.((.((.((.((((((...))))))..........)))).)).))).))))))))..))) )
( -813 , 7 ((...........(((((.....((((((.((.((..(((..............))).)).)).))))))...)))))......)) )
( -1254 , 7 ((((.........(((((.....((((((.((.((..(((..............))).)).)).))))))...))))).....)))) )
( -1289 , 7 ((.((........(((((.....((((((.((.((..(((..............))).)).)).))))))...)))))........)).)) )
( -1310 , 7 ((((.(((.....(((((.....((((((.((.((..(((..............))).)).)).))))))...))))).......))))))) )
( -190 , 8 (((...))) )
( -60 , 8 ((......)) )
( -300 , 8 (((.((............)).))) )
( -60 , 8 ((.....................)) )
( -190 , 8 (((.......................))) )
( -480 , 8 (((.((..((...(((......))).....))..))))) )
( -270 , 8 ((..((..((...(((......))).....))..))..)) )
( -540 , 8 (((...((((........(((((.((........)))))))))))))) )
( -1200 , 8 (((.((..(((((.....(((((.((........)))))))......)))))))))) )
( -870 , 8 ((..((..(((((.....(((((.((........)))))))......)))))))..)) )
( -990 , 8 (((.(((..(((.((...(((((.((........))))))).....))...)))..)))))) )
( -1050 , 8 ((..(((..(((.((...(((((.((........))))))).....))...)))..)))..)) )
( -920 , 8 (((.(((..(((.((...(((((.((........))))))).....))...)))..)))....))) )
( -860 , 8 (((.((((.(((.((...(((((.((........))))))).....))...))).........))))..))) )
( -740 , 8 ((..((((.(((.((...(((((.((........))))))).....))...))).........))))....)) )
( -840 , 8 ((...(((((.((((((.((.((.((.((((((...))))))..........)))).)).))).)))))))))) )
( -810 , 8 ((...(((((.((((((.((.((.((.((((((...))))))..........)))).)).))).)))))))).)) )
( -930 , 8 ((...(((((.((((((.((.((.((.((((((...))))))..........)))).)).))).))))))))..)) )
( -950 , 8 ((...(((((.((((((.((.((.((.((((((...))))))..........)))).)).))).))))))))...)) )
( -1164 , 8 (((.........(((((.....((((((.((.((..(((..............))).)).)).))))))...))))).....))) )
( -990 , 8 ((.((.......(((((.....((((((.((.((..(((..............))).)).)).))))))...))))).....)))) )
( -1220 , 8 (((.(((.....(((((.....((((((.((.((..(((..............))).)).)).))))))...))))).......)))))) )
( -1230 , 8 ((..(((.....(((((.....((((((.((.((..(((..............))).)).)).))))))...))))).......)))..)) )
( -100 , 9 ((...)) )
( -100 , 9 ((.......)) )
( -210 , 9 ((..............)) )
( -170 , 9 ((.((............)).)) )
( -100 , 9 ((.......................)) )
( -250 , 9 ((.(((((................))))).)) )
( -10 , 9 ((.(((((................)))))...)) )
( -430 , 9 ((.((..((...(((......))).....))..)))) )
( -413 , 9 ((...............(((((.((........)))))))..)) )
( -480 , 9 ((...((((........(((((.((........))))))))))))) )
( -630 , 9 ((...((((........(((((.((........)))))))))))...)) )
( -650 , 9 ((...((..(((.....(((((.((........)))))))...))).)).)) )
( -1070 , 9 ((.((..(((((.....(((((.((........)))))))......))))))))) )
( -860 , 9 ((.(((..(((.((...(((((.((........))))))).....))...)))..))))) )
( -790 , 9 ((.(((..(((.((...(((((.((........))))))).....))...)))..)))....)) )
( -770 , 9 ((.((((.(((.((...(((((.((........))))))).....))...))).........))))..)) )
( -1061 , 9 ((.((.......((((.....((((((.((.((..(((..............))).)).)).))))))...)))))))) )
( -1034 , 9 ((.........(((((.....((((((.((.((..(((..............))).)).)).))))))...))))).....)) )
( -1090 , 9 ((.(((.....(((((.....((((((.((.((..(((..............))).)).)).))))))...))))).......))))) )
( 130 , 10 ((.....)) )
( -240 , 10 (((.....))) )
( -350 , 10 (((............))) )
( -350 , 10 (((..(((...))).))) )
( 130 , 10 ((....................)) )
( -140 , 10 ((........................)) )
( 60 , 10 (((((((................)))))..)) )
( -320 , 10 ((......((.(((......))).))......)) )
( -319 , 10 ((................(((.((........))))))) )
( -296 , 10 (((.............(((((.((........)))))))..))) )
( -430 , 10 ((..((((........(((((.((........)))))))))))..)) )
( -804 , 10 ((((((..........(((((.((........)))))))....)))))) )
( -970 , 10 (((.((..(((.....(((((.((........)))))))...))).)).))) )
( -960 , 10 ((....(((((.....(((((.((........)))))))......))))).....)) )
( -670 , 10 (((((..(((.((...(((((.((........))))))).....))...)))..)))...)) )
( -820 , 10 (((((..(((.((...(((((.((........))))))).....))...)))..)))......)) )
( -1080 , 10 ((.((....((((((.((.((.((.((((((...))))))..........)))).)).))).)))......)).)) )
( -800 , 10 (((....((..((((.....((((((.((.((..(((..............))).)).)).))))))...))))))))) )
( -1269 , 10 ((........(((((.....((((((.((.((..(((..............))).)).)).))))))...)))))........)) )
( -100 , 11 ((.....)) )
( -210 , 11 ((............)) )
( -210 , 11 ((..(((...))).)) )
( -140 , 11 ((................)) )
( -100 , 11 ((.....................)) )
( 20 , 11 ((.....((.(((......))).))...)) )
( -60 , 11 ((.....((.(((......))).)).....)) )
( -270 , 11 ((....((((...................)))))) )
( -270 , 11 ((...((...(((......))).....))....)) )
( -426 , 11 ((.............(((((.((........)))))))..)) )
( -600 , 11 ((..((.........(((((.((........)))))))))..)) )
( -664 , 11 (((((..........(((((.((........)))))))....))))) )
( -750 , 11 ((.((..(((.....(((((.((........)))))))...))).)).)) )
( -1027 , 11 ((.(((.........(((((.((........))))))).........))).)) )
( -810 , 11 ((((..(((.((...(((((.((........))))))).....))...)))..)).)) )
( -720 , 11 (((((((((.((...(((((.((........))))))).....))...)))....)))).)) )
( -680 , 11 ((......((((((.((.((.((.((((((...))))))..........)))).)).))).)))..)) )
( -930 , 11 ((....((..((((.....((((((.((.((..(((..............))).)).)).))))))...)))))))) )
( -1150 , 11 ((.......(((((.....((((((.((.((..(((..............))).)).)).))))))...))))).....)) )
( -800 , 11 ((((.....(((((.....((((((.((.((..(((..............))).)).)).))))))...))))).......)).)) )
( 130 , 12 ((...)) )
( -140 , 12 ((.....)) )
( -140 , 12 ((............)) )
( 70 , 12 (((................))) )
( -450 , 12 (((((................))))) )
( -50 , 12 ((....((.(((......))).))....)) )
( -340 , 12 ((..((...(((......))).....))..)) )
( -670 , 12 (((..((((...................))))..))) )
( -330 , 12 ((.((.........(((((.((........))))))))).)) )
( -564 , 12 ((((..........(((((.((........)))))))....)))) )
( -690 , 12 ((....(((.....(((((.((........)))))))...)))..)) )
( -980 , 12 ((..(((((.....(((((.((........)))))))......))))))) )
( -1220 , 12 (((..(((.((...(((((.((........))))))).....))...)))..))) )
( -560 , 12 (((..(((.((...(((((.((........))))))).....))...))).......))) )
( -940 , 12 ((((.(((.((...(((((.((........))))))).....))...))).........)))) )
( -971 , 12 ((.......((((.....((((((.((.((..(((..............))).)).)).))))))...)))))) )
( -680 , 12 ((...((..((((.....((((((.((.((..(((..............))).)).)).))))))...)))))).)) )
( -680 , 12 ((......(((((.....((((((.((.((..(((..............))).)).)).))))))...)))))..)) )
( -1290 , 12 (((.....(((((.....((((((.((.((..(((..............))).)).)).))))))...))))).......))) )
( -130 , 13 ((...............)) )
( -60 , 13 ((................)) )
( -310 , 13 ((((................)))) )
( -230 , 13 ((..((((...................)))).)) )
( -530 , 13 ((..((((...................))))..)) )
( -694 , 13 (((..........(((((.((........)))))))....))) )
( -900 , 13 ((..(((.((...(((((.((........))))))).....))...))).)) )
( -1080 , 13 ((..(((.((...(((((.((........))))))).....))...)))..)) )
( -990 , 13 (((((((.((...(((((.((........))))))).....))...)))....)))) )
( -690 , 13 ((..(((.((...(((((.((........))))))).....))...))).......)) )
( -800 , 13 (((.(((.((...(((((.((........))))))).....))...))).........))) )
( -1130 , 13 (((((.((((((.((.((.((.((((((...))))))..........)))).)).))).)))))))) )
( -790 , 13 ((.((.((((((.((.((.((.((((((...))))))..........)))).)).))).))).)).)) )
( -780 , 13 ((....((((((.((.((.((.((((((...))))))..........)))).)).))).))).....)) )
( -790 , 13 ((....((((((.((.((.((.((((((...))))))..........)))).)).))).)))......)) )
( -590 , 13 ((....((((((.((.((.((.((((((...))))))..........)))).)).))).))).......)) )
( -530 , 13 ((.....((((......((((((.((.((..(((..............))).)).)).)))))).)))).)) )
( -1060 , 13 ((.....(((((.....((((((.((.((..(((..............))).)).)).))))))...)))))......)) )
( -1070 , 13 ((.....(((((.....((((((.((.((..(((..............))).)).)).))))))...))))).......)) )
( -1010 , 13 (((.((.((..((.((.((((((.((.((..(((..............))).)).)).))))))...)).))......))))))) )
( -1010 , 13 ((.(((.((..((.((.((((((.((.((..(((..............))).)).)).))))))...)).))......))))))) )
( -1080 , 13 ((.(((.((..((.((.((((((.((.((..(((..............))).)).)).))))))...)).))......))))).)) )
( -220 , 14 (((................))) )
( -210 , 14 ((..((.(((......))).))...)) )
( -180 , 14 ((..((.(((......))).)).....)) )
( -800 , 14 ((((........(((((.((........))))))))))) )
( -634 , 14 ((..........(((((.((........)))))))....)) )
( -820 , 14 ((..(((.....(((((.((........)))))))...))).)) )
( -997 , 14 (((.........(((((.((........))))))).........))) )
( -860 , 14 ((((((.((...(((((.((........))))))).....))...)))....))) )
( -670 , 14 ((.(((.((...(((((.((........))))))).....))...))).........)) )
( -1040 , 14 ((((.((((((.((.((.((.((((((...))))))..........)))).)).))).))))))) )
( -880 , 14 ((.((.((..((.((.((((((.((.((..(((..............))).)).)).))))))...)).))......)))))) )
( -300 , 15 (((...))) )
( -90 , 15 ((................)) )
( -510 , 15 ((..........((((.((........)))))))) )
( -630 , 15 ((.........(((((.((........))))))))) )
( -700 , 15 (((........(((((.((........)))))))))) )
( -867 , 15 ((.........(((((.((........))))))).........)) )
( -760 , 15 (((((.((...(((((.((........))))))).....))...)))....)) )
( -620 , 15 ((...((....(((((.((........)))))))...................))....)) )
( -620 , 15 ((....(((..(((((.((........)))))))...................)))...)) )
( -860 , 15 ((((...(((.((.((.((.((((((...))))))..........)))).)).)))..)))) )
( -910 , 15 (((.((((((.((.((.((.((((((...))))))..........)))).)).))).)))))) )
( -1130 , 15 ((...(((((.....((((((.((.((..(((..............))).)).)).))))))...)))))...)) )
( -210 , 16 ((...)) )
( -60 , 16 ((....)) )
( -60 , 16 ((...............)) )
( -360 , 16 ((...(((......))).....)) )
( -490 , 16 ((.........((((.((........)))))))) )
( -610 , 16 ((........(((((.((........))))))))) )
( -610 , 16 ((.((((..(((............)))..)))).)) )
( -1140 , 16 (((((.....(((((.((........)))))))......))))) )
( -587 , 16 (((.((....(((((.((........)))))))..............))))) )
( -587 , 16 (((.((.............((((((...)))))).............))))) )
( -770 , 16 (((...(((.((.((.((.((((((...))))))..........)))).)).)))..))) )
( -820 , 16 ((.((((((.((.((.((.((((((...))))))..........)))).)).))).))))) )
( -900 , 16 ((.((((((.((.((.((.((((((...))))))..........)))).)).))).))).)) )
( -1070 , 16 ((..(((((.....((((((.((.((..(((..............))).)).)).))))))...)))))...)) )
( -1160 , 16 (((.((..((.((.((((((.((.((..(((..............))).)).)).))))))...)).))......))))) )
( -140 , 17 ((.......)) )
( 130 , 17 ((.............)) )
( -250 , 17 ((..(((......)))...)) )
( 30 , 17 (((...................))) )
( -490 , 17 ((((...................)))) )
( -380 , 17 ((.........(((.((........))))))) )
( -590 , 17 (((......(((((.((........)))))))..))) )
( -522 , 17 ((.......(((((.((........)))))))......)) )
( -1080 , 17 ((((.....(((((.((........)))))))......)))) )
( -1080 , 17 (((.((...(((((.((........))))))).....))...))) )
( -527 , 17 ((.((....(((((.((........)))))))..............)))) )
( -527 , 17 ((.((.............((((((...)))))).............)))) )
( -270 , 17 ((.((....(((((.((........)))))))...................)))) )
( -710 , 17 ((...(((.((.((.((.((((((...))))))..........)))).)).)))..)) )
( -1150 , 17 ((..((((.....((((((.((.((..(((..............))).)).)).))))))...)))))) )
( -930 , 17 ((.(((((.....((((((.((.((..(((..............))).)).)).))))))...)))))..)) )
( -950 , 17 ((.((..((.((.((((((.((.((..(((..............))).)).)).))))))...)).))......)))) )
( -370 , 18 ((.(((......))).)) )
( -100 , 18 ((...................)) )
( -240 , 18 (((...................))) )
( -720 , 18 ((......(((((.((........)))))))..)) )
( -920 , 18 (((.....(((((.((........)))))))...))) )
( -940 , 18 (((.....(((((.((........)))))))......))) )
( -860 , 18 ((.((...(((((.((........))))))).....))...)) )
( -566 , 18 ((..(((.(((((.((........)))))))..............))).)) )
( -630 , 18 (((..((.((.((.((.((((((...))))))..........)))).)).))))) )
( -630 , 18 ((.(((..(((((.((........)))))))...................))))) )
( -630 , 18 ((..........((((((.((.((..(((..............))).)).)).)))))))) )
( -890 , 18 (((((((.....((((((.((.((..(((..............))).)).)).))))))...)))))..........)) )
( -110 , 19 ((.....)) )
( -140 , 19 ((...........)) )
( -110 , 19 ((...............)) )
( -140 , 19 ((...................)) )
( -720 , 19 ((((..(((............)))..)))) )
( -790 , 19 ((.....(((((.((........)))))))...)) )
( -810 , 19 ((.....(((((.((........)))))))......)) )
( -900 , 19 ((((...(((((.((........))))))).....)).)) )
( -510 , 19 ((((...(((((.((........))))))).....)).........)) )
( -530 , 19 ((..((.((.((.((.((((((...))))))..........)))).)).)))) )
( -1010 , 19 ((((((.((.((.((.((((((...))))))..........)))).)).))).))) )
( -1050 , 19 ((...((.((.((((((.((.((..(((..............))).)).)).))))))...)).))..)) )
( -240 , 20 ((........)) )
( -270 , 20 ((...(((............)))..)) )
( -610 , 20 (((..(((............)))..))) )
( -677 , 20 ((....(((((.((........)))))))..............)) )
( -677 , 20 ((.............((((((...)))))).............)) )
( -720 , 20 ((....(((((.((........)))))))...................)) )
( -900 , 20 (((((.((.((.((.((((((...))))))..........)))).)).))).)) )
( -1020 , 20 ((((......((((((.((.((..(((..............))).)).)).)))))).)))) )
( -1380 , 20 (((((.....((((((.((.((..(((..............))).)).)).))))))...))))) )
( -1020 , 20 ((..((.((.((((((.((.((..(((..............))).)).)).))))))...)).))......)) )
( -1230 , 20 ((.........((((....((.(((...(((((....(((((((...)).)))))..))))).)))))....)))))) )
( -340 , 21 (((......))) )
( -370 , 21 ((..(((............)))..)) )
( -930 , 21 ((...(((((.((........))))))).....)) )
( -690 , 21 (((..(((((.((........)))))))...................))) )
( -780 , 21 (((......((((((.((.((..(((..............))).)).)).)))))).))) )
( -1230 , 21 ((((.....((((((.((.((..(((..............))).)).)).))))))...)))) )
( -910 , 21 (((......((((((.((.((..(((..............))).)).)).)))))).....))) )
( -130 , 22 ((......)) )
( -300 , 22 (((.....))) )
( -90 , 22 ((...........)) )
( -70 , 22 ((.(((............)))..)) )
( -350 , 22 ((((((............)))..))) )
( -750 , 22 ((.((((((.((........))))))...)).)) )
( -509 , 22 ((..(((((.((........)))))))..............)) )
( -786 , 22 (((.(((((.((........)))))))..............))) )
( -480 , 22 ((..(((((.((........)))))))...................)) )
( -830 , 22 (((.((.((.((.((((((...))))))..........)))).)).))) )
( -461 , 22 ((..(((((.((........))))))).......................)) )
( -570 , 22 ((......((((((.((.((..(((..............))).)).)).)))))).)) )
( -580 , 22 ((......((((((.((.((..(((..............))).)).)).))))))..)) )
( -690 , 22 ((......((((((.((.((..(((..............))).)).)).))))))...)) )
( -1020 , 22 (((.....((((((.((.((..(((..............))).)).)).))))))...))) )
( -700 , 22 ((......((((((.((.((..(((..............))).)).)).)))))).....)) )
( -730 , 22 ((......((((((.((.((..(((..............))).)).)).))))))......)) )
( -850 , 22 ((((.((.((((((.((.((..(((..............))).)).)).))))))...)).))......)) )
( -1010 , 22 (((....((.(((..(((.(((..(((((.(((....))).)))))..)))......))).)))))...))) )
( -1091 , 22 ((.......((((....((.(((...(((((....(((((((...)).)))))..))))).)))))....)))))) )
( -1360 , 22 (((......((((....((.(((...(((((....(((((((...)).)))))..))))).)))))....))))))) )
( -1360 , 22 (((....((((......((.(((...(((((....(((((((...)).)))))..))))).)))))))))....))) )
( -240 , 23 ((.....)) )
( -220 , 23 (((((............)))..)) )
( -570 , 23 (((...................))) )
( -696 , 23 ((.(((((.((........)))))))..............)) )
( -770 , 23 ((.((.((.((.((((((...))))))..........)))).)).)) )
( -645 , 23 ((.(((((.((........))))))).......................)) )
( -930 , 23 ((.....((((((.((.((..(((..............))).)).)).))))))...)) )
( -860 , 23 ((.....((((((.((.((..(((..............))).)).)).))))))......)) )
( -920 , 23 ((....((.(((..(((.(((..(((((.(((....))).)))))..)))......))).)))))...)) )
( -1270 , 23 ((......((((....((.(((...(((((....(((((((...)).)))))..))))).)))))....)))))) )
( -1270 , 23 ((....((((......((.(((...(((((....(((((((...)).)))))..))))).)))))))))....)) )
( -330 , 24 ((...................)) )
( -1210 , 24 ((.((.((((((.((.((..(((..............))).)).)).))))))...)).)) )
( -210 , 25 ((............)) )
( -350 , 25 (((............))) )
( -800 , 25 ((((((.((........))))))...)) )
( -620 , 25 ((..((.((.((((((...))))))..........))))...)) )
( -751 , 25 ((..(((...((((((...))))))................)))..)) )
( -1170 , 25 ((..((((......((.(((...(((((....(((((((...)).)))))..))))).)))))))))...)) )
( -140 , 26 ((....)) )
( -110 , 26 ((........)) )
( -140 , 26 ((............)) )
( -1120 , 26 (((((.((........))))))) )
( -460 , 26 (((((.((........))))).....)) )
( -490 , 26 ((.......((((((...)))))).....)) )
( -544 , 26 ((.......((((((...)))))).......)) )
( -640 , 26 ((.((.((.((((((...))))))..........)))).)) )
( -511 , 26 ((.(((...((((((...))))))................))).)) )
( -601 , 26 (((.............((..(((((.(((....))).)))))..))))) )
( -850 , 26 ((((...((((....(((..(((((.(((....))).)))))..)))...))))...))..)) )
( -150 , 27 ((................)) )
( -1010 , 27 ((((.((........)))))) )
( -510 , 27 ((..(((.((((((...)))))).......)))...)) )
( -520 , 27 ((((.((.((((((...))))))..........))))....)) )
( -491 , 27 ((.............((..(((((.(((....))).)))))..)))) )
( -990 , 27 ((.((((((.((.((..(((..............))).)).)).))))))...)) )
( -712 , 27 ((......((((...((..(((((.(((....))).)))))..)))))).......)) )
( -1120 , 27 ((.(((......((.(((...(((((....(((((((...)).)))))..))))).)))))))))) )
( -1430 , 27 ((..((((....((.(((...(((((....(((((((...)).)))))..))))).)))))....)))))) )
( -770 , 28 (((.((........))))) )
( -1040 , 28 ((...((((....(((..(((((.(((....))).)))))..)))...))))...)) )
( -140 , 29 ((........)) )
( -140 , 29 ((..........)) )
( -440 , 29 ((.((........)))) )
( -640 , 29 (((...((((((...))))))))) )
( -640 , 29 ((.((.((((((...))))))..........)))) )
( -481 , 29 (((...((((((...))))))................))) )
( -480 , 29 ((..((((((.(((................))).)).)))).)) )
( -950 , 29 ((.(((..(((.(((..(((((.(((....))).)))))..)))......))).))))) )
( -1260 , 29 ((((......((.(((...(((((....(((((((...)).)))))..))))).))))))))) )
( -1280 , 29 ((.(((....((.(((...(((((....(((((((...)).)))))..))))).)))))....))))) )
( -240 , 30 ((.....)) )
( -220 , 30 ((.....((((...)))))) )
( -460 , 30 (((((...........))))) )
( -500 , 30 ((...((((((...)))))))) )
( -450 , 30 ((...((((((...))))))........)) )
( -341 , 30 ((...((((((...))))))................)) )
( -620 , 30 ((.(((.((.((..(((..............))).)).)).))))) )
( -620 , 30 ((.....((.((..(((..............))).)).))....)) )
( -1090 , 30 ((((((.((.((..(((..............))).)).)).)))))) )
( -710 , 30 ((((((.((.((..(((..............))).)).)).))).))) )
( -710 , 30 ((((((.((.((..(((..............))).)).)).)))).)) )
( -831 , 30 ((.......((.(((...(((((....(((((((...)).)))))..))))).))))))) )
( -1020 , 30 (((......((.(((...(((((....(((((((...)).)))))..))))).)))))))) )
( -210 , 31 ((.....)) )
( -330 , 31 ((((...........)))) )
( -340 , 31 ((...(((((...))))))) )
( -470 , 31 ((..((((((...)))))))) )
( -460 , 31 (((.((((((...)))))).......))) )
( -570 , 31 ((((.....((((...........)))).....)))) )
( -960 , 31 (((((.((.((..(((..............))).)).)).))))) )
( -580 , 31 (((((.((.((..(((..............))).)).)).))).)) )
( -570 , 31 ((..((((...((..(((((.(((....))).)))))..)))))))) )
( -780 , 31 ((......((.(((...(((((....(((((((...)).)))))..))))).))))))) )
( -1520 , 31 ((((....((.(((...(((((....(((((((...)).)))))..))))).)))))....)))) )
( 130 , 32 ((......)) )
( -250 , 32 ((........)) )
( -270 , 32 (((...........))) )
( -390 , 32 ((.((((((...))))))..)) )
( -300 , 32 (((((((((...)))))....)))) )
( -400 , 32 ((.((((((...)))))).......)) )
( -450 , 32 ((.((((((...))))))..........)) )
( -510 , 32 (((.....((((...........)))).....))) )
( -170 , 32 (((.....((..(((..............))).))..))) )
( -900 , 32 ((((.((.((..(((..............))).)).)).)))) )
( -760 , 32 (((..(((.(((..(((((.(((....))).)))))..)))......))).))) )
( -430 , 32 ((........(((...(((((....(((((((...)).)))))..))))).))).)) )
( -1310 , 32 (((....((.(((...(((((....(((((((...)).)))))..))))).)))))....))) )
( -50 , 33 ((..........)) )
( -130 , 33 ((...........)) )
( -430 , 33 ((((((((...)))))....))) )
( -301 , 33 ((((((((...)))))).............)) )
( -370 , 33 ((.....((((...........)))).....)) )
( -570 , 33 ((((((.(((................))).)).)))) )
( -300 , 33 ((.....((..(((..............))).))..)) )
( -760 , 33 (((.((.((..(((..............))).)).)).))) )
( -870 , 33 ((((....(((..(((((.(((....))).)))))..)))...)))) )
( -550 , 33 ((......(((..(((((.(((....))).)))))..)))......)) )
( -562 , 33 ((......(((..(((((.(((....))).)))))..))).......)) )
( -574 , 33 ((......(((..(((((.(((....))).)))))..)))........)) )
( -530 , 33 ((..(((.(((..(((((.(((....))).)))))..)))......))))) )
( -510 , 33 ((..(((.(((..(((((.(((....))).)))))..)))......))).)) )
( -980 , 33 ((....((.(((...(((((....(((((((...)).)))))..))))).)))))...)) )
( -1090 , 33 ((....((.(((...(((((....(((((((...)).)))))..))))).)))))....)) )
( -1110 , 33 (((...((...(((.((((.(((.(((((((...)).))))).))).)))).)))..))...))) )
( -1057 , 33 ((.........(((.((((.(((.(((((((...)).))))).))).)))).))).........)) )
( -100 , 34 ((...)) )
( -100 , 34 ((.....)) )
( -420 , 34 (((((((...)))))..)) )
( -370 , 34 (((((((...)))))....)) )
( -271 , 34 (((((((...))))).......)) )
( -500 , 34 (((((((............))).)))) )
( -440 , 34 (((((.(((................))).)).))) )
( -630 , 34 ((.((.((..(((..............))).)).)).)) )
( -780 , 34 (((....(((..(((((.(((....))).)))))..)))...))) )
( -980 , 34 ((...((...(((.((((.(((.(((((((...)).))))).))).)))).)))..))...)) )
( -790 , 35 ((((((...)))))) )
( -410 , 35 ((((((...)))).)) )
( -300 , 35 ((((((...))))..)) )
( -370 , 35 ((((((............))).))) )
( -340 , 35 ((((.(((................))).)).)) )
( -890 , 35 ((((...((..(((((.(((....))).)))))..)))))) )
( -620 , 35 ((....(((..(((((.(((....))).)))))..)))..)) )
( -650 , 35 ((....(((..(((((.(((....))).)))))..)))...)) )
( -1000 , 35 (((....(((...(((((....(((((((...)).)))))..))))).))).))) )
( -700 , 36 (((((...))))) )
( -140 , 36 ((..............)) )
( -140 , 36 ((.................)) )
( -280 , 36 (((((............))).)) )
( -140 , 36 ((......(((..............))).)) )
( -410 , 36 ((..((..(((..............))).))...)) )
( -800 , 36 (((...((..(((((.(((....))).)))))..))))) )
( -910 , 36 ((....(((...(((((....(((((((...)).)))))..))))).))).)) )
( -150 , 37 ((......)) )
( -590 , 37 ((((...)))) )
( -520 , 37 ((.(((................))).)) )
( -700 , 37 ((.((..(((..............))).)).)) )
( -690 , 37 ((...((..(((((.(((....))).)))))..)))) )
( -850 , 37 (((.(((..(((((.(((....))).)))))..)))......))) )
( -680 , 37 (((.(((..(((((.(((....))).)))))..))).........))) )
( -1150 , 37 ((.....(((.((((.(((.(((((((...)).))))).))).)))).)))...)) )
( -1330 , 37 ((.((..(((.((((.(((.(((((((...)).))))).))).)))).))).....)).)) )
( -350 , 38 (((...))) )
( -310 , 38 (((............))) )
( -420 , 38 ((....(((..............))).....)) )
( -610 , 38 ((.(((..(((((.(((....))).)))))..)))......)) )
( -530 , 38 ((.(((..(((((.(((....))).)))))..))).........)) )
( -520 , 38 ((.(((..(((((.(((....))).)))))..)))..........)) )
( -140 , 39 ((...)) )
( 30 , 39 ((..........)) )
( -100 , 39 ((............)) )
( -210 , 39 (((((........))).)) )
( -210 , 39 (((((...........))).)) )
( -140 , 39 ((.....................)) )
( -340 , 39 ((...(((..............)))...)) )
( -210 , 39 (((....(((((.(((....))).)))))..))) )
( -450 , 39 ((.((..(((((.(((....))).)))))..)).....)) )
( -1260 , 39 ((.(((...(((((....(((((((...)).)))))..))))).))))) )
( -1220 , 39 ((...(((.((((.(((.(((((((...)).))))).))).)))).)))..)) )
( -710 , 39 ((((.(((.((((.(((.(((((((...)).))))).))).)))).)))..))...)) )
( -140 , 40 ((.....)) )
( 130 , 40 ((..........)) )
( 30 , 40 ((..(((...)))..)) )
( -490 , 40 ((((...........)))) )
( -320 , 40 (((................))) )
( -570 , 40 ((..(((..............))).)) )
( -240 , 40 ((....(((((.(((....))).)))))..)) )
( -680 , 40 ((((..(((((.(((....))).)))))..)).)) )
( -490 , 40 ((......((((.(((.(((((((...)).))))).))).)))))) )
( -800 , 40 (((((...(((((....(((((((...)).)))))..))))).)).))) )
( -800 , 40 (((((...(((((....(((((((...)).)))))..))))).))).)) )
( -1130 , 40 ((..(((.((((.(((.(((((((...)).))))).))).)))).))).....)) )
( 30 , 41 ((........)) )
( -350 , 41 (((........))) )
( -350 , 41 (((...........))) )
( -100 , 41 ((................)) )
( -190 , 41 ((...(((........)))..)) )
( -200 , 41 ((.(((..............)))...)) )
( -790 , 41 (((..(((((.(((....))).)))))..))) )
( -280 , 41 ((..(((((...((((........))))...))))))) )
( -930 , 41 ((((...(((((....(((((((...)).)))))..))))).)).)) )
( -1160 , 41 ((.(((.((((.(((.(((((((...)).))))).))).)))).)))..)) )
( -610 , 41 ((.(((.((((.(((.(((((((...)).))))).))).)))).))).......)) )
( -250 , 42 ((........)) )
( -250 , 42 ((...........)) )
( -820 , 42 ((..(((((.(((....))).)))))..)) )
( -1170 , 42 (((...(((((....(((((((...)).)))))..))))).))) )
( -1110 , 42 ((.((.((((.(((.(((((((...)).))))).))).)))).)))) )
( -830 , 43 ((...(((((....(((((((...)).)))))..))))).)) )
( -190 , 44 (((...))) )
( -570 , 44 (((..............))) )
( -460 , 44 ((.((((.(((....))).)))))) )
( -420 , 44 (((((((.(((....))).)))))...)) )
( -1240 , 44 (((.((((.(((.(((((((...)).))))).))).)))).))) )
( -920 , 44 ((((((((.(((.(((((((...)).))))).))).)))....))))) )
( -730 , 44 (((..((((....((..((...(((((....)))))...))..)).))))))) )
( -50 , 45 ((...)) )
( -50 , 45 ((...........)) )
( -330 , 45 ((..............)) )
( -270 , 45 ((.(((.(((....))).))))) )
( -80 , 45 ((.((...((((........))))...)))) )
( -560 , 45 (((((...((((........))))...))))) )
( -300 , 45 (((.((..((((........))))...)).))) )
( -1000 , 45 ((.((((.(((.(((((((...)).))))).))).)))).)) )
( -580 , 45 ((.((((.(((.(((((((...)).))))).))).))))....)) )
( -680 , 45 (((((((.(((.(((((((...)).))))).))).)))....)))) )
( -590 , 45 ((..((((....((..((...(((((....)))))...))..)).)))))) )
( -240 , 46 (((........))) )
( -700 , 46 (((((.(((....))).))))) )
( -510 , 46 ((((...((((........))))...)))) )
( -250 , 46 ((.((..((((........))))...)).)) )
( -230 , 46 ((.........(((((((...)).))))).)) )
( -530 , 46 ((((((.(((.(((((((...)).))))).))).)))....))) )
( -520 , 46 ((((((.(((.(((((((...)).))))).))).)))).....)) )
( -140 , 47 ((...)) )
( -200 , 47 (((....))) )
( -110 , 47 ((........)) )
( -570 , 47 ((((.(((....))).)))) )
( -330 , 47 ((((.................)))) )
( -380 , 47 (((...((((........))))...))) )
( -400 , 47 (((((.(((.(((((((...)).))))).))).)))....)) )
( -60 , 48 ((....)) )
( -180 , 48 ((..(((....))).)) )
( -460 , 48 (((.(((....))).))) )
( -130 , 48 ((..................)) )
( -190 , 48 (((.................))) )
( -270 , 48 ((...((((........))))...)) )
( -290 , 48 ((.......(((((((...)).)))))...)) )
( -410 , 48 (((......(((((((...)).)))))...))) )
( -730 , 48 (((((....(((((((...)).)))))..))))) )
( -680 , 48 ((((.....(((((((...)).)))))....)))) )
( -780 , 48 ((((.(((.(((((((...)).))))).))).)))) )
( -640 , 48 ((((.(((.(((((((...)).))))).)))..)))) )
( -180 , 48 ((((.(((.(((((((...)).))))).))).)).........)) )
( -180 , 48 ((.......((..((...(((((....)))))...))..))..)) )
( -330 , 48 (((......((..((...(((((....)))))...))..))..))) )
( -330 , 48 ((.((....((..((...(((((....)))))...))..)).)))) )
( -455 , 48 ((...........((...(((((....)))))...))...........)) )
( -600 , 48 (((.((...((..((...(((((....)))))...))..))....)).))) )
( -60 , 49 ((...)) )
( -370 , 49 ((.(((....))).)) )
( -360 , 49 ((((.........)))) )
( -130 , 49 ((.................)) )
( -190 , 49 (((................))) )
( -240 , 49 ((..((((........))))...)) )
( -350 , 49 ((......(((((((...)).)))))...)) )
( -600 , 49 ((((....(((((((...)).)))))..)))) )
( -590 , 49 (((.....(((((((...)).)))))....))) )
( -720 , 49 (((.(((.(((((((...)).))))).))).))) )
( -590 , 49 (((.(((.(((((((...)).))))).)))..))) )
( -590 , 49 (((.(((.(((((((...)).))))).)))...))) )
( -240 , 49 ((......((..((...(((((....)))))...))..))..)) )
( -710 , 49 ((((....((..((...(((((....)))))...))..)).)))) )
( -510 , 49 ((.((...((..((...(((((....)))))...))..))....)).)) )
( -510 , 49 (((..(((.....(((((....................))))).)))))) )
( -270 , 50 (((.........))) )
( -110 , 50 (((((....)))..)) )
( -130 , 50 ((................)) )
( -110 , 50 ((.((((........)))))) )
( -130 , 50 ((....................)) )
( -130 , 50 ((.((((........))))...)) )
( -540 , 50 (((....(((((((...)).)))))..))) )
( -460 , 50 ((.....(((((((...)).)))))....)) )
( -630 , 50 ((.(((.(((((((...)).))))).))).)) )
( -530 , 50 ((.(((.(((((((...)).))))).)))..)) )
( -540 , 50 ((.(((.(((((((...)).))))).)))...)) )
( -470 , 50 ((.(((.(((((((...)).))))).)))....)) )
( -620 , 50 (((....((..((...(((((....)))))...))..)).))) )
( -300 , 50 ((.....((..((...(((((....)))))...))..))...)) )
( -420 , 50 ((..(((.....(((((....................))))).))))) )
( -610 , 50 ((.((((.....(((((....................))))).)))))) )
( -100 , 51 ((...)) )
( -100 , 51 ((......)) )
( -140 , 51 ((.........)) )
( 30 , 51 ((..............)) )
( 30 , 51 ((..................)) )
( -450 , 51 ((....(((((((...)).)))))..)) )
( -301 , 51 (((((.(((((((...)).))))).))).......)) )
( -490 , 51 ((....((..((...(((((....)))))...))..)).)) )
( -160 , 51 ((....((..((...(((((....)))))...))..))......)) )
( -140 , 52 ((...)) )
( -350 , 52 (((....))) )
( -140 , 52 ((...........)) )
( 130 , 52 ((................)) )
( -180 , 52 ((....(((......)))...)) )
( -400 , 52 ((....(((..(((((....))))))))....)) )
( -112 , 52 ((.((......(((((....))))).......)).)) )
( -490 , 52 ((...((..((...(((((....)))))...))..))....)) )
( -130 , 53 ((....)) )
( -300 , 53 ((((........)))) )
( -100 , 53 ((................)) )
( -670 , 53 (((.(((((((...)).))))).))) )
( -770 , 53 ((((.....(((((....................))))).)))) )
( -200 , 54 (((........))) )
( -240 , 54 (((.(((......)))...))) )
( -460 , 54 ((.(((((((...)).))))))) )
( -540 , 54 ((.(((((((...)).))))).)) )
( -320 , 54 ((.....((...(((((....)))))...))...)) )
( -670 , 54 (((.....(((((....................))))).))) )
( -220 , 55 ((...)) )
( -140 , 55 ((........)) )
( 130 , 55 ((.............)) )
( -180 , 55 ((.(((......)))...)) )
( -352 , 55 ((......(((((....))))).......)) )
( -160 , 55 ((....((...(((((....)))))...))..)) )
( -460 , 55 ((.....(((((....................))))).)) )
( -100 , 56 ((.........)) )
( -300 , 56 ((((.........)))) )
( -250 , 56 ((((((((...)).))))...)) )
( -470 , 56 ((....(((((....................)))))...)) )
( -200 , 57 (((....))) )
( -200 , 57 (((.........))) )
( -650 , 57 (((((((...)).))))) )
( -610 , 57 ((..((...(((((....)))))...))..)) )
( -130 , 58 ((...)) )
( -90 , 58 ((....)) )
( -230 , 58 (((......))) )
( -60 , 58 ((.........)) )
( -540 , 58 ((((((...)).)))) )
( -300 , 58 (((..(((((....)))))))) )
( -150 , 58 ((...(((((....)))))..)) )
( -250 , 58 ((...(((((....)))))...)) )
( -250 , 58 ((...(((((....)))))....)) )
( -60 , 58 ((......................)) )
( -50 , 58 ((.......................)) )
( -250 , 58 ((.((...(((((....)))))...))......)) )
( -470 , 58 ((..(((((....................))))))) )
( -600 , 58 (((.(((((....................)))))...))) )
( -470 , 58 ((..(((((....................))))).....)) )
( -100 , 59 ((......)) )
( -410 , 59 (((((...)).))) )
( -210 , 59 ((..(((((....))))))) )
( -470 , 59 ((.(((((....................)))))...)) )
( -310 , 60 ((((...)).)) )
( -230 , 60 ((....(((((....))))).......)) )
( -660 , 61 ((...(((((....)))))...)) )
( -140 , 62 ((...)) )
( -140 , 62 ((.......)) )
( -240 , 62 ((......................)) )
( -240 , 62 ((..((..............))..)) )
( -710 , 62 (((((....................))))) )
( -570 , 62 ((..(((((((..(((...)))..)))))))..)) )
( -130 , 63 ((.........)) )
( -460 , 63 (((((....))))) )
( -220 , 63 (((.........))) )
( -130 , 63 ((.......................)) )
( -470 , 63 ((((....................)))) )
( -330 , 64 ((((....)))) )
( -90 , 64 ((.........)) )
( -90 , 64 ((..........)) )
( -230 , 64 (((....................))) )
( -140 , 65 ((...)) )
( -240 , 65 (((....))) )
( -140 , 65 ((....................)) )
( -130 , 66 ((....)) )
( -380 , 66 (((((....))))) )
( -60 , 66 ((...........)) )
( -130 , 66 ((............)) )
( -90 , 66 ((.............)) )
( -60 , 66 ((..............)) )
( -50 , 66 ((...............)) )
( -690 , 66 (((((((..(((...)))..))))))) )
( -340 , 66 (((((((..(((...)))..))))).)) )
( -280 , 66 ((.(((.....................))))) )
( -560 , 66 ((.(((.....................))).)) )
( -290 , 67 ((((....)))) )
( -340 , 67 ((.((............)))) )
( -560 , 67 ((((((..(((...)))..)))))) )
( -90 , 67 ((..(((...............)))...)) )
( -130 , 68 ((....)) )
( -190 , 68 (((...))) )
( -190 , 68 (((....))) )
( -140 , 68 ((.((..(((...)))..)))) )
( -420 , 68 (((((..(((...)))..))))) )
( -60 , 69 ((...)) )
( -60 , 69 ((....)) )
( -60 , 69 ((.....)) )
( -180 , 69 ((((..(((...)))..)))) )
( -430 , 69 (((.....................))) )
( -250 , 70 ((............)) )
( -120 , 70 (((..(((...)))..))) )
( -220 , 70 ((.....................)) )
( -100 , 71 ((....)) )
( -250 , 71 ((..(((...)))..)) )
( -380 , 71 (((...............))) )
( -20 , 71 ((.(((..............))).)) )
( -270 , 72 (((............))) )
( -240 , 72 ((...............)) )
( -140 , 73 ((............)) )
( -60 , 74 ((...)) )
( -130 , 74 ((....)) )
( -220 , 74 (((...))) )
( -150 , 74 (((....))) )
( -200 , 74 ((((...)))) )
( -130 , 74 ((...............)) )
( -220 , 74 (((..............))) )
( -280 , 74 ((....(((.....))).....)) )
( -330 , 74 (((...(((.....))).....))) )
( -130 , 75 ((...)) )
( -90 , 75 ((....)) )
( -150 , 75 (((...))) )
( -110 , 75 (((....))) )
( -130 , 75 ((..............)) )
( -220 , 75 (((.............))) )
( -220 , 75 (((..(((.....)))))) )
( -240 , 75 ((...(((.....))).....)) )
( -360 , 75 ((((.(((.....)))....)))) )
( -90 , 76 ((...)) )
( -60 , 76 ((....)) )
( -50 , 76 ((.....)) )
( -130 , 76 ((.............)) )
( -130 , 76 ((..(((.....))))) )
( -170 , 76 ((..(((.....))).)) )
( -270 , 76 (((.(((.....)))....))) )
( -160 , 76 ((.((..((....))...)).)) )
( -140 , 77 ((.(((.....)))....)) )
( -90 , 78 ((........)) )
( -60 , 79 ((.......)) )
( -240 , 79 ((..((....))...)) )
( -130 , 80 ((......)) )
( -330 , 80 (((.....))) )
( -90 , 81 ((.....)) )
( -60 , 82 ((....)) )
( -210 , 82 ((..........)) )
( -50 , 83 ((...)) )
( -150 , 83 ((....)) )
( -210 , 83 ((.........)) )
( -140 , 86 ((.......)) )
( -220 , 87 ((....)) )
( -130 , 88 ((......)) )
( -470 , 88 ((((...)))) )
( -380 , 89 (((...))) )
( -140 , 90 ((...)) )
