start answers hoch(0):
0.3418
//end answers hoch(0)
start answers outside_hoch(0):
[]
//end answers outside_hoch(0)
start answers hoch(1):
0.59
//end answers hoch(1)
start answers outside_hoch(1):
0.4
//end answers outside_hoch(1)
start answers hoch(2):
1
//end answers hoch(2)
start answers outside_hoch(2):
0.24
//end answers outside_hoch(2)
start answers hoch_emission(0,0):
[]
//end answers hoch_emission(0,0)
start answers outside_hoch_emission(0,0):
[]
//end answers outside_hoch_emission(0,0)
start answers hoch_emission(0,1):
0.8
//end answers hoch_emission(0,1)
start answers outside_hoch_emission(0,1):
0.295
//end answers outside_hoch_emission(0,1)
start answers hoch_emission(0,2):
[]
//end answers hoch_emission(0,2)
start answers outside_hoch_emission(0,2):
[]
//end answers outside_hoch_emission(0,2)
start answers hoch_emission(1,1):
[]
//end answers hoch_emission(1,1)
start answers outside_hoch_emission(1,1):
[]
//end answers outside_hoch_emission(1,1)
start answers hoch_emission(1,2):
0.8
//end answers hoch_emission(1,2)
start answers outside_hoch_emission(1,2):
0.3
//end answers outside_hoch_emission(1,2)
start answers hoch_emission(2,2):
[]
//end answers hoch_emission(2,2)
start answers outside_hoch_emission(2,2):
[]
//end answers outside_hoch_emission(2,2)
start answers start(0):
0.255
//end answers start(0)
start answers outside_start(0):
1
//end answers outside_start(0)
start answers start(1):
0.45
//end answers start(1)
start answers outside_start(1):
[]
//end answers outside_start(1)
start answers start(2):
1
//end answers start(2)
start answers outside_start(2):
[]
//end answers outside_start(2)
start answers tief(0):
0.2116
//end answers tief(0)
start answers outside_tief(0):
[]
//end answers outside_tief(0)
start answers tief(1):
0.38
//end answers tief(1)
start answers outside_tief(1):
0.05
//end answers outside_tief(1)
start answers tief(2):
1
//end answers tief(2)
start answers outside_tief(2):
0.015
//end answers outside_tief(2)
start answers tief_emission(0,0):
[]
//end answers tief_emission(0,0)
start answers outside_tief_emission(0,0):
[]
//end answers outside_tief_emission(0,0)
start answers tief_emission(0,1):
0.1
//end answers tief_emission(0,1)
start answers outside_tief_emission(0,1):
0.19
//end answers outside_tief_emission(0,1)
start answers tief_emission(0,2):
[]
//end answers tief_emission(0,2)
start answers outside_tief_emission(0,2):
[]
//end answers outside_tief_emission(0,2)
start answers tief_emission(1,1):
[]
//end answers tief_emission(1,1)
start answers outside_tief_emission(1,1):
[]
//end answers outside_tief_emission(1,1)
start answers tief_emission(1,2):
0.1
//end answers tief_emission(1,2)
start answers outside_tief_emission(1,2):
0.15
//end answers outside_tief_emission(1,2)
start answers tief_emission(2,2):
[]
//end answers tief_emission(2,2)
start answers outside_tief_emission(2,2):
[]
//end answers outside_tief_emission(2,2)
