start answers hoch(0):
4
//end answers hoch(0)
start answers outside_hoch(0):
[]
//end answers outside_hoch(0)
start answers hoch(1):
2
//end answers hoch(1)
start answers outside_hoch(1):
1
//end answers outside_hoch(1)
start answers hoch(2):
1
//end answers hoch(2)
start answers outside_hoch(2):
2
//end answers outside_hoch(2)
start answers hoch_emission(0,0):
[]
//end answers hoch_emission(0,0)
start answers outside_hoch_emission(0,0):
[]
//end answers outside_hoch_emission(0,0)
start answers hoch_emission(0,1):
1
//end answers hoch_emission(0,1)
start answers outside_hoch_emission(0,1):
2
//end answers outside_hoch_emission(0,1)
start answers hoch_emission(0,2):
[]
//end answers hoch_emission(0,2)
start answers outside_hoch_emission(0,2):
[]
//end answers outside_hoch_emission(0,2)
start answers hoch_emission(1,1):
[]
//end answers hoch_emission(1,1)
start answers outside_hoch_emission(1,1):
[]
//end answers outside_hoch_emission(1,1)
start answers hoch_emission(1,2):
1
//end answers hoch_emission(1,2)
start answers outside_hoch_emission(1,2):
2
//end answers outside_hoch_emission(1,2)
start answers hoch_emission(2,2):
[]
//end answers hoch_emission(2,2)
start answers outside_hoch_emission(2,2):
[]
//end answers outside_hoch_emission(2,2)
start answers start(0):
4
//end answers start(0)
start answers outside_start(0):
1
//end answers outside_start(0)
start answers start(1):
2
//end answers start(1)
start answers outside_start(1):
[]
//end answers outside_start(1)
start answers start(2):
1
//end answers start(2)
start answers outside_start(2):
[]
//end answers outside_start(2)
start answers tief(0):
4
//end answers tief(0)
start answers outside_tief(0):
[]
//end answers outside_tief(0)
start answers tief(1):
2
//end answers tief(1)
start answers outside_tief(1):
1
//end answers outside_tief(1)
start answers tief(2):
1
//end answers tief(2)
start answers outside_tief(2):
2
//end answers outside_tief(2)
start answers tief_emission(0,0):
[]
//end answers tief_emission(0,0)
start answers outside_tief_emission(0,0):
[]
//end answers outside_tief_emission(0,0)
start answers tief_emission(0,1):
1
//end answers tief_emission(0,1)
start answers outside_tief_emission(0,1):
2
//end answers outside_tief_emission(0,1)
start answers tief_emission(0,2):
[]
//end answers tief_emission(0,2)
start answers outside_tief_emission(0,2):
[]
//end answers outside_tief_emission(0,2)
start answers tief_emission(1,1):
[]
//end answers tief_emission(1,1)
start answers outside_tief_emission(1,1):
[]
//end answers outside_tief_emission(1,1)
start answers tief_emission(1,2):
1
//end answers tief_emission(1,2)
start answers outside_tief_emission(1,2):
2
//end answers outside_tief_emission(1,2)
start answers tief_emission(2,2):
[]
//end answers tief_emission(2,2)
start answers outside_tief_emission(2,2):
[]
//end answers outside_tief_emission(2,2)
