start answers emit_hoch(0,0):
[]
//end answers emit_hoch(0,0)
start answers emit_hoch(0,1):
0.8
//end answers emit_hoch(0,1)
start answers emit_hoch(0,2):
[]
//end answers emit_hoch(0,2)
start answers emit_hoch(0,3):
[]
//end answers emit_hoch(0,3)
start answers emit_hoch(0,4):
[]
//end answers emit_hoch(0,4)
start answers emit_hoch(1,1):
[]
//end answers emit_hoch(1,1)
start answers emit_hoch(1,2):
0.8
//end answers emit_hoch(1,2)
start answers emit_hoch(1,3):
[]
//end answers emit_hoch(1,3)
start answers emit_hoch(1,4):
[]
//end answers emit_hoch(1,4)
start answers emit_hoch(2,2):
[]
//end answers emit_hoch(2,2)
start answers emit_hoch(2,3):
0.2
//end answers emit_hoch(2,3)
start answers emit_hoch(2,4):
[]
//end answers emit_hoch(2,4)
start answers emit_hoch(3,3):
[]
//end answers emit_hoch(3,3)
start answers emit_hoch(3,4):
0.2
//end answers emit_hoch(3,4)
start answers emit_hoch(4,4):
[]
//end answers emit_hoch(4,4)
start answers outside_emit_hoch(0,0):
0.0397464
//end answers outside_emit_hoch(0,0)
start answers outside_emit_hoch(0,1):
0.068458
//end answers outside_emit_hoch(0,1)
start answers outside_emit_hoch(0,2):
0.1124
//end answers outside_emit_hoch(0,2)
start answers outside_emit_hoch(0,3):
0.205
//end answers outside_emit_hoch(0,3)
start answers outside_emit_hoch(0,4):
0.5
//end answers outside_emit_hoch(0,4)
start answers outside_emit_hoch(1,1):
0.0410748
//end answers outside_emit_hoch(1,1)
start answers outside_emit_hoch(1,2):
0.06744
//end answers outside_emit_hoch(1,2)
start answers outside_emit_hoch(1,3):
0.123
//end answers outside_emit_hoch(1,3)
start answers outside_emit_hoch(1,4):
0.3
//end answers outside_emit_hoch(1,4)
start answers outside_emit_hoch(2,2):
0.0391152
//end answers outside_emit_hoch(2,2)
start answers outside_emit_hoch(2,3):
0.07134
//end answers outside_emit_hoch(2,3)
start answers outside_emit_hoch(2,4):
0.174
//end answers outside_emit_hoch(2,4)
start answers outside_emit_hoch(3,3):
0.0219432
//end answers outside_emit_hoch(3,3)
start answers outside_emit_hoch(3,4):
0.05352
//end answers outside_emit_hoch(3,4)
start answers outside_emit_hoch(4,4):
[]
//end answers outside_emit_hoch(4,4)
start answers emit_tief(0,0):
[]
//end answers emit_tief(0,0)
start answers emit_tief(0,1):
0.1
//end answers emit_tief(0,1)
start answers emit_tief(0,2):
[]
//end answers emit_tief(0,2)
start answers emit_tief(0,3):
[]
//end answers emit_tief(0,3)
start answers emit_tief(0,4):
[]
//end answers emit_tief(0,4)
start answers emit_tief(1,1):
[]
//end answers emit_tief(1,1)
start answers emit_tief(1,2):
0.1
//end answers emit_tief(1,2)
start answers emit_tief(1,3):
[]
//end answers emit_tief(1,3)
start answers emit_tief(1,4):
[]
//end answers emit_tief(1,4)
start answers emit_tief(2,2):
[]
//end answers emit_tief(2,2)
start answers emit_tief(2,3):
0.9
//end answers emit_tief(2,3)
start answers emit_tief(2,4):
[]
//end answers emit_tief(2,4)
start answers emit_tief(3,3):
[]
//end answers emit_tief(3,3)
start answers emit_tief(3,4):
0.9
//end answers emit_tief(3,4)
start answers emit_tief(4,4):
[]
//end answers emit_tief(4,4)
start answers outside_emit_tief(0,0):
0.0247263
//end answers outside_emit_tief(0,0)
start answers outside_emit_tief(0,1):
0.046996
//end answers outside_emit_tief(0,1)
start answers outside_emit_tief(0,2):
0.1838
//end answers outside_emit_tief(0,2)
start answers outside_emit_tief(0,3):
0.31
//end answers outside_emit_tief(0,3)
start answers outside_emit_tief(0,4):
0.5
//end answers outside_emit_tief(0,4)
start answers outside_emit_tief(1,1):
0.0140988
//end answers outside_emit_tief(1,1)
start answers outside_emit_tief(1,2):
0.05514
//end answers outside_emit_tief(1,2)
start answers outside_emit_tief(1,3):
0.093
//end answers outside_emit_tief(1,3)
start answers outside_emit_tief(1,4):
0.15
//end answers outside_emit_tief(1,4)
start answers outside_emit_tief(2,2):
0.0297756
//end answers outside_emit_tief(2,2)
start answers outside_emit_tief(2,3):
0.05022
//end answers outside_emit_tief(2,3)
start answers outside_emit_tief(2,4):
0.081
//end answers outside_emit_tief(2,4)
start answers outside_emit_tief(3,3):
0.0335916
//end answers outside_emit_tief(3,3)
start answers outside_emit_tief(3,4):
0.05418
//end answers outside_emit_tief(3,4)
start answers outside_emit_tief(4,4):
[]
//end answers outside_emit_tief(4,4)
start answers state_hoch(0):
0.0794927
//end answers state_hoch(0)
start answers state_hoch(1):
0.136916
//end answers state_hoch(1)
start answers state_hoch(2):
0.2248
//end answers state_hoch(2)
start answers state_hoch(3):
0.41
//end answers state_hoch(3)
start answers state_hoch(4):
1
//end answers state_hoch(4)
start answers outside_state_hoch(0):
[]
//end answers outside_state_hoch(0)
start answers outside_state_hoch(1):
0.4
//end answers outside_state_hoch(1)
start answers outside_state_hoch(2):
0.24
//end answers outside_state_hoch(2)
start answers outside_state_hoch(3):
0.0348
//end answers outside_state_hoch(3)
start answers outside_state_hoch(4):
[]
//end answers outside_state_hoch(4)
start answers state_start():
0.059466
//end answers state_start()
start answers outside_state_start():
1
//end answers outside_state_start()
start answers state_tief(0):
0.0494526
//end answers state_tief(0)
start answers state_tief(1):
0.093992
//end answers state_tief(1)
start answers state_tief(2):
0.3676
//end answers state_tief(2)
start answers state_tief(3):
0.62
//end answers state_tief(3)
start answers state_tief(4):
1
//end answers state_tief(4)
start answers outside_state_tief(0):
[]
//end answers outside_state_tief(0)
start answers outside_state_tief(1):
0.05
//end answers outside_state_tief(1)
start answers outside_state_tief(2):
0.015
//end answers outside_state_tief(2)
start answers outside_state_tief(3):
0.0729
//end answers outside_state_tief(3)
start answers outside_state_tief(4):
[]
//end answers outside_state_tief(4)
