\documentclass{article}
\usepackage{tikz}
\usepackage{amsmath}
\usepackage{verbatim}
\usetikzlibrary{external}
\tikzexternalize[mode=list and make]
\tikzset{
  png export/.style={
    % First we call ImageMagick; change settings to requirements
    external/system call/.add={}{; convert -density 300 -transparent white "\image.pdf" "\image.png"},
    % Now we force the PNG figure to be used instead of the PDF
    /pgf/images/external info,
    /pgf/images/include external/.code={
      \includegraphics[width=\pgfexternalwidth,height=\pgfexternalheight]{##1.png}
    },
  }
}
\begin{document}
\tikzset{png export}

\begin{tikzpicture}
  \node {$\begin{aligned} Rank & \ 1 \\ \end{aligned}$} child {node {\color[HTML]{14fe14} transition\_start\_hoch} child { node {$\color[HTML]{0402fc} 0.5$} } child { node {\color[HTML]{14fe14} emission\_hoch\_sonne} child { node {$\color[HTML]{0402fc} 0.8$} } child { node {$\color[HTML]{0402fc} S$} } } child { node {\color[HTML]{14fe14} transition\_hoch\_tief} child { node {$\color[HTML]{0402fc} 0.3$} } child { node {\color[HTML]{14fe14} emission\_tief\_sonne} child { node {$\color[HTML]{0402fc} 0.1$} } child { node {$\color[HTML]{0402fc} S$} } } child { node {\color[HTML]{14fe14} transition\_tief\_tief} child { node {$\color[HTML]{0402fc} 0.6$} } child { node {\color[HTML]{14fe14} emission\_tief\_regen} child { node {$\color[HTML]{0402fc} 0.9$} } child { node {$\color[HTML]{0402fc} R$} } } child { node {\color[HTML]{14fe14} transition\_tief\_tief} child { node {$\color[HTML]{0402fc} 0.6$} } child { node {\color[HTML]{14fe14} emission\_tief\_regen} child { node {$\color[HTML]{0402fc} 0.9$} } child { node {$\color[HTML]{0402fc} R$} } } child { node {\color[HTML]{14fe14} nil} child { node {$\color[HTML]{0402fc} \epsilon $} } } } } } };
\end{tikzpicture}


\begin{tikzpicture}
  \node {$\begin{aligned} Rank & \ 2 \\ \end{aligned}$} child {node {\color[HTML]{14fe14} transition\_start\_hoch} child { node {$\color[HTML]{0402fc} 0.5$} } child { node {\color[HTML]{14fe14} emission\_hoch\_sonne} child { node {$\color[HTML]{0402fc} 0.8$} } child { node {$\color[HTML]{0402fc} S$} } } child { node {\color[HTML]{14fe14} transition\_hoch\_tief} child { node {$\color[HTML]{0402fc} 0.3$} } child { node {\color[HTML]{14fe14} emission\_tief\_sonne} child { node {$\color[HTML]{0402fc} 0.1$} } child { node {$\color[HTML]{0402fc} S$} } } child { node {\color[HTML]{14fe14} transition\_tief\_tief} child { node {$\color[HTML]{0402fc} 0.6$} } child { node {\color[HTML]{14fe14} emission\_tief\_regen} child { node {$\color[HTML]{0402fc} 0.9$} } child { node {$\color[HTML]{0402fc} R$} } } child { node {\color[HTML]{14fe14} transition\_tief\_hoch} child { node {$\color[HTML]{0402fc} 0.4$} } child { node {\color[HTML]{14fe14} emission\_hoch\_regen} child { node {$\color[HTML]{0402fc} 0.2$} } child { node {$\color[HTML]{0402fc} R$} } } child { node {\color[HTML]{14fe14} nil} child { node {$\color[HTML]{0402fc} \epsilon $} } } } } } };
\end{tikzpicture}


\begin{tikzpicture}
  \node {$\begin{aligned} Rank & \ 3 \\ \end{aligned}$} child {node {\color[HTML]{14fe14} transition\_start\_hoch} child { node {$\color[HTML]{0402fc} 0.5$} } child { node {\color[HTML]{14fe14} emission\_hoch\_sonne} child { node {$\color[HTML]{0402fc} 0.8$} } child { node {$\color[HTML]{0402fc} S$} } } child { node {\color[HTML]{14fe14} transition\_hoch\_tief} child { node {$\color[HTML]{0402fc} 0.3$} } child { node {\color[HTML]{14fe14} emission\_tief\_sonne} child { node {$\color[HTML]{0402fc} 0.1$} } child { node {$\color[HTML]{0402fc} S$} } } child { node {\color[HTML]{14fe14} transition\_tief\_hoch} child { node {$\color[HTML]{0402fc} 0.4$} } child { node {\color[HTML]{14fe14} emission\_hoch\_regen} child { node {$\color[HTML]{0402fc} 0.2$} } child { node {$\color[HTML]{0402fc} R$} } } child { node {\color[HTML]{14fe14} transition\_hoch\_tief} child { node {$\color[HTML]{0402fc} 0.3$} } child { node {\color[HTML]{14fe14} emission\_tief\_regen} child { node {$\color[HTML]{0402fc} 0.9$} } child { node {$\color[HTML]{0402fc} R$} } } child { node {\color[HTML]{14fe14} nil} child { node {$\color[HTML]{0402fc} \epsilon $} } } } } } };
\end{tikzpicture}


\begin{tikzpicture}
  \node {$\begin{aligned} Rank & \ 4 \\ \end{aligned}$} child {node {\color[HTML]{14fe14} transition\_start\_hoch} child { node {$\color[HTML]{0402fc} 0.5$} } child { node {\color[HTML]{14fe14} emission\_hoch\_sonne} child { node {$\color[HTML]{0402fc} 0.8$} } child { node {$\color[HTML]{0402fc} S$} } } child { node {\color[HTML]{14fe14} transition\_hoch\_tief} child { node {$\color[HTML]{0402fc} 0.3$} } child { node {\color[HTML]{14fe14} emission\_tief\_sonne} child { node {$\color[HTML]{0402fc} 0.1$} } child { node {$\color[HTML]{0402fc} S$} } } child { node {\color[HTML]{14fe14} transition\_tief\_hoch} child { node {$\color[HTML]{0402fc} 0.4$} } child { node {\color[HTML]{14fe14} emission\_hoch\_regen} child { node {$\color[HTML]{0402fc} 0.2$} } child { node {$\color[HTML]{0402fc} R$} } } child { node {\color[HTML]{14fe14} transition\_hoch\_hoch} child { node {$\color[HTML]{0402fc} 0.7$} } child { node {\color[HTML]{14fe14} emission\_hoch\_regen} child { node {$\color[HTML]{0402fc} 0.2$} } child { node {$\color[HTML]{0402fc} R$} } } child { node {\color[HTML]{14fe14} nil} child { node {$\color[HTML]{0402fc} \epsilon $} } } } } } };
\end{tikzpicture}


\begin{tikzpicture}
  \node {$\begin{aligned} Rank & \ 5 \\ \end{aligned}$} child {node {\color[HTML]{14fe14} transition\_start\_hoch} child { node {$\color[HTML]{0402fc} 0.5$} } child { node {\color[HTML]{14fe14} emission\_hoch\_sonne} child { node {$\color[HTML]{0402fc} 0.8$} } child { node {$\color[HTML]{0402fc} S$} } } child { node {\color[HTML]{14fe14} transition\_hoch\_hoch} child { node {$\color[HTML]{0402fc} 0.7$} } child { node {\color[HTML]{14fe14} emission\_hoch\_sonne} child { node {$\color[HTML]{0402fc} 0.8$} } child { node {$\color[HTML]{0402fc} S$} } } child { node {\color[HTML]{14fe14} transition\_hoch\_tief} child { node {$\color[HTML]{0402fc} 0.3$} } child { node {\color[HTML]{14fe14} emission\_tief\_regen} child { node {$\color[HTML]{0402fc} 0.9$} } child { node {$\color[HTML]{0402fc} R$} } } child { node {\color[HTML]{14fe14} transition\_tief\_tief} child { node {$\color[HTML]{0402fc} 0.6$} } child { node {\color[HTML]{14fe14} emission\_tief\_regen} child { node {$\color[HTML]{0402fc} 0.9$} } child { node {$\color[HTML]{0402fc} R$} } } child { node {\color[HTML]{14fe14} nil} child { node {$\color[HTML]{0402fc} \epsilon $} } } } } } };
\end{tikzpicture}


\begin{tikzpicture}
  \node {$\begin{aligned} Rank & \ 6 \\ \end{aligned}$} child {node {\color[HTML]{14fe14} transition\_start\_hoch} child { node {$\color[HTML]{0402fc} 0.5$} } child { node {\color[HTML]{14fe14} emission\_hoch\_sonne} child { node {$\color[HTML]{0402fc} 0.8$} } child { node {$\color[HTML]{0402fc} S$} } } child { node {\color[HTML]{14fe14} transition\_hoch\_hoch} child { node {$\color[HTML]{0402fc} 0.7$} } child { node {\color[HTML]{14fe14} emission\_hoch\_sonne} child { node {$\color[HTML]{0402fc} 0.8$} } child { node {$\color[HTML]{0402fc} S$} } } child { node {\color[HTML]{14fe14} transition\_hoch\_tief} child { node {$\color[HTML]{0402fc} 0.3$} } child { node {\color[HTML]{14fe14} emission\_tief\_regen} child { node {$\color[HTML]{0402fc} 0.9$} } child { node {$\color[HTML]{0402fc} R$} } } child { node {\color[HTML]{14fe14} transition\_tief\_hoch} child { node {$\color[HTML]{0402fc} 0.4$} } child { node {\color[HTML]{14fe14} emission\_hoch\_regen} child { node {$\color[HTML]{0402fc} 0.2$} } child { node {$\color[HTML]{0402fc} R$} } } child { node {\color[HTML]{14fe14} nil} child { node {$\color[HTML]{0402fc} \epsilon $} } } } } } };
\end{tikzpicture}


\begin{tikzpicture}
  \node {$\begin{aligned} Rank & \ 7 \\ \end{aligned}$} child {node {\color[HTML]{14fe14} transition\_start\_hoch} child { node {$\color[HTML]{0402fc} 0.5$} } child { node {\color[HTML]{14fe14} emission\_hoch\_sonne} child { node {$\color[HTML]{0402fc} 0.8$} } child { node {$\color[HTML]{0402fc} S$} } } child { node {\color[HTML]{14fe14} transition\_hoch\_hoch} child { node {$\color[HTML]{0402fc} 0.7$} } child { node {\color[HTML]{14fe14} emission\_hoch\_sonne} child { node {$\color[HTML]{0402fc} 0.8$} } child { node {$\color[HTML]{0402fc} S$} } } child { node {\color[HTML]{14fe14} transition\_hoch\_hoch} child { node {$\color[HTML]{0402fc} 0.7$} } child { node {\color[HTML]{14fe14} emission\_hoch\_regen} child { node {$\color[HTML]{0402fc} 0.2$} } child { node {$\color[HTML]{0402fc} R$} } } child { node {\color[HTML]{14fe14} transition\_hoch\_tief} child { node {$\color[HTML]{0402fc} 0.3$} } child { node {\color[HTML]{14fe14} emission\_tief\_regen} child { node {$\color[HTML]{0402fc} 0.9$} } child { node {$\color[HTML]{0402fc} R$} } } child { node {\color[HTML]{14fe14} nil} child { node {$\color[HTML]{0402fc} \epsilon $} } } } } } };
\end{tikzpicture}


\begin{tikzpicture}
  \node {$\begin{aligned} Rank & \ 8 \\ \end{aligned}$} child {node {\color[HTML]{14fe14} transition\_start\_hoch} child { node {$\color[HTML]{0402fc} 0.5$} } child { node {\color[HTML]{14fe14} emission\_hoch\_sonne} child { node {$\color[HTML]{0402fc} 0.8$} } child { node {$\color[HTML]{0402fc} S$} } } child { node {\color[HTML]{14fe14} transition\_hoch\_hoch} child { node {$\color[HTML]{0402fc} 0.7$} } child { node {\color[HTML]{14fe14} emission\_hoch\_sonne} child { node {$\color[HTML]{0402fc} 0.8$} } child { node {$\color[HTML]{0402fc} S$} } } child { node {\color[HTML]{14fe14} transition\_hoch\_hoch} child { node {$\color[HTML]{0402fc} 0.7$} } child { node {\color[HTML]{14fe14} emission\_hoch\_regen} child { node {$\color[HTML]{0402fc} 0.2$} } child { node {$\color[HTML]{0402fc} R$} } } child { node {\color[HTML]{14fe14} transition\_hoch\_hoch} child { node {$\color[HTML]{0402fc} 0.7$} } child { node {\color[HTML]{14fe14} emission\_hoch\_regen} child { node {$\color[HTML]{0402fc} 0.2$} } child { node {$\color[HTML]{0402fc} R$} } } child { node {\color[HTML]{14fe14} nil} child { node {$\color[HTML]{0402fc} \epsilon $} } } } } } };
\end{tikzpicture}


\begin{tikzpicture}
  \node {$\begin{aligned} Rank & \ 9 \\ \end{aligned}$} child {node {\color[HTML]{14fe14} transition\_start\_tief} child { node {$\color[HTML]{0402fc} 0.5$} } child { node {\color[HTML]{14fe14} emission\_tief\_sonne} child { node {$\color[HTML]{0402fc} 0.1$} } child { node {$\color[HTML]{0402fc} S$} } } child { node {\color[HTML]{14fe14} transition\_tief\_tief} child { node {$\color[HTML]{0402fc} 0.6$} } child { node {\color[HTML]{14fe14} emission\_tief\_sonne} child { node {$\color[HTML]{0402fc} 0.1$} } child { node {$\color[HTML]{0402fc} S$} } } child { node {\color[HTML]{14fe14} transition\_tief\_tief} child { node {$\color[HTML]{0402fc} 0.6$} } child { node {\color[HTML]{14fe14} emission\_tief\_regen} child { node {$\color[HTML]{0402fc} 0.9$} } child { node {$\color[HTML]{0402fc} R$} } } child { node {\color[HTML]{14fe14} transition\_tief\_tief} child { node {$\color[HTML]{0402fc} 0.6$} } child { node {\color[HTML]{14fe14} emission\_tief\_regen} child { node {$\color[HTML]{0402fc} 0.9$} } child { node {$\color[HTML]{0402fc} R$} } } child { node {\color[HTML]{14fe14} nil} child { node {$\color[HTML]{0402fc} \epsilon $} } } } } } };
\end{tikzpicture}


\begin{tikzpicture}
  \node {$\begin{aligned} Rank & \ 10 \\ \end{aligned}$} child {node {\color[HTML]{14fe14} transition\_start\_tief} child { node {$\color[HTML]{0402fc} 0.5$} } child { node {\color[HTML]{14fe14} emission\_tief\_sonne} child { node {$\color[HTML]{0402fc} 0.1$} } child { node {$\color[HTML]{0402fc} S$} } } child { node {\color[HTML]{14fe14} transition\_tief\_tief} child { node {$\color[HTML]{0402fc} 0.6$} } child { node {\color[HTML]{14fe14} emission\_tief\_sonne} child { node {$\color[HTML]{0402fc} 0.1$} } child { node {$\color[HTML]{0402fc} S$} } } child { node {\color[HTML]{14fe14} transition\_tief\_tief} child { node {$\color[HTML]{0402fc} 0.6$} } child { node {\color[HTML]{14fe14} emission\_tief\_regen} child { node {$\color[HTML]{0402fc} 0.9$} } child { node {$\color[HTML]{0402fc} R$} } } child { node {\color[HTML]{14fe14} transition\_tief\_hoch} child { node {$\color[HTML]{0402fc} 0.4$} } child { node {\color[HTML]{14fe14} emission\_hoch\_regen} child { node {$\color[HTML]{0402fc} 0.2$} } child { node {$\color[HTML]{0402fc} R$} } } child { node {\color[HTML]{14fe14} nil} child { node {$\color[HTML]{0402fc} \epsilon $} } } } } } };
\end{tikzpicture}


\begin{tikzpicture}
  \node {$\begin{aligned} Rank & \ 11 \\ \end{aligned}$} child {node {\color[HTML]{14fe14} transition\_start\_tief} child { node {$\color[HTML]{0402fc} 0.5$} } child { node {\color[HTML]{14fe14} emission\_tief\_sonne} child { node {$\color[HTML]{0402fc} 0.1$} } child { node {$\color[HTML]{0402fc} S$} } } child { node {\color[HTML]{14fe14} transition\_tief\_tief} child { node {$\color[HTML]{0402fc} 0.6$} } child { node {\color[HTML]{14fe14} emission\_tief\_sonne} child { node {$\color[HTML]{0402fc} 0.1$} } child { node {$\color[HTML]{0402fc} S$} } } child { node {\color[HTML]{14fe14} transition\_tief\_hoch} child { node {$\color[HTML]{0402fc} 0.4$} } child { node {\color[HTML]{14fe14} emission\_hoch\_regen} child { node {$\color[HTML]{0402fc} 0.2$} } child { node {$\color[HTML]{0402fc} R$} } } child { node {\color[HTML]{14fe14} transition\_hoch\_tief} child { node {$\color[HTML]{0402fc} 0.3$} } child { node {\color[HTML]{14fe14} emission\_tief\_regen} child { node {$\color[HTML]{0402fc} 0.9$} } child { node {$\color[HTML]{0402fc} R$} } } child { node {\color[HTML]{14fe14} nil} child { node {$\color[HTML]{0402fc} \epsilon $} } } } } } };
\end{tikzpicture}


\begin{tikzpicture}
  \node {$\begin{aligned} Rank & \ 12 \\ \end{aligned}$} child {node {\color[HTML]{14fe14} transition\_start\_tief} child { node {$\color[HTML]{0402fc} 0.5$} } child { node {\color[HTML]{14fe14} emission\_tief\_sonne} child { node {$\color[HTML]{0402fc} 0.1$} } child { node {$\color[HTML]{0402fc} S$} } } child { node {\color[HTML]{14fe14} transition\_tief\_tief} child { node {$\color[HTML]{0402fc} 0.6$} } child { node {\color[HTML]{14fe14} emission\_tief\_sonne} child { node {$\color[HTML]{0402fc} 0.1$} } child { node {$\color[HTML]{0402fc} S$} } } child { node {\color[HTML]{14fe14} transition\_tief\_hoch} child { node {$\color[HTML]{0402fc} 0.4$} } child { node {\color[HTML]{14fe14} emission\_hoch\_regen} child { node {$\color[HTML]{0402fc} 0.2$} } child { node {$\color[HTML]{0402fc} R$} } } child { node {\color[HTML]{14fe14} transition\_hoch\_hoch} child { node {$\color[HTML]{0402fc} 0.7$} } child { node {\color[HTML]{14fe14} emission\_hoch\_regen} child { node {$\color[HTML]{0402fc} 0.2$} } child { node {$\color[HTML]{0402fc} R$} } } child { node {\color[HTML]{14fe14} nil} child { node {$\color[HTML]{0402fc} \epsilon $} } } } } } };
\end{tikzpicture}


\begin{tikzpicture}
  \node {$\begin{aligned} Rank & \ 13 \\ \end{aligned}$} child {node {\color[HTML]{14fe14} transition\_start\_tief} child { node {$\color[HTML]{0402fc} 0.5$} } child { node {\color[HTML]{14fe14} emission\_tief\_sonne} child { node {$\color[HTML]{0402fc} 0.1$} } child { node {$\color[HTML]{0402fc} S$} } } child { node {\color[HTML]{14fe14} transition\_tief\_hoch} child { node {$\color[HTML]{0402fc} 0.4$} } child { node {\color[HTML]{14fe14} emission\_hoch\_sonne} child { node {$\color[HTML]{0402fc} 0.8$} } child { node {$\color[HTML]{0402fc} S$} } } child { node {\color[HTML]{14fe14} transition\_hoch\_tief} child { node {$\color[HTML]{0402fc} 0.3$} } child { node {\color[HTML]{14fe14} emission\_tief\_regen} child { node {$\color[HTML]{0402fc} 0.9$} } child { node {$\color[HTML]{0402fc} R$} } } child { node {\color[HTML]{14fe14} transition\_tief\_tief} child { node {$\color[HTML]{0402fc} 0.6$} } child { node {\color[HTML]{14fe14} emission\_tief\_regen} child { node {$\color[HTML]{0402fc} 0.9$} } child { node {$\color[HTML]{0402fc} R$} } } child { node {\color[HTML]{14fe14} nil} child { node {$\color[HTML]{0402fc} \epsilon $} } } } } } };
\end{tikzpicture}


\begin{tikzpicture}
  \node {$\begin{aligned} Rank & \ 14 \\ \end{aligned}$} child {node {\color[HTML]{14fe14} transition\_start\_tief} child { node {$\color[HTML]{0402fc} 0.5$} } child { node {\color[HTML]{14fe14} emission\_tief\_sonne} child { node {$\color[HTML]{0402fc} 0.1$} } child { node {$\color[HTML]{0402fc} S$} } } child { node {\color[HTML]{14fe14} transition\_tief\_hoch} child { node {$\color[HTML]{0402fc} 0.4$} } child { node {\color[HTML]{14fe14} emission\_hoch\_sonne} child { node {$\color[HTML]{0402fc} 0.8$} } child { node {$\color[HTML]{0402fc} S$} } } child { node {\color[HTML]{14fe14} transition\_hoch\_tief} child { node {$\color[HTML]{0402fc} 0.3$} } child { node {\color[HTML]{14fe14} emission\_tief\_regen} child { node {$\color[HTML]{0402fc} 0.9$} } child { node {$\color[HTML]{0402fc} R$} } } child { node {\color[HTML]{14fe14} transition\_tief\_hoch} child { node {$\color[HTML]{0402fc} 0.4$} } child { node {\color[HTML]{14fe14} emission\_hoch\_regen} child { node {$\color[HTML]{0402fc} 0.2$} } child { node {$\color[HTML]{0402fc} R$} } } child { node {\color[HTML]{14fe14} nil} child { node {$\color[HTML]{0402fc} \epsilon $} } } } } } };
\end{tikzpicture}


\begin{tikzpicture}
  \node {$\begin{aligned} Rank & \ 15 \\ \end{aligned}$} child {node {\color[HTML]{14fe14} transition\_start\_tief} child { node {$\color[HTML]{0402fc} 0.5$} } child { node {\color[HTML]{14fe14} emission\_tief\_sonne} child { node {$\color[HTML]{0402fc} 0.1$} } child { node {$\color[HTML]{0402fc} S$} } } child { node {\color[HTML]{14fe14} transition\_tief\_hoch} child { node {$\color[HTML]{0402fc} 0.4$} } child { node {\color[HTML]{14fe14} emission\_hoch\_sonne} child { node {$\color[HTML]{0402fc} 0.8$} } child { node {$\color[HTML]{0402fc} S$} } } child { node {\color[HTML]{14fe14} transition\_hoch\_hoch} child { node {$\color[HTML]{0402fc} 0.7$} } child { node {\color[HTML]{14fe14} emission\_hoch\_regen} child { node {$\color[HTML]{0402fc} 0.2$} } child { node {$\color[HTML]{0402fc} R$} } } child { node {\color[HTML]{14fe14} transition\_hoch\_tief} child { node {$\color[HTML]{0402fc} 0.3$} } child { node {\color[HTML]{14fe14} emission\_tief\_regen} child { node {$\color[HTML]{0402fc} 0.9$} } child { node {$\color[HTML]{0402fc} R$} } } child { node {\color[HTML]{14fe14} nil} child { node {$\color[HTML]{0402fc} \epsilon $} } } } } } };
\end{tikzpicture}


\begin{tikzpicture}
  \node {$\begin{aligned} Rank & \ 16 \\ \end{aligned}$} child {node {\color[HTML]{14fe14} transition\_start\_tief} child { node {$\color[HTML]{0402fc} 0.5$} } child { node {\color[HTML]{14fe14} emission\_tief\_sonne} child { node {$\color[HTML]{0402fc} 0.1$} } child { node {$\color[HTML]{0402fc} S$} } } child { node {\color[HTML]{14fe14} transition\_tief\_hoch} child { node {$\color[HTML]{0402fc} 0.4$} } child { node {\color[HTML]{14fe14} emission\_hoch\_sonne} child { node {$\color[HTML]{0402fc} 0.8$} } child { node {$\color[HTML]{0402fc} S$} } } child { node {\color[HTML]{14fe14} transition\_hoch\_hoch} child { node {$\color[HTML]{0402fc} 0.7$} } child { node {\color[HTML]{14fe14} emission\_hoch\_regen} child { node {$\color[HTML]{0402fc} 0.2$} } child { node {$\color[HTML]{0402fc} R$} } } child { node {\color[HTML]{14fe14} transition\_hoch\_hoch} child { node {$\color[HTML]{0402fc} 0.7$} } child { node {\color[HTML]{14fe14} emission\_hoch\_regen} child { node {$\color[HTML]{0402fc} 0.2$} } child { node {$\color[HTML]{0402fc} R$} } } child { node {\color[HTML]{14fe14} nil} child { node {$\color[HTML]{0402fc} \epsilon $} } } } } } };
\end{tikzpicture}

\end{document}

% You computed an instance containing the automatically generated tikZ algebra.
% To 'draw' these candidate trees, redirect standard output into a file and execute pdflatex on it OR
% directly pipe standard output to pdflatex by appending ' | pdflatex' to your previous command.
