Answer: 
root__global( S_0__IL_0( IL_0__IL_0( < A, A > IL_0__B_1( < A, A > B_1__S_2__S_6( S_2__D_3( D_3__D_4( D_4__E_5( nil( < 1, 1 > ) ) ) ) S_6__D_7( D_7__D_8( D_8__D_9( D_9__D_10( D_10__E_11( nil( < 1, 1 > ) ) ) ) ) ) ) ) ) ) )
root__global( S_0__IL_0( IL_0__IR_0( < A, A > IR_0__B_1( B_1__S_2__S_6( S_2__D_3( D_3__D_4( D_4__E_5( nil( < 1, 1 > ) ) ) ) S_6__D_7( D_7__D_8( D_8__D_9( D_9__D_10( D_10__E_11( nil( < 1, 1 > ) ) ) ) ) ) ) < A, A > ) ) ) )
root__global( S_0__IL_0( IL_0__B_1( < A, A > B_1__S_2__S_6( S_2__D_3( D_3__D_4( D_4__E_5( nil( < 1, 1 > ) ) ) ) S_6__IL_6( IL_6__D_7( < A, A > D_7__D_8( D_8__D_9( D_9__D_10( D_10__E_11( nil( < 1, 1 > ) ) ) ) ) ) ) ) ) ) )
root__global( S_0__IL_0( IL_0__B_1( < A, A > B_1__S_2__S_6( S_2__D_3( D_3__D_4( D_4__E_5( nil( < 1, 1 > ) ) ) ) S_6__ML_7( ML_7__D_8( < A, A > D_8__D_9( D_9__D_10( D_10__E_11( nil( < 1, 1 > ) ) ) ) ) ) ) ) ) )
root__global( S_0__IL_0( IL_0__B_1( < A, A > B_1__S_2__S_6( S_2__D_3( D_3__D_4( D_4__E_5( nil( < 1, 1 > ) ) ) ) S_6__MR_7( MR_7__D_8( D_8__D_9( D_9__D_10( D_10__E_11( nil( < 1, 1 > ) ) ) ) < A, A > ) ) ) ) ) )
root__global( S_0__IL_0( IL_0__B_1( < A, A > B_1__S_2__S_6( S_2__D_3( D_3__D_4( D_4__E_5( nil( < 1, 1 > ) ) ) ) S_6__D_7( D_7__IL_7( IL_7__D_8( < A, A > D_8__D_9( D_9__D_10( D_10__E_11( nil( < 1, 1 > ) ) ) ) ) ) ) ) ) ) )
root__global( S_0__IL_0( IL_0__B_1( < A, A > B_1__S_2__S_6( S_2__D_3( D_3__D_4( D_4__E_5( nil( < 1, 1 > ) ) ) ) S_6__D_7( D_7__IR_7( IR_7__D_8( D_8__D_9( D_9__D_10( D_10__E_11( nil( < 1, 1 > ) ) ) ) < A, A > ) ) ) ) ) ) )
root__global( S_0__IL_0( IL_0__B_1( < A, A > B_1__S_2__S_6( S_2__D_3( D_3__D_4( D_4__E_5( nil( < 1, 1 > ) ) ) ) S_6__D_7( D_7__ML_8( ML_8__D_9( < A, A > D_9__D_10( D_10__E_11( nil( < 1, 1 > ) ) ) ) ) ) ) ) ) )
root__global( S_0__IL_0( IL_0__B_1( < A, A > B_1__S_2__S_6( S_2__D_3( D_3__D_4( D_4__E_5( nil( < 1, 1 > ) ) ) ) S_6__D_7( D_7__MR_8( MR_8__D_9( D_9__D_10( D_10__E_11( nil( < 1, 1 > ) ) ) < A, A > ) ) ) ) ) ) )
root__global( S_0__IL_0( IL_0__B_1( < A, A > B_1__S_2__S_6( S_2__D_3( D_3__D_4( D_4__E_5( nil( < 1, 1 > ) ) ) ) S_6__D_7( D_7__D_8( D_8__IL_8( IL_8__D_9( < A, A > D_9__D_10( D_10__E_11( nil( < 1, 1 > ) ) ) ) ) ) ) ) ) ) )
root__global( S_0__IL_0( IL_0__B_1( < A, A > B_1__S_2__S_6( S_2__D_3( D_3__D_4( D_4__E_5( nil( < 1, 1 > ) ) ) ) S_6__D_7( D_7__D_8( D_8__IR_8( IR_8__D_9( D_9__D_10( D_10__E_11( nil( < 1, 1 > ) ) ) < A, A > ) ) ) ) ) ) ) )
root__global( S_0__IL_0( IL_0__B_1( < A, A > B_1__S_2__S_6( S_2__D_3( D_3__D_4( D_4__E_5( nil( < 1, 1 > ) ) ) ) S_6__D_7( D_7__D_8( D_8__ML_9( ML_9__D_10( < A, A > D_10__E_11( nil( < 1, 1 > ) ) ) ) ) ) ) ) ) )
root__global( S_0__IL_0( IL_0__B_1( < A, A > B_1__S_2__S_6( S_2__D_3( D_3__D_4( D_4__E_5( nil( < 1, 1 > ) ) ) ) S_6__D_7( D_7__D_8( D_8__D_9( D_9__IL_9( IL_9__D_10( < A, A > D_10__E_11( nil( < 1, 1 > ) ) ) ) ) ) ) ) ) ) )
root__global( S_0__IL_0( IL_0__B_1( < A, A > B_1__S_2__S_6( S_2__D_3( D_3__D_4( D_4__E_5( nil( < 1, 1 > ) ) ) ) S_6__D_7( D_7__D_8( D_8__D_9( D_9__ML_10( ML_10__E_11( < A, A > nil( < 1, 1 > ) ) ) ) ) ) ) ) ) )
root__global( S_0__IL_0( IL_0__B_1( < A, A > B_1__S_2__S_6( S_2__ML_3( ML_3__D_4( < A, A > D_4__E_5( nil( < 1, 1 > ) ) ) ) S_6__D_7( D_7__D_8( D_8__D_9( D_9__D_10( D_10__E_11( nil( < 1, 1 > ) ) ) ) ) ) ) ) ) )
root__global( S_0__IL_0( IL_0__B_1( < A, A > B_1__S_2__S_6( S_2__MR_3( MR_3__D_4( D_4__E_5( nil( < 1, 1 > ) ) < A, A > ) ) S_6__D_7( D_7__D_8( D_8__D_9( D_9__D_10( D_10__E_11( nil( < 1, 1 > ) ) ) ) ) ) ) ) ) )
root__global( S_0__IL_0( IL_0__B_1( < A, A > B_1__S_2__S_6( S_2__D_3( D_3__IL_3( IL_3__D_4( < A, A > D_4__E_5( nil( < 1, 1 > ) ) ) ) ) S_6__D_7( D_7__D_8( D_8__D_9( D_9__D_10( D_10__E_11( nil( < 1, 1 > ) ) ) ) ) ) ) ) ) )
root__global( S_0__IL_0( IL_0__B_1( < A, A > B_1__S_2__S_6( S_2__D_3( D_3__IR_3( IR_3__D_4( D_4__E_5( nil( < 1, 1 > ) ) < A, A > ) ) ) S_6__D_7( D_7__D_8( D_8__D_9( D_9__D_10( D_10__E_11( nil( < 1, 1 > ) ) ) ) ) ) ) ) ) )
root__global( S_0__IL_0( IL_0__B_1( < A, A > B_1__S_2__S_6( S_2__D_3( D_3__ML_4( ML_4__E_5( < A, A > nil( < 1, 1 > ) ) ) ) S_6__D_7( D_7__D_8( D_8__D_9( D_9__D_10( D_10__E_11( nil( < 1, 1 > ) ) ) ) ) ) ) ) ) )
root__global( S_0__IL_0( IL_0__B_1( < A, A > B_1__S_2__S_6( S_2__D_3( D_3__MR_4( MR_4__E_5( nil( < 1, 1 > ) < A, A > ) ) ) S_6__D_7( D_7__D_8( D_8__D_9( D_9__D_10( D_10__E_11( nil( < 1, 1 > ) ) ) ) ) ) ) ) ) )
root__global( S_0__IL_0( IL_0__B_1( < A, A > B_1__S_2__S_6( S_2__D_3( D_3__D_4( D_4__IL_4( IL_4__E_5( < A, A > nil( < 1, 1 > ) ) ) ) ) S_6__D_7( D_7__D_8( D_8__D_9( D_9__D_10( D_10__E_11( nil( < 1, 1 > ) ) ) ) ) ) ) ) ) )
root__global( S_0__IR_0( IR_0__IR_0( IR_0__B_1( B_1__S_2__S_6( S_2__D_3( D_3__D_4( D_4__E_5( nil( < 1, 1 > ) ) ) ) S_6__D_7( D_7__D_8( D_8__D_9( D_9__D_10( D_10__E_11( nil( < 1, 1 > ) ) ) ) ) ) ) < A, A > ) < A, A > ) ) )
root__global( S_0__IR_0( IR_0__B_1( B_1__S_2__S_6( S_2__D_3( D_3__D_4( D_4__E_5( nil( < 1, 1 > ) ) ) ) S_6__IL_6( IL_6__D_7( < A, A > D_7__D_8( D_8__D_9( D_9__D_10( D_10__E_11( nil( < 1, 1 > ) ) ) ) ) ) ) ) < A, A > ) ) )
root__global( S_0__IR_0( IR_0__B_1( B_1__S_2__S_6( S_2__D_3( D_3__D_4( D_4__E_5( nil( < 1, 1 > ) ) ) ) S_6__ML_7( ML_7__D_8( < A, A > D_8__D_9( D_9__D_10( D_10__E_11( nil( < 1, 1 > ) ) ) ) ) ) ) < A, A > ) ) )
root__global( S_0__IR_0( IR_0__B_1( B_1__S_2__S_6( S_2__D_3( D_3__D_4( D_4__E_5( nil( < 1, 1 > ) ) ) ) S_6__MR_7( MR_7__D_8( D_8__D_9( D_9__D_10( D_10__E_11( nil( < 1, 1 > ) ) ) ) < A, A > ) ) ) < A, A > ) ) )
root__global( S_0__IR_0( IR_0__B_1( B_1__S_2__S_6( S_2__D_3( D_3__D_4( D_4__E_5( nil( < 1, 1 > ) ) ) ) S_6__D_7( D_7__IL_7( IL_7__D_8( < A, A > D_8__D_9( D_9__D_10( D_10__E_11( nil( < 1, 1 > ) ) ) ) ) ) ) ) < A, A > ) ) )
root__global( S_0__IR_0( IR_0__B_1( B_1__S_2__S_6( S_2__D_3( D_3__D_4( D_4__E_5( nil( < 1, 1 > ) ) ) ) S_6__D_7( D_7__IR_7( IR_7__D_8( D_8__D_9( D_9__D_10( D_10__E_11( nil( < 1, 1 > ) ) ) ) < A, A > ) ) ) ) < A, A > ) ) )
root__global( S_0__IR_0( IR_0__B_1( B_1__S_2__S_6( S_2__D_3( D_3__D_4( D_4__E_5( nil( < 1, 1 > ) ) ) ) S_6__D_7( D_7__ML_8( ML_8__D_9( < A, A > D_9__D_10( D_10__E_11( nil( < 1, 1 > ) ) ) ) ) ) ) < A, A > ) ) )
root__global( S_0__IR_0( IR_0__B_1( B_1__S_2__S_6( S_2__D_3( D_3__D_4( D_4__E_5( nil( < 1, 1 > ) ) ) ) S_6__D_7( D_7__MR_8( MR_8__D_9( D_9__D_10( D_10__E_11( nil( < 1, 1 > ) ) ) < A, A > ) ) ) ) < A, A > ) ) )
root__global( S_0__IR_0( IR_0__B_1( B_1__S_2__S_6( S_2__D_3( D_3__D_4( D_4__E_5( nil( < 1, 1 > ) ) ) ) S_6__D_7( D_7__D_8( D_8__IL_8( IL_8__D_9( < A, A > D_9__D_10( D_10__E_11( nil( < 1, 1 > ) ) ) ) ) ) ) ) < A, A > ) ) )
root__global( S_0__IR_0( IR_0__B_1( B_1__S_2__S_6( S_2__D_3( D_3__D_4( D_4__E_5( nil( < 1, 1 > ) ) ) ) S_6__D_7( D_7__D_8( D_8__IR_8( IR_8__D_9( D_9__D_10( D_10__E_11( nil( < 1, 1 > ) ) ) < A, A > ) ) ) ) ) < A, A > ) ) )
root__global( S_0__IR_0( IR_0__B_1( B_1__S_2__S_6( S_2__D_3( D_3__D_4( D_4__E_5( nil( < 1, 1 > ) ) ) ) S_6__D_7( D_7__D_8( D_8__ML_9( ML_9__D_10( < A, A > D_10__E_11( nil( < 1, 1 > ) ) ) ) ) ) ) < A, A > ) ) )
root__global( S_0__IR_0( IR_0__B_1( B_1__S_2__S_6( S_2__D_3( D_3__D_4( D_4__E_5( nil( < 1, 1 > ) ) ) ) S_6__D_7( D_7__D_8( D_8__D_9( D_9__IL_9( IL_9__D_10( < A, A > D_10__E_11( nil( < 1, 1 > ) ) ) ) ) ) ) ) < A, A > ) ) )
root__global( S_0__IR_0( IR_0__B_1( B_1__S_2__S_6( S_2__D_3( D_3__D_4( D_4__E_5( nil( < 1, 1 > ) ) ) ) S_6__D_7( D_7__D_8( D_8__D_9( D_9__ML_10( ML_10__E_11( < A, A > nil( < 1, 1 > ) ) ) ) ) ) ) < A, A > ) ) )
root__global( S_0__IR_0( IR_0__B_1( B_1__S_2__S_6( S_2__ML_3( ML_3__D_4( < A, A > D_4__E_5( nil( < 1, 1 > ) ) ) ) S_6__D_7( D_7__D_8( D_8__D_9( D_9__D_10( D_10__E_11( nil( < 1, 1 > ) ) ) ) ) ) ) < A, A > ) ) )
root__global( S_0__IR_0( IR_0__B_1( B_1__S_2__S_6( S_2__MR_3( MR_3__D_4( D_4__E_5( nil( < 1, 1 > ) ) < A, A > ) ) S_6__D_7( D_7__D_8( D_8__D_9( D_9__D_10( D_10__E_11( nil( < 1, 1 > ) ) ) ) ) ) ) < A, A > ) ) )
root__global( S_0__IR_0( IR_0__B_1( B_1__S_2__S_6( S_2__D_3( D_3__IL_3( IL_3__D_4( < A, A > D_4__E_5( nil( < 1, 1 > ) ) ) ) ) S_6__D_7( D_7__D_8( D_8__D_9( D_9__D_10( D_10__E_11( nil( < 1, 1 > ) ) ) ) ) ) ) < A, A > ) ) )
root__global( S_0__IR_0( IR_0__B_1( B_1__S_2__S_6( S_2__D_3( D_3__IR_3( IR_3__D_4( D_4__E_5( nil( < 1, 1 > ) ) < A, A > ) ) ) S_6__D_7( D_7__D_8( D_8__D_9( D_9__D_10( D_10__E_11( nil( < 1, 1 > ) ) ) ) ) ) ) < A, A > ) ) )
root__global( S_0__IR_0( IR_0__B_1( B_1__S_2__S_6( S_2__D_3( D_3__ML_4( ML_4__E_5( < A, A > nil( < 1, 1 > ) ) ) ) S_6__D_7( D_7__D_8( D_8__D_9( D_9__D_10( D_10__E_11( nil( < 1, 1 > ) ) ) ) ) ) ) < A, A > ) ) )
root__global( S_0__IR_0( IR_0__B_1( B_1__S_2__S_6( S_2__D_3( D_3__MR_4( MR_4__E_5( nil( < 1, 1 > ) < A, A > ) ) ) S_6__D_7( D_7__D_8( D_8__D_9( D_9__D_10( D_10__E_11( nil( < 1, 1 > ) ) ) ) ) ) ) < A, A > ) ) )
root__global( S_0__IR_0( IR_0__B_1( B_1__S_2__S_6( S_2__D_3( D_3__D_4( D_4__IL_4( IL_4__E_5( < A, A > nil( < 1, 1 > ) ) ) ) ) S_6__D_7( D_7__D_8( D_8__D_9( D_9__D_10( D_10__E_11( nil( < 1, 1 > ) ) ) ) ) ) ) < A, A > ) ) )
root__global( S_0__B_1( B_1__S_2__S_6( S_2__D_3( D_3__D_4( D_4__E_5( nil( < 1, 1 > ) ) ) ) S_6__IL_6( IL_6__IL_6( < A, A > IL_6__D_7( < A, A > D_7__D_8( D_8__D_9( D_9__D_10( D_10__E_11( nil( < 1, 1 > ) ) ) ) ) ) ) ) ) ) )
root__global( S_0__B_1( B_1__S_2__S_6( S_2__D_3( D_3__D_4( D_4__E_5( nil( < 1, 1 > ) ) ) ) S_6__IL_6( IL_6__ML_7( < A, A > ML_7__D_8( < A, A > D_8__D_9( D_9__D_10( D_10__E_11( nil( < 1, 1 > ) ) ) ) ) ) ) ) ) )
root__global( S_0__B_1( B_1__S_2__S_6( S_2__D_3( D_3__D_4( D_4__E_5( nil( < 1, 1 > ) ) ) ) S_6__IL_6( IL_6__MR_7( < A, A > MR_7__D_8( D_8__D_9( D_9__D_10( D_10__E_11( nil( < 1, 1 > ) ) ) ) < A, A > ) ) ) ) ) )
root__global( S_0__B_1( B_1__S_2__S_6( S_2__D_3( D_3__D_4( D_4__E_5( nil( < 1, 1 > ) ) ) ) S_6__IL_6( IL_6__D_7( < A, A > D_7__IL_7( IL_7__D_8( < A, A > D_8__D_9( D_9__D_10( D_10__E_11( nil( < 1, 1 > ) ) ) ) ) ) ) ) ) ) )
root__global( S_0__B_1( B_1__S_2__S_6( S_2__D_3( D_3__D_4( D_4__E_5( nil( < 1, 1 > ) ) ) ) S_6__IL_6( IL_6__D_7( < A, A > D_7__IR_7( IR_7__D_8( D_8__D_9( D_9__D_10( D_10__E_11( nil( < 1, 1 > ) ) ) ) < A, A > ) ) ) ) ) ) )
root__global( S_0__B_1( B_1__S_2__S_6( S_2__D_3( D_3__D_4( D_4__E_5( nil( < 1, 1 > ) ) ) ) S_6__IL_6( IL_6__D_7( < A, A > D_7__ML_8( ML_8__D_9( < A, A > D_9__D_10( D_10__E_11( nil( < 1, 1 > ) ) ) ) ) ) ) ) ) )
root__global( S_0__B_1( B_1__S_2__S_6( S_2__D_3( D_3__D_4( D_4__E_5( nil( < 1, 1 > ) ) ) ) S_6__IL_6( IL_6__D_7( < A, A > D_7__MR_8( MR_8__D_9( D_9__D_10( D_10__E_11( nil( < 1, 1 > ) ) ) < A, A > ) ) ) ) ) ) )
root__global( S_0__B_1( B_1__S_2__S_6( S_2__D_3( D_3__D_4( D_4__E_5( nil( < 1, 1 > ) ) ) ) S_6__IL_6( IL_6__D_7( < A, A > D_7__D_8( D_8__IL_8( IL_8__D_9( < A, A > D_9__D_10( D_10__E_11( nil( < 1, 1 > ) ) ) ) ) ) ) ) ) ) )
root__global( S_0__B_1( B_1__S_2__S_6( S_2__D_3( D_3__D_4( D_4__E_5( nil( < 1, 1 > ) ) ) ) S_6__IL_6( IL_6__D_7( < A, A > D_7__D_8( D_8__IR_8( IR_8__D_9( D_9__D_10( D_10__E_11( nil( < 1, 1 > ) ) ) < A, A > ) ) ) ) ) ) ) )
root__global( S_0__B_1( B_1__S_2__S_6( S_2__D_3( D_3__D_4( D_4__E_5( nil( < 1, 1 > ) ) ) ) S_6__IL_6( IL_6__D_7( < A, A > D_7__D_8( D_8__ML_9( ML_9__D_10( < A, A > D_10__E_11( nil( < 1, 1 > ) ) ) ) ) ) ) ) ) )
root__global( S_0__B_1( B_1__S_2__S_6( S_2__D_3( D_3__D_4( D_4__E_5( nil( < 1, 1 > ) ) ) ) S_6__IL_6( IL_6__D_7( < A, A > D_7__D_8( D_8__D_9( D_9__IL_9( IL_9__D_10( < A, A > D_10__E_11( nil( < 1, 1 > ) ) ) ) ) ) ) ) ) ) )
root__global( S_0__B_1( B_1__S_2__S_6( S_2__D_3( D_3__D_4( D_4__E_5( nil( < 1, 1 > ) ) ) ) S_6__IL_6( IL_6__D_7( < A, A > D_7__D_8( D_8__D_9( D_9__ML_10( ML_10__E_11( < A, A > nil( < 1, 1 > ) ) ) ) ) ) ) ) ) )
root__global( S_0__B_1( B_1__S_2__S_6( S_2__D_3( D_3__D_4( D_4__E_5( nil( < 1, 1 > ) ) ) ) S_6__MP_7( MP_7__D_8( < A, A > D_8__D_9( D_9__D_10( D_10__E_11( nil( < 1, 1 > ) ) ) ) < A, A > ) ) ) ) )
root__global( S_0__B_1( B_1__S_2__S_6( S_2__D_3( D_3__D_4( D_4__E_5( nil( < 1, 1 > ) ) ) ) S_6__ML_7( ML_7__IL_7( < A, A > IL_7__D_8( < A, A > D_8__D_9( D_9__D_10( D_10__E_11( nil( < 1, 1 > ) ) ) ) ) ) ) ) ) )
root__global( S_0__B_1( B_1__S_2__S_6( S_2__D_3( D_3__D_4( D_4__E_5( nil( < 1, 1 > ) ) ) ) S_6__ML_7( ML_7__IR_7( < A, A > IR_7__D_8( D_8__D_9( D_9__D_10( D_10__E_11( nil( < 1, 1 > ) ) ) ) < A, A > ) ) ) ) ) )
root__global( S_0__B_1( B_1__S_2__S_6( S_2__D_3( D_3__D_4( D_4__E_5( nil( < 1, 1 > ) ) ) ) S_6__ML_7( ML_7__ML_8( < A, A > ML_8__D_9( < A, A > D_9__D_10( D_10__E_11( nil( < 1, 1 > ) ) ) ) ) ) ) ) )
root__global( S_0__B_1( B_1__S_2__S_6( S_2__D_3( D_3__D_4( D_4__E_5( nil( < 1, 1 > ) ) ) ) S_6__ML_7( ML_7__MR_8( < A, A > MR_8__D_9( D_9__D_10( D_10__E_11( nil( < 1, 1 > ) ) ) < A, A > ) ) ) ) ) )
root__global( S_0__B_1( B_1__S_2__S_6( S_2__D_3( D_3__D_4( D_4__E_5( nil( < 1, 1 > ) ) ) ) S_6__ML_7( ML_7__D_8( < A, A > D_8__IL_8( IL_8__D_9( < A, A > D_9__D_10( D_10__E_11( nil( < 1, 1 > ) ) ) ) ) ) ) ) ) )
root__global( S_0__B_1( B_1__S_2__S_6( S_2__D_3( D_3__D_4( D_4__E_5( nil( < 1, 1 > ) ) ) ) S_6__ML_7( ML_7__D_8( < A, A > D_8__IR_8( IR_8__D_9( D_9__D_10( D_10__E_11( nil( < 1, 1 > ) ) ) < A, A > ) ) ) ) ) ) )
root__global( S_0__B_1( B_1__S_2__S_6( S_2__D_3( D_3__D_4( D_4__E_5( nil( < 1, 1 > ) ) ) ) S_6__ML_7( ML_7__D_8( < A, A > D_8__ML_9( ML_9__D_10( < A, A > D_10__E_11( nil( < 1, 1 > ) ) ) ) ) ) ) ) )
root__global( S_0__B_1( B_1__S_2__S_6( S_2__D_3( D_3__D_4( D_4__E_5( nil( < 1, 1 > ) ) ) ) S_6__ML_7( ML_7__D_8( < A, A > D_8__D_9( D_9__IL_9( IL_9__D_10( < A, A > D_10__E_11( nil( < 1, 1 > ) ) ) ) ) ) ) ) ) )
root__global( S_0__B_1( B_1__S_2__S_6( S_2__D_3( D_3__D_4( D_4__E_5( nil( < 1, 1 > ) ) ) ) S_6__ML_7( ML_7__D_8( < A, A > D_8__D_9( D_9__ML_10( ML_10__E_11( < A, A > nil( < 1, 1 > ) ) ) ) ) ) ) ) )
root__global( S_0__B_1( B_1__S_2__S_6( S_2__D_3( D_3__D_4( D_4__E_5( nil( < 1, 1 > ) ) ) ) S_6__MR_7( MR_7__IL_7( IL_7__D_8( < A, A > D_8__D_9( D_9__D_10( D_10__E_11( nil( < 1, 1 > ) ) ) ) ) < A, A > ) ) ) ) )
root__global( S_0__B_1( B_1__S_2__S_6( S_2__D_3( D_3__D_4( D_4__E_5( nil( < 1, 1 > ) ) ) ) S_6__MR_7( MR_7__IR_7( IR_7__D_8( D_8__D_9( D_9__D_10( D_10__E_11( nil( < 1, 1 > ) ) ) ) < A, A > ) < A, A > ) ) ) ) )
root__global( S_0__B_1( B_1__S_2__S_6( S_2__D_3( D_3__D_4( D_4__E_5( nil( < 1, 1 > ) ) ) ) S_6__MR_7( MR_7__ML_8( ML_8__D_9( < A, A > D_9__D_10( D_10__E_11( nil( < 1, 1 > ) ) ) ) < A, A > ) ) ) ) )
root__global( S_0__B_1( B_1__S_2__S_6( S_2__D_3( D_3__D_4( D_4__E_5( nil( < 1, 1 > ) ) ) ) S_6__MR_7( MR_7__MR_8( MR_8__D_9( D_9__D_10( D_10__E_11( nil( < 1, 1 > ) ) ) < A, A > ) < A, A > ) ) ) ) )
root__global( S_0__B_1( B_1__S_2__S_6( S_2__D_3( D_3__D_4( D_4__E_5( nil( < 1, 1 > ) ) ) ) S_6__MR_7( MR_7__D_8( D_8__IL_8( IL_8__D_9( < A, A > D_9__D_10( D_10__E_11( nil( < 1, 1 > ) ) ) ) ) < A, A > ) ) ) ) )
root__global( S_0__B_1( B_1__S_2__S_6( S_2__D_3( D_3__D_4( D_4__E_5( nil( < 1, 1 > ) ) ) ) S_6__MR_7( MR_7__D_8( D_8__IR_8( IR_8__D_9( D_9__D_10( D_10__E_11( nil( < 1, 1 > ) ) ) < A, A > ) ) < A, A > ) ) ) ) )
root__global( S_0__B_1( B_1__S_2__S_6( S_2__D_3( D_3__D_4( D_4__E_5( nil( < 1, 1 > ) ) ) ) S_6__MR_7( MR_7__D_8( D_8__ML_9( ML_9__D_10( < A, A > D_10__E_11( nil( < 1, 1 > ) ) ) ) < A, A > ) ) ) ) )
root__global( S_0__B_1( B_1__S_2__S_6( S_2__D_3( D_3__D_4( D_4__E_5( nil( < 1, 1 > ) ) ) ) S_6__MR_7( MR_7__D_8( D_8__D_9( D_9__IL_9( IL_9__D_10( < A, A > D_10__E_11( nil( < 1, 1 > ) ) ) ) ) < A, A > ) ) ) ) )
root__global( S_0__B_1( B_1__S_2__S_6( S_2__D_3( D_3__D_4( D_4__E_5( nil( < 1, 1 > ) ) ) ) S_6__MR_7( MR_7__D_8( D_8__D_9( D_9__ML_10( ML_10__E_11( < A, A > nil( < 1, 1 > ) ) ) ) < A, A > ) ) ) ) )
root__global( S_0__B_1( B_1__S_2__S_6( S_2__D_3( D_3__D_4( D_4__E_5( nil( < 1, 1 > ) ) ) ) S_6__D_7( D_7__IL_7( IL_7__IL_7( < A, A > IL_7__D_8( < A, A > D_8__D_9( D_9__D_10( D_10__E_11( nil( < 1, 1 > ) ) ) ) ) ) ) ) ) ) )
root__global( S_0__B_1( B_1__S_2__S_6( S_2__D_3( D_3__D_4( D_4__E_5( nil( < 1, 1 > ) ) ) ) S_6__D_7( D_7__IL_7( IL_7__IR_7( < A, A > IR_7__D_8( D_8__D_9( D_9__D_10( D_10__E_11( nil( < 1, 1 > ) ) ) ) < A, A > ) ) ) ) ) ) )
root__global( S_0__B_1( B_1__S_2__S_6( S_2__D_3( D_3__D_4( D_4__E_5( nil( < 1, 1 > ) ) ) ) S_6__D_7( D_7__IL_7( IL_7__ML_8( < A, A > ML_8__D_9( < A, A > D_9__D_10( D_10__E_11( nil( < 1, 1 > ) ) ) ) ) ) ) ) ) )
root__global( S_0__B_1( B_1__S_2__S_6( S_2__D_3( D_3__D_4( D_4__E_5( nil( < 1, 1 > ) ) ) ) S_6__D_7( D_7__IL_7( IL_7__MR_8( < A, A > MR_8__D_9( D_9__D_10( D_10__E_11( nil( < 1, 1 > ) ) ) < A, A > ) ) ) ) ) ) )
root__global( S_0__B_1( B_1__S_2__S_6( S_2__D_3( D_3__D_4( D_4__E_5( nil( < 1, 1 > ) ) ) ) S_6__D_7( D_7__IL_7( IL_7__D_8( < A, A > D_8__IL_8( IL_8__D_9( < A, A > D_9__D_10( D_10__E_11( nil( < 1, 1 > ) ) ) ) ) ) ) ) ) ) )
root__global( S_0__B_1( B_1__S_2__S_6( S_2__D_3( D_3__D_4( D_4__E_5( nil( < 1, 1 > ) ) ) ) S_6__D_7( D_7__IL_7( IL_7__D_8( < A, A > D_8__IR_8( IR_8__D_9( D_9__D_10( D_10__E_11( nil( < 1, 1 > ) ) ) < A, A > ) ) ) ) ) ) ) )
root__global( S_0__B_1( B_1__S_2__S_6( S_2__D_3( D_3__D_4( D_4__E_5( nil( < 1, 1 > ) ) ) ) S_6__D_7( D_7__IL_7( IL_7__D_8( < A, A > D_8__ML_9( ML_9__D_10( < A, A > D_10__E_11( nil( < 1, 1 > ) ) ) ) ) ) ) ) ) )
root__global( S_0__B_1( B_1__S_2__S_6( S_2__D_3( D_3__D_4( D_4__E_5( nil( < 1, 1 > ) ) ) ) S_6__D_7( D_7__IL_7( IL_7__D_8( < A, A > D_8__D_9( D_9__IL_9( IL_9__D_10( < A, A > D_10__E_11( nil( < 1, 1 > ) ) ) ) ) ) ) ) ) ) )
root__global( S_0__B_1( B_1__S_2__S_6( S_2__D_3( D_3__D_4( D_4__E_5( nil( < 1, 1 > ) ) ) ) S_6__D_7( D_7__IL_7( IL_7__D_8( < A, A > D_8__D_9( D_9__ML_10( ML_10__E_11( < A, A > nil( < 1, 1 > ) ) ) ) ) ) ) ) ) )
root__global( S_0__B_1( B_1__S_2__S_6( S_2__D_3( D_3__D_4( D_4__E_5( nil( < 1, 1 > ) ) ) ) S_6__D_7( D_7__IR_7( IR_7__IR_7( IR_7__D_8( D_8__D_9( D_9__D_10( D_10__E_11( nil( < 1, 1 > ) ) ) ) < A, A > ) < A, A > ) ) ) ) ) )
root__global( S_0__B_1( B_1__S_2__S_6( S_2__D_3( D_3__D_4( D_4__E_5( nil( < 1, 1 > ) ) ) ) S_6__D_7( D_7__IR_7( IR_7__ML_8( ML_8__D_9( < A, A > D_9__D_10( D_10__E_11( nil( < 1, 1 > ) ) ) ) < A, A > ) ) ) ) ) )
root__global( S_0__B_1( B_1__S_2__S_6( S_2__D_3( D_3__D_4( D_4__E_5( nil( < 1, 1 > ) ) ) ) S_6__D_7( D_7__IR_7( IR_7__MR_8( MR_8__D_9( D_9__D_10( D_10__E_11( nil( < 1, 1 > ) ) ) < A, A > ) < A, A > ) ) ) ) ) )
root__global( S_0__B_1( B_1__S_2__S_6( S_2__D_3( D_3__D_4( D_4__E_5( nil( < 1, 1 > ) ) ) ) S_6__D_7( D_7__IR_7( IR_7__D_8( D_8__IL_8( IL_8__D_9( < A, A > D_9__D_10( D_10__E_11( nil( < 1, 1 > ) ) ) ) ) < A, A > ) ) ) ) ) )
root__global( S_0__B_1( B_1__S_2__S_6( S_2__D_3( D_3__D_4( D_4__E_5( nil( < 1, 1 > ) ) ) ) S_6__D_7( D_7__IR_7( IR_7__D_8( D_8__IR_8( IR_8__D_9( D_9__D_10( D_10__E_11( nil( < 1, 1 > ) ) ) < A, A > ) ) < A, A > ) ) ) ) ) )
root__global( S_0__B_1( B_1__S_2__S_6( S_2__D_3( D_3__D_4( D_4__E_5( nil( < 1, 1 > ) ) ) ) S_6__D_7( D_7__IR_7( IR_7__D_8( D_8__ML_9( ML_9__D_10( < A, A > D_10__E_11( nil( < 1, 1 > ) ) ) ) < A, A > ) ) ) ) ) )
root__global( S_0__B_1( B_1__S_2__S_6( S_2__D_3( D_3__D_4( D_4__E_5( nil( < 1, 1 > ) ) ) ) S_6__D_7( D_7__IR_7( IR_7__D_8( D_8__D_9( D_9__IL_9( IL_9__D_10( < A, A > D_10__E_11( nil( < 1, 1 > ) ) ) ) ) < A, A > ) ) ) ) ) )
root__global( S_0__B_1( B_1__S_2__S_6( S_2__D_3( D_3__D_4( D_4__E_5( nil( < 1, 1 > ) ) ) ) S_6__D_7( D_7__IR_7( IR_7__D_8( D_8__D_9( D_9__ML_10( ML_10__E_11( < A, A > nil( < 1, 1 > ) ) ) ) < A, A > ) ) ) ) ) )
root__global( S_0__B_1( B_1__S_2__S_6( S_2__D_3( D_3__D_4( D_4__E_5( nil( < 1, 1 > ) ) ) ) S_6__D_7( D_7__MP_8( MP_8__D_9( < A, A > D_9__D_10( D_10__E_11( nil( < 1, 1 > ) ) ) < A, A > ) ) ) ) ) )
root__global( S_0__B_1( B_1__S_2__S_6( S_2__D_3( D_3__D_4( D_4__E_5( nil( < 1, 1 > ) ) ) ) S_6__D_7( D_7__ML_8( ML_8__IL_8( < A, A > IL_8__D_9( < A, A > D_9__D_10( D_10__E_11( nil( < 1, 1 > ) ) ) ) ) ) ) ) ) )
root__global( S_0__B_1( B_1__S_2__S_6( S_2__D_3( D_3__D_4( D_4__E_5( nil( < 1, 1 > ) ) ) ) S_6__D_7( D_7__ML_8( ML_8__IR_8( < A, A > IR_8__D_9( D_9__D_10( D_10__E_11( nil( < 1, 1 > ) ) ) < A, A > ) ) ) ) ) ) )
root__global( S_0__B_1( B_1__S_2__S_6( S_2__D_3( D_3__D_4( D_4__E_5( nil( < 1, 1 > ) ) ) ) S_6__D_7( D_7__ML_8( ML_8__ML_9( < A, A > ML_9__D_10( < A, A > D_10__E_11( nil( < 1, 1 > ) ) ) ) ) ) ) ) )
root__global( S_0__B_1( B_1__S_2__S_6( S_2__D_3( D_3__D_4( D_4__E_5( nil( < 1, 1 > ) ) ) ) S_6__D_7( D_7__ML_8( ML_8__D_9( < A, A > D_9__IL_9( IL_9__D_10( < A, A > D_10__E_11( nil( < 1, 1 > ) ) ) ) ) ) ) ) ) )
root__global( S_0__B_1( B_1__S_2__S_6( S_2__D_3( D_3__D_4( D_4__E_5( nil( < 1, 1 > ) ) ) ) S_6__D_7( D_7__ML_8( ML_8__D_9( < A, A > D_9__ML_10( ML_10__E_11( < A, A > nil( < 1, 1 > ) ) ) ) ) ) ) ) )
root__global( S_0__B_1( B_1__S_2__S_6( S_2__D_3( D_3__D_4( D_4__E_5( nil( < 1, 1 > ) ) ) ) S_6__D_7( D_7__MR_8( MR_8__IL_8( IL_8__D_9( < A, A > D_9__D_10( D_10__E_11( nil( < 1, 1 > ) ) ) ) < A, A > ) ) ) ) ) )
root__global( S_0__B_1( B_1__S_2__S_6( S_2__D_3( D_3__D_4( D_4__E_5( nil( < 1, 1 > ) ) ) ) S_6__D_7( D_7__MR_8( MR_8__IR_8( IR_8__D_9( D_9__D_10( D_10__E_11( nil( < 1, 1 > ) ) ) < A, A > ) < A, A > ) ) ) ) ) )
root__global( S_0__B_1( B_1__S_2__S_6( S_2__D_3( D_3__D_4( D_4__E_5( nil( < 1, 1 > ) ) ) ) S_6__D_7( D_7__MR_8( MR_8__ML_9( ML_9__D_10( < A, A > D_10__E_11( nil( < 1, 1 > ) ) ) < A, A > ) ) ) ) ) )
root__global( S_0__B_1( B_1__S_2__S_6( S_2__D_3( D_3__D_4( D_4__E_5( nil( < 1, 1 > ) ) ) ) S_6__D_7( D_7__MR_8( MR_8__D_9( D_9__IL_9( IL_9__D_10( < A, A > D_10__E_11( nil( < 1, 1 > ) ) ) ) < A, A > ) ) ) ) ) )
root__global( S_0__B_1( B_1__S_2__S_6( S_2__D_3( D_3__D_4( D_4__E_5( nil( < 1, 1 > ) ) ) ) S_6__D_7( D_7__MR_8( MR_8__D_9( D_9__ML_10( ML_10__E_11( < A, A > nil( < 1, 1 > ) ) ) < A, A > ) ) ) ) ) )
root__global( S_0__B_1( B_1__S_2__S_6( S_2__D_3( D_3__D_4( D_4__E_5( nil( < 1, 1 > ) ) ) ) S_6__D_7( D_7__D_8( D_8__IL_8( IL_8__IL_8( < A, A > IL_8__D_9( < A, A > D_9__D_10( D_10__E_11( nil( < 1, 1 > ) ) ) ) ) ) ) ) ) ) )
root__global( S_0__B_1( B_1__S_2__S_6( S_2__D_3( D_3__D_4( D_4__E_5( nil( < 1, 1 > ) ) ) ) S_6__D_7( D_7__D_8( D_8__IL_8( IL_8__IR_8( < A, A > IR_8__D_9( D_9__D_10( D_10__E_11( nil( < 1, 1 > ) ) ) < A, A > ) ) ) ) ) ) ) )
root__global( S_0__B_1( B_1__S_2__S_6( S_2__D_3( D_3__D_4( D_4__E_5( nil( < 1, 1 > ) ) ) ) S_6__D_7( D_7__D_8( D_8__IL_8( IL_8__ML_9( < A, A > ML_9__D_10( < A, A > D_10__E_11( nil( < 1, 1 > ) ) ) ) ) ) ) ) ) )
root__global( S_0__B_1( B_1__S_2__S_6( S_2__D_3( D_3__D_4( D_4__E_5( nil( < 1, 1 > ) ) ) ) S_6__D_7( D_7__D_8( D_8__IL_8( IL_8__D_9( < A, A > D_9__IL_9( IL_9__D_10( < A, A > D_10__E_11( nil( < 1, 1 > ) ) ) ) ) ) ) ) ) ) )
root__global( S_0__B_1( B_1__S_2__S_6( S_2__D_3( D_3__D_4( D_4__E_5( nil( < 1, 1 > ) ) ) ) S_6__D_7( D_7__D_8( D_8__IL_8( IL_8__D_9( < A, A > D_9__ML_10( ML_10__E_11( < A, A > nil( < 1, 1 > ) ) ) ) ) ) ) ) ) )
root__global( S_0__B_1( B_1__S_2__S_6( S_2__D_3( D_3__D_4( D_4__E_5( nil( < 1, 1 > ) ) ) ) S_6__D_7( D_7__D_8( D_8__IR_8( IR_8__IR_8( IR_8__D_9( D_9__D_10( D_10__E_11( nil( < 1, 1 > ) ) ) < A, A > ) < A, A > ) ) ) ) ) ) )
root__global( S_0__B_1( B_1__S_2__S_6( S_2__D_3( D_3__D_4( D_4__E_5( nil( < 1, 1 > ) ) ) ) S_6__D_7( D_7__D_8( D_8__IR_8( IR_8__ML_9( ML_9__D_10( < A, A > D_10__E_11( nil( < 1, 1 > ) ) ) < A, A > ) ) ) ) ) ) )
root__global( S_0__B_1( B_1__S_2__S_6( S_2__D_3( D_3__D_4( D_4__E_5( nil( < 1, 1 > ) ) ) ) S_6__D_7( D_7__D_8( D_8__IR_8( IR_8__D_9( D_9__IL_9( IL_9__D_10( < A, A > D_10__E_11( nil( < 1, 1 > ) ) ) ) < A, A > ) ) ) ) ) ) )
root__global( S_0__B_1( B_1__S_2__S_6( S_2__D_3( D_3__D_4( D_4__E_5( nil( < 1, 1 > ) ) ) ) S_6__D_7( D_7__D_8( D_8__IR_8( IR_8__D_9( D_9__ML_10( ML_10__E_11( < A, A > nil( < 1, 1 > ) ) ) < A, A > ) ) ) ) ) ) )
root__global( S_0__B_1( B_1__S_2__S_6( S_2__D_3( D_3__D_4( D_4__E_5( nil( < 1, 1 > ) ) ) ) S_6__D_7( D_7__D_8( D_8__ML_9( ML_9__IL_9( < A, A > IL_9__D_10( < A, A > D_10__E_11( nil( < 1, 1 > ) ) ) ) ) ) ) ) ) )
root__global( S_0__B_1( B_1__S_2__S_6( S_2__D_3( D_3__D_4( D_4__E_5( nil( < 1, 1 > ) ) ) ) S_6__D_7( D_7__D_8( D_8__ML_9( ML_9__ML_10( < A, A > ML_10__E_11( < A, A > nil( < 1, 1 > ) ) ) ) ) ) ) ) )
root__global( S_0__B_1( B_1__S_2__S_6( S_2__D_3( D_3__D_4( D_4__E_5( nil( < 1, 1 > ) ) ) ) S_6__D_7( D_7__D_8( D_8__D_9( D_9__IL_9( IL_9__IL_9( < A, A > IL_9__D_10( < A, A > D_10__E_11( nil( < 1, 1 > ) ) ) ) ) ) ) ) ) ) )
root__global( S_0__B_1( B_1__S_2__S_6( S_2__D_3( D_3__D_4( D_4__E_5( nil( < 1, 1 > ) ) ) ) S_6__D_7( D_7__D_8( D_8__D_9( D_9__IL_9( IL_9__ML_10( < A, A > ML_10__E_11( < A, A > nil( < 1, 1 > ) ) ) ) ) ) ) ) ) )
root__global( S_0__B_1( B_1__S_2__S_6( S_2__ML_3( ML_3__D_4( < A, A > D_4__E_5( nil( < 1, 1 > ) ) ) ) S_6__IL_6( IL_6__D_7( < A, A > D_7__D_8( D_8__D_9( D_9__D_10( D_10__E_11( nil( < 1, 1 > ) ) ) ) ) ) ) ) ) )
root__global( S_0__B_1( B_1__S_2__S_6( S_2__ML_3( ML_3__D_4( < A, A > D_4__E_5( nil( < 1, 1 > ) ) ) ) S_6__ML_7( ML_7__D_8( < A, A > D_8__D_9( D_9__D_10( D_10__E_11( nil( < 1, 1 > ) ) ) ) ) ) ) ) )
root__global( S_0__B_1( B_1__S_2__S_6( S_2__ML_3( ML_3__D_4( < A, A > D_4__E_5( nil( < 1, 1 > ) ) ) ) S_6__MR_7( MR_7__D_8( D_8__D_9( D_9__D_10( D_10__E_11( nil( < 1, 1 > ) ) ) ) < A, A > ) ) ) ) )
root__global( S_0__B_1( B_1__S_2__S_6( S_2__ML_3( ML_3__D_4( < A, A > D_4__E_5( nil( < 1, 1 > ) ) ) ) S_6__D_7( D_7__IL_7( IL_7__D_8( < A, A > D_8__D_9( D_9__D_10( D_10__E_11( nil( < 1, 1 > ) ) ) ) ) ) ) ) ) )
root__global( S_0__B_1( B_1__S_2__S_6( S_2__ML_3( ML_3__D_4( < A, A > D_4__E_5( nil( < 1, 1 > ) ) ) ) S_6__D_7( D_7__IR_7( IR_7__D_8( D_8__D_9( D_9__D_10( D_10__E_11( nil( < 1, 1 > ) ) ) ) < A, A > ) ) ) ) ) )
root__global( S_0__B_1( B_1__S_2__S_6( S_2__ML_3( ML_3__D_4( < A, A > D_4__E_5( nil( < 1, 1 > ) ) ) ) S_6__D_7( D_7__ML_8( ML_8__D_9( < A, A > D_9__D_10( D_10__E_11( nil( < 1, 1 > ) ) ) ) ) ) ) ) )
root__global( S_0__B_1( B_1__S_2__S_6( S_2__ML_3( ML_3__D_4( < A, A > D_4__E_5( nil( < 1, 1 > ) ) ) ) S_6__D_7( D_7__MR_8( MR_8__D_9( D_9__D_10( D_10__E_11( nil( < 1, 1 > ) ) ) < A, A > ) ) ) ) ) )
root__global( S_0__B_1( B_1__S_2__S_6( S_2__ML_3( ML_3__D_4( < A, A > D_4__E_5( nil( < 1, 1 > ) ) ) ) S_6__D_7( D_7__D_8( D_8__IL_8( IL_8__D_9( < A, A > D_9__D_10( D_10__E_11( nil( < 1, 1 > ) ) ) ) ) ) ) ) ) )
root__global( S_0__B_1( B_1__S_2__S_6( S_2__ML_3( ML_3__D_4( < A, A > D_4__E_5( nil( < 1, 1 > ) ) ) ) S_6__D_7( D_7__D_8( D_8__IR_8( IR_8__D_9( D_9__D_10( D_10__E_11( nil( < 1, 1 > ) ) ) < A, A > ) ) ) ) ) ) )
root__global( S_0__B_1( B_1__S_2__S_6( S_2__ML_3( ML_3__D_4( < A, A > D_4__E_5( nil( < 1, 1 > ) ) ) ) S_6__D_7( D_7__D_8( D_8__ML_9( ML_9__D_10( < A, A > D_10__E_11( nil( < 1, 1 > ) ) ) ) ) ) ) ) )
root__global( S_0__B_1( B_1__S_2__S_6( S_2__ML_3( ML_3__D_4( < A, A > D_4__E_5( nil( < 1, 1 > ) ) ) ) S_6__D_7( D_7__D_8( D_8__D_9( D_9__IL_9( IL_9__D_10( < A, A > D_10__E_11( nil( < 1, 1 > ) ) ) ) ) ) ) ) ) )
root__global( S_0__B_1( B_1__S_2__S_6( S_2__ML_3( ML_3__D_4( < A, A > D_4__E_5( nil( < 1, 1 > ) ) ) ) S_6__D_7( D_7__D_8( D_8__D_9( D_9__ML_10( ML_10__E_11( < A, A > nil( < 1, 1 > ) ) ) ) ) ) ) ) )
root__global( S_0__B_1( B_1__S_2__S_6( S_2__MR_3( MR_3__D_4( D_4__E_5( nil( < 1, 1 > ) ) < A, A > ) ) S_6__IL_6( IL_6__D_7( < A, A > D_7__D_8( D_8__D_9( D_9__D_10( D_10__E_11( nil( < 1, 1 > ) ) ) ) ) ) ) ) ) )
root__global( S_0__B_1( B_1__S_2__S_6( S_2__MR_3( MR_3__D_4( D_4__E_5( nil( < 1, 1 > ) ) < A, A > ) ) S_6__ML_7( ML_7__D_8( < A, A > D_8__D_9( D_9__D_10( D_10__E_11( nil( < 1, 1 > ) ) ) ) ) ) ) ) )
root__global( S_0__B_1( B_1__S_2__S_6( S_2__MR_3( MR_3__D_4( D_4__E_5( nil( < 1, 1 > ) ) < A, A > ) ) S_6__MR_7( MR_7__D_8( D_8__D_9( D_9__D_10( D_10__E_11( nil( < 1, 1 > ) ) ) ) < A, A > ) ) ) ) )
root__global( S_0__B_1( B_1__S_2__S_6( S_2__MR_3( MR_3__D_4( D_4__E_5( nil( < 1, 1 > ) ) < A, A > ) ) S_6__D_7( D_7__IL_7( IL_7__D_8( < A, A > D_8__D_9( D_9__D_10( D_10__E_11( nil( < 1, 1 > ) ) ) ) ) ) ) ) ) )
root__global( S_0__B_1( B_1__S_2__S_6( S_2__MR_3( MR_3__D_4( D_4__E_5( nil( < 1, 1 > ) ) < A, A > ) ) S_6__D_7( D_7__IR_7( IR_7__D_8( D_8__D_9( D_9__D_10( D_10__E_11( nil( < 1, 1 > ) ) ) ) < A, A > ) ) ) ) ) )
root__global( S_0__B_1( B_1__S_2__S_6( S_2__MR_3( MR_3__D_4( D_4__E_5( nil( < 1, 1 > ) ) < A, A > ) ) S_6__D_7( D_7__ML_8( ML_8__D_9( < A, A > D_9__D_10( D_10__E_11( nil( < 1, 1 > ) ) ) ) ) ) ) ) )
root__global( S_0__B_1( B_1__S_2__S_6( S_2__MR_3( MR_3__D_4( D_4__E_5( nil( < 1, 1 > ) ) < A, A > ) ) S_6__D_7( D_7__MR_8( MR_8__D_9( D_9__D_10( D_10__E_11( nil( < 1, 1 > ) ) ) < A, A > ) ) ) ) ) )
root__global( S_0__B_1( B_1__S_2__S_6( S_2__MR_3( MR_3__D_4( D_4__E_5( nil( < 1, 1 > ) ) < A, A > ) ) S_6__D_7( D_7__D_8( D_8__IL_8( IL_8__D_9( < A, A > D_9__D_10( D_10__E_11( nil( < 1, 1 > ) ) ) ) ) ) ) ) ) )
root__global( S_0__B_1( B_1__S_2__S_6( S_2__MR_3( MR_3__D_4( D_4__E_5( nil( < 1, 1 > ) ) < A, A > ) ) S_6__D_7( D_7__D_8( D_8__IR_8( IR_8__D_9( D_9__D_10( D_10__E_11( nil( < 1, 1 > ) ) ) < A, A > ) ) ) ) ) ) )
root__global( S_0__B_1( B_1__S_2__S_6( S_2__MR_3( MR_3__D_4( D_4__E_5( nil( < 1, 1 > ) ) < A, A > ) ) S_6__D_7( D_7__D_8( D_8__ML_9( ML_9__D_10( < A, A > D_10__E_11( nil( < 1, 1 > ) ) ) ) ) ) ) ) )
root__global( S_0__B_1( B_1__S_2__S_6( S_2__MR_3( MR_3__D_4( D_4__E_5( nil( < 1, 1 > ) ) < A, A > ) ) S_6__D_7( D_7__D_8( D_8__D_9( D_9__IL_9( IL_9__D_10( < A, A > D_10__E_11( nil( < 1, 1 > ) ) ) ) ) ) ) ) ) )
root__global( S_0__B_1( B_1__S_2__S_6( S_2__MR_3( MR_3__D_4( D_4__E_5( nil( < 1, 1 > ) ) < A, A > ) ) S_6__D_7( D_7__D_8( D_8__D_9( D_9__ML_10( ML_10__E_11( < A, A > nil( < 1, 1 > ) ) ) ) ) ) ) ) )
root__global( S_0__B_1( B_1__S_2__S_6( S_2__D_3( D_3__IL_3( IL_3__D_4( < A, A > D_4__E_5( nil( < 1, 1 > ) ) ) ) ) S_6__IL_6( IL_6__D_7( < A, A > D_7__D_8( D_8__D_9( D_9__D_10( D_10__E_11( nil( < 1, 1 > ) ) ) ) ) ) ) ) ) )
root__global( S_0__B_1( B_1__S_2__S_6( S_2__D_3( D_3__IL_3( IL_3__D_4( < A, A > D_4__E_5( nil( < 1, 1 > ) ) ) ) ) S_6__ML_7( ML_7__D_8( < A, A > D_8__D_9( D_9__D_10( D_10__E_11( nil( < 1, 1 > ) ) ) ) ) ) ) ) )
root__global( S_0__B_1( B_1__S_2__S_6( S_2__D_3( D_3__IL_3( IL_3__D_4( < A, A > D_4__E_5( nil( < 1, 1 > ) ) ) ) ) S_6__MR_7( MR_7__D_8( D_8__D_9( D_9__D_10( D_10__E_11( nil( < 1, 1 > ) ) ) ) < A, A > ) ) ) ) )
root__global( S_0__B_1( B_1__S_2__S_6( S_2__D_3( D_3__IL_3( IL_3__D_4( < A, A > D_4__E_5( nil( < 1, 1 > ) ) ) ) ) S_6__D_7( D_7__IL_7( IL_7__D_8( < A, A > D_8__D_9( D_9__D_10( D_10__E_11( nil( < 1, 1 > ) ) ) ) ) ) ) ) ) )
root__global( S_0__B_1( B_1__S_2__S_6( S_2__D_3( D_3__IL_3( IL_3__D_4( < A, A > D_4__E_5( nil( < 1, 1 > ) ) ) ) ) S_6__D_7( D_7__IR_7( IR_7__D_8( D_8__D_9( D_9__D_10( D_10__E_11( nil( < 1, 1 > ) ) ) ) < A, A > ) ) ) ) ) )
root__global( S_0__B_1( B_1__S_2__S_6( S_2__D_3( D_3__IL_3( IL_3__D_4( < A, A > D_4__E_5( nil( < 1, 1 > ) ) ) ) ) S_6__D_7( D_7__ML_8( ML_8__D_9( < A, A > D_9__D_10( D_10__E_11( nil( < 1, 1 > ) ) ) ) ) ) ) ) )
root__global( S_0__B_1( B_1__S_2__S_6( S_2__D_3( D_3__IL_3( IL_3__D_4( < A, A > D_4__E_5( nil( < 1, 1 > ) ) ) ) ) S_6__D_7( D_7__MR_8( MR_8__D_9( D_9__D_10( D_10__E_11( nil( < 1, 1 > ) ) ) < A, A > ) ) ) ) ) )
root__global( S_0__B_1( B_1__S_2__S_6( S_2__D_3( D_3__IL_3( IL_3__D_4( < A, A > D_4__E_5( nil( < 1, 1 > ) ) ) ) ) S_6__D_7( D_7__D_8( D_8__IL_8( IL_8__D_9( < A, A > D_9__D_10( D_10__E_11( nil( < 1, 1 > ) ) ) ) ) ) ) ) ) )
root__global( S_0__B_1( B_1__S_2__S_6( S_2__D_3( D_3__IL_3( IL_3__D_4( < A, A > D_4__E_5( nil( < 1, 1 > ) ) ) ) ) S_6__D_7( D_7__D_8( D_8__IR_8( IR_8__D_9( D_9__D_10( D_10__E_11( nil( < 1, 1 > ) ) ) < A, A > ) ) ) ) ) ) )
root__global( S_0__B_1( B_1__S_2__S_6( S_2__D_3( D_3__IL_3( IL_3__D_4( < A, A > D_4__E_5( nil( < 1, 1 > ) ) ) ) ) S_6__D_7( D_7__D_8( D_8__ML_9( ML_9__D_10( < A, A > D_10__E_11( nil( < 1, 1 > ) ) ) ) ) ) ) ) )
root__global( S_0__B_1( B_1__S_2__S_6( S_2__D_3( D_3__IL_3( IL_3__D_4( < A, A > D_4__E_5( nil( < 1, 1 > ) ) ) ) ) S_6__D_7( D_7__D_8( D_8__D_9( D_9__IL_9( IL_9__D_10( < A, A > D_10__E_11( nil( < 1, 1 > ) ) ) ) ) ) ) ) ) )
root__global( S_0__B_1( B_1__S_2__S_6( S_2__D_3( D_3__IL_3( IL_3__D_4( < A, A > D_4__E_5( nil( < 1, 1 > ) ) ) ) ) S_6__D_7( D_7__D_8( D_8__D_9( D_9__ML_10( ML_10__E_11( < A, A > nil( < 1, 1 > ) ) ) ) ) ) ) ) )
root__global( S_0__B_1( B_1__S_2__S_6( S_2__D_3( D_3__IR_3( IR_3__D_4( D_4__E_5( nil( < 1, 1 > ) ) < A, A > ) ) ) S_6__IL_6( IL_6__D_7( < A, A > D_7__D_8( D_8__D_9( D_9__D_10( D_10__E_11( nil( < 1, 1 > ) ) ) ) ) ) ) ) ) )
root__global( S_0__B_1( B_1__S_2__S_6( S_2__D_3( D_3__IR_3( IR_3__D_4( D_4__E_5( nil( < 1, 1 > ) ) < A, A > ) ) ) S_6__ML_7( ML_7__D_8( < A, A > D_8__D_9( D_9__D_10( D_10__E_11( nil( < 1, 1 > ) ) ) ) ) ) ) ) )
root__global( S_0__B_1( B_1__S_2__S_6( S_2__D_3( D_3__IR_3( IR_3__D_4( D_4__E_5( nil( < 1, 1 > ) ) < A, A > ) ) ) S_6__MR_7( MR_7__D_8( D_8__D_9( D_9__D_10( D_10__E_11( nil( < 1, 1 > ) ) ) ) < A, A > ) ) ) ) )
root__global( S_0__B_1( B_1__S_2__S_6( S_2__D_3( D_3__IR_3( IR_3__D_4( D_4__E_5( nil( < 1, 1 > ) ) < A, A > ) ) ) S_6__D_7( D_7__IL_7( IL_7__D_8( < A, A > D_8__D_9( D_9__D_10( D_10__E_11( nil( < 1, 1 > ) ) ) ) ) ) ) ) ) )
root__global( S_0__B_1( B_1__S_2__S_6( S_2__D_3( D_3__IR_3( IR_3__D_4( D_4__E_5( nil( < 1, 1 > ) ) < A, A > ) ) ) S_6__D_7( D_7__IR_7( IR_7__D_8( D_8__D_9( D_9__D_10( D_10__E_11( nil( < 1, 1 > ) ) ) ) < A, A > ) ) ) ) ) )
root__global( S_0__B_1( B_1__S_2__S_6( S_2__D_3( D_3__IR_3( IR_3__D_4( D_4__E_5( nil( < 1, 1 > ) ) < A, A > ) ) ) S_6__D_7( D_7__ML_8( ML_8__D_9( < A, A > D_9__D_10( D_10__E_11( nil( < 1, 1 > ) ) ) ) ) ) ) ) )
root__global( S_0__B_1( B_1__S_2__S_6( S_2__D_3( D_3__IR_3( IR_3__D_4( D_4__E_5( nil( < 1, 1 > ) ) < A, A > ) ) ) S_6__D_7( D_7__MR_8( MR_8__D_9( D_9__D_10( D_10__E_11( nil( < 1, 1 > ) ) ) < A, A > ) ) ) ) ) )
root__global( S_0__B_1( B_1__S_2__S_6( S_2__D_3( D_3__IR_3( IR_3__D_4( D_4__E_5( nil( < 1, 1 > ) ) < A, A > ) ) ) S_6__D_7( D_7__D_8( D_8__IL_8( IL_8__D_9( < A, A > D_9__D_10( D_10__E_11( nil( < 1, 1 > ) ) ) ) ) ) ) ) ) )
root__global( S_0__B_1( B_1__S_2__S_6( S_2__D_3( D_3__IR_3( IR_3__D_4( D_4__E_5( nil( < 1, 1 > ) ) < A, A > ) ) ) S_6__D_7( D_7__D_8( D_8__IR_8( IR_8__D_9( D_9__D_10( D_10__E_11( nil( < 1, 1 > ) ) ) < A, A > ) ) ) ) ) ) )
root__global( S_0__B_1( B_1__S_2__S_6( S_2__D_3( D_3__IR_3( IR_3__D_4( D_4__E_5( nil( < 1, 1 > ) ) < A, A > ) ) ) S_6__D_7( D_7__D_8( D_8__ML_9( ML_9__D_10( < A, A > D_10__E_11( nil( < 1, 1 > ) ) ) ) ) ) ) ) )
root__global( S_0__B_1( B_1__S_2__S_6( S_2__D_3( D_3__IR_3( IR_3__D_4( D_4__E_5( nil( < 1, 1 > ) ) < A, A > ) ) ) S_6__D_7( D_7__D_8( D_8__D_9( D_9__IL_9( IL_9__D_10( < A, A > D_10__E_11( nil( < 1, 1 > ) ) ) ) ) ) ) ) ) )
root__global( S_0__B_1( B_1__S_2__S_6( S_2__D_3( D_3__IR_3( IR_3__D_4( D_4__E_5( nil( < 1, 1 > ) ) < A, A > ) ) ) S_6__D_7( D_7__D_8( D_8__D_9( D_9__ML_10( ML_10__E_11( < A, A > nil( < 1, 1 > ) ) ) ) ) ) ) ) )
root__global( S_0__B_1( B_1__S_2__S_6( S_2__D_3( D_3__ML_4( ML_4__E_5( < A, A > nil( < 1, 1 > ) ) ) ) S_6__IL_6( IL_6__D_7( < A, A > D_7__D_8( D_8__D_9( D_9__D_10( D_10__E_11( nil( < 1, 1 > ) ) ) ) ) ) ) ) ) )
root__global( S_0__B_1( B_1__S_2__S_6( S_2__D_3( D_3__ML_4( ML_4__E_5( < A, A > nil( < 1, 1 > ) ) ) ) S_6__ML_7( ML_7__D_8( < A, A > D_8__D_9( D_9__D_10( D_10__E_11( nil( < 1, 1 > ) ) ) ) ) ) ) ) )
root__global( S_0__B_1( B_1__S_2__S_6( S_2__D_3( D_3__ML_4( ML_4__E_5( < A, A > nil( < 1, 1 > ) ) ) ) S_6__MR_7( MR_7__D_8( D_8__D_9( D_9__D_10( D_10__E_11( nil( < 1, 1 > ) ) ) ) < A, A > ) ) ) ) )
root__global( S_0__B_1( B_1__S_2__S_6( S_2__D_3( D_3__ML_4( ML_4__E_5( < A, A > nil( < 1, 1 > ) ) ) ) S_6__D_7( D_7__IL_7( IL_7__D_8( < A, A > D_8__D_9( D_9__D_10( D_10__E_11( nil( < 1, 1 > ) ) ) ) ) ) ) ) ) )
root__global( S_0__B_1( B_1__S_2__S_6( S_2__D_3( D_3__ML_4( ML_4__E_5( < A, A > nil( < 1, 1 > ) ) ) ) S_6__D_7( D_7__IR_7( IR_7__D_8( D_8__D_9( D_9__D_10( D_10__E_11( nil( < 1, 1 > ) ) ) ) < A, A > ) ) ) ) ) )
root__global( S_0__B_1( B_1__S_2__S_6( S_2__D_3( D_3__ML_4( ML_4__E_5( < A, A > nil( < 1, 1 > ) ) ) ) S_6__D_7( D_7__ML_8( ML_8__D_9( < A, A > D_9__D_10( D_10__E_11( nil( < 1, 1 > ) ) ) ) ) ) ) ) )
root__global( S_0__B_1( B_1__S_2__S_6( S_2__D_3( D_3__ML_4( ML_4__E_5( < A, A > nil( < 1, 1 > ) ) ) ) S_6__D_7( D_7__MR_8( MR_8__D_9( D_9__D_10( D_10__E_11( nil( < 1, 1 > ) ) ) < A, A > ) ) ) ) ) )
root__global( S_0__B_1( B_1__S_2__S_6( S_2__D_3( D_3__ML_4( ML_4__E_5( < A, A > nil( < 1, 1 > ) ) ) ) S_6__D_7( D_7__D_8( D_8__IL_8( IL_8__D_9( < A, A > D_9__D_10( D_10__E_11( nil( < 1, 1 > ) ) ) ) ) ) ) ) ) )
root__global( S_0__B_1( B_1__S_2__S_6( S_2__D_3( D_3__ML_4( ML_4__E_5( < A, A > nil( < 1, 1 > ) ) ) ) S_6__D_7( D_7__D_8( D_8__IR_8( IR_8__D_9( D_9__D_10( D_10__E_11( nil( < 1, 1 > ) ) ) < A, A > ) ) ) ) ) ) )
root__global( S_0__B_1( B_1__S_2__S_6( S_2__D_3( D_3__ML_4( ML_4__E_5( < A, A > nil( < 1, 1 > ) ) ) ) S_6__D_7( D_7__D_8( D_8__ML_9( ML_9__D_10( < A, A > D_10__E_11( nil( < 1, 1 > ) ) ) ) ) ) ) ) )
root__global( S_0__B_1( B_1__S_2__S_6( S_2__D_3( D_3__ML_4( ML_4__E_5( < A, A > nil( < 1, 1 > ) ) ) ) S_6__D_7( D_7__D_8( D_8__D_9( D_9__IL_9( IL_9__D_10( < A, A > D_10__E_11( nil( < 1, 1 > ) ) ) ) ) ) ) ) ) )
root__global( S_0__B_1( B_1__S_2__S_6( S_2__D_3( D_3__ML_4( ML_4__E_5( < A, A > nil( < 1, 1 > ) ) ) ) S_6__D_7( D_7__D_8( D_8__D_9( D_9__ML_10( ML_10__E_11( < A, A > nil( < 1, 1 > ) ) ) ) ) ) ) ) )
root__global( S_0__B_1( B_1__S_2__S_6( S_2__D_3( D_3__MR_4( MR_4__E_5( nil( < 1, 1 > ) < A, A > ) ) ) S_6__IL_6( IL_6__D_7( < A, A > D_7__D_8( D_8__D_9( D_9__D_10( D_10__E_11( nil( < 1, 1 > ) ) ) ) ) ) ) ) ) )
root__global( S_0__B_1( B_1__S_2__S_6( S_2__D_3( D_3__MR_4( MR_4__E_5( nil( < 1, 1 > ) < A, A > ) ) ) S_6__ML_7( ML_7__D_8( < A, A > D_8__D_9( D_9__D_10( D_10__E_11( nil( < 1, 1 > ) ) ) ) ) ) ) ) )
root__global( S_0__B_1( B_1__S_2__S_6( S_2__D_3( D_3__MR_4( MR_4__E_5( nil( < 1, 1 > ) < A, A > ) ) ) S_6__MR_7( MR_7__D_8( D_8__D_9( D_9__D_10( D_10__E_11( nil( < 1, 1 > ) ) ) ) < A, A > ) ) ) ) )
root__global( S_0__B_1( B_1__S_2__S_6( S_2__D_3( D_3__MR_4( MR_4__E_5( nil( < 1, 1 > ) < A, A > ) ) ) S_6__D_7( D_7__IL_7( IL_7__D_8( < A, A > D_8__D_9( D_9__D_10( D_10__E_11( nil( < 1, 1 > ) ) ) ) ) ) ) ) ) )
root__global( S_0__B_1( B_1__S_2__S_6( S_2__D_3( D_3__MR_4( MR_4__E_5( nil( < 1, 1 > ) < A, A > ) ) ) S_6__D_7( D_7__IR_7( IR_7__D_8( D_8__D_9( D_9__D_10( D_10__E_11( nil( < 1, 1 > ) ) ) ) < A, A > ) ) ) ) ) )
root__global( S_0__B_1( B_1__S_2__S_6( S_2__D_3( D_3__MR_4( MR_4__E_5( nil( < 1, 1 > ) < A, A > ) ) ) S_6__D_7( D_7__ML_8( ML_8__D_9( < A, A > D_9__D_10( D_10__E_11( nil( < 1, 1 > ) ) ) ) ) ) ) ) )
root__global( S_0__B_1( B_1__S_2__S_6( S_2__D_3( D_3__MR_4( MR_4__E_5( nil( < 1, 1 > ) < A, A > ) ) ) S_6__D_7( D_7__MR_8( MR_8__D_9( D_9__D_10( D_10__E_11( nil( < 1, 1 > ) ) ) < A, A > ) ) ) ) ) )
root__global( S_0__B_1( B_1__S_2__S_6( S_2__D_3( D_3__MR_4( MR_4__E_5( nil( < 1, 1 > ) < A, A > ) ) ) S_6__D_7( D_7__D_8( D_8__IL_8( IL_8__D_9( < A, A > D_9__D_10( D_10__E_11( nil( < 1, 1 > ) ) ) ) ) ) ) ) ) )
root__global( S_0__B_1( B_1__S_2__S_6( S_2__D_3( D_3__MR_4( MR_4__E_5( nil( < 1, 1 > ) < A, A > ) ) ) S_6__D_7( D_7__D_8( D_8__IR_8( IR_8__D_9( D_9__D_10( D_10__E_11( nil( < 1, 1 > ) ) ) < A, A > ) ) ) ) ) ) )
root__global( S_0__B_1( B_1__S_2__S_6( S_2__D_3( D_3__MR_4( MR_4__E_5( nil( < 1, 1 > ) < A, A > ) ) ) S_6__D_7( D_7__D_8( D_8__ML_9( ML_9__D_10( < A, A > D_10__E_11( nil( < 1, 1 > ) ) ) ) ) ) ) ) )
root__global( S_0__B_1( B_1__S_2__S_6( S_2__D_3( D_3__MR_4( MR_4__E_5( nil( < 1, 1 > ) < A, A > ) ) ) S_6__D_7( D_7__D_8( D_8__D_9( D_9__IL_9( IL_9__D_10( < A, A > D_10__E_11( nil( < 1, 1 > ) ) ) ) ) ) ) ) ) )
root__global( S_0__B_1( B_1__S_2__S_6( S_2__D_3( D_3__MR_4( MR_4__E_5( nil( < 1, 1 > ) < A, A > ) ) ) S_6__D_7( D_7__D_8( D_8__D_9( D_9__ML_10( ML_10__E_11( < A, A > nil( < 1, 1 > ) ) ) ) ) ) ) ) )
root__global( S_0__B_1( B_1__S_2__S_6( S_2__D_3( D_3__D_4( D_4__IL_4( IL_4__E_5( < A, A > nil( < 1, 1 > ) ) ) ) ) S_6__IL_6( IL_6__D_7( < A, A > D_7__D_8( D_8__D_9( D_9__D_10( D_10__E_11( nil( < 1, 1 > ) ) ) ) ) ) ) ) ) )
root__global( S_0__B_1( B_1__S_2__S_6( S_2__D_3( D_3__D_4( D_4__IL_4( IL_4__E_5( < A, A > nil( < 1, 1 > ) ) ) ) ) S_6__ML_7( ML_7__D_8( < A, A > D_8__D_9( D_9__D_10( D_10__E_11( nil( < 1, 1 > ) ) ) ) ) ) ) ) )
root__global( S_0__B_1( B_1__S_2__S_6( S_2__D_3( D_3__D_4( D_4__IL_4( IL_4__E_5( < A, A > nil( < 1, 1 > ) ) ) ) ) S_6__MR_7( MR_7__D_8( D_8__D_9( D_9__D_10( D_10__E_11( nil( < 1, 1 > ) ) ) ) < A, A > ) ) ) ) )
root__global( S_0__B_1( B_1__S_2__S_6( S_2__D_3( D_3__D_4( D_4__IL_4( IL_4__E_5( < A, A > nil( < 1, 1 > ) ) ) ) ) S_6__D_7( D_7__IL_7( IL_7__D_8( < A, A > D_8__D_9( D_9__D_10( D_10__E_11( nil( < 1, 1 > ) ) ) ) ) ) ) ) ) )
root__global( S_0__B_1( B_1__S_2__S_6( S_2__D_3( D_3__D_4( D_4__IL_4( IL_4__E_5( < A, A > nil( < 1, 1 > ) ) ) ) ) S_6__D_7( D_7__IR_7( IR_7__D_8( D_8__D_9( D_9__D_10( D_10__E_11( nil( < 1, 1 > ) ) ) ) < A, A > ) ) ) ) ) )
root__global( S_0__B_1( B_1__S_2__S_6( S_2__D_3( D_3__D_4( D_4__IL_4( IL_4__E_5( < A, A > nil( < 1, 1 > ) ) ) ) ) S_6__D_7( D_7__ML_8( ML_8__D_9( < A, A > D_9__D_10( D_10__E_11( nil( < 1, 1 > ) ) ) ) ) ) ) ) )
root__global( S_0__B_1( B_1__S_2__S_6( S_2__D_3( D_3__D_4( D_4__IL_4( IL_4__E_5( < A, A > nil( < 1, 1 > ) ) ) ) ) S_6__D_7( D_7__MR_8( MR_8__D_9( D_9__D_10( D_10__E_11( nil( < 1, 1 > ) ) ) < A, A > ) ) ) ) ) )
root__global( S_0__B_1( B_1__S_2__S_6( S_2__D_3( D_3__D_4( D_4__IL_4( IL_4__E_5( < A, A > nil( < 1, 1 > ) ) ) ) ) S_6__D_7( D_7__D_8( D_8__IL_8( IL_8__D_9( < A, A > D_9__D_10( D_10__E_11( nil( < 1, 1 > ) ) ) ) ) ) ) ) ) )
root__global( S_0__B_1( B_1__S_2__S_6( S_2__D_3( D_3__D_4( D_4__IL_4( IL_4__E_5( < A, A > nil( < 1, 1 > ) ) ) ) ) S_6__D_7( D_7__D_8( D_8__IR_8( IR_8__D_9( D_9__D_10( D_10__E_11( nil( < 1, 1 > ) ) ) < A, A > ) ) ) ) ) ) )
root__global( S_0__B_1( B_1__S_2__S_6( S_2__D_3( D_3__D_4( D_4__IL_4( IL_4__E_5( < A, A > nil( < 1, 1 > ) ) ) ) ) S_6__D_7( D_7__D_8( D_8__ML_9( ML_9__D_10( < A, A > D_10__E_11( nil( < 1, 1 > ) ) ) ) ) ) ) ) )
root__global( S_0__B_1( B_1__S_2__S_6( S_2__D_3( D_3__D_4( D_4__IL_4( IL_4__E_5( < A, A > nil( < 1, 1 > ) ) ) ) ) S_6__D_7( D_7__D_8( D_8__D_9( D_9__IL_9( IL_9__D_10( < A, A > D_10__E_11( nil( < 1, 1 > ) ) ) ) ) ) ) ) ) )
root__global( S_0__B_1( B_1__S_2__S_6( S_2__D_3( D_3__D_4( D_4__IL_4( IL_4__E_5( < A, A > nil( < 1, 1 > ) ) ) ) ) S_6__D_7( D_7__D_8( D_8__D_9( D_9__ML_10( ML_10__E_11( < A, A > nil( < 1, 1 > ) ) ) ) ) ) ) ) )
root__global( S_0__B_1( B_1__S_2__S_6( S_2__MP_3( MP_3__D_4( < A, A > D_4__E_5( nil( < 1, 1 > ) ) < A, A > ) ) S_6__D_7( D_7__D_8( D_8__D_9( D_9__D_10( D_10__E_11( nil( < 1, 1 > ) ) ) ) ) ) ) ) )
root__global( S_0__B_1( B_1__S_2__S_6( S_2__ML_3( ML_3__IL_3( < A, A > IL_3__D_4( < A, A > D_4__E_5( nil( < 1, 1 > ) ) ) ) ) S_6__D_7( D_7__D_8( D_8__D_9( D_9__D_10( D_10__E_11( nil( < 1, 1 > ) ) ) ) ) ) ) ) )
root__global( S_0__B_1( B_1__S_2__S_6( S_2__ML_3( ML_3__IR_3( < A, A > IR_3__D_4( D_4__E_5( nil( < 1, 1 > ) ) < A, A > ) ) ) S_6__D_7( D_7__D_8( D_8__D_9( D_9__D_10( D_10__E_11( nil( < 1, 1 > ) ) ) ) ) ) ) ) )
root__global( S_0__B_1( B_1__S_2__S_6( S_2__ML_3( ML_3__ML_4( < A, A > ML_4__E_5( < A, A > nil( < 1, 1 > ) ) ) ) S_6__D_7( D_7__D_8( D_8__D_9( D_9__D_10( D_10__E_11( nil( < 1, 1 > ) ) ) ) ) ) ) ) )
root__global( S_0__B_1( B_1__S_2__S_6( S_2__ML_3( ML_3__MR_4( < A, A > MR_4__E_5( nil( < 1, 1 > ) < A, A > ) ) ) S_6__D_7( D_7__D_8( D_8__D_9( D_9__D_10( D_10__E_11( nil( < 1, 1 > ) ) ) ) ) ) ) ) )
root__global( S_0__B_1( B_1__S_2__S_6( S_2__ML_3( ML_3__D_4( < A, A > D_4__IL_4( IL_4__E_5( < A, A > nil( < 1, 1 > ) ) ) ) ) S_6__D_7( D_7__D_8( D_8__D_9( D_9__D_10( D_10__E_11( nil( < 1, 1 > ) ) ) ) ) ) ) ) )
root__global( S_0__B_1( B_1__S_2__S_6( S_2__MR_3( MR_3__IL_3( IL_3__D_4( < A, A > D_4__E_5( nil( < 1, 1 > ) ) ) < A, A > ) ) S_6__D_7( D_7__D_8( D_8__D_9( D_9__D_10( D_10__E_11( nil( < 1, 1 > ) ) ) ) ) ) ) ) )
root__global( S_0__B_1( B_1__S_2__S_6( S_2__MR_3( MR_3__IR_3( IR_3__D_4( D_4__E_5( nil( < 1, 1 > ) ) < A, A > ) < A, A > ) ) S_6__D_7( D_7__D_8( D_8__D_9( D_9__D_10( D_10__E_11( nil( < 1, 1 > ) ) ) ) ) ) ) ) )
root__global( S_0__B_1( B_1__S_2__S_6( S_2__MR_3( MR_3__ML_4( ML_4__E_5( < A, A > nil( < 1, 1 > ) ) < A, A > ) ) S_6__D_7( D_7__D_8( D_8__D_9( D_9__D_10( D_10__E_11( nil( < 1, 1 > ) ) ) ) ) ) ) ) )
root__global( S_0__B_1( B_1__S_2__S_6( S_2__MR_3( MR_3__MR_4( MR_4__E_5( nil( < 1, 1 > ) < A, A > ) < A, A > ) ) S_6__D_7( D_7__D_8( D_8__D_9( D_9__D_10( D_10__E_11( nil( < 1, 1 > ) ) ) ) ) ) ) ) )
root__global( S_0__B_1( B_1__S_2__S_6( S_2__MR_3( MR_3__D_4( D_4__IL_4( IL_4__E_5( < A, A > nil( < 1, 1 > ) ) ) < A, A > ) ) S_6__D_7( D_7__D_8( D_8__D_9( D_9__D_10( D_10__E_11( nil( < 1, 1 > ) ) ) ) ) ) ) ) )
root__global( S_0__B_1( B_1__S_2__S_6( S_2__D_3( D_3__IL_3( IL_3__IL_3( < A, A > IL_3__D_4( < A, A > D_4__E_5( nil( < 1, 1 > ) ) ) ) ) ) S_6__D_7( D_7__D_8( D_8__D_9( D_9__D_10( D_10__E_11( nil( < 1, 1 > ) ) ) ) ) ) ) ) )
root__global( S_0__B_1( B_1__S_2__S_6( S_2__D_3( D_3__IL_3( IL_3__IR_3( < A, A > IR_3__D_4( D_4__E_5( nil( < 1, 1 > ) ) < A, A > ) ) ) ) S_6__D_7( D_7__D_8( D_8__D_9( D_9__D_10( D_10__E_11( nil( < 1, 1 > ) ) ) ) ) ) ) ) )
root__global( S_0__B_1( B_1__S_2__S_6( S_2__D_3( D_3__IL_3( IL_3__ML_4( < A, A > ML_4__E_5( < A, A > nil( < 1, 1 > ) ) ) ) ) S_6__D_7( D_7__D_8( D_8__D_9( D_9__D_10( D_10__E_11( nil( < 1, 1 > ) ) ) ) ) ) ) ) )
root__global( S_0__B_1( B_1__S_2__S_6( S_2__D_3( D_3__IL_3( IL_3__MR_4( < A, A > MR_4__E_5( nil( < 1, 1 > ) < A, A > ) ) ) ) S_6__D_7( D_7__D_8( D_8__D_9( D_9__D_10( D_10__E_11( nil( < 1, 1 > ) ) ) ) ) ) ) ) )
root__global( S_0__B_1( B_1__S_2__S_6( S_2__D_3( D_3__IL_3( IL_3__D_4( < A, A > D_4__IL_4( IL_4__E_5( < A, A > nil( < 1, 1 > ) ) ) ) ) ) S_6__D_7( D_7__D_8( D_8__D_9( D_9__D_10( D_10__E_11( nil( < 1, 1 > ) ) ) ) ) ) ) ) )
root__global( S_0__B_1( B_1__S_2__S_6( S_2__D_3( D_3__IR_3( IR_3__IR_3( IR_3__D_4( D_4__E_5( nil( < 1, 1 > ) ) < A, A > ) < A, A > ) ) ) S_6__D_7( D_7__D_8( D_8__D_9( D_9__D_10( D_10__E_11( nil( < 1, 1 > ) ) ) ) ) ) ) ) )
root__global( S_0__B_1( B_1__S_2__S_6( S_2__D_3( D_3__IR_3( IR_3__ML_4( ML_4__E_5( < A, A > nil( < 1, 1 > ) ) < A, A > ) ) ) S_6__D_7( D_7__D_8( D_8__D_9( D_9__D_10( D_10__E_11( nil( < 1, 1 > ) ) ) ) ) ) ) ) )
root__global( S_0__B_1( B_1__S_2__S_6( S_2__D_3( D_3__IR_3( IR_3__MR_4( MR_4__E_5( nil( < 1, 1 > ) < A, A > ) < A, A > ) ) ) S_6__D_7( D_7__D_8( D_8__D_9( D_9__D_10( D_10__E_11( nil( < 1, 1 > ) ) ) ) ) ) ) ) )
root__global( S_0__B_1( B_1__S_2__S_6( S_2__D_3( D_3__IR_3( IR_3__D_4( D_4__IL_4( IL_4__E_5( < A, A > nil( < 1, 1 > ) ) ) < A, A > ) ) ) S_6__D_7( D_7__D_8( D_8__D_9( D_9__D_10( D_10__E_11( nil( < 1, 1 > ) ) ) ) ) ) ) ) )
root__global( S_0__B_1( B_1__S_2__S_6( S_2__D_3( D_3__MP_4( MP_4__E_5( < A, A > nil( < 1, 1 > ) < A, A > ) ) ) S_6__D_7( D_7__D_8( D_8__D_9( D_9__D_10( D_10__E_11( nil( < 1, 1 > ) ) ) ) ) ) ) ) )
root__global( S_0__B_1( B_1__S_2__S_6( S_2__D_3( D_3__ML_4( ML_4__IL_4( < A, A > IL_4__E_5( < A, A > nil( < 1, 1 > ) ) ) ) ) S_6__D_7( D_7__D_8( D_8__D_9( D_9__D_10( D_10__E_11( nil( < 1, 1 > ) ) ) ) ) ) ) ) )
root__global( S_0__B_1( B_1__S_2__S_6( S_2__D_3( D_3__MR_4( MR_4__IL_4( IL_4__E_5( < A, A > nil( < 1, 1 > ) ) < A, A > ) ) ) S_6__D_7( D_7__D_8( D_8__D_9( D_9__D_10( D_10__E_11( nil( < 1, 1 > ) ) ) ) ) ) ) ) )
root__global( S_0__B_1( B_1__S_2__S_6( S_2__D_3( D_3__D_4( D_4__IL_4( IL_4__IL_4( < A, A > IL_4__E_5( < A, A > nil( < 1, 1 > ) ) ) ) ) ) S_6__D_7( D_7__D_8( D_8__D_9( D_9__D_10( D_10__E_11( nil( < 1, 1 > ) ) ) ) ) ) ) ) )

