first derivatives for non-terminal "dangle":
inf	inf	inf	inf	inf	0	0	0	0	5.36738e-07	0.000672981	0	0	0	0	0	0	1.44543e-07	5.6872e-05	0	0	0	0	0	0	9.33044e-07	0.000595146	0	0.000588242	0.965119	
	inf	inf	inf	inf	inf	0	0	0	3.19804e-06	1.47612e-06	0	0	0	0	0	0	2.68333e-07	3.04988e-07	0	0	0	0	0	0	2.80022e-06	3.67065e-05	0	0.00455138	0.00385592	
		inf	inf	inf	inf	inf	0	0	0	0	0	0	0	0	0	0	0	0	0	0	0	0	0	0	0	0	0	0	0	
			inf	inf	inf	inf	inf	0	1.02713e-06	5.97835e-05	0	0	0	0	0	0	1.603e-07	8.93458e-05	0	0	0	0	0	0	3.03842e-05	0.0193522	0	5.46466e-05	0.000574541	
				inf	inf	inf	inf	inf	2.80478e-07	1.95189e-06	0	0	0	0	0	0	4.21721e-07	3.10207e-07	0	0	0	0	0	0	9.12225e-05	0.000107596	0	2.69927e-06	3.23511e-06	
					inf	inf	inf	inf	inf	0	0	0	0	0	0	0	0	0	0	0	0	0	0	0	0	0	0	0	0	
						inf	inf	inf	inf	inf	0	0	0	0	0	0	0	0	0	0	0	0	0	0	0	0	0	0	0	
							inf	inf	inf	inf	inf	0	0	0	0	0	0	0	0	0	0	0	0	0	0	0	0	0	0	
								inf	inf	inf	inf	inf	2.53162e-07	0	0	0	0	0	0	5.28486e-05	0.0023	0	0	0	0	0	0	0	0	
									inf	inf	inf	inf	inf	0	0	0	0	0	0	1.09155e-05	1.57349e-06	0	0	0	0	0	0	0	0	
										inf	inf	inf	inf	inf	0	0	0	0	0	0	0	0	0	0	0	0	0	0	0	
											inf	inf	inf	inf	inf	0	1.31336e-06	7.69785e-05	0	0	0	0	0	0	1.60274e-07	8.93307e-05	0	2.6724e-07	5.71993e-05	
												inf	inf	inf	inf	inf	3.58639e-07	2.5133e-06	0	0	0	0	0	0	4.21651e-07	3.10155e-07	0	2.69869e-07	3.35407e-07	
													inf	inf	inf	inf	inf	0	0	0	0	0	0	0	0	0	0	0	0	
														inf	inf	inf	inf	inf	0	0	0	0	0	0	0	0	0	0	0	
															inf	inf	inf	inf	inf	0	0	0	0	0	0	0	0	0	0	
																inf	inf	inf	inf	inf	2.53119e-07	0	0	0	0	0	0	0	0	
																	inf	inf	inf	inf	inf	0	0	0	0	0	0	0	0	
																		inf	inf	inf	inf	inf	0	0	0	0	0	0	0	
																			inf	inf	inf	inf	inf	0	1.01966e-06	5.97624e-05	0	1.4027e-06	0.000672753	
																				inf	inf	inf	inf	inf	2.88405e-07	2.02094e-06	0	3.28817e-06	1.05607e-06	
																					inf	inf	inf	inf	inf	0	0	0	0	
																						inf	inf	inf	inf	inf	0	0	0	
																							inf	inf	inf	inf	inf	0	0	
																								inf	inf	inf	inf	inf	0	
																									inf	inf	inf	inf	inf	
																										inf	inf	inf	inf	
																											inf	inf	inf	
																												inf	inf	
																													inf	
first derivatives for non-terminal "hairpin":
inf	inf	inf	inf	inf	0	0	0	0	5.36738e-07	1.19966e-06	0	0	0	0	0	0	1.12466e-07	9.56216e-08	0	0	0	0	0	0	3.52626e-08	3.52626e-08	0	2.99811e-08	2.99811e-08	
	inf	inf	inf	inf	inf	0	0	0	0.000674971	1.02165e-06	0	0	0	0	0	0	5.37982e-05	2.15545e-07	0	0	0	0	0	0	1.98406e-05	9.81794e-08	0	1.43414e-05	5.73734e-08	
		inf	inf	inf	inf	inf	0	0	0	0	0	0	0	0	0	0	0	0	0	0	0	0	0	0	0	0	0	0	0	
			inf	inf	inf	inf	inf	0	1.54451e-06	9.24905e-07	0	0	0	0	0	0	2.33699e-07	1.40091e-07	0	0	0	0	0	0	3.06988e-06	2.10092e-06	0	5.13048e-08	3.52626e-08	
				inf	inf	inf	inf	inf	6.3136e-05	2.19523e-06	0	0	0	0	0	0	9.27175e-05	3.41946e-07	0	0	0	0	0	0	0.00118117	1.10632e-06	0	1.98406e-05	6.74802e-08	
					inf	inf	inf	inf	inf	0	0	0	0	0	0	0	0	0	0	0	0	0	0	0	0	0	0	0	0	
						inf	inf	inf	inf	inf	0	0	0	0	0	0	0	0	0	0	0	0	0	0	0	0	0	0	0	
							inf	inf	inf	inf	inf	0	0	0	0	0	0	0	0	0	0	0	0	0	0	0	0	0	0	
								inf	inf	inf	inf	inf	2.70076e-06	0	0	0	0	0	0	0.000241048	0.000123794	0	0	0	0	0	0	0	0	
									inf	inf	inf	inf	inf	0	0	0	0	0	0	0.0189845	0.000172839	0	0	0	0	0	0	0	0	
										inf	inf	inf	inf	inf	0	0	0	0	0	0	0	0	0	0	0	0	0	0	0	
											inf	inf	inf	inf	inf	0	0.016293	0.0138545	0	0	0	0	0	0	2.33767e-07	1.40218e-07	0	1.12617e-07	9.56056e-08	
												inf	inf	inf	inf	inf	0.943562	0.00292637	0	0	0	0	0	0	9.27927e-05	4.46888e-07	0	5.37891e-05	2.15185e-07	
													inf	inf	inf	inf	inf	0	0	0	0	0	0	0	0	0	0	0	0	
														inf	inf	inf	inf	inf	0	0	0	0	0	0	0	0	0	0	0	
															inf	inf	inf	inf	inf	0	0	0	0	0	0	0	0	0	0	
																inf	inf	inf	inf	inf	2.70522e-06	0	0	0	0	0	0	0	0	
																	inf	inf	inf	inf	inf	0	0	0	0	0	0	0	0	
																		inf	inf	inf	inf	inf	0	0	0	0	0	0	0	
																			inf	inf	inf	inf	inf	0	1.60955e-06	9.25765e-07	0	5.33689e-07	1.19924e-06	
																				inf	inf	inf	inf	inf	6.32011e-05	3.00877e-06	0	0.000674824	1.05607e-06	
																					inf	inf	inf	inf	inf	0	0	0	0	
																						inf	inf	inf	inf	inf	0	0	0	
																							inf	inf	inf	inf	inf	0	0	
																								inf	inf	inf	inf	inf	0	
																									inf	inf	inf	inf	inf	
																										inf	inf	inf	inf	
																											inf	inf	inf	
																												inf	inf	
																													inf	
first derivatives for non-terminal "iloop":
inf	inf	inf	inf	inf	inf	inf	inf	inf	0	0	0	0	0	0	0	0	2.93568e-08	9.98996e-09	0	0	0	0	0	0	8.96974e-07	1.9557e-06	0	0.000571873	0.00237745	
	inf	inf	inf	inf	inf	inf	inf	inf	inf	0	0	0	0	0	0	0	3.23022e-06	1.36054e-08	0	0	0	0	0	0	0.000575321	3.22537e-05	0	0.967278	0.00383156	
		inf	inf	inf	inf	inf	inf	inf	inf	inf	0	0	0	0	0	0	0	0	0	0	0	0	0	0	0	0	0	0	0	
			inf	inf	inf	inf	inf	inf	inf	inf	inf	0	0	0	0	0	4.75862e-09	6.42042e-09	0	0	0	0	0	0	0.00190905	0.00284099	0	8.49085e-06	1.88231e-06	
				inf	inf	inf	inf	inf	inf	inf	inf	inf	0	0	0	0	2.2205e-06	1.33243e-08	0	0	0	0	0	0	0.980209	0.00127406	0	0.000553866	3.16685e-06	
					inf	inf	inf	inf	inf	inf	inf	inf	inf	0	0	0	0	0	0	0	0	0	0	0	0	0	0	0	0	
						inf	inf	inf	inf	inf	inf	inf	inf	inf	0	0	0	0	0	0	0	0	0	0	0	0	0	0	0	
							inf	inf	inf	inf	inf	inf	inf	inf	inf	0	0	0	0	0	0	0	0	0	0	0	0	0	0	
								inf	inf	inf	inf	inf	inf	inf	inf	inf	0	0	0	0.00708856	0.00236993	0	0	0	0	0	0	0	0	
									inf	inf	inf	inf	inf	inf	inf	inf	inf	0	0	0.960995	0.000620486	0	0	0	0	0	0	0	0	
										inf	inf	inf	inf	inf	inf	inf	inf	inf	0	0	0	0	0	0	0	0	0	0	0	
											inf	inf	inf	inf	inf	inf	inf	inf	inf	0	0	0	0	0	4.76001e-09	6.42624e-09	0	1.16969e-08	1.06291e-08	
												inf	inf	inf	inf	inf	inf	inf	inf	inf	0	0	0	0	2.22231e-06	1.74135e-08	0	3.56563e-06	1.17556e-07	
													inf	inf	inf	inf	inf	inf	inf	inf	inf	0	0	0	0	0	0	0	0	
														inf	inf	inf	inf	inf	inf	inf	inf	inf	0	0	0	0	0	0	0	
															inf	inf	inf	inf	inf	inf	inf	inf	inf	0	0	0	0	0	0	
																inf	inf	inf	inf	inf	inf	inf	inf	inf	0	0	0	0	0	
																	inf	inf	inf	inf	inf	inf	inf	inf	inf	0	0	0	0	
																		inf	inf	inf	inf	inf	inf	inf	inf	inf	0	0	0	
																			inf	inf	inf	inf	inf	inf	inf	inf	inf	0	0	
																				inf	inf	inf	inf	inf	inf	inf	inf	inf	0	
																					inf	inf	inf	inf	inf	inf	inf	inf	inf	
																						inf	inf	inf	inf	inf	inf	inf	inf	
																							inf	inf	inf	inf	inf	inf	inf	
																								inf	inf	inf	inf	inf	inf	
																									inf	inf	inf	inf	inf	
																										inf	inf	inf	inf	
																											inf	inf	inf	
																												inf	inf	
																													inf	
first derivatives for non-terminal "leftB":
inf	inf	inf	inf	inf	inf	inf	inf	0	0	1.24018e-08	0	0	0	0	0	0	0	4.45323e-09	0	0	0	0	0	0	0	8.30765e-07	0	0	5.96949e-07	
	inf	inf	inf	inf	inf	inf	inf	inf	0	4.56883e-07	0	0	0	0	0	0	0	7.62964e-08	0	0	0	0	0	0	0	2.10536e-05	0	0	2.43085e-05	
		inf	inf	inf	inf	inf	inf	inf	inf	0	0	0	0	0	0	0	0	0	0	0	0	0	0	0	0	0	0	0	0	
			inf	inf	inf	inf	inf	inf	inf	inf	0	0	0	0	0	0	0	6.93824e-10	0	0	0	0	0	0	0	1.72459e-08	0	0	6.61041e-10	
				inf	inf	inf	inf	inf	inf	inf	inf	0	0	0	0	0	0	1.0115e-09	0	0	0	0	0	0	0	4.84654e-09	0	0	7.43707e-10	
					inf	inf	inf	inf	inf	inf	inf	inf	0	0	0	0	0	0	0	0	0	0	0	0	0	0	0	0	0	
						inf	inf	inf	inf	inf	inf	inf	inf	0	0	0	0	0	0	0	0	0	0	0	0	0	0	0	0	
							inf	inf	inf	inf	inf	inf	inf	inf	0	0	0	0	0	0	0	0	0	0	0	0	0	0	0	
								inf	inf	inf	inf	inf	inf	inf	inf	0	0	0	0	0	0	0	0	0	0	0	0	0	0	
									inf	inf	inf	inf	inf	inf	inf	inf	0	0	0	0	0	0	0	0	0	0	0	0	0	
										inf	inf	inf	inf	inf	inf	inf	inf	0	0	0	0	0	0	0	0	0	0	0	0	
											inf	inf	inf	inf	inf	inf	inf	inf	0	0	0	0	0	0	0	6.94454e-10	0	0	2.13858e-09	
												inf	inf	inf	inf	inf	inf	inf	inf	0	0	0	0	0	0	1.32193e-09	0	0	2.66683e-09	
													inf	inf	inf	inf	inf	inf	inf	inf	0	0	0	0	0	0	0	0	0	
														inf	inf	inf	inf	inf	inf	inf	inf	0	0	0	0	0	0	0	0	
															inf	inf	inf	inf	inf	inf	inf	inf	0	0	0	0	0	0	0	
																inf	inf	inf	inf	inf	inf	inf	inf	0	0	0	0	0	0	
																	inf	inf	inf	inf	inf	inf	inf	inf	0	0	0	0	0	
																		inf	inf	inf	inf	inf	inf	inf	inf	0	0	0	0	
																			inf	inf	inf	inf	inf	inf	inf	inf	0	0	0	
																				inf	inf	inf	inf	inf	inf	inf	inf	0	0	
																					inf	inf	inf	inf	inf	inf	inf	inf	0	
																						inf	inf	inf	inf	inf	inf	inf	inf	
																							inf	inf	inf	inf	inf	inf	inf	
																								inf	inf	inf	inf	inf	inf	
																									inf	inf	inf	inf	inf	
																										inf	inf	inf	inf	
																											inf	inf	inf	
																												inf	inf	
																													inf	
first derivatives for non-terminal "ml_comps":
inf	inf	inf	inf	inf	inf	inf	inf	inf	inf	inf	inf	inf	inf	inf	inf	inf	inf	inf	inf	inf	inf	inf	inf	inf	inf	inf	inf	inf	inf	
	inf	inf	inf	inf	inf	inf	inf	inf	inf	inf	inf	inf	inf	inf	inf	0	1.00387e-12	inf	inf	inf	inf	inf	inf	3.52402e-11	3.83374e-11	inf	2.13769e-10	2.25535e-10	inf	
		inf	inf	inf	inf	inf	inf	inf	inf	inf	inf	inf	inf	inf	inf	0	1.87116e-12	inf	inf	inf	inf	inf	inf	6.91256e-09	8.68578e-11	inf	4.35871e-08	4.31296e-10	inf	
			inf	inf	inf	inf	inf	inf	inf	inf	inf	inf	inf	inf	inf	0	1.87116e-12	inf	inf	inf	inf	inf	inf	6.91256e-09	8.68578e-11	inf	4.35871e-08	4.31296e-10	inf	
				inf	inf	inf	inf	inf	inf	inf	inf	inf	inf	inf	inf	0	1.01244e-13	inf	inf	inf	inf	inf	inf	3.26882e-10	1.12284e-10	inf	8.30489e-09	1.30912e-10	inf	
					inf	inf	inf	inf	inf	inf	inf	inf	inf	inf	inf	0	0	inf	inf	inf	inf	inf	inf	6.90003e-12	5.7529e-11	inf	1.45137e-08	1.55278e-10	inf	
						inf	inf	inf	inf	inf	inf	inf	inf	inf	inf	0	0	inf	inf	inf	inf	inf	inf	6.90003e-12	5.7529e-11	inf	1.45137e-08	1.55278e-10	inf	
							inf	inf	inf	inf	inf	inf	inf	inf	inf	inf	0	inf	inf	inf	inf	inf	inf	6.90003e-12	5.7529e-11	inf	1.45137e-08	1.55278e-10	inf	
								inf	inf	inf	inf	inf	inf	inf	inf	inf	inf	inf	inf	inf	inf	inf	inf	6.90003e-12	5.7529e-11	inf	1.45137e-08	1.55278e-10	inf	
									inf	inf	inf	inf	inf	inf	inf	inf	inf	inf	0	0	inf	inf	inf	0	4.53247e-11	inf	1.38219e-08	1.40357e-10	inf	
										inf	inf	inf	inf	inf	inf	inf	inf	inf	inf	0	inf	inf	inf	0	4.28585e-11	inf	1.36919e-08	1.3741e-10	inf	
											inf	inf	inf	inf	inf	inf	inf	inf	inf	inf	inf	inf	inf	0	4.28585e-11	inf	1.36919e-08	1.3741e-10	inf	
												inf	inf	inf	inf	inf	inf	inf	inf	inf	inf	inf	inf	0	1.55159e-12	inf	4.86091e-10	6.58436e-12	inf	
													inf	inf	inf	inf	inf	inf	inf	inf	inf	inf	inf	0	0	inf	0	0	inf	
														inf	inf	inf	inf	inf	inf	inf	inf	inf	inf	0	0	inf	0	0	inf	
															inf	inf	inf	inf	inf	inf	inf	inf	inf	inf	0	inf	0	0	inf	
																inf	inf	inf	inf	inf	inf	inf	inf	inf	inf	inf	0	0	inf	
																	inf	inf	inf	inf	inf	inf	inf	inf	inf	inf	0	0	inf	
																		inf	inf	inf	inf	inf	inf	inf	inf	inf	inf	0	inf	
																			inf	inf	inf	inf	inf	inf	inf	inf	inf	inf	inf	
																				inf	inf	inf	inf	inf	inf	inf	inf	inf	inf	
																					inf	inf	inf	inf	inf	inf	inf	inf	inf	
																						inf	inf	inf	inf	inf	inf	inf	inf	
																							inf	inf	inf	inf	inf	inf	inf	
																								inf	inf	inf	inf	inf	inf	
																									inf	inf	inf	inf	inf	
																										inf	inf	inf	inf	
																											inf	inf	inf	
																												inf	inf	
																													inf	
first derivatives for non-terminal "ml_comps1":
inf	inf	inf	inf	inf	inf	inf	inf	inf	inf	inf	inf	inf	inf	inf	inf	inf	inf	inf	inf	inf	inf	inf	inf	inf	inf	inf	inf	inf	inf	
	inf	inf	inf	inf	inf	inf	inf	inf	inf	inf	inf	inf	inf	inf	inf	inf	inf	inf	inf	inf	inf	inf	inf	inf	inf	inf	inf	inf	inf	
		inf	inf	inf	inf	inf	inf	inf	inf	inf	inf	inf	inf	inf	inf	inf	inf	inf	inf	inf	inf	inf	inf	inf	inf	inf	inf	inf	inf	
			inf	inf	inf	inf	inf	inf	inf	inf	inf	inf	inf	inf	inf	inf	inf	inf	inf	inf	inf	inf	inf	inf	inf	inf	inf	inf	inf	
				inf	inf	inf	inf	inf	inf	inf	inf	inf	inf	inf	inf	inf	inf	inf	inf	inf	inf	inf	inf	inf	inf	inf	inf	inf	inf	
					inf	inf	inf	inf	inf	inf	inf	inf	inf	inf	inf	inf	inf	inf	inf	inf	inf	inf	inf	inf	inf	inf	inf	inf	inf	
						inf	inf	inf	inf	inf	inf	inf	inf	inf	inf	inf	inf	inf	inf	inf	inf	inf	inf	inf	inf	inf	inf	inf	inf	
							inf	inf	inf	inf	inf	inf	inf	inf	inf	inf	inf	inf	inf	inf	inf	inf	inf	inf	inf	inf	inf	inf	inf	
								inf	inf	inf	inf	inf	inf	inf	inf	inf	inf	inf	inf	inf	inf	inf	inf	inf	inf	inf	inf	inf	inf	
									inf	inf	inf	inf	inf	inf	inf	0	9.00227e-14	inf	inf	inf	inf	inf	inf	1.98566e-10	1.39964e-11	inf	5.76595e-10	1.27163e-11	inf	
										inf	inf	inf	inf	inf	inf	0	1.97519e-12	inf	inf	inf	inf	inf	inf	6.94317e-09	1.43693e-10	inf	2.55379e-08	2.584e-10	inf	
											inf	inf	inf	inf	inf	0	1.97519e-12	inf	inf	inf	inf	inf	inf	6.94317e-09	1.43693e-10	inf	2.55379e-08	2.584e-10	inf	
												inf	inf	inf	inf	inf	4.23674e-13	inf	inf	inf	inf	inf	inf	2.75145e-10	9.39339e-12	inf	7.23918e-09	7.67171e-11	inf	
													inf	inf	inf	inf	inf	inf	inf	inf	inf	inf	inf	3.74449e-11	3.69237e-12	inf	6.93344e-09	7.33639e-11	inf	
														inf	inf	inf	inf	inf	inf	inf	inf	inf	inf	3.74449e-11	3.69237e-12	inf	6.93344e-09	7.33639e-11	inf	
															inf	inf	inf	inf	inf	inf	inf	inf	inf	3.74449e-11	3.69237e-12	inf	6.93344e-09	7.33639e-11	inf	
																inf	inf	inf	inf	inf	inf	inf	inf	3.74449e-11	3.69237e-12	inf	6.93344e-09	7.33639e-11	inf	
																	inf	inf	inf	inf	inf	inf	inf	0	4.20205e-12	inf	7.27669e-09	7.74483e-11	inf	
																		inf	inf	inf	inf	inf	inf	0	4.93538e-11	inf	3.24139e-08	3.32263e-10	inf	
																			inf	inf	inf	inf	inf	0	4.93538e-11	inf	3.24139e-08	3.32263e-10	inf	
																				inf	inf	inf	inf	inf	2.50287e-11	inf	1.90819e-09	4.38367e-11	inf	
																					inf	inf	inf	inf	inf	inf	0	0	inf	
																						inf	inf	inf	inf	inf	0	0	inf	
																							inf	inf	inf	inf	inf	0	inf	
																								inf	inf	inf	inf	inf	inf	
																									inf	inf	inf	inf	inf	
																										inf	inf	inf	inf	
																											inf	inf	inf	
																												inf	inf	
																													inf	
first derivatives for non-terminal "multiloop":
inf	inf	inf	inf	inf	inf	inf	inf	inf	inf	inf	inf	0	0	0	0	0	0	1.00387e-12	0	0	0	0	0	0	3.52402e-11	3.83374e-11	0	2.13769e-10	2.25535e-10	
	inf	inf	inf	inf	inf	inf	inf	inf	inf	inf	inf	inf	0	0	0	0	0	9.36285e-13	0	0	0	0	0	0	6.88019e-09	5.14769e-11	0	4.3383e-08	2.15648e-10	
		inf	inf	inf	inf	inf	inf	inf	inf	inf	inf	inf	inf	0	0	0	0	0	0	0	0	0	0	0	0	0	0	0	0	
			inf	inf	inf	inf	inf	inf	inf	inf	inf	inf	inf	inf	0	0	0	3.50341e-14	0	0	0	0	0	0	7.44062e-11	1.07094e-10	0	5.6205e-11	4.36374e-11	
				inf	inf	inf	inf	inf	inf	inf	inf	inf	inf	inf	inf	0	0	0	0	0	0	0	0	0	6.72715e-12	1.04954e-11	0	7.21548e-09	3.88196e-11	
					inf	inf	inf	inf	inf	inf	inf	inf	inf	inf	inf	inf	0	0	0	0	0	0	0	0	0	0	0	0	0	
						inf	inf	inf	inf	inf	inf	inf	inf	inf	inf	inf	inf	0	0	0	0	0	0	0	0	0	0	0	0	
							inf	inf	inf	inf	inf	inf	inf	inf	inf	inf	inf	inf	0	0	0	0	0	0	0	0	0	0	0	
								inf	inf	inf	inf	inf	inf	inf	inf	inf	inf	inf	inf	0	0	0	0	0	0	0	0	0	0	
									inf	inf	inf	inf	inf	inf	inf	inf	inf	inf	inf	inf	0	0	0	0	0	0	0	0	0	
										inf	inf	inf	inf	inf	inf	inf	inf	inf	inf	inf	inf	0	0	0	0	0	0	0	0	
											inf	inf	inf	inf	inf	inf	inf	inf	inf	inf	inf	inf	0	0	0	3.50659e-14	0	1.60797e-12	1.72218e-12	
												inf	inf	inf	inf	inf	inf	inf	inf	inf	inf	inf	inf	0	0	0	0	0	0	
													inf	inf	inf	inf	inf	inf	inf	inf	inf	inf	inf	inf	0	0	0	0	0	
														inf	inf	inf	inf	inf	inf	inf	inf	inf	inf	inf	inf	0	0	0	0	
															inf	inf	inf	inf	inf	inf	inf	inf	inf	inf	inf	inf	0	0	0	
																inf	inf	inf	inf	inf	inf	inf	inf	inf	inf	inf	inf	0	0	
																	inf	inf	inf	inf	inf	inf	inf	inf	inf	inf	inf	inf	0	
																		inf	inf	inf	inf	inf	inf	inf	inf	inf	inf	inf	inf	
																			inf	inf	inf	inf	inf	inf	inf	inf	inf	inf	inf	
																				inf	inf	inf	inf	inf	inf	inf	inf	inf	inf	
																					inf	inf	inf	inf	inf	inf	inf	inf	inf	
																						inf	inf	inf	inf	inf	inf	inf	inf	
																							inf	inf	inf	inf	inf	inf	inf	
																								inf	inf	inf	inf	inf	inf	
																									inf	inf	inf	inf	inf	
																										inf	inf	inf	inf	
																											inf	inf	inf	
																												inf	inf	
																													inf	
first derivatives for non-terminal "rightB":
inf	inf	inf	inf	inf	inf	inf	inf	0	0	0	0	0	0	0	0	0	2.71987e-09	2.17696e-09	0	0	0	0	0	0	7.72796e-10	6.83085e-10	0	1.63389e-05	4.06634e-07	
	inf	inf	inf	inf	inf	inf	inf	inf	0	0	0	0	0	0	0	0	0	0	0	0	0	0	0	0	0	0	0	0	0	
		inf	inf	inf	inf	inf	inf	inf	inf	0	0	0	0	0	0	0	0	0	0	0	0	0	0	0	0	0	0	0	0	
			inf	inf	inf	inf	inf	inf	inf	inf	0	0	0	0	0	0	2.33232e-09	1.20829e-09	0	0	0	0	0	0	3.79471e-08	2.50615e-08	0	7.09651e-05	1.65245e-06	
				inf	inf	inf	inf	inf	inf	inf	inf	0	0	0	0	0	0	0	0	0	0	0	0	0	0	0	0	0	0	
					inf	inf	inf	inf	inf	inf	inf	inf	0	0	0	0	0	0	0	0	0	0	0	0	0	0	0	0	0	
						inf	inf	inf	inf	inf	inf	inf	inf	0	0	0	0	0	0	0	0	0	0	0	0	0	0	0	0	
							inf	inf	inf	inf	inf	inf	inf	inf	0	0	0	0	0	0	0	0	0	0	0	0	0	0	0	
								inf	inf	inf	inf	inf	inf	inf	inf	0	0	0	0	0	0	0	0	0	0	0	0	0	0	
									inf	inf	inf	inf	inf	inf	inf	inf	0	0	0	0	0	0	0	0	0	0	0	0	0	
										inf	inf	inf	inf	inf	inf	inf	inf	0	0	0	0	0	0	0	0	0	0	0	0	
											inf	inf	inf	inf	inf	inf	inf	inf	0	0	0	0	0	0	2.333e-09	1.20939e-09	0	1.43327e-07	6.34581e-09	
												inf	inf	inf	inf	inf	inf	inf	inf	0	0	0	0	0	0	0	0	0	0	
													inf	inf	inf	inf	inf	inf	inf	inf	0	0	0	0	0	0	0	0	0	
														inf	inf	inf	inf	inf	inf	inf	inf	0	0	0	0	0	0	0	0	
															inf	inf	inf	inf	inf	inf	inf	inf	0	0	0	0	0	0	0	
																inf	inf	inf	inf	inf	inf	inf	inf	0	0	0	0	0	0	
																	inf	inf	inf	inf	inf	inf	inf	inf	0	0	0	0	0	
																		inf	inf	inf	inf	inf	inf	inf	inf	0	0	0	0	
																			inf	inf	inf	inf	inf	inf	inf	inf	0	8.71298e-07	2.23099e-08	
																				inf	inf	inf	inf	inf	inf	inf	inf	0	0	
																					inf	inf	inf	inf	inf	inf	inf	inf	0	
																						inf	inf	inf	inf	inf	inf	inf	inf	
																							inf	inf	inf	inf	inf	inf	inf	
																								inf	inf	inf	inf	inf	inf	
																									inf	inf	inf	inf	inf	
																										inf	inf	inf	inf	
																											inf	inf	inf	
																												inf	inf	
																													inf	
first derivatives for non-terminal "stack":
inf	inf	inf	inf	inf	inf	inf	0	0	0	0.000671769	0	0	0	0	0	0	0	5.67597e-05	0	0	0	0	0	0	0	0.000592323	0	0	0.962741	
	inf	inf	inf	inf	inf	inf	inf	0	0	0	0	0	0	0	0	0	0	0	0	0	0	0	0	0	0	0	0	0	0	
		inf	inf	inf	inf	inf	inf	inf	0	0	0	0	0	0	0	0	0	0	0	0	0	0	0	0	0	0	0	0	0	
			inf	inf	inf	inf	inf	inf	inf	6.28354e-05	0	0	0	0	0	0	0	9.44747e-05	0	0	0	0	0	0	0	0.97746	0	0	0.000570971	
				inf	inf	inf	inf	inf	inf	inf	0	0	0	0	0	0	0	0	0	0	0	0	0	0	0	0	0	0	0	
					inf	inf	inf	inf	inf	inf	inf	0	0	0	0	0	0	0	0	0	0	0	0	0	0	0	0	0	0	
						inf	inf	inf	inf	inf	inf	inf	0	0	0	0	0	0	0	0	0	0	0	0	0	0	0	0	0	
							inf	inf	inf	inf	inf	inf	inf	0	0	0	0	0	0	0	0	0	0	0	0	0	0	0	0	
								inf	inf	inf	inf	inf	inf	inf	0	0	0	0	0	0	0.977131	0	0	0	0	0	0	0	0	
									inf	inf	inf	inf	inf	inf	inf	0	0	0	0	0	0	0	0	0	0	0	0	0	0	
										inf	inf	inf	inf	inf	inf	inf	0	0	0	0	0	0	0	0	0	0	0	0	0	
											inf	inf	inf	inf	inf	inf	inf	0.941234	0	0	0	0	0	0	0	9.45603e-05	0	0	5.70846e-05	
												inf	inf	inf	inf	inf	inf	inf	0	0	0	0	0	0	0	0	0	0	0	
													inf	inf	inf	inf	inf	inf	inf	0	0	0	0	0	0	0	0	0	0	
														inf	inf	inf	inf	inf	inf	inf	0	0	0	0	0	0	0	0	0	
															inf	inf	inf	inf	inf	inf	inf	0	0	0	0	0	0	0	0	
																inf	inf	inf	inf	inf	inf	inf	0	0	0	0	0	0	0	
																	inf	inf	inf	inf	inf	inf	inf	0	0	0	0	0	0	
																		inf	inf	inf	inf	inf	inf	inf	0	0	0	0	0	
																			inf	inf	inf	inf	inf	inf	inf	6.28938e-05	0	0	0.000671532	
																				inf	inf	inf	inf	inf	inf	inf	0	0	0	
																					inf	inf	inf	inf	inf	inf	inf	0	0	
																						inf	inf	inf	inf	inf	inf	inf	0	
																							inf	inf	inf	inf	inf	inf	inf	
																								inf	inf	inf	inf	inf	inf	
																									inf	inf	inf	inf	inf	
																										inf	inf	inf	inf	
																											inf	inf	inf	
																												inf	inf	
																													inf	
first derivatives for non-terminal "strong":
inf	inf	inf	inf	inf	0	0	0	0	5.36738e-07	0.000672981	0	0	0	0	0	0	1.44543e-07	5.6872e-05	0	0	0	0	0	0	9.33044e-07	0.000595146	0	0.000588242	0.965119	
	inf	inf	inf	inf	inf	0	0	0	3.20224e-06	1.47853e-06	0	0	0	0	0	0	2.68657e-07	3.05448e-07	0	0	0	0	0	0	2.84559e-06	5.34055e-05	0	0.00455138	0.00385592	
		inf	inf	inf	inf	inf	0	0	0	0	0	0	0	0	0	0	0	0	0	0	0	0	0	0	0	0	0	0	0	
			inf	inf	inf	inf	inf	0	1.54451e-06	6.37603e-05	0	0	0	0	0	0	2.4079e-07	9.46231e-05	0	0	0	0	0	0	0.00191216	0.980303	0	7.95073e-05	0.000574541	
				inf	inf	inf	inf	inf	3.00636e-07	2.19523e-06	0	0	0	0	0	0	4.63376e-07	3.56282e-07	0	0	0	0	0	0	0.00393	0.00127517	0	2.743e-06	3.23511e-06	
					inf	inf	inf	inf	inf	0	0	0	0	0	0	0	0	0	0	0	0	0	0	0	0	0	0	0	0	
						inf	inf	inf	inf	inf	0	0	0	0	0	0	0	0	0	0	0	0	0	0	0	0	0	0	0	
							inf	inf	inf	inf	inf	0	0	0	0	0	0	0	0	0	0	0	0	0	0	0	0	0	0	
								inf	inf	inf	inf	inf	2.70076e-06	0	0	0	0	0	0	0.00732961	0.979625	0	0	0	0	0	0	0	0	
									inf	inf	inf	inf	inf	0	0	0	0	0	0	0.0028486	0.000793325	0	0	0	0	0	0	0	0	
										inf	inf	inf	inf	inf	0	0	0	0	0	0	0	0	0	0	0	0	0	0	0	
											inf	inf	inf	inf	inf	0	0.016293	0.955089	0	0	0	0	0	0	2.4086e-07	9.47089e-05	0	2.67643e-07	5.71993e-05	
												inf	inf	inf	inf	inf	0.00232822	0.00292637	0	0	0	0	0	0	4.54711e-07	4.65623e-07	0	2.70195e-07	3.35407e-07	
													inf	inf	inf	inf	inf	0	0	0	0	0	0	0	0	0	0	0	0	
														inf	inf	inf	inf	inf	0	0	0	0	0	0	0	0	0	0	0	
															inf	inf	inf	inf	inf	0	0	0	0	0	0	0	0	0	0	
																inf	inf	inf	inf	inf	2.70522e-06	0	0	0	0	0	0	0	0	
																	inf	inf	inf	inf	inf	0	0	0	0	0	0	0	0	
																		inf	inf	inf	inf	inf	0	0	0	0	0	0	0	
																			inf	inf	inf	inf	inf	0	1.60955e-06	6.38196e-05	0	1.40499e-06	0.000672753	
																				inf	inf	inf	inf	inf	3.07267e-07	3.00877e-06	0	3.29237e-06	1.05607e-06	
																					inf	inf	inf	inf	inf	0	0	0	0	
																						inf	inf	inf	inf	inf	0	0	0	
																							inf	inf	inf	inf	inf	0	0	
																								inf	inf	inf	inf	inf	0	
																									inf	inf	inf	inf	inf	
																										inf	inf	inf	inf	
																											inf	inf	inf	
																												inf	inf	
																													inf	
first derivatives for non-terminal "struct":
1	0.0329657	0.0245137	0.0245137	0.00435161	0.0041439	0.0041439	0.0041439	0.0041439	0.00179583	0.00251954	0.00251954	0.00229429	0.00229033	0.00229033	0.00229033	0.00229033	0.00229275	0.00251907	0.00251907	0.0018479	0.00414307	0.00414307	0.00414307	0.00414307	0.0042703	0.0245134	0.0245134	0.0297156	1	
first derivatives for non-terminal "weak":
inf	inf	inf	inf	inf	0	0	0	0	5.36738e-07	0.000672981	0	0	0	0	0	0	1.44543e-07	5.6872e-05	0	0	0	0	0	0	9.33044e-07	0.000595146	0	0.000588242	0.965119	
	inf	inf	inf	inf	inf	0	0	0	0.000674971	1.47853e-06	0	0	0	0	0	0	5.70284e-05	3.05448e-07	0	0	0	0	0	0	0.000595169	5.34055e-05	0	0.967292	0.00385592	
		inf	inf	inf	inf	inf	0	0	0	0	0	0	0	0	0	0	0	0	0	0	0	0	0	0	0	0	0	0	0	
			inf	inf	inf	inf	inf	0	1.54451e-06	6.37603e-05	0	0	0	0	0	0	2.4079e-07	9.46231e-05	0	0	0	0	0	0	0.00191216	0.980303	0	7.95073e-05	0.000574541	
				inf	inf	inf	inf	inf	6.3136e-05	2.19523e-06	0	0	0	0	0	0	9.4938e-05	3.56282e-07	0	0	0	0	0	0	0.98139	0.00127517	0	0.000573714	3.23511e-06	
					inf	inf	inf	inf	inf	0	0	0	0	0	0	0	0	0	0	0	0	0	0	0	0	0	0	0	0	
						inf	inf	inf	inf	inf	0	0	0	0	0	0	0	0	0	0	0	0	0	0	0	0	0	0	0	
							inf	inf	inf	inf	inf	0	0	0	0	0	0	0	0	0	0	0	0	0	0	0	0	0	0	
								inf	inf	inf	inf	inf	2.70076e-06	0	0	0	0	0	0	0.00732961	0.979625	0	0	0	0	0	0	0	0	
									inf	inf	inf	inf	inf	0	0	0	0	0	0	0.97998	0.000793325	0	0	0	0	0	0	0	0	
										inf	inf	inf	inf	inf	0	0	0	0	0	0	0	0	0	0	0	0	0	0	0	
											inf	inf	inf	inf	inf	0	0.016293	0.955089	0	0	0	0	0	0	2.4086e-07	9.47089e-05	0	2.67643e-07	5.71993e-05	
												inf	inf	inf	inf	inf	0.943562	0.00292637	0	0	0	0	0	0	9.50151e-05	4.65623e-07	0	5.73548e-05	3.35407e-07	
													inf	inf	inf	inf	inf	0	0	0	0	0	0	0	0	0	0	0	0	
														inf	inf	inf	inf	inf	0	0	0	0	0	0	0	0	0	0	0	
															inf	inf	inf	inf	inf	0	0	0	0	0	0	0	0	0	0	
																inf	inf	inf	inf	inf	2.70522e-06	0	0	0	0	0	0	0	0	
																	inf	inf	inf	inf	inf	0	0	0	0	0	0	0	0	
																		inf	inf	inf	inf	inf	0	0	0	0	0	0	0	
																			inf	inf	inf	inf	inf	0	1.60955e-06	6.38196e-05	0	1.40499e-06	0.000672753	
																				inf	inf	inf	inf	inf	6.32011e-05	3.00877e-06	0	0.000674824	1.05607e-06	
																					inf	inf	inf	inf	inf	0	0	0	0	
																						inf	inf	inf	inf	inf	0	0	0	
																							inf	inf	inf	inf	inf	0	0	
																								inf	inf	inf	inf	inf	0	
																									inf	inf	inf	inf	inf	
																										inf	inf	inf	inf	
																											inf	inf	inf	
																												inf	inf	
																													inf	
