start answers weak(0,0):
[]
//end answers weak(0,0)
start answers outside_weak(0,0):
[]
//end answers outside_weak(0,0)
start answers weak(0,1):
[]
//end answers weak(0,1)
start answers outside_weak(0,1):
[]
//end answers outside_weak(0,1)
start answers weak(0,2):
[]
//end answers weak(0,2)
start answers outside_weak(0,2):
[]
//end answers outside_weak(0,2)
start answers weak(0,3):
[]
//end answers weak(0,3)
start answers outside_weak(0,3):
[]
//end answers outside_weak(0,3)
start answers weak(0,4):
[]
//end answers weak(0,4)
start answers outside_weak(0,4):
[]
//end answers outside_weak(0,4)
start answers weak(0,5):
[]
//end answers weak(0,5)
start answers outside_weak(0,5):
10
//end answers outside_weak(0,5)
start answers weak(0,6):
[]
//end answers weak(0,6)
start answers outside_weak(0,6):
10
//end answers outside_weak(0,6)
start answers weak(0,7):
[]
//end answers weak(0,7)
start answers outside_weak(0,7):
10
//end answers outside_weak(0,7)
start answers weak(0,8):
[]
//end answers weak(0,8)
start answers outside_weak(0,8):
10
//end answers outside_weak(0,8)
start answers weak(0,9):
500
//end answers weak(0,9)
start answers outside_weak(0,9):
0
//end answers outside_weak(0,9)
start answers weak(0,10):
60
//end answers weak(0,10)
start answers outside_weak(0,10):
0
//end answers outside_weak(0,10)
start answers weak(0,11):
[]
//end answers weak(0,11)
start answers outside_weak(0,11):
50
//end answers outside_weak(0,11)
start answers weak(0,12):
[]
//end answers weak(0,12)
start answers outside_weak(0,12):
50
//end answers outside_weak(0,12)
start answers weak(0,13):
[]
//end answers weak(0,13)
start answers outside_weak(0,13):
50
//end answers outside_weak(0,13)
start answers weak(0,14):
[]
//end answers weak(0,14)
start answers outside_weak(0,14):
50
//end answers outside_weak(0,14)
start answers weak(0,15):
[]
//end answers weak(0,15)
start answers outside_weak(0,15):
50
//end answers outside_weak(0,15)
start answers weak(0,16):
[]
//end answers weak(0,16)
start answers outside_weak(0,16):
50
//end answers outside_weak(0,16)
start answers weak(0,17):
590
//end answers weak(0,17)
start answers outside_weak(0,17):
0
//end answers outside_weak(0,17)
start answers weak(0,18):
210
//end answers weak(0,18)
start answers outside_weak(0,18):
0
//end answers outside_weak(0,18)
start answers weak(0,19):
[]
//end answers weak(0,19)
start answers outside_weak(0,19):
50
//end answers outside_weak(0,19)
start answers weak(0,20):
[]
//end answers weak(0,20)
start answers outside_weak(0,20):
50
//end answers outside_weak(0,20)
start answers weak(0,21):
[]
//end answers weak(0,21)
start answers outside_weak(0,21):
50
//end answers outside_weak(0,21)
start answers weak(0,22):
[]
//end answers weak(0,22)
start answers outside_weak(0,22):
50
//end answers outside_weak(0,22)
start answers weak(0,23):
[]
//end answers weak(0,23)
start answers outside_weak(0,23):
50
//end answers outside_weak(0,23)
start answers weak(0,24):
[]
//end answers weak(0,24)
start answers outside_weak(0,24):
50
//end answers outside_weak(0,24)
start answers weak(0,25):
450
//end answers weak(0,25)
start answers outside_weak(0,25):
0
//end answers outside_weak(0,25)
start answers weak(0,26):
50
//end answers weak(0,26)
start answers outside_weak(0,26):
0
//end answers outside_weak(0,26)
start answers weak(0,27):
[]
//end answers weak(0,27)
start answers outside_weak(0,27):
50
//end answers outside_weak(0,27)
start answers weak(0,28):
60
//end answers weak(0,28)
start answers outside_weak(0,28):
0
//end answers outside_weak(0,28)
start answers weak(0,29):
-410
//end answers weak(0,29)
start answers outside_weak(0,29):
0
//end answers outside_weak(0,29)
start answers weak(1,1):
[]
//end answers weak(1,1)
start answers outside_weak(1,1):
[]
//end answers outside_weak(1,1)
start answers weak(1,2):
[]
//end answers weak(1,2)
start answers outside_weak(1,2):
[]
//end answers outside_weak(1,2)
start answers weak(1,3):
[]
//end answers weak(1,3)
start answers outside_weak(1,3):
[]
//end answers outside_weak(1,3)
start answers weak(1,4):
[]
//end answers weak(1,4)
start answers outside_weak(1,4):
[]
//end answers outside_weak(1,4)
start answers weak(1,5):
[]
//end answers weak(1,5)
start answers outside_weak(1,5):
[]
//end answers outside_weak(1,5)
start answers weak(1,6):
[]
//end answers weak(1,6)
start answers outside_weak(1,6):
10
//end answers outside_weak(1,6)
start answers weak(1,7):
[]
//end answers weak(1,7)
start answers outside_weak(1,7):
10
//end answers outside_weak(1,7)
start answers weak(1,8):
[]
//end answers weak(1,8)
start answers outside_weak(1,8):
-140
//end answers outside_weak(1,8)
start answers weak(1,9):
390
//end answers weak(1,9)
start answers outside_weak(1,9):
-330
//end answers outside_weak(1,9)
start answers weak(1,10):
460
//end answers weak(1,10)
start answers outside_weak(1,10):
0
//end answers outside_weak(1,10)
start answers weak(1,11):
[]
//end answers weak(1,11)
start answers outside_weak(1,11):
50
//end answers outside_weak(1,11)
start answers weak(1,12):
[]
//end answers weak(1,12)
start answers outside_weak(1,12):
50
//end answers outside_weak(1,12)
start answers weak(1,13):
[]
//end answers weak(1,13)
start answers outside_weak(1,13):
50
//end answers outside_weak(1,13)
start answers weak(1,14):
[]
//end answers weak(1,14)
start answers outside_weak(1,14):
50
//end answers outside_weak(1,14)
start answers weak(1,15):
[]
//end answers weak(1,15)
start answers outside_weak(1,15):
50
//end answers outside_weak(1,15)
start answers weak(1,16):
[]
//end answers weak(1,16)
start answers outside_weak(1,16):
-140
//end answers outside_weak(1,16)
start answers weak(1,17):
540
//end answers weak(1,17)
start answers outside_weak(1,17):
-330
//end answers outside_weak(1,17)
start answers weak(1,18):
550
//end answers weak(1,18)
start answers outside_weak(1,18):
0
//end answers outside_weak(1,18)
start answers weak(1,19):
[]
//end answers weak(1,19)
start answers outside_weak(1,19):
50
//end answers outside_weak(1,19)
start answers weak(1,20):
[]
//end answers weak(1,20)
start answers outside_weak(1,20):
50
//end answers outside_weak(1,20)
start answers weak(1,21):
[]
//end answers weak(1,21)
start answers outside_weak(1,21):
50
//end answers outside_weak(1,21)
start answers weak(1,22):
[]
//end answers weak(1,22)
start answers outside_weak(1,22):
50
//end answers outside_weak(1,22)
start answers weak(1,23):
[]
//end answers weak(1,23)
start answers outside_weak(1,23):
50
//end answers outside_weak(1,23)
start answers weak(1,24):
[]
//end answers weak(1,24)
start answers outside_weak(1,24):
-140
//end answers outside_weak(1,24)
start answers weak(1,25):
380
//end answers weak(1,25)
start answers outside_weak(1,25):
-330
//end answers outside_weak(1,25)
start answers weak(1,26):
250
//end answers weak(1,26)
start answers outside_weak(1,26):
0
//end answers outside_weak(1,26)
start answers weak(1,27):
[]
//end answers weak(1,27)
start answers outside_weak(1,27):
-140
//end answers outside_weak(1,27)
start answers weak(1,28):
-80
//end answers weak(1,28)
start answers outside_weak(1,28):
-330
//end answers outside_weak(1,28)
start answers weak(1,29):
-60
//end answers weak(1,29)
start answers outside_weak(1,29):
0
//end answers outside_weak(1,29)
start answers weak(2,2):
[]
//end answers weak(2,2)
start answers outside_weak(2,2):
[]
//end answers outside_weak(2,2)
start answers weak(2,3):
[]
//end answers weak(2,3)
start answers outside_weak(2,3):
[]
//end answers outside_weak(2,3)
start answers weak(2,4):
[]
//end answers weak(2,4)
start answers outside_weak(2,4):
[]
//end answers outside_weak(2,4)
start answers weak(2,5):
[]
//end answers weak(2,5)
start answers outside_weak(2,5):
[]
//end answers outside_weak(2,5)
start answers weak(2,6):
[]
//end answers weak(2,6)
start answers outside_weak(2,6):
[]
//end answers outside_weak(2,6)
start answers weak(2,7):
[]
//end answers weak(2,7)
start answers outside_weak(2,7):
-90
//end answers outside_weak(2,7)
start answers weak(2,8):
[]
//end answers weak(2,8)
start answers outside_weak(2,8):
-470
//end answers outside_weak(2,8)
start answers weak(2,9):
[]
//end answers weak(2,9)
start answers outside_weak(2,9):
-140
//end answers outside_weak(2,9)
start answers weak(2,10):
[]
//end answers weak(2,10)
start answers outside_weak(2,10):
50
//end answers outside_weak(2,10)
start answers weak(2,11):
[]
//end answers weak(2,11)
start answers outside_weak(2,11):
50
//end answers outside_weak(2,11)
start answers weak(2,12):
[]
//end answers weak(2,12)
start answers outside_weak(2,12):
50
//end answers outside_weak(2,12)
start answers weak(2,13):
[]
//end answers weak(2,13)
start answers outside_weak(2,13):
40
//end answers outside_weak(2,13)
start answers weak(2,14):
[]
//end answers weak(2,14)
start answers outside_weak(2,14):
0
//end answers outside_weak(2,14)
start answers weak(2,15):
[]
//end answers weak(2,15)
start answers outside_weak(2,15):
-90
//end answers outside_weak(2,15)
start answers weak(2,16):
[]
//end answers weak(2,16)
start answers outside_weak(2,16):
-470
//end answers outside_weak(2,16)
start answers weak(2,17):
[]
//end answers weak(2,17)
start answers outside_weak(2,17):
-140
//end answers outside_weak(2,17)
start answers weak(2,18):
[]
//end answers weak(2,18)
start answers outside_weak(2,18):
50
//end answers outside_weak(2,18)
start answers weak(2,19):
[]
//end answers weak(2,19)
start answers outside_weak(2,19):
50
//end answers outside_weak(2,19)
start answers weak(2,20):
[]
//end answers weak(2,20)
start answers outside_weak(2,20):
50
//end answers outside_weak(2,20)
start answers weak(2,21):
[]
//end answers weak(2,21)
start answers outside_weak(2,21):
40
//end answers outside_weak(2,21)
start answers weak(2,22):
[]
//end answers weak(2,22)
start answers outside_weak(2,22):
0
//end answers outside_weak(2,22)
start answers weak(2,23):
[]
//end answers weak(2,23)
start answers outside_weak(2,23):
-90
//end answers outside_weak(2,23)
start answers weak(2,24):
[]
//end answers weak(2,24)
start answers outside_weak(2,24):
-470
//end answers outside_weak(2,24)
start answers weak(2,25):
[]
//end answers weak(2,25)
start answers outside_weak(2,25):
-140
//end answers outside_weak(2,25)
start answers weak(2,26):
[]
//end answers weak(2,26)
start answers outside_weak(2,26):
-90
//end answers outside_weak(2,26)
start answers weak(2,27):
[]
//end answers weak(2,27)
start answers outside_weak(2,27):
-470
//end answers outside_weak(2,27)
start answers weak(2,28):
[]
//end answers weak(2,28)
start answers outside_weak(2,28):
-140
//end answers outside_weak(2,28)
start answers weak(2,29):
[]
//end answers weak(2,29)
start answers outside_weak(2,29):
50
//end answers outside_weak(2,29)
start answers weak(3,3):
[]
//end answers weak(3,3)
start answers outside_weak(3,3):
[]
//end answers outside_weak(3,3)
start answers weak(3,4):
[]
//end answers weak(3,4)
start answers outside_weak(3,4):
[]
//end answers outside_weak(3,4)
start answers weak(3,5):
[]
//end answers weak(3,5)
start answers outside_weak(3,5):
[]
//end answers outside_weak(3,5)
start answers weak(3,6):
[]
//end answers weak(3,6)
start answers outside_weak(3,6):
[]
//end answers outside_weak(3,6)
start answers weak(3,7):
[]
//end answers weak(3,7)
start answers outside_weak(3,7):
[]
//end answers outside_weak(3,7)
start answers weak(3,8):
[]
//end answers weak(3,8)
start answers outside_weak(3,8):
-90
//end answers outside_weak(3,8)
start answers weak(3,9):
460
//end answers weak(3,9)
start answers outside_weak(3,9):
0
//end answers outside_weak(3,9)
start answers weak(3,10):
210
//end answers weak(3,10)
start answers outside_weak(3,10):
0
//end answers outside_weak(3,10)
start answers weak(3,11):
[]
//end answers weak(3,11)
start answers outside_weak(3,11):
50
//end answers outside_weak(3,11)
start answers weak(3,12):
[]
//end answers weak(3,12)
start answers outside_weak(3,12):
50
//end answers outside_weak(3,12)
start answers weak(3,13):
[]
//end answers weak(3,13)
start answers outside_weak(3,13):
-30
//end answers outside_weak(3,13)
start answers weak(3,14):
[]
//end answers weak(3,14)
start answers outside_weak(3,14):
-30
//end answers outside_weak(3,14)
start answers weak(3,15):
[]
//end answers weak(3,15)
start answers outside_weak(3,15):
-110
//end answers outside_weak(3,15)
start answers weak(3,16):
[]
//end answers weak(3,16)
start answers outside_weak(3,16):
-90
//end answers outside_weak(3,16)
start answers weak(3,17):
570
//end answers weak(3,17)
start answers outside_weak(3,17):
0
//end answers outside_weak(3,17)
start answers weak(3,18):
180
//end answers weak(3,18)
start answers outside_weak(3,18):
0
//end answers outside_weak(3,18)
start answers weak(3,19):
[]
//end answers weak(3,19)
start answers outside_weak(3,19):
50
//end answers outside_weak(3,19)
start answers weak(3,20):
[]
//end answers weak(3,20)
start answers outside_weak(3,20):
50
//end answers outside_weak(3,20)
start answers weak(3,21):
[]
//end answers weak(3,21)
start answers outside_weak(3,21):
-30
//end answers outside_weak(3,21)
start answers weak(3,22):
[]
//end answers weak(3,22)
start answers outside_weak(3,22):
-30
//end answers outside_weak(3,22)
start answers weak(3,23):
[]
//end answers weak(3,23)
start answers outside_weak(3,23):
-110
//end answers outside_weak(3,23)
start answers weak(3,24):
[]
//end answers weak(3,24)
start answers outside_weak(3,24):
-90
//end answers outside_weak(3,24)
start answers weak(3,25):
230
//end answers weak(3,25)
start answers outside_weak(3,25):
-250
//end answers outside_weak(3,25)
start answers weak(3,26):
-170
//end answers weak(3,26)
start answers outside_weak(3,26):
-240
//end answers outside_weak(3,26)
start answers weak(3,27):
[]
//end answers weak(3,27)
start answers outside_weak(3,27):
-90
//end answers outside_weak(3,27)
start answers weak(3,28):
200
//end answers weak(3,28)
start answers outside_weak(3,28):
0
//end answers outside_weak(3,28)
start answers weak(3,29):
50
//end answers weak(3,29)
start answers outside_weak(3,29):
0
//end answers outside_weak(3,29)
start answers weak(4,4):
[]
//end answers weak(4,4)
start answers outside_weak(4,4):
[]
//end answers outside_weak(4,4)
start answers weak(4,5):
[]
//end answers weak(4,5)
start answers outside_weak(4,5):
[]
//end answers outside_weak(4,5)
start answers weak(4,6):
[]
//end answers weak(4,6)
start answers outside_weak(4,6):
[]
//end answers outside_weak(4,6)
start answers weak(4,7):
[]
//end answers weak(4,7)
start answers outside_weak(4,7):
[]
//end answers outside_weak(4,7)
start answers weak(4,8):
[]
//end answers weak(4,8)
start answers outside_weak(4,8):
[]
//end answers outside_weak(4,8)
start answers weak(4,9):
540
//end answers weak(4,9)
start answers outside_weak(4,9):
-330
//end answers outside_weak(4,9)
start answers weak(4,10):
420
//end answers weak(4,10)
start answers outside_weak(4,10):
0
//end answers outside_weak(4,10)
start answers weak(4,11):
[]
//end answers weak(4,11)
start answers outside_weak(4,11):
50
//end answers outside_weak(4,11)
start answers weak(4,12):
[]
//end answers weak(4,12)
start answers outside_weak(4,12):
50
//end answers outside_weak(4,12)
start answers weak(4,13):
[]
//end answers weak(4,13)
start answers outside_weak(4,13):
0
//end answers outside_weak(4,13)
start answers weak(4,14):
[]
//end answers weak(4,14)
start answers outside_weak(4,14):
-100
//end answers outside_weak(4,14)
start answers weak(4,15):
[]
//end answers weak(4,15)
start answers outside_weak(4,15):
-30
//end answers outside_weak(4,15)
start answers weak(4,16):
[]
//end answers weak(4,16)
start answers outside_weak(4,16):
-140
//end answers outside_weak(4,16)
start answers weak(4,17):
510
//end answers weak(4,17)
start answers outside_weak(4,17):
-330
//end answers outside_weak(4,17)
start answers weak(4,18):
530
//end answers weak(4,18)
start answers outside_weak(4,18):
0
//end answers outside_weak(4,18)
start answers weak(4,19):
[]
//end answers weak(4,19)
start answers outside_weak(4,19):
50
//end answers outside_weak(4,19)
start answers weak(4,20):
[]
//end answers weak(4,20)
start answers outside_weak(4,20):
50
//end answers outside_weak(4,20)
start answers weak(4,21):
[]
//end answers weak(4,21)
start answers outside_weak(4,21):
0
//end answers outside_weak(4,21)
start answers weak(4,22):
[]
//end answers weak(4,22)
start answers outside_weak(4,22):
-100
//end answers outside_weak(4,22)
start answers weak(4,23):
[]
//end answers weak(4,23)
start answers outside_weak(4,23):
-30
//end answers outside_weak(4,23)
start answers weak(4,24):
[]
//end answers weak(4,24)
start answers outside_weak(4,24):
-390
//end answers outside_weak(4,24)
start answers weak(4,25):
160
//end answers weak(4,25)
start answers outside_weak(4,25):
-570
//end answers outside_weak(4,25)
start answers weak(4,26):
150
//end answers weak(4,26)
start answers outside_weak(4,26):
-100
//end answers outside_weak(4,26)
start answers weak(4,27):
[]
//end answers weak(4,27)
start answers outside_weak(4,27):
-140
//end answers outside_weak(4,27)
start answers weak(4,28):
380
//end answers weak(4,28)
start answers outside_weak(4,28):
-330
//end answers outside_weak(4,28)
start answers weak(4,29):
370
//end answers weak(4,29)
start answers outside_weak(4,29):
0
//end answers outside_weak(4,29)
start answers weak(5,5):
[]
//end answers weak(5,5)
start answers outside_weak(5,5):
[]
//end answers outside_weak(5,5)
start answers weak(5,6):
[]
//end answers weak(5,6)
start answers outside_weak(5,6):
[]
//end answers outside_weak(5,6)
start answers weak(5,7):
[]
//end answers weak(5,7)
start answers outside_weak(5,7):
[]
//end answers outside_weak(5,7)
start answers weak(5,8):
[]
//end answers weak(5,8)
start answers outside_weak(5,8):
[]
//end answers outside_weak(5,8)
start answers weak(5,9):
[]
//end answers weak(5,9)
start answers outside_weak(5,9):
[]
//end answers outside_weak(5,9)
start answers weak(5,10):
[]
//end answers weak(5,10)
start answers outside_weak(5,10):
10
//end answers outside_weak(5,10)
start answers weak(5,11):
[]
//end answers weak(5,11)
start answers outside_weak(5,11):
0
//end answers outside_weak(5,11)
start answers weak(5,12):
[]
//end answers weak(5,12)
start answers outside_weak(5,12):
-10
//end answers outside_weak(5,12)
start answers weak(5,13):
[]
//end answers weak(5,13)
start answers outside_weak(5,13):
-60
//end answers outside_weak(5,13)
start answers weak(5,14):
[]
//end answers weak(5,14)
start answers outside_weak(5,14):
-30
//end answers outside_weak(5,14)
start answers weak(5,15):
[]
//end answers weak(5,15)
start answers outside_weak(5,15):
-90
//end answers outside_weak(5,15)
start answers weak(5,16):
[]
//end answers weak(5,16)
start answers outside_weak(5,16):
-470
//end answers outside_weak(5,16)
start answers weak(5,17):
[]
//end answers weak(5,17)
start answers outside_weak(5,17):
-140
//end answers outside_weak(5,17)
start answers weak(5,18):
[]
//end answers weak(5,18)
start answers outside_weak(5,18):
-80
//end answers outside_weak(5,18)
start answers weak(5,19):
[]
//end answers weak(5,19)
start answers outside_weak(5,19):
-120
//end answers outside_weak(5,19)
start answers weak(5,20):
[]
//end answers weak(5,20)
start answers outside_weak(5,20):
-160
//end answers outside_weak(5,20)
start answers weak(5,21):
[]
//end answers weak(5,21)
start answers outside_weak(5,21):
-200
//end answers outside_weak(5,21)
start answers weak(5,22):
[]
//end answers weak(5,22)
start answers outside_weak(5,22):
-240
//end answers outside_weak(5,22)
start answers weak(5,23):
[]
//end answers weak(5,23)
start answers outside_weak(5,23):
-330
//end answers outside_weak(5,23)
start answers weak(5,24):
[]
//end answers weak(5,24)
start answers outside_weak(5,24):
-710
//end answers outside_weak(5,24)
start answers weak(5,25):
[]
//end answers weak(5,25)
start answers outside_weak(5,25):
-240
//end answers outside_weak(5,25)
start answers weak(5,26):
[]
//end answers weak(5,26)
start answers outside_weak(5,26):
-90
//end answers outside_weak(5,26)
start answers weak(5,27):
[]
//end answers weak(5,27)
start answers outside_weak(5,27):
-470
//end answers outside_weak(5,27)
start answers weak(5,28):
[]
//end answers weak(5,28)
start answers outside_weak(5,28):
-140
//end answers outside_weak(5,28)
start answers weak(5,29):
[]
//end answers weak(5,29)
start answers outside_weak(5,29):
50
//end answers outside_weak(5,29)
start answers weak(6,6):
[]
//end answers weak(6,6)
start answers outside_weak(6,6):
[]
//end answers outside_weak(6,6)
start answers weak(6,7):
[]
//end answers weak(6,7)
start answers outside_weak(6,7):
[]
//end answers outside_weak(6,7)
start answers weak(6,8):
[]
//end answers weak(6,8)
start answers outside_weak(6,8):
[]
//end answers outside_weak(6,8)
start answers weak(6,9):
[]
//end answers weak(6,9)
start answers outside_weak(6,9):
[]
//end answers outside_weak(6,9)
start answers weak(6,10):
[]
//end answers weak(6,10)
start answers outside_weak(6,10):
[]
//end answers outside_weak(6,10)
start answers weak(6,11):
[]
//end answers weak(6,11)
start answers outside_weak(6,11):
40
//end answers outside_weak(6,11)
start answers weak(6,12):
[]
//end answers weak(6,12)
start answers outside_weak(6,12):
-30
//end answers outside_weak(6,12)
start answers weak(6,13):
[]
//end answers weak(6,13)
start answers outside_weak(6,13):
-30
//end answers outside_weak(6,13)
start answers weak(6,14):
[]
//end answers weak(6,14)
start answers outside_weak(6,14):
-30
//end answers outside_weak(6,14)
start answers weak(6,15):
[]
//end answers weak(6,15)
start answers outside_weak(6,15):
-110
//end answers outside_weak(6,15)
start answers weak(6,16):
[]
//end answers weak(6,16)
start answers outside_weak(6,16):
-90
//end answers outside_weak(6,16)
start answers weak(6,17):
[]
//end answers weak(6,17)
start answers outside_weak(6,17):
30
//end answers outside_weak(6,17)
start answers weak(6,18):
[]
//end answers weak(6,18)
start answers outside_weak(6,18):
10
//end answers outside_weak(6,18)
start answers weak(6,19):
[]
//end answers weak(6,19)
start answers outside_weak(6,19):
-60
//end answers outside_weak(6,19)
start answers weak(6,20):
[]
//end answers weak(6,20)
start answers outside_weak(6,20):
-120
//end answers outside_weak(6,20)
start answers weak(6,21):
[]
//end answers weak(6,21)
start answers outside_weak(6,21):
-270
//end answers outside_weak(6,21)
start answers weak(6,22):
[]
//end answers weak(6,22)
start answers outside_weak(6,22):
-270
//end answers outside_weak(6,22)
start answers weak(6,23):
[]
//end answers weak(6,23)
start answers outside_weak(6,23):
-350
//end answers outside_weak(6,23)
start answers weak(6,24):
[]
//end answers weak(6,24)
start answers outside_weak(6,24):
-330
//end answers outside_weak(6,24)
start answers weak(6,25):
[]
//end answers weak(6,25)
start answers outside_weak(6,25):
-140
//end answers outside_weak(6,25)
start answers weak(6,26):
[]
//end answers weak(6,26)
start answers outside_weak(6,26):
-110
//end answers outside_weak(6,26)
start answers weak(6,27):
[]
//end answers weak(6,27)
start answers outside_weak(6,27):
-90
//end answers outside_weak(6,27)
start answers weak(6,28):
[]
//end answers weak(6,28)
start answers outside_weak(6,28):
50
//end answers outside_weak(6,28)
start answers weak(6,29):
[]
//end answers weak(6,29)
start answers outside_weak(6,29):
50
//end answers outside_weak(6,29)
start answers weak(7,7):
[]
//end answers weak(7,7)
start answers outside_weak(7,7):
[]
//end answers outside_weak(7,7)
start answers weak(7,8):
[]
//end answers weak(7,8)
start answers outside_weak(7,8):
[]
//end answers outside_weak(7,8)
start answers weak(7,9):
[]
//end answers weak(7,9)
start answers outside_weak(7,9):
[]
//end answers outside_weak(7,9)
start answers weak(7,10):
[]
//end answers weak(7,10)
start answers outside_weak(7,10):
[]
//end answers outside_weak(7,10)
start answers weak(7,11):
[]
//end answers weak(7,11)
start answers outside_weak(7,11):
[]
//end answers outside_weak(7,11)
start answers weak(7,12):
[]
//end answers weak(7,12)
start answers outside_weak(7,12):
40
//end answers outside_weak(7,12)
start answers weak(7,13):
[]
//end answers weak(7,13)
start answers outside_weak(7,13):
0
//end answers outside_weak(7,13)
start answers weak(7,14):
[]
//end answers weak(7,14)
start answers outside_weak(7,14):
-60
//end answers outside_weak(7,14)
start answers weak(7,15):
[]
//end answers weak(7,15)
start answers outside_weak(7,15):
-30
//end answers outside_weak(7,15)
start answers weak(7,16):
[]
//end answers weak(7,16)
start answers outside_weak(7,16):
-50
//end answers outside_weak(7,16)
start answers weak(7,17):
[]
//end answers weak(7,17)
start answers outside_weak(7,17):
-60
//end answers outside_weak(7,17)
start answers weak(7,18):
[]
//end answers weak(7,18)
start answers outside_weak(7,18):
-30
//end answers outside_weak(7,18)
start answers weak(7,19):
[]
//end answers weak(7,19)
start answers outside_weak(7,19):
-110
//end answers outside_weak(7,19)
start answers weak(7,20):
[]
//end answers weak(7,20)
start answers outside_weak(7,20):
-180
//end answers outside_weak(7,20)
start answers weak(7,21):
[]
//end answers weak(7,21)
start answers outside_weak(7,21):
-240
//end answers outside_weak(7,21)
start answers weak(7,22):
[]
//end answers weak(7,22)
start answers outside_weak(7,22):
-300
//end answers outside_weak(7,22)
start answers weak(7,23):
[]
//end answers weak(7,23)
start answers outside_weak(7,23):
-270
//end answers outside_weak(7,23)
start answers weak(7,24):
[]
//end answers weak(7,24)
start answers outside_weak(7,24):
-240
//end answers outside_weak(7,24)
start answers weak(7,25):
[]
//end answers weak(7,25)
start answers outside_weak(7,25):
-180
//end answers outside_weak(7,25)
start answers weak(7,26):
[]
//end answers weak(7,26)
start answers outside_weak(7,26):
-30
//end answers outside_weak(7,26)
start answers weak(7,27):
[]
//end answers weak(7,27)
start answers outside_weak(7,27):
0
//end answers outside_weak(7,27)
start answers weak(7,28):
[]
//end answers weak(7,28)
start answers outside_weak(7,28):
50
//end answers outside_weak(7,28)
start answers weak(7,29):
[]
//end answers weak(7,29)
start answers outside_weak(7,29):
50
//end answers outside_weak(7,29)
start answers weak(8,8):
[]
//end answers weak(8,8)
start answers outside_weak(8,8):
[]
//end answers outside_weak(8,8)
start answers weak(8,9):
[]
//end answers weak(8,9)
start answers outside_weak(8,9):
[]
//end answers outside_weak(8,9)
start answers weak(8,10):
[]
//end answers weak(8,10)
start answers outside_weak(8,10):
[]
//end answers outside_weak(8,10)
start answers weak(8,11):
[]
//end answers weak(8,11)
start answers outside_weak(8,11):
[]
//end answers outside_weak(8,11)
start answers weak(8,12):
[]
//end answers weak(8,12)
start answers outside_weak(8,12):
[]
//end answers outside_weak(8,12)
start answers weak(8,13):
540
//end answers weak(8,13)
start answers outside_weak(8,13):
-130
//end answers outside_weak(8,13)
start answers weak(8,14):
[]
//end answers weak(8,14)
start answers outside_weak(8,14):
0
//end answers outside_weak(8,14)
start answers weak(8,15):
[]
//end answers weak(8,15)
start answers outside_weak(8,15):
-30
//end answers outside_weak(8,15)
start answers weak(8,16):
[]
//end answers weak(8,16)
start answers outside_weak(8,16):
-40
//end answers outside_weak(8,16)
start answers weak(8,17):
[]
//end answers weak(8,17)
start answers outside_weak(8,17):
-110
//end answers outside_weak(8,17)
start answers weak(8,18):
[]
//end answers weak(8,18)
start answers outside_weak(8,18):
-80
//end answers outside_weak(8,18)
start answers weak(8,19):
[]
//end answers weak(8,19)
start answers outside_weak(8,19):
-150
//end answers outside_weak(8,19)
start answers weak(8,20):
200
//end answers weak(8,20)
start answers outside_weak(8,20):
-300
//end answers outside_weak(8,20)
start answers weak(8,21):
-40
//end answers weak(8,21)
start answers outside_weak(8,21):
-370
//end answers outside_weak(8,21)
start answers weak(8,22):
[]
//end answers weak(8,22)
start answers outside_weak(8,22):
-240
//end answers outside_weak(8,22)
start answers weak(8,23):
[]
//end answers weak(8,23)
start answers outside_weak(8,23):
-270
//end answers outside_weak(8,23)
start answers weak(8,24):
[]
//end answers weak(8,24)
start answers outside_weak(8,24):
-200
//end answers outside_weak(8,24)
start answers weak(8,25):
[]
//end answers weak(8,25)
start answers outside_weak(8,25):
-110
//end answers outside_weak(8,25)
start answers weak(8,26):
[]
//end answers weak(8,26)
start answers outside_weak(8,26):
-30
//end answers outside_weak(8,26)
start answers weak(8,27):
[]
//end answers weak(8,27)
start answers outside_weak(8,27):
40
//end answers outside_weak(8,27)
start answers weak(8,28):
[]
//end answers weak(8,28)
start answers outside_weak(8,28):
50
//end answers outside_weak(8,28)
start answers weak(8,29):
[]
//end answers weak(8,29)
start answers outside_weak(8,29):
50
//end answers outside_weak(8,29)
start answers weak(9,9):
[]
//end answers weak(9,9)
start answers outside_weak(9,9):
[]
//end answers outside_weak(9,9)
start answers weak(9,10):
[]
//end answers weak(9,10)
start answers outside_weak(9,10):
[]
//end answers outside_weak(9,10)
start answers weak(9,11):
[]
//end answers weak(9,11)
start answers outside_weak(9,11):
[]
//end answers outside_weak(9,11)
start answers weak(9,12):
[]
//end answers weak(9,12)
start answers outside_weak(9,12):
[]
//end answers outside_weak(9,12)
start answers weak(9,13):
[]
//end answers weak(9,13)
start answers outside_weak(9,13):
[]
//end answers outside_weak(9,13)
start answers weak(9,14):
[]
//end answers weak(9,14)
start answers outside_weak(9,14):
-20
//end answers outside_weak(9,14)
start answers weak(9,15):
[]
//end answers weak(9,15)
start answers outside_weak(9,15):
0
//end answers outside_weak(9,15)
start answers weak(9,16):
[]
//end answers weak(9,16)
start answers outside_weak(9,16):
-90
//end answers outside_weak(9,16)
start answers weak(9,17):
[]
//end answers weak(9,17)
start answers outside_weak(9,17):
-160
//end answers outside_weak(9,17)
start answers weak(9,18):
[]
//end answers weak(9,18)
start answers outside_weak(9,18):
-210
//end answers outside_weak(9,18)
start answers weak(9,19):
[]
//end answers weak(9,19)
start answers outside_weak(9,19):
-450
//end answers outside_weak(9,19)
start answers weak(9,20):
290
//end answers weak(9,20)
start answers outside_weak(9,20):
-700
//end answers outside_weak(9,20)
start answers weak(9,21):
440
//end answers weak(9,21)
start answers outside_weak(9,21):
-380
//end answers outside_weak(9,21)
start answers weak(9,22):
[]
//end answers weak(9,22)
start answers outside_weak(9,22):
-260
//end answers outside_weak(9,22)
start answers weak(9,23):
[]
//end answers weak(9,23)
start answers outside_weak(9,23):
-120
//end answers outside_weak(9,23)
start answers weak(9,24):
[]
//end answers weak(9,24)
start answers outside_weak(9,24):
-160
//end answers outside_weak(9,24)
start answers weak(9,25):
[]
//end answers weak(9,25)
start answers outside_weak(9,25):
-40
//end answers outside_weak(9,25)
start answers weak(9,26):
[]
//end answers weak(9,26)
start answers outside_weak(9,26):
50
//end answers outside_weak(9,26)
start answers weak(9,27):
[]
//end answers weak(9,27)
start answers outside_weak(9,27):
50
//end answers outside_weak(9,27)
start answers weak(9,28):
[]
//end answers weak(9,28)
start answers outside_weak(9,28):
50
//end answers outside_weak(9,28)
start answers weak(9,29):
[]
//end answers weak(9,29)
start answers outside_weak(9,29):
50
//end answers outside_weak(9,29)
start answers weak(10,10):
[]
//end answers weak(10,10)
start answers outside_weak(10,10):
[]
//end answers outside_weak(10,10)
start answers weak(10,11):
[]
//end answers weak(10,11)
start answers outside_weak(10,11):
[]
//end answers outside_weak(10,11)
start answers weak(10,12):
[]
//end answers weak(10,12)
start answers outside_weak(10,12):
[]
//end answers outside_weak(10,12)
start answers weak(10,13):
[]
//end answers weak(10,13)
start answers outside_weak(10,13):
[]
//end answers outside_weak(10,13)
start answers weak(10,14):
[]
//end answers weak(10,14)
start answers outside_weak(10,14):
[]
//end answers outside_weak(10,14)
start answers weak(10,15):
[]
//end answers weak(10,15)
start answers outside_weak(10,15):
-290
//end answers outside_weak(10,15)
start answers weak(10,16):
[]
//end answers weak(10,16)
start answers outside_weak(10,16):
-330
//end answers outside_weak(10,16)
start answers weak(10,17):
[]
//end answers weak(10,17)
start answers outside_weak(10,17):
-370
//end answers outside_weak(10,17)
start answers weak(10,18):
[]
//end answers weak(10,18)
start answers outside_weak(10,18):
-470
//end answers outside_weak(10,18)
start answers weak(10,19):
[]
//end answers weak(10,19)
start answers outside_weak(10,19):
-850
//end answers outside_weak(10,19)
start answers weak(10,20):
[]
//end answers weak(10,20)
start answers outside_weak(10,20):
-530
//end answers outside_weak(10,20)
start answers weak(10,21):
[]
//end answers weak(10,21)
start answers outside_weak(10,21):
-230
//end answers outside_weak(10,21)
start answers weak(10,22):
[]
//end answers weak(10,22)
start answers outside_weak(10,22):
-190
//end answers outside_weak(10,22)
start answers weak(10,23):
[]
//end answers weak(10,23)
start answers outside_weak(10,23):
-60
//end answers outside_weak(10,23)
start answers weak(10,24):
[]
//end answers weak(10,24)
start answers outside_weak(10,24):
-120
//end answers outside_weak(10,24)
start answers weak(10,25):
[]
//end answers weak(10,25)
start answers outside_weak(10,25):
30
//end answers outside_weak(10,25)
start answers weak(10,26):
[]
//end answers weak(10,26)
start answers outside_weak(10,26):
50
//end answers outside_weak(10,26)
start answers weak(10,27):
[]
//end answers weak(10,27)
start answers outside_weak(10,27):
50
//end answers outside_weak(10,27)
start answers weak(10,28):
[]
//end answers weak(10,28)
start answers outside_weak(10,28):
50
//end answers outside_weak(10,28)
start answers weak(10,29):
[]
//end answers weak(10,29)
start answers outside_weak(10,29):
50
//end answers outside_weak(10,29)
start answers weak(11,11):
[]
//end answers weak(11,11)
start answers outside_weak(11,11):
[]
//end answers outside_weak(11,11)
start answers weak(11,12):
[]
//end answers weak(11,12)
start answers outside_weak(11,12):
[]
//end answers outside_weak(11,12)
start answers weak(11,13):
[]
//end answers weak(11,13)
start answers outside_weak(11,13):
[]
//end answers outside_weak(11,13)
start answers weak(11,14):
[]
//end answers weak(11,14)
start answers outside_weak(11,14):
[]
//end answers outside_weak(11,14)
start answers weak(11,15):
[]
//end answers weak(11,15)
start answers outside_weak(11,15):
[]
//end answers outside_weak(11,15)
start answers weak(11,16):
[]
//end answers weak(11,16)
start answers outside_weak(11,16):
-400
//end answers outside_weak(11,16)
start answers weak(11,17):
460
//end answers weak(11,17)
start answers outside_weak(11,17):
-590
//end answers outside_weak(11,17)
start answers weak(11,18):
210
//end answers weak(11,18)
start answers outside_weak(11,18):
-620
//end answers outside_weak(11,18)
start answers weak(11,19):
[]
//end answers weak(11,19)
start answers outside_weak(11,19):
-470
//end answers outside_weak(11,19)
start answers weak(11,20):
[]
//end answers weak(11,20)
start answers outside_weak(11,20):
-150
//end answers outside_weak(11,20)
start answers weak(11,21):
[]
//end answers weak(11,21)
start answers outside_weak(11,21):
-80
//end answers outside_weak(11,21)
start answers weak(11,22):
[]
//end answers weak(11,22)
start answers outside_weak(11,22):
-30
//end answers outside_weak(11,22)
start answers weak(11,23):
[]
//end answers weak(11,23)
start answers outside_weak(11,23):
10
//end answers outside_weak(11,23)
start answers weak(11,24):
[]
//end answers weak(11,24)
start answers outside_weak(11,24):
-80
//end answers outside_weak(11,24)
start answers weak(11,25):
570
//end answers weak(11,25)
start answers outside_weak(11,25):
0
//end answers outside_weak(11,25)
start answers weak(11,26):
180
//end answers weak(11,26)
start answers outside_weak(11,26):
0
//end answers outside_weak(11,26)
start answers weak(11,27):
[]
//end answers weak(11,27)
start answers outside_weak(11,27):
50
//end answers outside_weak(11,27)
start answers weak(11,28):
580
//end answers weak(11,28)
start answers outside_weak(11,28):
0
//end answers outside_weak(11,28)
start answers weak(11,29):
210
//end answers weak(11,29)
start answers outside_weak(11,29):
0
//end answers outside_weak(11,29)
start answers weak(12,12):
[]
//end answers weak(12,12)
start answers outside_weak(12,12):
[]
//end answers outside_weak(12,12)
start answers weak(12,13):
[]
//end answers weak(12,13)
start answers outside_weak(12,13):
[]
//end answers outside_weak(12,13)
start answers weak(12,14):
[]
//end answers weak(12,14)
start answers outside_weak(12,14):
[]
//end answers outside_weak(12,14)
start answers weak(12,15):
[]
//end answers weak(12,15)
start answers outside_weak(12,15):
[]
//end answers outside_weak(12,15)
start answers weak(12,16):
[]
//end answers weak(12,16)
start answers outside_weak(12,16):
[]
//end answers outside_weak(12,16)
start answers weak(12,17):
540
//end answers weak(12,17)
start answers outside_weak(12,17):
-950
//end answers outside_weak(12,17)
start answers weak(12,18):
420
//end answers weak(12,18)
start answers outside_weak(12,18):
-470
//end answers outside_weak(12,18)
start answers weak(12,19):
[]
//end answers weak(12,19)
start answers outside_weak(12,19):
-370
//end answers outside_weak(12,19)
start answers weak(12,20):
[]
//end answers weak(12,20)
start answers outside_weak(12,20):
-60
//end answers outside_weak(12,20)
start answers weak(12,21):
[]
//end answers weak(12,21)
start answers outside_weak(12,21):
-10
//end answers outside_weak(12,21)
start answers weak(12,22):
[]
//end answers weak(12,22)
start answers outside_weak(12,22):
40
//end answers outside_weak(12,22)
start answers weak(12,23):
[]
//end answers weak(12,23)
start answers outside_weak(12,23):
30
//end answers outside_weak(12,23)
start answers weak(12,24):
[]
//end answers weak(12,24)
start answers outside_weak(12,24):
-140
//end answers outside_weak(12,24)
start answers weak(12,25):
510
//end answers weak(12,25)
start answers outside_weak(12,25):
-330
//end answers outside_weak(12,25)
start answers weak(12,26):
530
//end answers weak(12,26)
start answers outside_weak(12,26):
0
//end answers outside_weak(12,26)
start answers weak(12,27):
[]
//end answers weak(12,27)
start answers outside_weak(12,27):
-140
//end answers outside_weak(12,27)
start answers weak(12,28):
540
//end answers weak(12,28)
start answers outside_weak(12,28):
-330
//end answers outside_weak(12,28)
start answers weak(12,29):
550
//end answers weak(12,29)
start answers outside_weak(12,29):
0
//end answers outside_weak(12,29)
start answers weak(13,13):
[]
//end answers weak(13,13)
start answers outside_weak(13,13):
[]
//end answers outside_weak(13,13)
start answers weak(13,14):
[]
//end answers weak(13,14)
start answers outside_weak(13,14):
[]
//end answers outside_weak(13,14)
start answers weak(13,15):
[]
//end answers weak(13,15)
start answers outside_weak(13,15):
[]
//end answers outside_weak(13,15)
start answers weak(13,16):
[]
//end answers weak(13,16)
start answers outside_weak(13,16):
[]
//end answers outside_weak(13,16)
start answers weak(13,17):
[]
//end answers weak(13,17)
start answers outside_weak(13,17):
[]
//end answers outside_weak(13,17)
start answers weak(13,18):
[]
//end answers weak(13,18)
start answers outside_weak(13,18):
-400
//end answers outside_weak(13,18)
start answers weak(13,19):
[]
//end answers weak(13,19)
start answers outside_weak(13,19):
-330
//end answers outside_weak(13,19)
start answers weak(13,20):
[]
//end answers weak(13,20)
start answers outside_weak(13,20):
-10
//end answers outside_weak(13,20)
start answers weak(13,21):
[]
//end answers weak(13,21)
start answers outside_weak(13,21):
40
//end answers outside_weak(13,21)
start answers weak(13,22):
[]
//end answers weak(13,22)
start answers outside_weak(13,22):
0
//end answers outside_weak(13,22)
start answers weak(13,23):
[]
//end answers weak(13,23)
start answers outside_weak(13,23):
-90
//end answers outside_weak(13,23)
start answers weak(13,24):
[]
//end answers weak(13,24)
start answers outside_weak(13,24):
-470
//end answers outside_weak(13,24)
start answers weak(13,25):
[]
//end answers weak(13,25)
start answers outside_weak(13,25):
-140
//end answers outside_weak(13,25)
start answers weak(13,26):
[]
//end answers weak(13,26)
start answers outside_weak(13,26):
-90
//end answers outside_weak(13,26)
start answers weak(13,27):
[]
//end answers weak(13,27)
start answers outside_weak(13,27):
-470
//end answers outside_weak(13,27)
start answers weak(13,28):
[]
//end answers weak(13,28)
start answers outside_weak(13,28):
-140
//end answers outside_weak(13,28)
start answers weak(13,29):
[]
//end answers weak(13,29)
start answers outside_weak(13,29):
50
//end answers outside_weak(13,29)
start answers weak(14,14):
[]
//end answers weak(14,14)
start answers outside_weak(14,14):
[]
//end answers outside_weak(14,14)
start answers weak(14,15):
[]
//end answers weak(14,15)
start answers outside_weak(14,15):
[]
//end answers outside_weak(14,15)
start answers weak(14,16):
[]
//end answers weak(14,16)
start answers outside_weak(14,16):
[]
//end answers outside_weak(14,16)
start answers weak(14,17):
[]
//end answers weak(14,17)
start answers outside_weak(14,17):
[]
//end answers outside_weak(14,17)
start answers weak(14,18):
[]
//end answers weak(14,18)
start answers outside_weak(14,18):
[]
//end answers outside_weak(14,18)
start answers weak(14,19):
[]
//end answers weak(14,19)
start answers outside_weak(14,19):
-290
//end answers outside_weak(14,19)
start answers weak(14,20):
[]
//end answers weak(14,20)
start answers outside_weak(14,20):
30
//end answers outside_weak(14,20)
start answers weak(14,21):
[]
//end answers weak(14,21)
start answers outside_weak(14,21):
-30
//end answers outside_weak(14,21)
start answers weak(14,22):
[]
//end answers weak(14,22)
start answers outside_weak(14,22):
-30
//end answers outside_weak(14,22)
start answers weak(14,23):
[]
//end answers weak(14,23)
start answers outside_weak(14,23):
-110
//end answers outside_weak(14,23)
start answers weak(14,24):
[]
//end answers weak(14,24)
start answers outside_weak(14,24):
-90
//end answers outside_weak(14,24)
start answers weak(14,25):
[]
//end answers weak(14,25)
start answers outside_weak(14,25):
-140
//end answers outside_weak(14,25)
start answers weak(14,26):
[]
//end answers weak(14,26)
start answers outside_weak(14,26):
-110
//end answers outside_weak(14,26)
start answers weak(14,27):
[]
//end answers weak(14,27)
start answers outside_weak(14,27):
-90
//end answers outside_weak(14,27)
start answers weak(14,28):
[]
//end answers weak(14,28)
start answers outside_weak(14,28):
50
//end answers outside_weak(14,28)
start answers weak(14,29):
[]
//end answers weak(14,29)
start answers outside_weak(14,29):
50
//end answers outside_weak(14,29)
start answers weak(15,15):
[]
//end answers weak(15,15)
start answers outside_weak(15,15):
[]
//end answers outside_weak(15,15)
start answers weak(15,16):
[]
//end answers weak(15,16)
start answers outside_weak(15,16):
[]
//end answers outside_weak(15,16)
start answers weak(15,17):
[]
//end answers weak(15,17)
start answers outside_weak(15,17):
[]
//end answers outside_weak(15,17)
start answers weak(15,18):
[]
//end answers weak(15,18)
start answers outside_weak(15,18):
[]
//end answers outside_weak(15,18)
start answers weak(15,19):
[]
//end answers weak(15,19)
start answers outside_weak(15,19):
[]
//end answers outside_weak(15,19)
start answers weak(15,20):
[]
//end answers weak(15,20)
start answers outside_weak(15,20):
50
//end answers outside_weak(15,20)
start answers weak(15,21):
[]
//end answers weak(15,21)
start answers outside_weak(15,21):
0
//end answers outside_weak(15,21)
start answers weak(15,22):
[]
//end answers weak(15,22)
start answers outside_weak(15,22):
-60
//end answers outside_weak(15,22)
start answers weak(15,23):
[]
//end answers weak(15,23)
start answers outside_weak(15,23):
-30
//end answers outside_weak(15,23)
start answers weak(15,24):
[]
//end answers weak(15,24)
start answers outside_weak(15,24):
-110
//end answers outside_weak(15,24)
start answers weak(15,25):
[]
//end answers weak(15,25)
start answers outside_weak(15,25):
-180
//end answers outside_weak(15,25)
start answers weak(15,26):
[]
//end answers weak(15,26)
start answers outside_weak(15,26):
-30
//end answers outside_weak(15,26)
start answers weak(15,27):
[]
//end answers weak(15,27)
start answers outside_weak(15,27):
0
//end answers outside_weak(15,27)
start answers weak(15,28):
[]
//end answers weak(15,28)
start answers outside_weak(15,28):
50
//end answers outside_weak(15,28)
start answers weak(15,29):
[]
//end answers weak(15,29)
start answers outside_weak(15,29):
50
//end answers outside_weak(15,29)
start answers weak(16,16):
[]
//end answers weak(16,16)
start answers outside_weak(16,16):
[]
//end answers outside_weak(16,16)
start answers weak(16,17):
[]
//end answers weak(16,17)
start answers outside_weak(16,17):
[]
//end answers outside_weak(16,17)
start answers weak(16,18):
[]
//end answers weak(16,18)
start answers outside_weak(16,18):
[]
//end answers outside_weak(16,18)
start answers weak(16,19):
[]
//end answers weak(16,19)
start answers outside_weak(16,19):
[]
//end answers outside_weak(16,19)
start answers weak(16,20):
[]
//end answers weak(16,20)
start answers outside_weak(16,20):
[]
//end answers outside_weak(16,20)
start answers weak(16,21):
540
//end answers weak(16,21)
start answers outside_weak(16,21):
-130
//end answers outside_weak(16,21)
start answers weak(16,22):
[]
//end answers weak(16,22)
start answers outside_weak(16,22):
0
//end answers outside_weak(16,22)
start answers weak(16,23):
[]
//end answers weak(16,23)
start answers outside_weak(16,23):
-30
//end answers outside_weak(16,23)
start answers weak(16,24):
[]
//end answers weak(16,24)
start answers outside_weak(16,24):
-160
//end answers outside_weak(16,24)
start answers weak(16,25):
[]
//end answers weak(16,25)
start answers outside_weak(16,25):
-110
//end answers outside_weak(16,25)
start answers weak(16,26):
[]
//end answers weak(16,26)
start answers outside_weak(16,26):
-30
//end answers outside_weak(16,26)
start answers weak(16,27):
[]
//end answers weak(16,27)
start answers outside_weak(16,27):
40
//end answers outside_weak(16,27)
start answers weak(16,28):
[]
//end answers weak(16,28)
start answers outside_weak(16,28):
50
//end answers outside_weak(16,28)
start answers weak(16,29):
[]
//end answers weak(16,29)
start answers outside_weak(16,29):
50
//end answers outside_weak(16,29)
start answers weak(17,17):
[]
//end answers weak(17,17)
start answers outside_weak(17,17):
[]
//end answers outside_weak(17,17)
start answers weak(17,18):
[]
//end answers weak(17,18)
start answers outside_weak(17,18):
[]
//end answers outside_weak(17,18)
start answers weak(17,19):
[]
//end answers weak(17,19)
start answers outside_weak(17,19):
[]
//end answers outside_weak(17,19)
start answers weak(17,20):
[]
//end answers weak(17,20)
start answers outside_weak(17,20):
[]
//end answers outside_weak(17,20)
start answers weak(17,21):
[]
//end answers weak(17,21)
start answers outside_weak(17,21):
[]
//end answers outside_weak(17,21)
start answers weak(17,22):
[]
//end answers weak(17,22)
start answers outside_weak(17,22):
-40
//end answers outside_weak(17,22)
start answers weak(17,23):
[]
//end answers weak(17,23)
start answers outside_weak(17,23):
-110
//end answers outside_weak(17,23)
start answers weak(17,24):
[]
//end answers weak(17,24)
start answers outside_weak(17,24):
-90
//end answers outside_weak(17,24)
start answers weak(17,25):
[]
//end answers weak(17,25)
start answers outside_weak(17,25):
-40
//end answers outside_weak(17,25)
start answers weak(17,26):
[]
//end answers weak(17,26)
start answers outside_weak(17,26):
50
//end answers outside_weak(17,26)
start answers weak(17,27):
[]
//end answers weak(17,27)
start answers outside_weak(17,27):
50
//end answers outside_weak(17,27)
start answers weak(17,28):
[]
//end answers weak(17,28)
start answers outside_weak(17,28):
50
//end answers outside_weak(17,28)
start answers weak(17,29):
[]
//end answers weak(17,29)
start answers outside_weak(17,29):
50
//end answers outside_weak(17,29)
start answers weak(18,18):
[]
//end answers weak(18,18)
start answers outside_weak(18,18):
[]
//end answers outside_weak(18,18)
start answers weak(18,19):
[]
//end answers weak(18,19)
start answers outside_weak(18,19):
[]
//end answers outside_weak(18,19)
start answers weak(18,20):
[]
//end answers weak(18,20)
start answers outside_weak(18,20):
[]
//end answers outside_weak(18,20)
start answers weak(18,21):
[]
//end answers weak(18,21)
start answers outside_weak(18,21):
[]
//end answers outside_weak(18,21)
start answers weak(18,22):
[]
//end answers weak(18,22)
start answers outside_weak(18,22):
[]
//end answers outside_weak(18,22)
start answers weak(18,23):
[]
//end answers weak(18,23)
start answers outside_weak(18,23):
-40
//end answers outside_weak(18,23)
start answers weak(18,24):
[]
//end answers weak(18,24)
start answers outside_weak(18,24):
-10
//end answers outside_weak(18,24)
start answers weak(18,25):
[]
//end answers weak(18,25)
start answers outside_weak(18,25):
30
//end answers outside_weak(18,25)
start answers weak(18,26):
[]
//end answers weak(18,26)
start answers outside_weak(18,26):
50
//end answers outside_weak(18,26)
start answers weak(18,27):
[]
//end answers weak(18,27)
start answers outside_weak(18,27):
50
//end answers outside_weak(18,27)
start answers weak(18,28):
[]
//end answers weak(18,28)
start answers outside_weak(18,28):
50
//end answers outside_weak(18,28)
start answers weak(18,29):
[]
//end answers weak(18,29)
start answers outside_weak(18,29):
50
//end answers outside_weak(18,29)
start answers weak(19,19):
[]
//end answers weak(19,19)
start answers outside_weak(19,19):
[]
//end answers outside_weak(19,19)
start answers weak(19,20):
[]
//end answers weak(19,20)
start answers outside_weak(19,20):
[]
//end answers outside_weak(19,20)
start answers weak(19,21):
[]
//end answers weak(19,21)
start answers outside_weak(19,21):
[]
//end answers outside_weak(19,21)
start answers weak(19,22):
[]
//end answers weak(19,22)
start answers outside_weak(19,22):
[]
//end answers outside_weak(19,22)
start answers weak(19,23):
[]
//end answers weak(19,23)
start answers outside_weak(19,23):
[]
//end answers outside_weak(19,23)
start answers weak(19,24):
[]
//end answers weak(19,24)
start answers outside_weak(19,24):
10
//end answers outside_weak(19,24)
start answers weak(19,25):
460
//end answers weak(19,25)
start answers outside_weak(19,25):
0
//end answers outside_weak(19,25)
start answers weak(19,26):
210
//end answers weak(19,26)
start answers outside_weak(19,26):
0
//end answers outside_weak(19,26)
start answers weak(19,27):
[]
//end answers weak(19,27)
start answers outside_weak(19,27):
50
//end answers outside_weak(19,27)
start answers weak(19,28):
470
//end answers weak(19,28)
start answers outside_weak(19,28):
0
//end answers outside_weak(19,28)
start answers weak(19,29):
60
//end answers weak(19,29)
start answers outside_weak(19,29):
0
//end answers outside_weak(19,29)
start answers weak(20,20):
[]
//end answers weak(20,20)
start answers outside_weak(20,20):
[]
//end answers outside_weak(20,20)
start answers weak(20,21):
[]
//end answers weak(20,21)
start answers outside_weak(20,21):
[]
//end answers outside_weak(20,21)
start answers weak(20,22):
[]
//end answers weak(20,22)
start answers outside_weak(20,22):
[]
//end answers outside_weak(20,22)
start answers weak(20,23):
[]
//end answers weak(20,23)
start answers outside_weak(20,23):
[]
//end answers outside_weak(20,23)
start answers weak(20,24):
[]
//end answers weak(20,24)
start answers outside_weak(20,24):
[]
//end answers outside_weak(20,24)
start answers weak(20,25):
540
//end answers weak(20,25)
start answers outside_weak(20,25):
-330
//end answers outside_weak(20,25)
start answers weak(20,26):
420
//end answers weak(20,26)
start answers outside_weak(20,26):
0
//end answers outside_weak(20,26)
start answers weak(20,27):
[]
//end answers weak(20,27)
start answers outside_weak(20,27):
-140
//end answers outside_weak(20,27)
start answers weak(20,28):
390
//end answers weak(20,28)
start answers outside_weak(20,28):
-330
//end answers outside_weak(20,28)
start answers weak(20,29):
460
//end answers weak(20,29)
start answers outside_weak(20,29):
0
//end answers outside_weak(20,29)
start answers weak(21,21):
[]
//end answers weak(21,21)
start answers outside_weak(21,21):
[]
//end answers outside_weak(21,21)
start answers weak(21,22):
[]
//end answers weak(21,22)
start answers outside_weak(21,22):
[]
//end answers outside_weak(21,22)
start answers weak(21,23):
[]
//end answers weak(21,23)
start answers outside_weak(21,23):
[]
//end answers outside_weak(21,23)
start answers weak(21,24):
[]
//end answers weak(21,24)
start answers outside_weak(21,24):
[]
//end answers outside_weak(21,24)
start answers weak(21,25):
[]
//end answers weak(21,25)
start answers outside_weak(21,25):
[]
//end answers outside_weak(21,25)
start answers weak(21,26):
[]
//end answers weak(21,26)
start answers outside_weak(21,26):
-90
//end answers outside_weak(21,26)
start answers weak(21,27):
[]
//end answers weak(21,27)
start answers outside_weak(21,27):
-470
//end answers outside_weak(21,27)
start answers weak(21,28):
[]
//end answers weak(21,28)
start answers outside_weak(21,28):
-140
//end answers outside_weak(21,28)
start answers weak(21,29):
[]
//end answers weak(21,29)
start answers outside_weak(21,29):
10
//end answers outside_weak(21,29)
start answers weak(22,22):
[]
//end answers weak(22,22)
start answers outside_weak(22,22):
[]
//end answers outside_weak(22,22)
start answers weak(22,23):
[]
//end answers weak(22,23)
start answers outside_weak(22,23):
[]
//end answers outside_weak(22,23)
start answers weak(22,24):
[]
//end answers weak(22,24)
start answers outside_weak(22,24):
[]
//end answers outside_weak(22,24)
start answers weak(22,25):
[]
//end answers weak(22,25)
start answers outside_weak(22,25):
[]
//end answers outside_weak(22,25)
start answers weak(22,26):
[]
//end answers weak(22,26)
start answers outside_weak(22,26):
[]
//end answers outside_weak(22,26)
start answers weak(22,27):
[]
//end answers weak(22,27)
start answers outside_weak(22,27):
-90
//end answers outside_weak(22,27)
start answers weak(22,28):
[]
//end answers weak(22,28)
start answers outside_weak(22,28):
10
//end answers outside_weak(22,28)
start answers weak(22,29):
[]
//end answers weak(22,29)
start answers outside_weak(22,29):
10
//end answers outside_weak(22,29)
start answers weak(23,23):
[]
//end answers weak(23,23)
start answers outside_weak(23,23):
[]
//end answers outside_weak(23,23)
start answers weak(23,24):
[]
//end answers weak(23,24)
start answers outside_weak(23,24):
[]
//end answers outside_weak(23,24)
start answers weak(23,25):
[]
//end answers weak(23,25)
start answers outside_weak(23,25):
[]
//end answers outside_weak(23,25)
start answers weak(23,26):
[]
//end answers weak(23,26)
start answers outside_weak(23,26):
[]
//end answers outside_weak(23,26)
start answers weak(23,27):
[]
//end answers weak(23,27)
start answers outside_weak(23,27):
[]
//end answers outside_weak(23,27)
start answers weak(23,28):
[]
//end answers weak(23,28)
start answers outside_weak(23,28):
10
//end answers outside_weak(23,28)
start answers weak(23,29):
[]
//end answers weak(23,29)
start answers outside_weak(23,29):
10
//end answers outside_weak(23,29)
start answers weak(24,24):
[]
//end answers weak(24,24)
start answers outside_weak(24,24):
[]
//end answers outside_weak(24,24)
start answers weak(24,25):
[]
//end answers weak(24,25)
start answers outside_weak(24,25):
[]
//end answers outside_weak(24,25)
start answers weak(24,26):
[]
//end answers weak(24,26)
start answers outside_weak(24,26):
[]
//end answers outside_weak(24,26)
start answers weak(24,27):
[]
//end answers weak(24,27)
start answers outside_weak(24,27):
[]
//end answers outside_weak(24,27)
start answers weak(24,28):
[]
//end answers weak(24,28)
start answers outside_weak(24,28):
[]
//end answers outside_weak(24,28)
start answers weak(24,29):
[]
//end answers weak(24,29)
start answers outside_weak(24,29):
10
//end answers outside_weak(24,29)
start answers weak(25,25):
[]
//end answers weak(25,25)
start answers outside_weak(25,25):
[]
//end answers outside_weak(25,25)
start answers weak(25,26):
[]
//end answers weak(25,26)
start answers outside_weak(25,26):
[]
//end answers outside_weak(25,26)
start answers weak(25,27):
[]
//end answers weak(25,27)
start answers outside_weak(25,27):
[]
//end answers outside_weak(25,27)
start answers weak(25,28):
[]
//end answers weak(25,28)
start answers outside_weak(25,28):
[]
//end answers outside_weak(25,28)
start answers weak(25,29):
[]
//end answers weak(25,29)
start answers outside_weak(25,29):
[]
//end answers outside_weak(25,29)
start answers weak(26,26):
[]
//end answers weak(26,26)
start answers outside_weak(26,26):
[]
//end answers outside_weak(26,26)
start answers weak(26,27):
[]
//end answers weak(26,27)
start answers outside_weak(26,27):
[]
//end answers outside_weak(26,27)
start answers weak(26,28):
[]
//end answers weak(26,28)
start answers outside_weak(26,28):
[]
//end answers outside_weak(26,28)
start answers weak(26,29):
[]
//end answers weak(26,29)
start answers outside_weak(26,29):
[]
//end answers outside_weak(26,29)
start answers weak(27,27):
[]
//end answers weak(27,27)
start answers outside_weak(27,27):
[]
//end answers outside_weak(27,27)
start answers weak(27,28):
[]
//end answers weak(27,28)
start answers outside_weak(27,28):
[]
//end answers outside_weak(27,28)
start answers weak(27,29):
[]
//end answers weak(27,29)
start answers outside_weak(27,29):
[]
//end answers outside_weak(27,29)
start answers weak(28,28):
[]
//end answers weak(28,28)
start answers outside_weak(28,28):
[]
//end answers outside_weak(28,28)
start answers weak(28,29):
[]
//end answers weak(28,29)
start answers outside_weak(28,29):
[]
//end answers outside_weak(28,29)
start answers weak(29,29):
[]
//end answers weak(29,29)
start answers outside_weak(29,29):
[]
//end answers outside_weak(29,29)
start answers struct(0):
-410
//end answers struct(0)
start answers outside_struct(0):
0
//end answers outside_struct(0)
start answers struct(1):
-170
//end answers struct(1)
start answers outside_struct(1):
0
//end answers outside_struct(1)
start answers struct(2):
-170
//end answers struct(2)
start answers outside_struct(2):
0
//end answers outside_struct(2)
start answers struct(3):
-170
//end answers struct(3)
start answers outside_struct(3):
0
//end answers outside_struct(3)
start answers struct(4):
-40
//end answers struct(4)
start answers outside_struct(4):
0
//end answers outside_struct(4)
start answers struct(5):
-40
//end answers struct(5)
start answers outside_struct(5):
0
//end answers outside_struct(5)
start answers struct(6):
-40
//end answers struct(6)
start answers outside_struct(6):
0
//end answers outside_struct(6)
start answers struct(7):
-40
//end answers struct(7)
start answers outside_struct(7):
0
//end answers outside_struct(7)
start answers struct(8):
-40
//end answers struct(8)
start answers outside_struct(8):
0
//end answers outside_struct(8)
start answers struct(9):
0
//end answers struct(9)
start answers outside_struct(9):
0
//end answers outside_struct(9)
start answers struct(10):
0
//end answers struct(10)
start answers outside_struct(10):
0
//end answers outside_struct(10)
start answers struct(11):
0
//end answers struct(11)
start answers outside_struct(11):
0
//end answers outside_struct(11)
start answers struct(12):
0
//end answers struct(12)
start answers outside_struct(12):
0
//end answers outside_struct(12)
start answers struct(13):
0
//end answers struct(13)
start answers outside_struct(13):
0
//end answers outside_struct(13)
start answers struct(14):
0
//end answers struct(14)
start answers outside_struct(14):
0
//end answers outside_struct(14)
start answers struct(15):
0
//end answers struct(15)
start answers outside_struct(15):
0
//end answers outside_struct(15)
start answers struct(16):
0
//end answers struct(16)
start answers outside_struct(16):
0
//end answers outside_struct(16)
start answers struct(17):
0
//end answers struct(17)
start answers outside_struct(17):
0
//end answers outside_struct(17)
start answers struct(18):
0
//end answers struct(18)
start answers outside_struct(18):
0
//end answers outside_struct(18)
start answers struct(19):
0
//end answers struct(19)
start answers outside_struct(19):
0
//end answers outside_struct(19)
start answers struct(20):
0
//end answers struct(20)
start answers outside_struct(20):
0
//end answers outside_struct(20)
start answers struct(21):
0
//end answers struct(21)
start answers outside_struct(21):
-40
//end answers outside_struct(21)
start answers struct(22):
0
//end answers struct(22)
start answers outside_struct(22):
-40
//end answers outside_struct(22)
start answers struct(23):
0
//end answers struct(23)
start answers outside_struct(23):
-40
//end answers outside_struct(23)
start answers struct(24):
0
//end answers struct(24)
start answers outside_struct(24):
-40
//end answers outside_struct(24)
start answers struct(25):
0
//end answers struct(25)
start answers outside_struct(25):
-40
//end answers outside_struct(25)
start answers struct(26):
0
//end answers struct(26)
start answers outside_struct(26):
-170
//end answers outside_struct(26)
start answers struct(27):
0
//end answers struct(27)
start answers outside_struct(27):
-170
//end answers outside_struct(27)
start answers struct(28):
0
//end answers struct(28)
start answers outside_struct(28):
-170
//end answers outside_struct(28)
start answers struct(29):
0
//end answers struct(29)
start answers outside_struct(29):
-410
//end answers outside_struct(29)
