1. derivatives for non-terminal "dangle":
inf	inf	inf	inf	inf	0	0	0	0	5.36738e-07	0.000672981	0	0	0	0	0	0	1.44543e-07	5.6872e-05	0	0	0	0	0	0	9.33044e-07	0.000595146	0	0.000588242	0.965119	
	inf	inf	inf	inf	inf	0	0	0	3.19804e-06	1.47612e-06	0	0	0	0	0	0	2.68333e-07	3.04988e-07	0	0	0	0	0	0	2.80022e-06	3.67065e-05	0	0.00455138	0.00385592	
		inf	inf	inf	inf	inf	0	0	0	0	0	0	0	0	0	0	0	0	0	0	0	0	0	0	0	0	0	0	0	
			inf	inf	inf	inf	inf	0	1.02713e-06	5.97835e-05	0	0	0	0	0	0	1.603e-07	8.93458e-05	0	0	0	0	0	0	3.03842e-05	0.0193522	0	5.46466e-05	0.000574541	
				inf	inf	inf	inf	inf	2.80478e-07	1.95189e-06	0	0	0	0	0	0	4.21721e-07	3.10207e-07	0	0	0	0	0	0	9.12225e-05	0.000107596	0	2.69927e-06	3.23511e-06	
					inf	inf	inf	inf	inf	0	0	0	0	0	0	0	0	0	0	0	0	0	0	0	0	0	0	0	0	
						inf	inf	inf	inf	inf	0	0	0	0	0	0	0	0	0	0	0	0	0	0	0	0	0	0	0	
							inf	inf	inf	inf	inf	0	0	0	0	0	0	0	0	0	0	0	0	0	0	0	0	0	0	
								inf	inf	inf	inf	inf	2.53162e-07	0	0	0	0	0	0	5.28486e-05	0.0023	0	0	0	0	0	0	0	0	
									inf	inf	inf	inf	inf	0	0	0	0	0	0	1.09155e-05	1.57349e-06	0	0	0	0	0	0	0	0	
										inf	inf	inf	inf	inf	0	0	0	0	0	0	0	0	0	0	0	0	0	0	0	
											inf	inf	inf	inf	inf	0	1.31336e-06	7.69785e-05	0	0	0	0	0	0	1.60274e-07	8.93307e-05	0	2.6724e-07	5.71993e-05	
												inf	inf	inf	inf	inf	3.58639e-07	2.5133e-06	0	0	0	0	0	0	4.21651e-07	3.10155e-07	0	2.69869e-07	3.35407e-07	
													inf	inf	inf	inf	inf	0	0	0	0	0	0	0	0	0	0	0	0	
														inf	inf	inf	inf	inf	0	0	0	0	0	0	0	0	0	0	0	
															inf	inf	inf	inf	inf	0	0	0	0	0	0	0	0	0	0	
																inf	inf	inf	inf	inf	2.53119e-07	0	0	0	0	0	0	0	0	
																	inf	inf	inf	inf	inf	0	0	0	0	0	0	0	0	
																		inf	inf	inf	inf	inf	0	0	0	0	0	0	0	
																			inf	inf	inf	inf	inf	0	1.01966e-06	5.97624e-05	0	1.4027e-06	0.000672753	
																				inf	inf	inf	inf	inf	2.88405e-07	2.02094e-06	0	3.28817e-06	1.05607e-06	
																					inf	inf	inf	inf	inf	0	0	0	0	
																						inf	inf	inf	inf	inf	0	0	0	
																							inf	inf	inf	inf	inf	0	0	
																								inf	inf	inf	inf	inf	0	
																									inf	inf	inf	inf	inf	
																										inf	inf	inf	inf	
																											inf	inf	inf	
																												inf	inf	
																													inf	
1. derivatives for non-terminal "hairpin":
inf	inf	inf	inf	inf	0	0	0	0	5.36738e-07	1.19966e-06	0	0	0	0	0	0	1.12466e-07	9.56216e-08	0	0	0	0	0	0	3.52626e-08	3.52626e-08	0	2.99811e-08	2.99811e-08	
	inf	inf	inf	inf	inf	0	0	0	0.000674971	1.02165e-06	0	0	0	0	0	0	5.37982e-05	2.15545e-07	0	0	0	0	0	0	1.98406e-05	9.81794e-08	0	1.43414e-05	5.73734e-08	
		inf	inf	inf	inf	inf	0	0	0	0	0	0	0	0	0	0	0	0	0	0	0	0	0	0	0	0	0	0	0	
			inf	inf	inf	inf	inf	0	1.54451e-06	9.24905e-07	0	0	0	0	0	0	2.33699e-07	1.40091e-07	0	0	0	0	0	0	3.06988e-06	2.10092e-06	0	5.13048e-08	3.52626e-08	
				inf	inf	inf	inf	inf	6.3136e-05	2.19523e-06	0	0	0	0	0	0	9.27175e-05	3.41946e-07	0	0	0	0	0	0	0.00118117	1.10632e-06	0	1.98406e-05	6.74802e-08	
					inf	inf	inf	inf	inf	0	0	0	0	0	0	0	0	0	0	0	0	0	0	0	0	0	0	0	0	
						inf	inf	inf	inf	inf	0	0	0	0	0	0	0	0	0	0	0	0	0	0	0	0	0	0	0	
							inf	inf	inf	inf	inf	0	0	0	0	0	0	0	0	0	0	0	0	0	0	0	0	0	0	
								inf	inf	inf	inf	inf	2.70076e-06	0	0	0	0	0	0	0.000241048	0.000123794	0	0	0	0	0	0	0	0	
									inf	inf	inf	inf	inf	0	0	0	0	0	0	0.0189845	0.000172839	0	0	0	0	0	0	0	0	
										inf	inf	inf	inf	inf	0	0	0	0	0	0	0	0	0	0	0	0	0	0	0	
											inf	inf	inf	inf	inf	0	0.016293	0.0138545	0	0	0	0	0	0	2.33767e-07	1.40218e-07	0	1.12617e-07	9.56056e-08	
												inf	inf	inf	inf	inf	0.943562	0.00292637	0	0	0	0	0	0	9.27927e-05	4.46888e-07	0	5.37891e-05	2.15185e-07	
													inf	inf	inf	inf	inf	0	0	0	0	0	0	0	0	0	0	0	0	
														inf	inf	inf	inf	inf	0	0	0	0	0	0	0	0	0	0	0	
															inf	inf	inf	inf	inf	0	0	0	0	0	0	0	0	0	0	
																inf	inf	inf	inf	inf	2.70522e-06	0	0	0	0	0	0	0	0	
																	inf	inf	inf	inf	inf	0	0	0	0	0	0	0	0	
																		inf	inf	inf	inf	inf	0	0	0	0	0	0	0	
																			inf	inf	inf	inf	inf	0	1.60955e-06	9.25765e-07	0	5.33689e-07	1.19924e-06	
																				inf	inf	inf	inf	inf	6.32011e-05	3.00877e-06	0	0.000674824	1.05607e-06	
																					inf	inf	inf	inf	inf	0	0	0	0	
																						inf	inf	inf	inf	inf	0	0	0	
																							inf	inf	inf	inf	inf	0	0	
																								inf	inf	inf	inf	inf	0	
																									inf	inf	inf	inf	inf	
																										inf	inf	inf	inf	
																											inf	inf	inf	
																												inf	inf	
																													inf	
1. derivatives for non-terminal "iloop":
inf	inf	inf	inf	inf	inf	inf	inf	inf	0	0	0	0	0	0	0	0	2.93568e-08	9.98996e-09	0	0	0	0	0	0	8.96974e-07	1.9557e-06	0	0.000571873	0.00237745	
	inf	inf	inf	inf	inf	inf	inf	inf	inf	0	0	0	0	0	0	0	3.23022e-06	1.36054e-08	0	0	0	0	0	0	0.000575321	3.22537e-05	0	0.967278	0.00383156	
		inf	inf	inf	inf	inf	inf	inf	inf	inf	0	0	0	0	0	0	0	0	0	0	0	0	0	0	0	0	0	0	0	
			inf	inf	inf	inf	inf	inf	inf	inf	inf	0	0	0	0	0	4.75862e-09	6.42042e-09	0	0	0	0	0	0	0.00190905	0.00284099	0	8.49085e-06	1.88231e-06	
				inf	inf	inf	inf	inf	inf	inf	inf	inf	0	0	0	0	2.2205e-06	1.33243e-08	0	0	0	0	0	0	0.980209	0.00127406	0	0.000553866	3.16685e-06	
					inf	inf	inf	inf	inf	inf	inf	inf	inf	0	0	0	0	0	0	0	0	0	0	0	0	0	0	0	0	
						inf	inf	inf	inf	inf	inf	inf	inf	inf	0	0	0	0	0	0	0	0	0	0	0	0	0	0	0	
							inf	inf	inf	inf	inf	inf	inf	inf	inf	0	0	0	0	0	0	0	0	0	0	0	0	0	0	
								inf	inf	inf	inf	inf	inf	inf	inf	inf	0	0	0	0.00708856	0.00236993	0	0	0	0	0	0	0	0	
									inf	inf	inf	inf	inf	inf	inf	inf	inf	0	0	0.960995	0.000620486	0	0	0	0	0	0	0	0	
										inf	inf	inf	inf	inf	inf	inf	inf	inf	0	0	0	0	0	0	0	0	0	0	0	
											inf	inf	inf	inf	inf	inf	inf	inf	inf	0	0	0	0	0	4.76001e-09	6.42624e-09	0	1.16969e-08	1.06291e-08	
												inf	inf	inf	inf	inf	inf	inf	inf	inf	0	0	0	0	2.22231e-06	1.74135e-08	0	3.56563e-06	1.17556e-07	
													inf	inf	inf	inf	inf	inf	inf	inf	inf	0	0	0	0	0	0	0	0	
														inf	inf	inf	inf	inf	inf	inf	inf	inf	0	0	0	0	0	0	0	
															inf	inf	inf	inf	inf	inf	inf	inf	inf	0	0	0	0	0	0	
																inf	inf	inf	inf	inf	inf	inf	inf	inf	0	0	0	0	0	
																	inf	inf	inf	inf	inf	inf	inf	inf	inf	0	0	0	0	
																		inf	inf	inf	inf	inf	inf	inf	inf	inf	0	0	0	
																			inf	inf	inf	inf	inf	inf	inf	inf	inf	0	0	
																				inf	inf	inf	inf	inf	inf	inf	inf	inf	0	
																					inf	inf	inf	inf	inf	inf	inf	inf	inf	
																						inf	inf	inf	inf	inf	inf	inf	inf	
																							inf	inf	inf	inf	inf	inf	inf	
																								inf	inf	inf	inf	inf	inf	
																									inf	inf	inf	inf	inf	
																										inf	inf	inf	inf	
																											inf	inf	inf	
																												inf	inf	
																													inf	
1. derivatives for non-terminal "leftB":
inf	inf	inf	inf	inf	inf	inf	inf	0	0	1.24018e-08	0	0	0	0	0	0	0	4.45323e-09	0	0	0	0	0	0	0	8.30765e-07	0	0	5.96949e-07	
	inf	inf	inf	inf	inf	inf	inf	inf	0	4.56883e-07	0	0	0	0	0	0	0	7.62964e-08	0	0	0	0	0	0	0	2.10536e-05	0	0	2.43085e-05	
		inf	inf	inf	inf	inf	inf	inf	inf	0	0	0	0	0	0	0	0	0	0	0	0	0	0	0	0	0	0	0	0	
			inf	inf	inf	inf	inf	inf	inf	inf	0	0	0	0	0	0	0	6.93824e-10	0	0	0	0	0	0	0	1.72459e-08	0	0	6.61041e-10	
				inf	inf	inf	inf	inf	inf	inf	inf	0	0	0	0	0	0	1.0115e-09	0	0	0	0	0	0	0	4.84654e-09	0	0	7.43707e-10	
					inf	inf	inf	inf	inf	inf	inf	inf	0	0	0	0	0	0	0	0	0	0	0	0	0	0	0	0	0	
						inf	inf	inf	inf	inf	inf	inf	inf	0	0	0	0	0	0	0	0	0	0	0	0	0	0	0	0	
							inf	inf	inf	inf	inf	inf	inf	inf	0	0	0	0	0	0	0	0	0	0	0	0	0	0	0	
								inf	inf	inf	inf	inf	inf	inf	inf	0	0	0	0	0	0	0	0	0	0	0	0	0	0	
									inf	inf	inf	inf	inf	inf	inf	inf	0	0	0	0	0	0	0	0	0	0	0	0	0	
										inf	inf	inf	inf	inf	inf	inf	inf	0	0	0	0	0	0	0	0	0	0	0	0	
											inf	inf	inf	inf	inf	inf	inf	inf	0	0	0	0	0	0	0	6.94454e-10	0	0	2.13858e-09	
												inf	inf	inf	inf	inf	inf	inf	inf	0	0	0	0	0	0	1.32193e-09	0	0	2.66683e-09	
													inf	inf	inf	inf	inf	inf	inf	inf	0	0	0	0	0	0	0	0	0	
														inf	inf	inf	inf	inf	inf	inf	inf	0	0	0	0	0	0	0	0	
															inf	inf	inf	inf	inf	inf	inf	inf	0	0	0	0	0	0	0	
																inf	inf	inf	inf	inf	inf	inf	inf	0	0	0	0	0	0	
																	inf	inf	inf	inf	inf	inf	inf	inf	0	0	0	0	0	
																		inf	inf	inf	inf	inf	inf	inf	inf	0	0	0	0	
																			inf	inf	inf	inf	inf	inf	inf	inf	0	0	0	
																				inf	inf	inf	inf	inf	inf	inf	inf	0	0	
																					inf	inf	inf	inf	inf	inf	inf	inf	0	
																						inf	inf	inf	inf	inf	inf	inf	inf	
																							inf	inf	inf	inf	inf	inf	inf	
																								inf	inf	inf	inf	inf	inf	
																									inf	inf	inf	inf	inf	
																										inf	inf	inf	inf	
																											inf	inf	inf	
																												inf	inf	
																													inf	
1. derivatives for non-terminal "ml_comps":
inf	inf	inf	inf	inf	inf	inf	inf	inf	inf	inf	inf	inf	inf	inf	inf	inf	inf	inf	inf	inf	inf	inf	inf	inf	inf	inf	inf	inf	inf	
	inf	inf	inf	inf	inf	inf	inf	inf	inf	inf	inf	inf	inf	inf	inf	0	1.00387e-12	inf	inf	inf	inf	inf	inf	3.52402e-11	3.83374e-11	inf	2.13769e-10	2.25535e-10	inf	
		inf	inf	inf	inf	inf	inf	inf	inf	inf	inf	inf	inf	inf	inf	0	1.87116e-12	inf	inf	inf	inf	inf	inf	6.91256e-09	8.68578e-11	inf	4.35871e-08	4.31296e-10	inf	
			inf	inf	inf	inf	inf	inf	inf	inf	inf	inf	inf	inf	inf	0	1.87116e-12	inf	inf	inf	inf	inf	inf	6.91256e-09	8.68578e-11	inf	4.35871e-08	4.31296e-10	inf	
				inf	inf	inf	inf	inf	inf	inf	inf	inf	inf	inf	inf	0	1.01244e-13	inf	inf	inf	inf	inf	inf	3.26882e-10	1.12284e-10	inf	8.30489e-09	1.30912e-10	inf	
					inf	inf	inf	inf	inf	inf	inf	inf	inf	inf	inf	0	0	inf	inf	inf	inf	inf	inf	6.90003e-12	5.7529e-11	inf	1.45137e-08	1.55278e-10	inf	
						inf	inf	inf	inf	inf	inf	inf	inf	inf	inf	0	0	inf	inf	inf	inf	inf	inf	6.90003e-12	5.7529e-11	inf	1.45137e-08	1.55278e-10	inf	
							inf	inf	inf	inf	inf	inf	inf	inf	inf	inf	0	inf	inf	inf	inf	inf	inf	6.90003e-12	5.7529e-11	inf	1.45137e-08	1.55278e-10	inf	
								inf	inf	inf	inf	inf	inf	inf	inf	inf	inf	inf	inf	inf	inf	inf	inf	6.90003e-12	5.7529e-11	inf	1.45137e-08	1.55278e-10	inf	
									inf	inf	inf	inf	inf	inf	inf	inf	inf	inf	0	0	inf	inf	inf	0	4.53247e-11	inf	1.38219e-08	1.40357e-10	inf	
										inf	inf	inf	inf	inf	inf	inf	inf	inf	inf	0	inf	inf	inf	0	4.28585e-11	inf	1.36919e-08	1.3741e-10	inf	
											inf	inf	inf	inf	inf	inf	inf	inf	inf	inf	inf	inf	inf	0	4.28585e-11	inf	1.36919e-08	1.3741e-10	inf	
												inf	inf	inf	inf	inf	inf	inf	inf	inf	inf	inf	inf	0	1.55159e-12	inf	4.86091e-10	6.58436e-12	inf	
													inf	inf	inf	inf	inf	inf	inf	inf	inf	inf	inf	0	0	inf	0	0	inf	
														inf	inf	inf	inf	inf	inf	inf	inf	inf	inf	0	0	inf	0	0	inf	
															inf	inf	inf	inf	inf	inf	inf	inf	inf	inf	0	inf	0	0	inf	
																inf	inf	inf	inf	inf	inf	inf	inf	inf	inf	inf	0	0	inf	
																	inf	inf	inf	inf	inf	inf	inf	inf	inf	inf	0	0	inf	
																		inf	inf	inf	inf	inf	inf	inf	inf	inf	inf	0	inf	
																			inf	inf	inf	inf	inf	inf	inf	inf	inf	inf	inf	
																				inf	inf	inf	inf	inf	inf	inf	inf	inf	inf	
																					inf	inf	inf	inf	inf	inf	inf	inf	inf	
																						inf	inf	inf	inf	inf	inf	inf	inf	
																							inf	inf	inf	inf	inf	inf	inf	
																								inf	inf	inf	inf	inf	inf	
																									inf	inf	inf	inf	inf	
																										inf	inf	inf	inf	
																											inf	inf	inf	
																												inf	inf	
																													inf	
1. derivatives for non-terminal "ml_comps1":
inf	inf	inf	inf	inf	inf	inf	inf	inf	inf	inf	inf	inf	inf	inf	inf	inf	inf	inf	inf	inf	inf	inf	inf	inf	inf	inf	inf	inf	inf	
	inf	inf	inf	inf	inf	inf	inf	inf	inf	inf	inf	inf	inf	inf	inf	inf	inf	inf	inf	inf	inf	inf	inf	inf	inf	inf	inf	inf	inf	
		inf	inf	inf	inf	inf	inf	inf	inf	inf	inf	inf	inf	inf	inf	inf	inf	inf	inf	inf	inf	inf	inf	inf	inf	inf	inf	inf	inf	
			inf	inf	inf	inf	inf	inf	inf	inf	inf	inf	inf	inf	inf	inf	inf	inf	inf	inf	inf	inf	inf	inf	inf	inf	inf	inf	inf	
				inf	inf	inf	inf	inf	inf	inf	inf	inf	inf	inf	inf	inf	inf	inf	inf	inf	inf	inf	inf	inf	inf	inf	inf	inf	inf	
					inf	inf	inf	inf	inf	inf	inf	inf	inf	inf	inf	inf	inf	inf	inf	inf	inf	inf	inf	inf	inf	inf	inf	inf	inf	
						inf	inf	inf	inf	inf	inf	inf	inf	inf	inf	inf	inf	inf	inf	inf	inf	inf	inf	inf	inf	inf	inf	inf	inf	
							inf	inf	inf	inf	inf	inf	inf	inf	inf	inf	inf	inf	inf	inf	inf	inf	inf	inf	inf	inf	inf	inf	inf	
								inf	inf	inf	inf	inf	inf	inf	inf	inf	inf	inf	inf	inf	inf	inf	inf	inf	inf	inf	inf	inf	inf	
									inf	inf	inf	inf	inf	inf	inf	0	9.00227e-14	inf	inf	inf	inf	inf	inf	1.98566e-10	1.39964e-11	inf	5.76595e-10	1.27163e-11	inf	
										inf	inf	inf	inf	inf	inf	0	1.97519e-12	inf	inf	inf	inf	inf	inf	6.94317e-09	1.43693e-10	inf	2.55379e-08	2.584e-10	inf	
											inf	inf	inf	inf	inf	0	1.97519e-12	inf	inf	inf	inf	inf	inf	6.94317e-09	1.43693e-10	inf	2.55379e-08	2.584e-10	inf	
												inf	inf	inf	inf	inf	4.23674e-13	inf	inf	inf	inf	inf	inf	2.75145e-10	9.39339e-12	inf	7.23918e-09	7.67171e-11	inf	
													inf	inf	inf	inf	inf	inf	inf	inf	inf	inf	inf	3.74449e-11	3.69237e-12	inf	6.93344e-09	7.33639e-11	inf	
														inf	inf	inf	inf	inf	inf	inf	inf	inf	inf	3.74449e-11	3.69237e-12	inf	6.93344e-09	7.33639e-11	inf	
															inf	inf	inf	inf	inf	inf	inf	inf	inf	3.74449e-11	3.69237e-12	inf	6.93344e-09	7.33639e-11	inf	
																inf	inf	inf	inf	inf	inf	inf	inf	3.74449e-11	3.69237e-12	inf	6.93344e-09	7.33639e-11	inf	
																	inf	inf	inf	inf	inf	inf	inf	0	4.20205e-12	inf	7.27669e-09	7.74483e-11	inf	
																		inf	inf	inf	inf	inf	inf	0	4.93538e-11	inf	3.24139e-08	3.32263e-10	inf	
																			inf	inf	inf	inf	inf	0	4.93538e-11	inf	3.24139e-08	3.32263e-10	inf	
																				inf	inf	inf	inf	inf	2.50287e-11	inf	1.90819e-09	4.38367e-11	inf	
																					inf	inf	inf	inf	inf	inf	0	0	inf	
																						inf	inf	inf	inf	inf	0	0	inf	
																							inf	inf	inf	inf	inf	0	inf	
																								inf	inf	inf	inf	inf	inf	
																									inf	inf	inf	inf	inf	
																										inf	inf	inf	inf	
																											inf	inf	inf	
																												inf	inf	
																													inf	
1. derivatives for non-terminal "multiloop":
inf	inf	inf	inf	inf	inf	inf	inf	inf	inf	inf	inf	0	0	0	0	0	0	1.00387e-12	0	0	0	0	0	0	3.52402e-11	3.83374e-11	0	2.13769e-10	2.25535e-10	
	inf	inf	inf	inf	inf	inf	inf	inf	inf	inf	inf	inf	0	0	0	0	0	9.36285e-13	0	0	0	0	0	0	6.88019e-09	5.14769e-11	0	4.3383e-08	2.15648e-10	
		inf	inf	inf	inf	inf	inf	inf	inf	inf	inf	inf	inf	0	0	0	0	0	0	0	0	0	0	0	0	0	0	0	0	
			inf	inf	inf	inf	inf	inf	inf	inf	inf	inf	inf	inf	0	0	0	3.50341e-14	0	0	0	0	0	0	7.44062e-11	1.07094e-10	0	5.6205e-11	4.36374e-11	
				inf	inf	inf	inf	inf	inf	inf	inf	inf	inf	inf	inf	0	0	0	0	0	0	0	0	0	6.72715e-12	1.04954e-11	0	7.21548e-09	3.88196e-11	
					inf	inf	inf	inf	inf	inf	inf	inf	inf	inf	inf	inf	0	0	0	0	0	0	0	0	0	0	0	0	0	
						inf	inf	inf	inf	inf	inf	inf	inf	inf	inf	inf	inf	0	0	0	0	0	0	0	0	0	0	0	0	
							inf	inf	inf	inf	inf	inf	inf	inf	inf	inf	inf	inf	0	0	0	0	0	0	0	0	0	0	0	
								inf	inf	inf	inf	inf	inf	inf	inf	inf	inf	inf	inf	0	0	0	0	0	0	0	0	0	0	
									inf	inf	inf	inf	inf	inf	inf	inf	inf	inf	inf	inf	0	0	0	0	0	0	0	0	0	
										inf	inf	inf	inf	inf	inf	inf	inf	inf	inf	inf	inf	0	0	0	0	0	0	0	0	
											inf	inf	inf	inf	inf	inf	inf	inf	inf	inf	inf	inf	0	0	0	3.50659e-14	0	1.60797e-12	1.72218e-12	
												inf	inf	inf	inf	inf	inf	inf	inf	inf	inf	inf	inf	0	0	0	0	0	0	
													inf	inf	inf	inf	inf	inf	inf	inf	inf	inf	inf	inf	0	0	0	0	0	
														inf	inf	inf	inf	inf	inf	inf	inf	inf	inf	inf	inf	0	0	0	0	
															inf	inf	inf	inf	inf	inf	inf	inf	inf	inf	inf	inf	0	0	0	
																inf	inf	inf	inf	inf	inf	inf	inf	inf	inf	inf	inf	0	0	
																	inf	inf	inf	inf	inf	inf	inf	inf	inf	inf	inf	inf	0	
																		inf	inf	inf	inf	inf	inf	inf	inf	inf	inf	inf	inf	
																			inf	inf	inf	inf	inf	inf	inf	inf	inf	inf	inf	
																				inf	inf	inf	inf	inf	inf	inf	inf	inf	inf	
																					inf	inf	inf	inf	inf	inf	inf	inf	inf	
																						inf	inf	inf	inf	inf	inf	inf	inf	
																							inf	inf	inf	inf	inf	inf	inf	
																								inf	inf	inf	inf	inf	inf	
																									inf	inf	inf	inf	inf	
																										inf	inf	inf	inf	
																											inf	inf	inf	
																												inf	inf	
																													inf	
1. derivatives for non-terminal "rightB":
inf	inf	inf	inf	inf	inf	inf	inf	0	0	0	0	0	0	0	0	0	2.71987e-09	2.17696e-09	0	0	0	0	0	0	7.72796e-10	6.83085e-10	0	1.63389e-05	4.06634e-07	
	inf	inf	inf	inf	inf	inf	inf	inf	0	0	0	0	0	0	0	0	0	0	0	0	0	0	0	0	0	0	0	0	0	
		inf	inf	inf	inf	inf	inf	inf	inf	0	0	0	0	0	0	0	0	0	0	0	0	0	0	0	0	0	0	0	0	
			inf	inf	inf	inf	inf	inf	inf	inf	0	0	0	0	0	0	2.33232e-09	1.20829e-09	0	0	0	0	0	0	3.79471e-08	2.50615e-08	0	7.09651e-05	1.65245e-06	
				inf	inf	inf	inf	inf	inf	inf	inf	0	0	0	0	0	0	0	0	0	0	0	0	0	0	0	0	0	0	
					inf	inf	inf	inf	inf	inf	inf	inf	0	0	0	0	0	0	0	0	0	0	0	0	0	0	0	0	0	
						inf	inf	inf	inf	inf	inf	inf	inf	0	0	0	0	0	0	0	0	0	0	0	0	0	0	0	0	
							inf	inf	inf	inf	inf	inf	inf	inf	0	0	0	0	0	0	0	0	0	0	0	0	0	0	0	
								inf	inf	inf	inf	inf	inf	inf	inf	0	0	0	0	0	0	0	0	0	0	0	0	0	0	
									inf	inf	inf	inf	inf	inf	inf	inf	0	0	0	0	0	0	0	0	0	0	0	0	0	
										inf	inf	inf	inf	inf	inf	inf	inf	0	0	0	0	0	0	0	0	0	0	0	0	
											inf	inf	inf	inf	inf	inf	inf	inf	0	0	0	0	0	0	2.333e-09	1.20939e-09	0	1.43327e-07	6.34581e-09	
												inf	inf	inf	inf	inf	inf	inf	inf	0	0	0	0	0	0	0	0	0	0	
													inf	inf	inf	inf	inf	inf	inf	inf	0	0	0	0	0	0	0	0	0	
														inf	inf	inf	inf	inf	inf	inf	inf	0	0	0	0	0	0	0	0	
															inf	inf	inf	inf	inf	inf	inf	inf	0	0	0	0	0	0	0	
																inf	inf	inf	inf	inf	inf	inf	inf	0	0	0	0	0	0	
																	inf	inf	inf	inf	inf	inf	inf	inf	0	0	0	0	0	
																		inf	inf	inf	inf	inf	inf	inf	inf	0	0	0	0	
																			inf	inf	inf	inf	inf	inf	inf	inf	0	8.71298e-07	2.23099e-08	
																				inf	inf	inf	inf	inf	inf	inf	inf	0	0	
																					inf	inf	inf	inf	inf	inf	inf	inf	0	
																						inf	inf	inf	inf	inf	inf	inf	inf	
																							inf	inf	inf	inf	inf	inf	inf	
																								inf	inf	inf	inf	inf	inf	
																									inf	inf	inf	inf	inf	
																										inf	inf	inf	inf	
																											inf	inf	inf	
																												inf	inf	
																													inf	
1. derivatives for non-terminal "stack":
inf	inf	inf	inf	inf	inf	inf	0	0	0	0.000671769	0	0	0	0	0	0	0	5.67597e-05	0	0	0	0	0	0	0	0.000592323	0	0	0.962741	
	inf	inf	inf	inf	inf	inf	inf	0	0	0	0	0	0	0	0	0	0	0	0	0	0	0	0	0	0	0	0	0	0	
		inf	inf	inf	inf	inf	inf	inf	0	0	0	0	0	0	0	0	0	0	0	0	0	0	0	0	0	0	0	0	0	
			inf	inf	inf	inf	inf	inf	inf	6.28354e-05	0	0	0	0	0	0	0	9.44747e-05	0	0	0	0	0	0	0	0.97746	0	0	0.000570971	
				inf	inf	inf	inf	inf	inf	inf	0	0	0	0	0	0	0	0	0	0	0	0	0	0	0	0	0	0	0	
					inf	inf	inf	inf	inf	inf	inf	0	0	0	0	0	0	0	0	0	0	0	0	0	0	0	0	0	0	
						inf	inf	inf	inf	inf	inf	inf	0	0	0	0	0	0	0	0	0	0	0	0	0	0	0	0	0	
							inf	inf	inf	inf	inf	inf	inf	0	0	0	0	0	0	0	0	0	0	0	0	0	0	0	0	
								inf	inf	inf	inf	inf	inf	inf	0	0	0	0	0	0	0.977131	0	0	0	0	0	0	0	0	
									inf	inf	inf	inf	inf	inf	inf	0	0	0	0	0	0	0	0	0	0	0	0	0	0	
										inf	inf	inf	inf	inf	inf	inf	0	0	0	0	0	0	0	0	0	0	0	0	0	
											inf	inf	inf	inf	inf	inf	inf	0.941234	0	0	0	0	0	0	0	9.45603e-05	0	0	5.70846e-05	
												inf	inf	inf	inf	inf	inf	inf	0	0	0	0	0	0	0	0	0	0	0	
													inf	inf	inf	inf	inf	inf	inf	0	0	0	0	0	0	0	0	0	0	
														inf	inf	inf	inf	inf	inf	inf	0	0	0	0	0	0	0	0	0	
															inf	inf	inf	inf	inf	inf	inf	0	0	0	0	0	0	0	0	
																inf	inf	inf	inf	inf	inf	inf	0	0	0	0	0	0	0	
																	inf	inf	inf	inf	inf	inf	inf	0	0	0	0	0	0	
																		inf	inf	inf	inf	inf	inf	inf	0	0	0	0	0	
																			inf	inf	inf	inf	inf	inf	inf	6.28938e-05	0	0	0.000671532	
																				inf	inf	inf	inf	inf	inf	inf	0	0	0	
																					inf	inf	inf	inf	inf	inf	inf	0	0	
																						inf	inf	inf	inf	inf	inf	inf	0	
																							inf	inf	inf	inf	inf	inf	inf	
																								inf	inf	inf	inf	inf	inf	
																									inf	inf	inf	inf	inf	
																										inf	inf	inf	inf	
																											inf	inf	inf	
																												inf	inf	
																													inf	
1. derivatives for non-terminal "strong":
inf	inf	inf	inf	inf	0	0	0	0	5.36738e-07	0.000672981	0	0	0	0	0	0	1.44543e-07	5.6872e-05	0	0	0	0	0	0	9.33044e-07	0.000595146	0	0.000588242	0.965119	
	inf	inf	inf	inf	inf	0	0	0	3.20224e-06	1.47853e-06	0	0	0	0	0	0	2.68657e-07	3.05448e-07	0	0	0	0	0	0	2.84559e-06	5.34055e-05	0	0.00455138	0.00385592	
		inf	inf	inf	inf	inf	0	0	0	0	0	0	0	0	0	0	0	0	0	0	0	0	0	0	0	0	0	0	0	
			inf	inf	inf	inf	inf	0	1.54451e-06	6.37603e-05	0	0	0	0	0	0	2.4079e-07	9.46231e-05	0	0	0	0	0	0	0.00191216	0.980303	0	7.95073e-05	0.000574541	
				inf	inf	inf	inf	inf	3.00636e-07	2.19523e-06	0	0	0	0	0	0	4.63376e-07	3.56282e-07	0	0	0	0	0	0	0.00393	0.00127517	0	2.743e-06	3.23511e-06	
					inf	inf	inf	inf	inf	0	0	0	0	0	0	0	0	0	0	0	0	0	0	0	0	0	0	0	0	
						inf	inf	inf	inf	inf	0	0	0	0	0	0	0	0	0	0	0	0	0	0	0	0	0	0	0	
							inf	inf	inf	inf	inf	0	0	0	0	0	0	0	0	0	0	0	0	0	0	0	0	0	0	
								inf	inf	inf	inf	inf	2.70076e-06	0	0	0	0	0	0	0.00732961	0.979625	0	0	0	0	0	0	0	0	
									inf	inf	inf	inf	inf	0	0	0	0	0	0	0.0028486	0.000793325	0	0	0	0	0	0	0	0	
										inf	inf	inf	inf	inf	0	0	0	0	0	0	0	0	0	0	0	0	0	0	0	
											inf	inf	inf	inf	inf	0	0.016293	0.955089	0	0	0	0	0	0	2.4086e-07	9.47089e-05	0	2.67643e-07	5.71993e-05	
												inf	inf	inf	inf	inf	0.00232822	0.00292637	0	0	0	0	0	0	4.54711e-07	4.65623e-07	0	2.70195e-07	3.35407e-07	
													inf	inf	inf	inf	inf	0	0	0	0	0	0	0	0	0	0	0	0	
														inf	inf	inf	inf	inf	0	0	0	0	0	0	0	0	0	0	0	
															inf	inf	inf	inf	inf	0	0	0	0	0	0	0	0	0	0	
																inf	inf	inf	inf	inf	2.70522e-06	0	0	0	0	0	0	0	0	
																	inf	inf	inf	inf	inf	0	0	0	0	0	0	0	0	
																		inf	inf	inf	inf	inf	0	0	0	0	0	0	0	
																			inf	inf	inf	inf	inf	0	1.60955e-06	6.38196e-05	0	1.40499e-06	0.000672753	
																				inf	inf	inf	inf	inf	3.07267e-07	3.00877e-06	0	3.29237e-06	1.05607e-06	
																					inf	inf	inf	inf	inf	0	0	0	0	
																						inf	inf	inf	inf	inf	0	0	0	
																							inf	inf	inf	inf	inf	0	0	
																								inf	inf	inf	inf	inf	0	
																									inf	inf	inf	inf	inf	
																										inf	inf	inf	inf	
																											inf	inf	inf	
																												inf	inf	
																													inf	
1. derivatives for non-terminal "struct":
1	0.0329657	0.0245137	0.0245137	0.00435161	0.0041439	0.0041439	0.0041439	0.0041439	0.00179583	0.00251954	0.00251954	0.00229429	0.00229033	0.00229033	0.00229033	0.00229033	0.00229275	0.00251907	0.00251907	0.0018479	0.00414307	0.00414307	0.00414307	0.00414307	0.0042703	0.0245134	0.0245134	0.0297156	1	
1. derivatives for non-terminal "weak":
inf	inf	inf	inf	inf	0	0	0	0	5.36738e-07	0.000672981	0	0	0	0	0	0	1.44543e-07	5.6872e-05	0	0	0	0	0	0	9.33044e-07	0.000595146	0	0.000588242	0.965119	
	inf	inf	inf	inf	inf	0	0	0	0.000674971	1.47853e-06	0	0	0	0	0	0	5.70284e-05	3.05448e-07	0	0	0	0	0	0	0.000595169	5.34055e-05	0	0.967292	0.00385592	
		inf	inf	inf	inf	inf	0	0	0	0	0	0	0	0	0	0	0	0	0	0	0	0	0	0	0	0	0	0	0	
			inf	inf	inf	inf	inf	0	1.54451e-06	6.37603e-05	0	0	0	0	0	0	2.4079e-07	9.46231e-05	0	0	0	0	0	0	0.00191216	0.980303	0	7.95073e-05	0.000574541	
				inf	inf	inf	inf	inf	6.3136e-05	2.19523e-06	0	0	0	0	0	0	9.4938e-05	3.56282e-07	0	0	0	0	0	0	0.98139	0.00127517	0	0.000573714	3.23511e-06	
					inf	inf	inf	inf	inf	0	0	0	0	0	0	0	0	0	0	0	0	0	0	0	0	0	0	0	0	
						inf	inf	inf	inf	inf	0	0	0	0	0	0	0	0	0	0	0	0	0	0	0	0	0	0	0	
							inf	inf	inf	inf	inf	0	0	0	0	0	0	0	0	0	0	0	0	0	0	0	0	0	0	
								inf	inf	inf	inf	inf	2.70076e-06	0	0	0	0	0	0	0.00732961	0.979625	0	0	0	0	0	0	0	0	
									inf	inf	inf	inf	inf	0	0	0	0	0	0	0.97998	0.000793325	0	0	0	0	0	0	0	0	
										inf	inf	inf	inf	inf	0	0	0	0	0	0	0	0	0	0	0	0	0	0	0	
											inf	inf	inf	inf	inf	0	0.016293	0.955089	0	0	0	0	0	0	2.4086e-07	9.47089e-05	0	2.67643e-07	5.71993e-05	
												inf	inf	inf	inf	inf	0.943562	0.00292637	0	0	0	0	0	0	9.50151e-05	4.65623e-07	0	5.73548e-05	3.35407e-07	
													inf	inf	inf	inf	inf	0	0	0	0	0	0	0	0	0	0	0	0	
														inf	inf	inf	inf	inf	0	0	0	0	0	0	0	0	0	0	0	
															inf	inf	inf	inf	inf	0	0	0	0	0	0	0	0	0	0	
																inf	inf	inf	inf	inf	2.70522e-06	0	0	0	0	0	0	0	0	
																	inf	inf	inf	inf	inf	0	0	0	0	0	0	0	0	
																		inf	inf	inf	inf	inf	0	0	0	0	0	0	0	
																			inf	inf	inf	inf	inf	0	1.60955e-06	6.38196e-05	0	1.40499e-06	0.000672753	
																				inf	inf	inf	inf	inf	6.32011e-05	3.00877e-06	0	0.000674824	1.05607e-06	
																					inf	inf	inf	inf	inf	0	0	0	0	
																						inf	inf	inf	inf	inf	0	0	0	
																							inf	inf	inf	inf	inf	0	0	
																								inf	inf	inf	inf	inf	0	
																									inf	inf	inf	inf	inf	
																										inf	inf	inf	inf	
																											inf	inf	inf	
																												inf	inf	
																													inf	
2. derivatives for non-terminal "dangle":
inf	inf	inf	inf	inf	0	0	0	0	1.44049e-10	1.633e-16	0	0	0	0	0	0	4.068e-30	3.27049e-38	0	0	0	0	0	0	1.55614e-50	1.16893e-56	0	1.40176e-63	3.81842e-63	
	inf	inf	inf	inf	inf	319.658	319.658	319.658	410.457	415.634	415.634	716.691	341.38	341.38	341.38	341.38	409.851	409.851	409.851	626.23	0	0	0	0	2.99961e-09	3.93202e-08	0	4.87546e-06	4.13049e-06	
		inf	inf	inf	inf	inf	319.658	319.658	410.457	415.634	415.634	716.691	341.38	341.38	341.38	341.38	409.851	409.851	409.851	626.23	0	0	0	0	0	0	0	0	0	
			inf	inf	inf	inf	inf	319.658	410.457	415.634	415.634	716.691	341.38	341.38	341.38	341.38	409.851	409.851	409.851	626.23	0	0	0	0	4.40025e-08	2.80259e-05	0	7.91393e-08	8.32051e-07	
				inf	inf	inf	inf	inf	410.457	415.634	415.634	716.691	341.38	341.38	341.38	341.38	409.851	409.851	409.851	626.23	0	0	0	0	7.59218e-07	8.9549e-07	0	2.24653e-08	2.69249e-08	
					inf	inf	inf	inf	inf	415.634	415.634	716.691	341.38	341.38	341.38	341.38	409.851	409.851	409.851	626.23	0	0	0	0	0	0	0	0	0	
						inf	inf	inf	inf	inf	415.634	716.691	341.38	341.38	341.38	341.38	409.851	409.851	409.851	626.23	0	0	0	0	0	0	0	0	0	
							inf	inf	inf	inf	inf	716.691	341.38	341.38	341.38	341.38	409.851	409.851	409.851	626.23	0	0	0	0	0	0	0	0	0	
								inf	inf	inf	inf	inf	341.38	341.38	341.38	341.38	409.851	409.851	409.851	626.23	2.01006e-05	0	0	0	0	0	0	0	0	
									inf	inf	inf	inf	inf	682.76	682.76	682.76	819.702	819.702	819.702	1252.46	3.19639e-08	0	0	0	0	0	0	0	0	
										inf	inf	inf	inf	inf	682.76	682.76	819.702	819.702	819.702	1252.46	0	0	0	0	0	0	0	0	0	
											inf	inf	inf	inf	inf	682.76	819.323	819.702	819.702	1252.46	0	0	0	0	-3.47107	1.72784e-08	0	-2.42103	1.10635e-08	
												inf	inf	inf	inf	inf	819.598	819.702	819.702	1252.46	0	0	0	0	-9.13177	2.40636e-11	0	-2.44485	2.60228e-11	
													inf	inf	inf	inf	inf	819.702	819.702	1252.46	0	0	0	0	0	0	0	0	0	
														inf	inf	inf	inf	inf	819.702	1252.46	0	0	0	0	0	0	0	0	0	
															inf	inf	inf	inf	inf	1252.46	0	0	0	0	0	0	0	0	0	
																inf	inf	inf	inf	inf	1.51234e-08	0	0	0	0	0	0	0	0	
																	inf	inf	inf	inf	inf	0	0	0	0	0	0	0	0	
																		inf	inf	inf	inf	inf	0	0	0	0	0	0	0	
																			inf	inf	inf	inf	inf	0	-600.483	1.53562e-08	0	-41.1962	1.71089e-07	
																				inf	inf	inf	inf	inf	-407.344	4.05477e-08	0	-131.627	2.11887e-08	
																					inf	inf	inf	inf	inf	0	0	0	0	
																						inf	inf	inf	inf	inf	0	0	0	
																							inf	inf	inf	inf	inf	0	0	
																								inf	inf	inf	inf	inf	0	
																									inf	inf	inf	inf	inf	
																										inf	inf	inf	inf	
																											inf	inf	inf	
																												inf	inf	
																													inf	
2. derivatives for non-terminal "hairpin":
inf	inf	inf	inf	inf	0	0	0	0	0	-0.539444	0	0	0	0	0	0	-0.000130422	-0.176833	0	0	0	0	0	0	-0.00129444	-2.17793	0	-0.494132	-3578.19	
	inf	inf	inf	inf	inf	0	0	0	0	-0.000756978	0	0	0	0	0	0	-0.00133061	-0.000744454	0	0	0	0	0	0	-0.499951	-0.129692	0	-812.526	-9.13918	
		inf	inf	inf	inf	inf	0	0	0	0	0	0	0	0	0	0	0	0	0	0	0	0	0	0	0	0	0	0	0	
			inf	inf	inf	inf	inf	0	0	-0.0133897	0	0	0	0	0	0	-0.000235108	-0.343036	0	0	0	0	0	0	-1.75787	-2516.43	0	-0.0667863	-1.30967	
				inf	inf	inf	inf	inf	0	0	0	0	0	0	0	0	-0.0702541	-0.00057693	0	0	0	0	0	0	-824.368	-1.8635	0	-0.481922	-0.00409943	
					inf	inf	inf	inf	inf	0	0	0	0	0	0	0	0	0	0	0	0	0	0	0	0	0	0	0	0	
						inf	inf	inf	inf	inf	0	0	0	0	0	0	0	0	0	0	0	0	0	0	0	0	0	0	0	
							inf	inf	inf	inf	inf	0	0	0	0	0	0	0	0	0	0	0	0	0	0	0	0	0	0	
								inf	inf	inf	inf	inf	0	0	0	0	0	0	0	-1.91802	-225.756	0	0	0	0	0	0	0	0	
									inf	inf	inf	inf	inf	0	0	0	0	0	0	-13.3513	-0.0138993	0	0	0	0	0	0	0	0	
										inf	inf	inf	inf	inf	0	0	0	0	0	0	0	0	0	0	0	0	0	0	0	
											inf	inf	inf	inf	inf	0	0	-200.569	0	0	0	0	0	0	-0.000235177	-0.343347	0	-0.000239781	-0.0933453	
												inf	inf	inf	inf	inf	0	0	0	0	0	0	0	0	-0.0703111	-0.000753987	0	-0.00114679	-0.000188408	
													inf	inf	inf	inf	inf	0	0	0	0	0	0	0	0	0	0	0	0	
														inf	inf	inf	inf	inf	0	0	0	0	0	0	0	0	0	0	0	
															inf	inf	inf	inf	inf	0	0	0	0	0	0	0	0	0	0	
																inf	inf	inf	inf	inf	0	0	0	0	0	0	0	0	0	
																	inf	inf	inf	inf	inf	0	0	0	0	0	0	0	0	
																		inf	inf	inf	inf	inf	0	0	0	0	0	0	0	
																			inf	inf	inf	inf	inf	0	0	-0.0134021	0	-6.16514e-06	-0.110925	
																				inf	inf	inf	inf	inf	0	0	0	0	0	
																					inf	inf	inf	inf	inf	0	0	0	0	
																						inf	inf	inf	inf	inf	0	0	0	
																							inf	inf	inf	inf	inf	0	0	
																								inf	inf	inf	inf	inf	0	
																									inf	inf	inf	inf	inf	
																										inf	inf	inf	inf	
																											inf	inf	inf	
																												inf	inf	
																													inf	
2. derivatives for non-terminal "iloop":
inf	inf	inf	inf	inf	inf	inf	inf	inf	0	0	0	0	0	0	0	0	-0.000208673	-0.204007	0	0	0	0	0	0	-0.00189142	-2.55878	0	-0.876489	-4205.52	
	inf	inf	inf	inf	inf	inf	inf	inf	inf	0	0	0	0	0	0	0	-0.0307953	-0.000906252	0	0	0	0	0	0	-0.84514	-0.161735	0	-1392.9	-11.4913	
		inf	inf	inf	inf	inf	inf	inf	inf	inf	0	0	0	0	0	0	0	0	0	0	0	0	0	0	0	0	0	0	0	
			inf	inf	inf	inf	inf	inf	inf	inf	inf	0	0	0	0	0	-0.000177319	-0.325058	0	0	0	0	0	0	-2.94341	-3134.02	0	-0.117671	-1.67737	
				inf	inf	inf	inf	inf	inf	inf	inf	inf	0	0	0	0	-0.0484184	-0.000505673	0	0	0	0	0	0	-1383.76	-2.6031	0	-0.814673	-0.00604046	
					inf	inf	inf	inf	inf	inf	inf	inf	inf	0	0	0	0	0	0	0	0	0	0	0	0	0	0	0	0	
						inf	inf	inf	inf	inf	inf	inf	inf	inf	0	0	0	0	0	0	0	0	0	0	0	0	0	0	0	
							inf	inf	inf	inf	inf	inf	inf	inf	inf	0	0	0	0	0	0	0	0	0	0	0	0	0	0	
								inf	inf	inf	inf	inf	inf	inf	inf	inf	0	0	0	-2.93184	-708.88	0	0	0	0	0	0	0	0	
									inf	inf	inf	inf	inf	inf	inf	inf	inf	0	0	-519.389	-0.396663	0	0	0	0	0	0	0	0	
										inf	inf	inf	inf	inf	inf	inf	inf	inf	0	0	0	0	0	0	0	0	0	0	0	
											inf	inf	inf	inf	inf	inf	inf	inf	inf	0	0	0	0	0	-0.000177371	-0.325352	0	-0.000382902	-0.126298	
												inf	inf	inf	inf	inf	inf	inf	inf	inf	0	0	0	0	-0.0484577	-0.000660862	0	-0.0309716	-0.000371759	
													inf	inf	inf	inf	inf	inf	inf	inf	inf	0	0	0	0	0	0	0	0	
														inf	inf	inf	inf	inf	inf	inf	inf	inf	0	0	0	0	0	0	0	
															inf	inf	inf	inf	inf	inf	inf	inf	inf	0	0	0	0	0	0	
																inf	inf	inf	inf	inf	inf	inf	inf	inf	0	0	0	0	0	
																	inf	inf	inf	inf	inf	inf	inf	inf	inf	0	0	0	0	
																		inf	inf	inf	inf	inf	inf	inf	inf	inf	0	0	0	
																			inf	inf	inf	inf	inf	inf	inf	inf	inf	0	0	
																				inf	inf	inf	inf	inf	inf	inf	inf	inf	0	
																					inf	inf	inf	inf	inf	inf	inf	inf	inf	
																						inf	inf	inf	inf	inf	inf	inf	inf	
																							inf	inf	inf	inf	inf	inf	inf	
																								inf	inf	inf	inf	inf	inf	
																									inf	inf	inf	inf	inf	
																										inf	inf	inf	inf	
																											inf	inf	inf	
																												inf	inf	
																													inf	
2. derivatives for non-terminal "leftB":
inf	inf	inf	inf	inf	inf	inf	inf	0	0	-0.34322	0	0	0	0	0	0	0	-0.152349	0	0	0	0	0	0	0	-1.8928	0	0	-2509.83	
	inf	inf	inf	inf	inf	inf	inf	inf	0	-0.000680125	0	0	0	0	0	0	0	-0.000430771	0	0	0	0	0	0	0	-0.076904	0	0	-5.59109	
		inf	inf	inf	inf	inf	inf	inf	inf	0	0	0	0	0	0	0	0	0	0	0	0	0	0	0	0	0	0	0	0	
			inf	inf	inf	inf	inf	inf	inf	inf	0	0	0	0	0	0	0	-0.312653	0	0	0	0	0	0	0	-2596.09	0	0	-1.47658	
				inf	inf	inf	inf	inf	inf	inf	inf	0	0	0	0	0	0	-0.000448915	0	0	0	0	0	0	0	-1.81074	0	0	-0.0046586	
					inf	inf	inf	inf	inf	inf	inf	inf	0	0	0	0	0	0	0	0	0	0	0	0	0	0	0	0	0	
						inf	inf	inf	inf	inf	inf	inf	inf	0	0	0	0	0	0	0	0	0	0	0	0	0	0	0	0	
							inf	inf	inf	inf	inf	inf	inf	inf	0	0	0	0	0	0	0	0	0	0	0	0	0	0	0	
								inf	inf	inf	inf	inf	inf	inf	inf	0	0	0	0	0	0	0	0	0	0	0	0	0	0	
									inf	inf	inf	inf	inf	inf	inf	inf	0	0	0	0	0	0	0	0	0	0	0	0	0	
										inf	inf	inf	inf	inf	inf	inf	inf	0	0	0	0	0	0	0	0	0	0	0	0	
											inf	inf	inf	inf	inf	inf	inf	inf	0	0	0	0	0	0	0	-0.312936	0	0	-0.0977322	
												inf	inf	inf	inf	inf	inf	inf	inf	0	0	0	0	0	0	-0.000586685	0	0	-0.000185597	
													inf	inf	inf	inf	inf	inf	inf	inf	0	0	0	0	0	0	0	0	0	
														inf	inf	inf	inf	inf	inf	inf	inf	0	0	0	0	0	0	0	0	
															inf	inf	inf	inf	inf	inf	inf	inf	0	0	0	0	0	0	0	
																inf	inf	inf	inf	inf	inf	inf	inf	0	0	0	0	0	0	
																	inf	inf	inf	inf	inf	inf	inf	inf	0	0	0	0	0	
																		inf	inf	inf	inf	inf	inf	inf	inf	0	0	0	0	
																			inf	inf	inf	inf	inf	inf	inf	inf	0	0	0	
																				inf	inf	inf	inf	inf	inf	inf	inf	0	0	
																					inf	inf	inf	inf	inf	inf	inf	inf	0	
																						inf	inf	inf	inf	inf	inf	inf	inf	
																							inf	inf	inf	inf	inf	inf	inf	
																								inf	inf	inf	inf	inf	inf	
																									inf	inf	inf	inf	inf	
																										inf	inf	inf	inf	
																											inf	inf	inf	
																												inf	inf	
																													inf	
2. derivatives for non-terminal "ml_comps":
inf	inf	inf	inf	inf	inf	inf	inf	inf	inf	inf	inf	inf	inf	inf	inf	inf	inf	inf	inf	inf	inf	inf	inf	inf	inf	inf	inf	inf	inf	
	inf	inf	inf	inf	inf	inf	inf	inf	inf	inf	inf	inf	inf	inf	inf	0	-0.163184	inf	inf	inf	inf	inf	inf	-0.00110783	-2.0589	inf	-0.382366	-3394.82	inf	
		inf	inf	inf	inf	inf	inf	inf	inf	inf	inf	inf	inf	inf	inf	0	-0.152624	inf	inf	inf	inf	inf	inf	-0.346225	-2.017	inf	-580.741	-3254.26	inf	
			inf	inf	inf	inf	inf	inf	inf	inf	inf	inf	inf	inf	inf	0	-0.152624	inf	inf	inf	inf	inf	inf	-0.346225	-2.017	inf	-580.741	-3254.26	inf	
				inf	inf	inf	inf	inf	inf	inf	inf	inf	inf	inf	inf	0	-0.323835	inf	inf	inf	inf	inf	inf	-1.34984	-2310.69	inf	-109.954	-659.709	inf	
					inf	inf	inf	inf	inf	inf	inf	inf	inf	inf	inf	0	0	inf	inf	inf	inf	inf	inf	-559.393	-969.437	inf	-96.9591	-586.876	inf	
						inf	inf	inf	inf	inf	inf	inf	inf	inf	inf	0	0	inf	inf	inf	inf	inf	inf	-559.393	-969.437	inf	-96.9591	-586.876	inf	
							inf	inf	inf	inf	inf	inf	inf	inf	inf	inf	0	inf	inf	inf	inf	inf	inf	-559.393	-969.437	inf	-96.9591	-586.876	inf	
								inf	inf	inf	inf	inf	inf	inf	inf	inf	inf	inf	inf	inf	inf	inf	inf	-559.393	-969.437	inf	-96.9591	-586.876	inf	
									inf	inf	inf	inf	inf	inf	inf	inf	inf	inf	0	0	inf	inf	inf	0	-763.779	inf	-92.3374	-530.483	inf	
										inf	inf	inf	inf	inf	inf	inf	inf	inf	inf	0	inf	inf	inf	0	-722.22	inf	-91.4691	-519.342	inf	
											inf	inf	inf	inf	inf	inf	inf	inf	inf	inf	inf	inf	inf	0	-722.22	inf	-91.4691	-519.342	inf	
												inf	inf	inf	inf	inf	inf	inf	inf	inf	inf	inf	inf	0	-25.8741	inf	-3.23676	-18.4563	inf	
													inf	inf	inf	inf	inf	inf	inf	inf	inf	inf	inf	0	0	inf	0	0	inf	
														inf	inf	inf	inf	inf	inf	inf	inf	inf	inf	0	0	inf	0	0	inf	
															inf	inf	inf	inf	inf	inf	inf	inf	inf	inf	0	inf	0	0	inf	
																inf	inf	inf	inf	inf	inf	inf	inf	inf	inf	inf	0	0	inf	
																	inf	inf	inf	inf	inf	inf	inf	inf	inf	inf	0	0	inf	
																		inf	inf	inf	inf	inf	inf	inf	inf	inf	inf	0	inf	
																			inf	inf	inf	inf	inf	inf	inf	inf	inf	inf	inf	
																				inf	inf	inf	inf	inf	inf	inf	inf	inf	inf	
																					inf	inf	inf	inf	inf	inf	inf	inf	inf	
																						inf	inf	inf	inf	inf	inf	inf	inf	
																							inf	inf	inf	inf	inf	inf	inf	
																								inf	inf	inf	inf	inf	inf	
																									inf	inf	inf	inf	inf	
																										inf	inf	inf	inf	
																											inf	inf	inf	
																												inf	inf	
																													inf	
2. derivatives for non-terminal "ml_comps1":
inf	inf	inf	inf	inf	inf	inf	inf	inf	inf	inf	inf	inf	inf	inf	inf	inf	inf	inf	inf	inf	inf	inf	inf	inf	inf	inf	inf	inf	inf	
	inf	inf	inf	inf	inf	inf	inf	inf	inf	inf	inf	inf	inf	inf	inf	inf	inf	inf	inf	inf	inf	inf	inf	inf	inf	inf	inf	inf	inf	
		inf	inf	inf	inf	inf	inf	inf	inf	inf	inf	inf	inf	inf	inf	inf	inf	inf	inf	inf	inf	inf	inf	inf	inf	inf	inf	inf	inf	
			inf	inf	inf	inf	inf	inf	inf	inf	inf	inf	inf	inf	inf	inf	inf	inf	inf	inf	inf	inf	inf	inf	inf	inf	inf	inf	inf	
				inf	inf	inf	inf	inf	inf	inf	inf	inf	inf	inf	inf	inf	inf	inf	inf	inf	inf	inf	inf	inf	inf	inf	inf	inf	inf	
					inf	inf	inf	inf	inf	inf	inf	inf	inf	inf	inf	inf	inf	inf	inf	inf	inf	inf	inf	inf	inf	inf	inf	inf	inf	
						inf	inf	inf	inf	inf	inf	inf	inf	inf	inf	inf	inf	inf	inf	inf	inf	inf	inf	inf	inf	inf	inf	inf	inf	
							inf	inf	inf	inf	inf	inf	inf	inf	inf	inf	inf	inf	inf	inf	inf	inf	inf	inf	inf	inf	inf	inf	inf	
								inf	inf	inf	inf	inf	inf	inf	inf	inf	inf	inf	inf	inf	inf	inf	inf	inf	inf	inf	inf	inf	inf	
									inf	inf	inf	inf	inf	inf	inf	0	-0.0505656	inf	inf	inf	inf	inf	inf	-0.219229	-208.278	inf	-7.59682	-141.647	inf	
										inf	inf	inf	inf	inf	inf	0	-0.482273	inf	inf	inf	inf	inf	inf	-1.63146	-1288.01	inf	-340.081	-1984.99	inf	
											inf	inf	inf	inf	inf	0	-0.482273	inf	inf	inf	inf	inf	inf	-1.63146	-1288.01	inf	-340.081	-1984.99	inf	
												inf	inf	inf	inf	inf	-0.103446	inf	inf	inf	inf	inf	inf	-0.0646517	-84.1982	inf	-96.4019	-589.328	inf	
													inf	inf	inf	inf	inf	inf	inf	inf	inf	inf	inf	-559.4	-34.9109	inf	-91.9273	-561.19	inf	
														inf	inf	inf	inf	inf	inf	inf	inf	inf	inf	-559.4	-34.9109	inf	-91.9273	-561.19	inf	
															inf	inf	inf	inf	inf	inf	inf	inf	inf	-559.4	-34.9109	inf	-91.9273	-561.19	inf	
																inf	inf	inf	inf	inf	inf	inf	inf	-559.4	-34.9109	inf	-91.9273	-561.19	inf	
																	inf	inf	inf	inf	inf	inf	inf	0	-49.0518	inf	-94.62	-579.043	inf	
																		inf	inf	inf	inf	inf	inf	0	-764.457	inf	-340.425	-1985.05	inf	
																			inf	inf	inf	inf	inf	0	-764.457	inf	-340.425	-1985.05	inf	
																				inf	inf	inf	inf	inf	-407.344	inf	-17.1326	-224.071	inf	
																					inf	inf	inf	inf	inf	inf	0	0	inf	
																						inf	inf	inf	inf	inf	0	0	inf	
																							inf	inf	inf	inf	inf	0	inf	
																								inf	inf	inf	inf	inf	inf	
																									inf	inf	inf	inf	inf	
																										inf	inf	inf	inf	
																											inf	inf	inf	
																												inf	inf	
																													inf	
2. derivatives for non-terminal "multiloop":
inf	inf	inf	inf	inf	inf	inf	inf	inf	inf	inf	inf	0	0	0	0	0	0	-0.163184	0	0	0	0	0	0	-0.00110783	-2.0589	0	-0.382366	-3394.82	
	inf	inf	inf	inf	inf	inf	inf	inf	inf	inf	inf	inf	0	0	0	0	0	-0.000655874	0	0	0	0	0	0	-0.345207	-0.116874	0	-580.375	-8.25232	
		inf	inf	inf	inf	inf	inf	inf	inf	inf	inf	inf	inf	0	0	0	0	0	0	0	0	0	0	0	0	0	0	0	0	
			inf	inf	inf	inf	inf	inf	inf	inf	inf	inf	inf	inf	0	0	0	-0.318434	0	0	0	0	0	0	-1.33719	-2310.57	0	-0.0508848	-1.19476	
				inf	inf	inf	inf	inf	inf	inf	inf	inf	inf	inf	inf	0	0	0	0	0	0	0	0	0	-559.392	-1.53196	0	-0.332756	-0.003323	
					inf	inf	inf	inf	inf	inf	inf	inf	inf	inf	inf	inf	0	0	0	0	0	0	0	0	0	0	0	0	0	
						inf	inf	inf	inf	inf	inf	inf	inf	inf	inf	inf	inf	0	0	0	0	0	0	0	0	0	0	0	0	
							inf	inf	inf	inf	inf	inf	inf	inf	inf	inf	inf	inf	0	0	0	0	0	0	0	0	0	0	0	
								inf	inf	inf	inf	inf	inf	inf	inf	inf	inf	inf	inf	0	0	0	0	0	0	0	0	0	0	
									inf	inf	inf	inf	inf	inf	inf	inf	inf	inf	inf	inf	0	0	0	0	0	0	0	0	0	
										inf	inf	inf	inf	inf	inf	inf	inf	inf	inf	inf	inf	0	0	0	0	0	0	0	0	
											inf	inf	inf	inf	inf	inf	inf	inf	inf	inf	inf	inf	0	0	0	-0.318723	0	-0.00017287	-0.0796175	
												inf	inf	inf	inf	inf	inf	inf	inf	inf	inf	inf	inf	0	0	0	0	0	0	
													inf	inf	inf	inf	inf	inf	inf	inf	inf	inf	inf	inf	0	0	0	0	0	
														inf	inf	inf	inf	inf	inf	inf	inf	inf	inf	inf	inf	0	0	0	0	
															inf	inf	inf	inf	inf	inf	inf	inf	inf	inf	inf	inf	0	0	0	
																inf	inf	inf	inf	inf	inf	inf	inf	inf	inf	inf	inf	0	0	
																	inf	inf	inf	inf	inf	inf	inf	inf	inf	inf	inf	inf	0	
																		inf	inf	inf	inf	inf	inf	inf	inf	inf	inf	inf	inf	
																			inf	inf	inf	inf	inf	inf	inf	inf	inf	inf	inf	
																				inf	inf	inf	inf	inf	inf	inf	inf	inf	inf	
																					inf	inf	inf	inf	inf	inf	inf	inf	inf	
																						inf	inf	inf	inf	inf	inf	inf	inf	
																							inf	inf	inf	inf	inf	inf	inf	
																								inf	inf	inf	inf	inf	inf	
																									inf	inf	inf	inf	inf	
																										inf	inf	inf	inf	
																											inf	inf	inf	
																												inf	inf	
																													inf	
2. derivatives for non-terminal "rightB":
inf	inf	inf	inf	inf	inf	inf	inf	0	0	0	0	0	0	0	0	0	-9.2309e-05	-0.160723	0	0	0	0	0	0	-0.00138107	-2.1956	0	-0.87648	-4205	
	inf	inf	inf	inf	inf	inf	inf	inf	0	0	0	0	0	0	0	0	0	0	0	0	0	0	0	0	0	0	0	0	0	
		inf	inf	inf	inf	inf	inf	inf	inf	0	0	0	0	0	0	0	0	0	0	0	0	0	0	0	0	0	0	0	0	
			inf	inf	inf	inf	inf	inf	inf	inf	0	0	0	0	0	0	-0.00033229	-0.379543	0	0	0	0	0	0	-2.79176	-3037.7	0	-0.117671	-1.67737	
				inf	inf	inf	inf	inf	inf	inf	inf	0	0	0	0	0	0	0	0	0	0	0	0	0	0	0	0	0	0	
					inf	inf	inf	inf	inf	inf	inf	inf	0	0	0	0	0	0	0	0	0	0	0	0	0	0	0	0	0	
						inf	inf	inf	inf	inf	inf	inf	inf	0	0	0	0	0	0	0	0	0	0	0	0	0	0	0	0	
							inf	inf	inf	inf	inf	inf	inf	inf	0	0	0	0	0	0	0	0	0	0	0	0	0	0	0	
								inf	inf	inf	inf	inf	inf	inf	inf	0	0	0	0	0	0	0	0	0	0	0	0	0	0	
									inf	inf	inf	inf	inf	inf	inf	inf	0	0	0	0	0	0	0	0	0	0	0	0	0	
										inf	inf	inf	inf	inf	inf	inf	inf	0	0	0	0	0	0	0	0	0	0	0	0	
											inf	inf	inf	inf	inf	inf	inf	inf	0	0	0	0	0	0	-0.000332387	-0.379887	0	-0.000397517	-0.126822	
												inf	inf	inf	inf	inf	inf	inf	inf	0	0	0	0	0	0	0	0	0	0	
													inf	inf	inf	inf	inf	inf	inf	inf	0	0	0	0	0	0	0	0	0	
														inf	inf	inf	inf	inf	inf	inf	inf	0	0	0	0	0	0	0	0	
															inf	inf	inf	inf	inf	inf	inf	inf	0	0	0	0	0	0	0	
																inf	inf	inf	inf	inf	inf	inf	inf	0	0	0	0	0	0	
																	inf	inf	inf	inf	inf	inf	inf	inf	0	0	0	0	0	
																		inf	inf	inf	inf	inf	inf	inf	inf	0	0	0	0	
																			inf	inf	inf	inf	inf	inf	inf	inf	0	-0.000702493	-0.343104	
																				inf	inf	inf	inf	inf	inf	inf	inf	0	0	
																					inf	inf	inf	inf	inf	inf	inf	inf	0	
																						inf	inf	inf	inf	inf	inf	inf	inf	
																							inf	inf	inf	inf	inf	inf	inf	
																								inf	inf	inf	inf	inf	inf	
																									inf	inf	inf	inf	inf	
																										inf	inf	inf	inf	
																											inf	inf	inf	
																												inf	inf	
																													inf	
2. derivatives for non-terminal "stack":
inf	inf	inf	inf	inf	inf	inf	0	0	0	-0.801907	0	0	0	0	0	0	0	-0.197686	0	0	0	0	0	0	0	-1.91011	0	0	-3134.24	
	inf	inf	inf	inf	inf	inf	inf	0	0	0	0	0	0	0	0	0	0	0	0	0	0	0	0	0	0	0	0	0	0	
		inf	inf	inf	inf	inf	inf	inf	0	0	0	0	0	0	0	0	0	0	0	0	0	0	0	0	0	0	0	0	0	
			inf	inf	inf	inf	inf	inf	inf	-0.0299673	0	0	0	0	0	0	0	-0.310864	0	0	0	0	0	0	0	-2075.29	0	0	-1.05112	
				inf	inf	inf	inf	inf	inf	inf	0	0	0	0	0	0	0	0	0	0	0	0	0	0	0	0	0	0	0	
					inf	inf	inf	inf	inf	inf	inf	0	0	0	0	0	0	0	0	0	0	0	0	0	0	0	0	0	0	
						inf	inf	inf	inf	inf	inf	inf	0	0	0	0	0	0	0	0	0	0	0	0	0	0	0	0	0	
							inf	inf	inf	inf	inf	inf	inf	0	0	0	0	0	0	0	0	0	0	0	0	0	0	0	0	
								inf	inf	inf	inf	inf	inf	inf	0	0	0	0	0	0	-516.094	0	0	0	0	0	0	0	0	
									inf	inf	inf	inf	inf	inf	inf	0	0	0	0	0	0	0	0	0	0	0	0	0	0	
										inf	inf	inf	inf	inf	inf	inf	0	0	0	0	0	0	0	0	0	0	0	0	0	
											inf	inf	inf	inf	inf	inf	inf	-448.892	0	0	0	0	0	0	0	-0.311146	0	0	-0.114509	
												inf	inf	inf	inf	inf	inf	inf	0	0	0	0	0	0	0	0	0	0	0	
													inf	inf	inf	inf	inf	inf	inf	0	0	0	0	0	0	0	0	0	0	
														inf	inf	inf	inf	inf	inf	inf	0	0	0	0	0	0	0	0	0	
															inf	inf	inf	inf	inf	inf	inf	0	0	0	0	0	0	0	0	
																inf	inf	inf	inf	inf	inf	inf	0	0	0	0	0	0	0	
																	inf	inf	inf	inf	inf	inf	inf	0	0	0	0	0	0	
																		inf	inf	inf	inf	inf	inf	inf	0	0	0	0	0	
																			inf	inf	inf	inf	inf	inf	inf	-0.0299952	0	0	-0.373299	
																				inf	inf	inf	inf	inf	inf	inf	0	0	0	
																					inf	inf	inf	inf	inf	inf	inf	0	0	
																						inf	inf	inf	inf	inf	inf	inf	0	
																							inf	inf	inf	inf	inf	inf	inf	
																								inf	inf	inf	inf	inf	inf	
																									inf	inf	inf	inf	inf	
																										inf	inf	inf	inf	
																											inf	inf	inf	
																												inf	inf	
																													inf	
2. derivatives for non-terminal "strong":
inf	inf	inf	inf	inf	0	0	0	0	1.44049e-10	1.633e-16	0	0	0	0	0	0	4.068e-30	3.27049e-38	0	0	0	0	0	0	1.55614e-50	1.16893e-56	0	1.40176e-63	3.81842e-63	
	inf	inf	inf	inf	inf	0	0	0	406.942	413.797	0	0	0	0	0	0	408.967	408.669	0	0	0	0	0	0	-161.012	-4039.8	0	4.87546e-06	4.13049e-06	
		inf	inf	inf	inf	inf	0	0	0	0	0	0	0	0	0	0	0	0	0	0	0	0	0	0	0	0	0	0	0	
			inf	inf	inf	inf	inf	0	410.142	415.425	0	0	0	0	0	0	409.792	409.819	0	0	0	0	0	0	-9.03872	-5538.73	0	-2450.32	8.32051e-07	
				inf	inf	inf	inf	inf	238.454	-789.661	0	0	0	0	0	0	-482.123	-361.893	0	0	0	0	0	0	-13.4877	-6.5063	0	-63.11	2.69249e-08	
					inf	inf	inf	inf	inf	0	0	0	0	0	0	0	0	0	0	0	0	0	0	0	0	0	0	0	0	
						inf	inf	inf	inf	inf	0	0	0	0	0	0	0	0	0	0	0	0	0	0	0	0	0	0	0	
							inf	inf	inf	inf	inf	0	0	0	0	0	0	0	0	0	0	0	0	0	0	0	0	0	0	
								inf	inf	inf	inf	inf	341	0	0	0	0	0	0	592.875	-4496.16	0	0	0	0	0	0	0	0	
									inf	inf	inf	inf	inf	0	0	0	0	0	0	1237.81	-3.63535	0	0	0	0	0	0	0	0	
										inf	inf	inf	inf	inf	0	0	0	0	0	0	0	0	0	0	0	0	0	0	0	
											inf	inf	inf	inf	inf	0	806.838	-408.746	0	0	0	0	0	0	-498.634	-0.0276675	0	-2.94321	1.10635e-08	
												inf	inf	inf	inf	inf	817.273	815.119	0	0	0	0	0	0	-1116.62	-0.0664169	0	-2.89307	2.60228e-11	
													inf	inf	inf	inf	inf	0	0	0	0	0	0	0	0	0	0	0	0	
														inf	inf	inf	inf	inf	0	0	0	0	0	0	0	0	0	0	0	
															inf	inf	inf	inf	inf	0	0	0	0	0	0	0	0	0	0	
																inf	inf	inf	inf	inf	-0.378329	0	0	0	0	0	0	0	0	
																	inf	inf	inf	inf	inf	0	0	0	0	0	0	0	0	
																		inf	inf	inf	inf	inf	0	0	0	0	0	0	0	
																			inf	inf	inf	inf	inf	0	-1382.59	-0.132972	0	-42.0495	1.71089e-07	
																				inf	inf	inf	inf	inf	-620.899	-0.323593	0	-133.376	2.11887e-08	
																					inf	inf	inf	inf	inf	0	0	0	0	
																						inf	inf	inf	inf	inf	0	0	0	
																							inf	inf	inf	inf	inf	0	0	
																								inf	inf	inf	inf	inf	0	
																									inf	inf	inf	inf	inf	
																										inf	inf	inf	inf	
																											inf	inf	inf	
																												inf	inf	
																													inf	
2. derivatives for non-terminal "struct":
0	3.53131e-05	3.55008e-05	3.55008e-05	3.62172e-05	3.6215e-05	3.6215e-05	3.6215e-05	3.6215e-05	3.64506e-05	4.8733e-07	4.8733e-07	1.78004e-07	1.58407e-07	1.58407e-07	1.58407e-07	1.58407e-07	4.92812e-07	6.4063e-07	6.4063e-07	3.70758e-05	5.70657e-05	5.70657e-05	5.70657e-05	5.70657e-05	5.80922e-05	8.71261e-05	8.71261e-05	9.21696e-05	9.73624e-05	
2. derivatives for non-terminal "weak":
inf	inf	inf	inf	inf	0	0	0	0	0	0	0	0	0	0	0	0	0	0	0	0	0	0	0	0	0	0	0	0	0	
	inf	inf	inf	inf	inf	0	0	0	-0.801907	0	0	0	0	0	0	0	-0.197686	0	0	0	0	0	0	0	-1.91011	0	0	-3134.24	0	
		inf	inf	inf	inf	inf	0	0	0	0	0	0	0	0	0	0	0	0	0	0	0	0	0	0	0	0	0	0	0	
			inf	inf	inf	inf	inf	0	0	0	0	0	0	0	0	0	0	0	0	0	0	0	0	0	0	0	0	0	0	
				inf	inf	inf	inf	inf	-0.0299673	0	0	0	0	0	0	0	-0.310864	0	0	0	0	0	0	0	-2075.29	0	0	-1.05112	0	
					inf	inf	inf	inf	inf	0	0	0	0	0	0	0	0	0	0	0	0	0	0	0	0	0	0	0	0	
						inf	inf	inf	inf	inf	0	0	0	0	0	0	0	0	0	0	0	0	0	0	0	0	0	0	0	
							inf	inf	inf	inf	inf	0	0	0	0	0	0	0	0	0	0	0	0	0	0	0	0	0	0	
								inf	inf	inf	inf	inf	0	0	0	0	0	0	0	0	0	0	0	0	0	0	0	0	0	
									inf	inf	inf	inf	inf	0	0	0	0	0	0	-516.094	0	0	0	0	0	0	0	0	0	
										inf	inf	inf	inf	inf	0	0	0	0	0	0	0	0	0	0	0	0	0	0	0	
											inf	inf	inf	inf	inf	0	0	0	0	0	0	0	0	0	0	0	0	0	0	
												inf	inf	inf	inf	inf	-448.892	0	0	0	0	0	0	0	-0.311146	0	0	-0.114509	0	
													inf	inf	inf	inf	inf	0	0	0	0	0	0	0	0	0	0	0	0	
														inf	inf	inf	inf	inf	0	0	0	0	0	0	0	0	0	0	0	
															inf	inf	inf	inf	inf	0	0	0	0	0	0	0	0	0	0	
																inf	inf	inf	inf	inf	0	0	0	0	0	0	0	0	0	
																	inf	inf	inf	inf	inf	0	0	0	0	0	0	0	0	
																		inf	inf	inf	inf	inf	0	0	0	0	0	0	0	
																			inf	inf	inf	inf	inf	0	0	0	0	0	0	
																				inf	inf	inf	inf	inf	-0.0299952	0	0	-0.373299	0	
																					inf	inf	inf	inf	inf	0	0	0	0	
																						inf	inf	inf	inf	inf	0	0	0	
																							inf	inf	inf	inf	inf	0	0	
																								inf	inf	inf	inf	inf	0	
																									inf	inf	inf	inf	inf	
																										inf	inf	inf	inf	
																											inf	inf	inf	
																												inf	inf	
																													inf	
