start answers state_MR_3(0,0):
[]
//end answers state_MR_3(0,0)
start answers state_MR_3(0,1):
-83.464
//end answers state_MR_3(0,1)
start answers state_MR_3(0,2):
-74.5559
//end answers state_MR_3(0,2)
start answers state_MR_3(0,3):
-71.3146
//end answers state_MR_3(0,3)
start answers state_MR_3(0,4):
-66.5595
//end answers state_MR_3(0,4)
start answers state_MR_3(0,5):
-64.4014
//end answers state_MR_3(0,5)
start answers state_MR_3(0,6):
-62.7092
//end answers state_MR_3(0,6)
start answers state_MR_3(0,7):
-58.9378
//end answers state_MR_3(0,7)
start answers state_MR_3(0,8):
-60.1501
//end answers state_MR_3(0,8)
start answers state_MR_3(1,1):
[]
//end answers state_MR_3(1,1)
start answers state_MR_3(1,2):
-82.624
//end answers state_MR_3(1,2)
start answers state_MR_3(1,3):
-75.0279
//end answers state_MR_3(1,3)
start answers state_MR_3(1,4):
-67.9456
//end answers state_MR_3(1,4)
start answers state_MR_3(1,5):
-65.7051
//end answers state_MR_3(1,5)
start answers state_MR_3(1,6):
-63.6473
//end answers state_MR_3(1,6)
start answers state_MR_3(1,7):
-60.6311
//end answers state_MR_3(1,7)
start answers state_MR_3(1,8):
-61.9159
//end answers state_MR_3(1,8)
start answers state_MR_3(2,2):
[]
//end answers state_MR_3(2,2)
start answers state_MR_3(2,3):
-85.353
//end answers state_MR_3(2,3)
start answers state_MR_3(2,4):
-74.8161
//end answers state_MR_3(2,4)
start answers state_MR_3(2,5):
-71.9712
//end answers state_MR_3(2,5)
start answers state_MR_3(2,6):
-69.8481
//end answers state_MR_3(2,6)
start answers state_MR_3(2,7):
-66.1198
//end answers state_MR_3(2,7)
start answers state_MR_3(2,8):
-65.8733
//end answers state_MR_3(2,8)
start answers state_MR_3(3,3):
[]
//end answers state_MR_3(3,3)
start answers state_MR_3(3,4):
-83.464
//end answers state_MR_3(3,4)
start answers state_MR_3(3,5):
-75.3959
//end answers state_MR_3(3,5)
start answers state_MR_3(3,6):
-72.0389
//end answers state_MR_3(3,6)
start answers state_MR_3(3,7):
-67.0755
//end answers state_MR_3(3,7)
start answers state_MR_3(3,8):
-65.7124
//end answers state_MR_3(3,8)
start answers state_MR_3(4,4):
[]
//end answers state_MR_3(4,4)
start answers state_MR_3(4,5):
-83.464
//end answers state_MR_3(4,5)
start answers state_MR_3(4,6):
-76.1259
//end answers state_MR_3(4,6)
start answers state_MR_3(4,7):
-68.9857
//end answers state_MR_3(4,7)
start answers state_MR_3(4,8):
-67.8528
//end answers state_MR_3(4,8)
start answers state_MR_3(5,5):
[]
//end answers state_MR_3(5,5)
start answers state_MR_3(5,6):
-84.194
//end answers state_MR_3(5,6)
start answers state_MR_3(5,7):
-72.8239
//end answers state_MR_3(5,7)
start answers state_MR_3(5,8):
-70.0564
//end answers state_MR_3(5,8)
start answers state_MR_3(6,6):
[]
//end answers state_MR_3(6,6)
start answers state_MR_3(6,7):
-82.624
//end answers state_MR_3(6,7)
start answers state_MR_3(6,8):
-73.8689
//end answers state_MR_3(6,8)
start answers state_MR_3(7,7):
[]
//end answers state_MR_3(7,7)
start answers state_MR_3(7,8):
-84.194
//end answers state_MR_3(7,8)
start answers state_MR_3(8,8):
[]
//end answers state_MR_3(8,8)
start answers outside_state_MR_3(0,0):
[]
//end answers outside_state_MR_3(0,0)
start answers outside_state_MR_3(0,1):
-105.057
//end answers outside_state_MR_3(0,1)
start answers outside_state_MR_3(0,2):
-103.132
//end answers outside_state_MR_3(0,2)
start answers outside_state_MR_3(0,3):
-101.207
//end answers outside_state_MR_3(0,3)
start answers outside_state_MR_3(0,4):
-99.282
//end answers outside_state_MR_3(0,4)
start answers outside_state_MR_3(0,5):
-97.357
//end answers outside_state_MR_3(0,5)
start answers outside_state_MR_3(0,6):
-95.432
//end answers outside_state_MR_3(0,6)
start answers outside_state_MR_3(0,7):
-93.507
//end answers outside_state_MR_3(0,7)
start answers outside_state_MR_3(0,8):
-80.736
//end answers outside_state_MR_3(0,8)
start answers outside_state_MR_3(1,1):
[]
//end answers outside_state_MR_3(1,1)
start answers outside_state_MR_3(1,2):
-106.206
//end answers outside_state_MR_3(1,2)
start answers outside_state_MR_3(1,3):
-104.281
//end answers outside_state_MR_3(1,3)
start answers outside_state_MR_3(1,4):
-102.356
//end answers outside_state_MR_3(1,4)
start answers outside_state_MR_3(1,5):
-100.431
//end answers outside_state_MR_3(1,5)
start answers outside_state_MR_3(1,6):
-98.506
//end answers outside_state_MR_3(1,6)
start answers outside_state_MR_3(1,7):
-96.581
//end answers outside_state_MR_3(1,7)
start answers outside_state_MR_3(1,8):
-92.321
//end answers outside_state_MR_3(1,8)
start answers outside_state_MR_3(2,2):
[]
//end answers outside_state_MR_3(2,2)
start answers outside_state_MR_3(2,3):
-107.098
//end answers outside_state_MR_3(2,3)
start answers outside_state_MR_3(2,4):
-105.173
//end answers outside_state_MR_3(2,4)
start answers outside_state_MR_3(2,5):
-103.248
//end answers outside_state_MR_3(2,5)
start answers outside_state_MR_3(2,6):
-101.323
//end answers outside_state_MR_3(2,6)
start answers outside_state_MR_3(2,7):
-99.398
//end answers outside_state_MR_3(2,7)
start answers outside_state_MR_3(2,8):
-95.138
//end answers outside_state_MR_3(2,8)
start answers outside_state_MR_3(3,3):
[]
//end answers outside_state_MR_3(3,3)
start answers outside_state_MR_3(3,4):
-107.99
//end answers outside_state_MR_3(3,4)
start answers outside_state_MR_3(3,5):
-106.065
//end answers outside_state_MR_3(3,5)
start answers outside_state_MR_3(3,6):
-104.14
//end answers outside_state_MR_3(3,6)
start answers outside_state_MR_3(3,7):
-102.215
//end answers outside_state_MR_3(3,7)
start answers outside_state_MR_3(3,8):
-97.955
//end answers outside_state_MR_3(3,8)
start answers outside_state_MR_3(4,4):
[]
//end answers outside_state_MR_3(4,4)
start answers outside_state_MR_3(4,5):
-108.882
//end answers outside_state_MR_3(4,5)
start answers outside_state_MR_3(4,6):
-106.957
//end answers outside_state_MR_3(4,6)
start answers outside_state_MR_3(4,7):
-105.032
//end answers outside_state_MR_3(4,7)
start answers outside_state_MR_3(4,8):
-100.772
//end answers outside_state_MR_3(4,8)
start answers outside_state_MR_3(5,5):
[]
//end answers outside_state_MR_3(5,5)
start answers outside_state_MR_3(5,6):
-109.774
//end answers outside_state_MR_3(5,6)
start answers outside_state_MR_3(5,7):
-107.849
//end answers outside_state_MR_3(5,7)
start answers outside_state_MR_3(5,8):
-103.589
//end answers outside_state_MR_3(5,8)
start answers outside_state_MR_3(6,6):
[]
//end answers outside_state_MR_3(6,6)
start answers outside_state_MR_3(6,7):
-110.666
//end answers outside_state_MR_3(6,7)
start answers outside_state_MR_3(6,8):
-106.406
//end answers outside_state_MR_3(6,8)
start answers outside_state_MR_3(7,7):
[]
//end answers outside_state_MR_3(7,7)
start answers outside_state_MR_3(7,8):
-109.223
//end answers outside_state_MR_3(7,8)
start answers outside_state_MR_3(8,8):
[]
//end answers outside_state_MR_3(8,8)
start answers state_MP_6(0,0):
[]
//end answers state_MP_6(0,0)
start answers state_MP_6(0,1):
[]
//end answers state_MP_6(0,1)
start answers state_MP_6(0,2):
-89.129
//end answers state_MP_6(0,2)
start answers state_MP_6(0,3):
-69.3198
//end answers state_MP_6(0,3)
start answers state_MP_6(0,4):
-72.7476
//end answers state_MP_6(0,4)
start answers state_MP_6(0,5):
-70.4965
//end answers state_MP_6(0,5)
start answers state_MP_6(0,6):
-61.7602
//end answers state_MP_6(0,6)
start answers state_MP_6(0,7):
-67.1827
//end answers state_MP_6(0,7)
start answers state_MP_6(0,8):
-59.9677
//end answers state_MP_6(0,8)
start answers state_MP_6(1,1):
[]
//end answers state_MP_6(1,1)
start answers state_MP_6(1,2):
[]
//end answers state_MP_6(1,2)
start answers state_MP_6(1,3):
-85.899
//end answers state_MP_6(1,3)
start answers state_MP_6(1,4):
-78.4892
//end answers state_MP_6(1,4)
start answers state_MP_6(1,5):
-75.6374
//end answers state_MP_6(1,5)
start answers state_MP_6(1,6):
-67.0258
//end answers state_MP_6(1,6)
start answers state_MP_6(1,7):
-71.7079
//end answers state_MP_6(1,7)
start answers state_MP_6(1,8):
-63.1291
//end answers state_MP_6(1,8)
start answers state_MP_6(2,2):
[]
//end answers state_MP_6(2,2)
start answers state_MP_6(2,3):
[]
//end answers state_MP_6(2,3)
start answers state_MP_6(2,4):
-82.508
//end answers state_MP_6(2,4)
start answers state_MP_6(2,5):
-74.4398
//end answers state_MP_6(2,5)
start answers state_MP_6(2,6):
-75.3485
//end answers state_MP_6(2,6)
start answers state_MP_6(2,7):
-71.1012
//end answers state_MP_6(2,7)
start answers state_MP_6(2,8):
-69.0215
//end answers state_MP_6(2,8)
start answers state_MP_6(3,3):
[]
//end answers state_MP_6(3,3)
start answers state_MP_6(3,4):
[]
//end answers state_MP_6(3,4)
start answers state_MP_6(3,5):
-88.266
//end answers state_MP_6(3,5)
start answers state_MP_6(3,6):
-74.2468
//end answers state_MP_6(3,6)
start answers state_MP_6(3,7):
-75.495
//end answers state_MP_6(3,7)
start answers state_MP_6(3,8):
-65.9693
//end answers state_MP_6(3,8)
start answers state_MP_6(4,4):
[]
//end answers state_MP_6(4,4)
start answers state_MP_6(4,5):
[]
//end answers state_MP_6(4,5)
start answers state_MP_6(4,6):
-82.315
//end answers state_MP_6(4,6)
start answers state_MP_6(4,7):
-79.3291
//end answers state_MP_6(4,7)
start answers state_MP_6(4,8):
-68.1768
//end answers state_MP_6(4,8)
start answers state_MP_6(5,5):
[]
//end answers state_MP_6(5,5)
start answers state_MP_6(5,6):
[]
//end answers state_MP_6(5,6)
start answers state_MP_6(5,7):
-82.49
//end answers state_MP_6(5,7)
start answers state_MP_6(5,8):
-76.1378
//end answers state_MP_6(5,8)
start answers state_MP_6(6,6):
[]
//end answers state_MP_6(6,6)
start answers state_MP_6(6,7):
[]
//end answers state_MP_6(6,7)
start answers state_MP_6(6,8):
-81.43
//end answers state_MP_6(6,8)
start answers state_MP_6(7,7):
[]
//end answers state_MP_6(7,7)
start answers state_MP_6(7,8):
[]
//end answers state_MP_6(7,8)
start answers state_MP_6(8,8):
[]
//end answers state_MP_6(8,8)
start answers outside_state_MP_6(0,0):
[]
//end answers outside_state_MP_6(0,0)
start answers outside_state_MP_6(0,1):
[]
//end answers outside_state_MP_6(0,1)
start answers outside_state_MP_6(0,2):
-101.757
//end answers outside_state_MP_6(0,2)
start answers outside_state_MP_6(0,3):
-98.3307
//end answers outside_state_MP_6(0,3)
start answers outside_state_MP_6(0,4):
-95.775
//end answers outside_state_MP_6(0,4)
start answers outside_state_MP_6(0,5):
-93.1003
//end answers outside_state_MP_6(0,5)
start answers outside_state_MP_6(0,6):
-89.9115
//end answers outside_state_MP_6(0,6)
start answers outside_state_MP_6(0,7):
-81.3191
//end answers outside_state_MP_6(0,7)
start answers outside_state_MP_6(0,8):
-86.614
//end answers outside_state_MP_6(0,8)
start answers outside_state_MP_6(1,1):
[]
//end answers outside_state_MP_6(1,1)
start answers outside_state_MP_6(1,2):
[]
//end answers outside_state_MP_6(1,2)
start answers outside_state_MP_6(1,3):
-102.159
//end answers outside_state_MP_6(1,3)
start answers outside_state_MP_6(1,4):
-100.219
//end answers outside_state_MP_6(1,4)
start answers outside_state_MP_6(1,5):
-98.9124
//end answers outside_state_MP_6(1,5)
start answers outside_state_MP_6(1,6):
-95.5024
//end answers outside_state_MP_6(1,6)
start answers outside_state_MP_6(1,7):
-92.7999
//end answers outside_state_MP_6(1,7)
start answers outside_state_MP_6(1,8):
-95.716
//end answers outside_state_MP_6(1,8)
start answers outside_state_MP_6(2,2):
[]
//end answers outside_state_MP_6(2,2)
start answers outside_state_MP_6(2,3):
[]
//end answers outside_state_MP_6(2,3)
start answers outside_state_MP_6(2,4):
-103.036
//end answers outside_state_MP_6(2,4)
start answers outside_state_MP_6(2,5):
-101.729
//end answers outside_state_MP_6(2,5)
start answers outside_state_MP_6(2,6):
-98.3194
//end answers outside_state_MP_6(2,6)
start answers outside_state_MP_6(2,7):
-95.6169
//end answers outside_state_MP_6(2,7)
start answers outside_state_MP_6(2,8):
-98.533
//end answers outside_state_MP_6(2,8)
start answers outside_state_MP_6(3,3):
[]
//end answers outside_state_MP_6(3,3)
start answers outside_state_MP_6(3,4):
[]
//end answers outside_state_MP_6(3,4)
start answers outside_state_MP_6(3,5):
-104.546
//end answers outside_state_MP_6(3,5)
start answers outside_state_MP_6(3,6):
-101.136
//end answers outside_state_MP_6(3,6)
start answers outside_state_MP_6(3,7):
-98.4339
//end answers outside_state_MP_6(3,7)
start answers outside_state_MP_6(3,8):
-101.35
//end answers outside_state_MP_6(3,8)
start answers outside_state_MP_6(4,4):
[]
//end answers outside_state_MP_6(4,4)
start answers outside_state_MP_6(4,5):
[]
//end answers outside_state_MP_6(4,5)
start answers outside_state_MP_6(4,6):
-103.953
//end answers outside_state_MP_6(4,6)
start answers outside_state_MP_6(4,7):
-101.251
//end answers outside_state_MP_6(4,7)
start answers outside_state_MP_6(4,8):
-104.167
//end answers outside_state_MP_6(4,8)
start answers outside_state_MP_6(5,5):
[]
//end answers outside_state_MP_6(5,5)
start answers outside_state_MP_6(5,6):
[]
//end answers outside_state_MP_6(5,6)
start answers outside_state_MP_6(5,7):
-104.068
//end answers outside_state_MP_6(5,7)
start answers outside_state_MP_6(5,8):
-106.984
//end answers outside_state_MP_6(5,8)
start answers outside_state_MP_6(6,6):
[]
//end answers outside_state_MP_6(6,6)
start answers outside_state_MP_6(6,7):
[]
//end answers outside_state_MP_6(6,7)
start answers outside_state_MP_6(6,8):
-109.801
//end answers outside_state_MP_6(6,8)
start answers outside_state_MP_6(7,7):
[]
//end answers outside_state_MP_6(7,7)
start answers outside_state_MP_6(7,8):
[]
//end answers outside_state_MP_6(7,8)
start answers outside_state_MP_6(8,8):
[]
//end answers outside_state_MP_6(8,8)
start answers state_S_0():
-54.418
//end answers state_S_0()
start answers outside_state_S_0():
-80.675
//end answers outside_state_S_0()
start answers state_E_120(0,0):
0
//end answers state_E_120(0,0)
start answers state_E_120(0,1):
[]
//end answers state_E_120(0,1)
start answers state_E_120(0,2):
[]
//end answers state_E_120(0,2)
start answers state_E_120(0,3):
[]
//end answers state_E_120(0,3)
start answers state_E_120(0,4):
[]
//end answers state_E_120(0,4)
start answers state_E_120(0,5):
[]
//end answers state_E_120(0,5)
start answers state_E_120(0,6):
[]
//end answers state_E_120(0,6)
start answers state_E_120(0,7):
[]
//end answers state_E_120(0,7)
start answers state_E_120(0,8):
[]
//end answers state_E_120(0,8)
start answers state_E_120(1,1):
0
//end answers state_E_120(1,1)
start answers state_E_120(1,2):
[]
//end answers state_E_120(1,2)
start answers state_E_120(1,3):
[]
//end answers state_E_120(1,3)
start answers state_E_120(1,4):
[]
//end answers state_E_120(1,4)
start answers state_E_120(1,5):
[]
//end answers state_E_120(1,5)
start answers state_E_120(1,6):
[]
//end answers state_E_120(1,6)
start answers state_E_120(1,7):
[]
//end answers state_E_120(1,7)
start answers state_E_120(1,8):
[]
//end answers state_E_120(1,8)
start answers state_E_120(2,2):
0
//end answers state_E_120(2,2)
start answers state_E_120(2,3):
[]
//end answers state_E_120(2,3)
start answers state_E_120(2,4):
[]
//end answers state_E_120(2,4)
start answers state_E_120(2,5):
[]
//end answers state_E_120(2,5)
start answers state_E_120(2,6):
[]
//end answers state_E_120(2,6)
start answers state_E_120(2,7):
[]
//end answers state_E_120(2,7)
start answers state_E_120(2,8):
[]
//end answers state_E_120(2,8)
start answers state_E_120(3,3):
0
//end answers state_E_120(3,3)
start answers state_E_120(3,4):
[]
//end answers state_E_120(3,4)
start answers state_E_120(3,5):
[]
//end answers state_E_120(3,5)
start answers state_E_120(3,6):
[]
//end answers state_E_120(3,6)
start answers state_E_120(3,7):
[]
//end answers state_E_120(3,7)
start answers state_E_120(3,8):
[]
//end answers state_E_120(3,8)
start answers state_E_120(4,4):
0
//end answers state_E_120(4,4)
start answers state_E_120(4,5):
[]
//end answers state_E_120(4,5)
start answers state_E_120(4,6):
[]
//end answers state_E_120(4,6)
start answers state_E_120(4,7):
[]
//end answers state_E_120(4,7)
start answers state_E_120(4,8):
[]
//end answers state_E_120(4,8)
start answers state_E_120(5,5):
0
//end answers state_E_120(5,5)
start answers state_E_120(5,6):
[]
//end answers state_E_120(5,6)
start answers state_E_120(5,7):
[]
//end answers state_E_120(5,7)
start answers state_E_120(5,8):
[]
//end answers state_E_120(5,8)
start answers state_E_120(6,6):
0
//end answers state_E_120(6,6)
start answers state_E_120(6,7):
[]
//end answers state_E_120(6,7)
start answers state_E_120(6,8):
[]
//end answers state_E_120(6,8)
start answers state_E_120(7,7):
0
//end answers state_E_120(7,7)
start answers state_E_120(7,8):
[]
//end answers state_E_120(7,8)
start answers state_E_120(8,8):
0
//end answers state_E_120(8,8)
start answers outside_state_E_120(0,0):
-163.472
//end answers outside_state_E_120(0,0)
start answers outside_state_E_120(0,1):
[]
//end answers outside_state_E_120(0,1)
start answers outside_state_E_120(0,2):
[]
//end answers outside_state_E_120(0,2)
start answers outside_state_E_120(0,3):
[]
//end answers outside_state_E_120(0,3)
start answers outside_state_E_120(0,4):
[]
//end answers outside_state_E_120(0,4)
start answers outside_state_E_120(0,5):
[]
//end answers outside_state_E_120(0,5)
start answers outside_state_E_120(0,6):
[]
//end answers outside_state_E_120(0,6)
start answers outside_state_E_120(0,7):
[]
//end answers outside_state_E_120(0,7)
start answers outside_state_E_120(0,8):
[]
//end answers outside_state_E_120(0,8)
start answers outside_state_E_120(1,1):
-153.702
//end answers outside_state_E_120(1,1)
start answers outside_state_E_120(1,2):
[]
//end answers outside_state_E_120(1,2)
start answers outside_state_E_120(1,3):
[]
//end answers outside_state_E_120(1,3)
start answers outside_state_E_120(1,4):
[]
//end answers outside_state_E_120(1,4)
start answers outside_state_E_120(1,5):
[]
//end answers outside_state_E_120(1,5)
start answers outside_state_E_120(1,6):
[]
//end answers outside_state_E_120(1,6)
start answers outside_state_E_120(1,7):
[]
//end answers outside_state_E_120(1,7)
start answers outside_state_E_120(1,8):
[]
//end answers outside_state_E_120(1,8)
start answers outside_state_E_120(2,2):
-148.785
//end answers outside_state_E_120(2,2)
start answers outside_state_E_120(2,3):
[]
//end answers outside_state_E_120(2,3)
start answers outside_state_E_120(2,4):
[]
//end answers outside_state_E_120(2,4)
start answers outside_state_E_120(2,5):
[]
//end answers outside_state_E_120(2,5)
start answers outside_state_E_120(2,6):
[]
//end answers outside_state_E_120(2,6)
start answers outside_state_E_120(2,7):
[]
//end answers outside_state_E_120(2,7)
start answers outside_state_E_120(2,8):
[]
//end answers outside_state_E_120(2,8)
start answers outside_state_E_120(3,3):
-145.353
//end answers outside_state_E_120(3,3)
start answers outside_state_E_120(3,4):
[]
//end answers outside_state_E_120(3,4)
start answers outside_state_E_120(3,5):
[]
//end answers outside_state_E_120(3,5)
start answers outside_state_E_120(3,6):
[]
//end answers outside_state_E_120(3,6)
start answers outside_state_E_120(3,7):
[]
//end answers outside_state_E_120(3,7)
start answers outside_state_E_120(3,8):
[]
//end answers outside_state_E_120(3,8)
start answers outside_state_E_120(4,4):
-143.236
//end answers outside_state_E_120(4,4)
start answers outside_state_E_120(4,5):
[]
//end answers outside_state_E_120(4,5)
start answers outside_state_E_120(4,6):
[]
//end answers outside_state_E_120(4,6)
start answers outside_state_E_120(4,7):
[]
//end answers outside_state_E_120(4,7)
start answers outside_state_E_120(4,8):
[]
//end answers outside_state_E_120(4,8)
start answers outside_state_E_120(5,5):
-140.382
//end answers outside_state_E_120(5,5)
start answers outside_state_E_120(5,6):
[]
//end answers outside_state_E_120(5,6)
start answers outside_state_E_120(5,7):
[]
//end answers outside_state_E_120(5,7)
start answers outside_state_E_120(5,8):
[]
//end answers outside_state_E_120(5,8)
start answers outside_state_E_120(6,6):
-138.579
//end answers outside_state_E_120(6,6)
start answers outside_state_E_120(6,7):
[]
//end answers outside_state_E_120(6,7)
start answers outside_state_E_120(6,8):
[]
//end answers outside_state_E_120(6,8)
start answers outside_state_E_120(7,7):
-137.075
//end answers outside_state_E_120(7,7)
start answers outside_state_E_120(7,8):
[]
//end answers outside_state_E_120(7,8)
start answers outside_state_E_120(8,8):
-135.765
//end answers outside_state_E_120(8,8)
