start answers state_S_0(0,0):
1
//end answers state_S_0(0,0)
start answers state_S_0(0,1):
9
//end answers state_S_0(0,1)
start answers state_S_0(1,1):
1
//end answers state_S_0(1,1)
start answers outside_state_S_0(0,0):
[]
//end answers outside_state_S_0(0,0)
start answers outside_state_S_0(0,1):
1
//end answers outside_state_S_0(0,1)
start answers outside_state_S_0(1,1):
[]
//end answers outside_state_S_0(1,1)
start answers state_IL_1(0,0):
[]
//end answers state_IL_1(0,0)
start answers state_IL_1(0,1):
1
//end answers state_IL_1(0,1)
start answers state_IL_1(1,1):
[]
//end answers state_IL_1(1,1)
start answers outside_state_IL_1(0,0):
[]
//end answers outside_state_IL_1(0,0)
start answers outside_state_IL_1(0,1):
1
//end answers outside_state_IL_1(0,1)
start answers outside_state_IL_1(1,1):
[]
//end answers outside_state_IL_1(1,1)
start answers state_IR_2(0,0):
[]
//end answers state_IR_2(0,0)
start answers state_IR_2(0,1):
1
//end answers state_IR_2(0,1)
start answers state_IR_2(1,1):
[]
//end answers state_IR_2(1,1)
start answers outside_state_IR_2(0,0):
[]
//end answers outside_state_IR_2(0,0)
start answers outside_state_IR_2(0,1):
1
//end answers outside_state_IR_2(0,1)
start answers outside_state_IR_2(1,1):
[]
//end answers outside_state_IR_2(1,1)
start answers state_B_3(0,0):
1
//end answers state_B_3(0,0)
start answers state_B_3(0,1):
7
//end answers state_B_3(0,1)
start answers state_B_3(1,1):
1
//end answers state_B_3(1,1)
start answers outside_state_B_3(0,0):
1
//end answers outside_state_B_3(0,0)
start answers outside_state_B_3(0,1):
1
//end answers outside_state_B_3(0,1)
start answers outside_state_B_3(1,1):
1
//end answers outside_state_B_3(1,1)
start answers state_S_4(0,0):
1
//end answers state_S_4(0,0)
start answers state_S_4(0,1):
3
//end answers state_S_4(0,1)
start answers state_S_4(1,1):
1
//end answers state_S_4(1,1)
start answers outside_state_S_4(0,0):
5
//end answers outside_state_S_4(0,0)
start answers outside_state_S_4(0,1):
1
//end answers outside_state_S_4(0,1)
start answers outside_state_S_4(1,1):
1
//end answers outside_state_S_4(1,1)
start answers state_MP_5(0,0):
[]
//end answers state_MP_5(0,0)
start answers state_MP_5(0,1):
[]
//end answers state_MP_5(0,1)
start answers state_MP_5(1,1):
[]
//end answers state_MP_5(1,1)
start answers outside_state_MP_5(0,0):
[]
//end answers outside_state_MP_5(0,0)
start answers outside_state_MP_5(0,1):
[]
//end answers outside_state_MP_5(0,1)
start answers outside_state_MP_5(1,1):
[]
//end answers outside_state_MP_5(1,1)
start answers state_ML_6(0,0):
[]
//end answers state_ML_6(0,0)
start answers state_ML_6(0,1):
1
//end answers state_ML_6(0,1)
start answers state_ML_6(1,1):
[]
//end answers state_ML_6(1,1)
start answers outside_state_ML_6(0,0):
[]
//end answers outside_state_ML_6(0,0)
start answers outside_state_ML_6(0,1):
1
//end answers outside_state_ML_6(0,1)
start answers outside_state_ML_6(1,1):
[]
//end answers outside_state_ML_6(1,1)
start answers state_MR_7(0,0):
[]
//end answers state_MR_7(0,0)
start answers state_MR_7(0,1):
1
//end answers state_MR_7(0,1)
start answers state_MR_7(1,1):
[]
//end answers state_MR_7(1,1)
start answers outside_state_MR_7(0,0):
[]
//end answers outside_state_MR_7(0,0)
start answers outside_state_MR_7(0,1):
1
//end answers outside_state_MR_7(0,1)
start answers outside_state_MR_7(1,1):
[]
//end answers outside_state_MR_7(1,1)
start answers state_D_8(0,0):
1
//end answers state_D_8(0,0)
start answers state_D_8(0,1):
1
//end answers state_D_8(0,1)
start answers state_D_8(1,1):
1
//end answers state_D_8(1,1)
start answers outside_state_D_8(0,0):
5
//end answers outside_state_D_8(0,0)
start answers outside_state_D_8(0,1):
1
//end answers outside_state_D_8(0,1)
start answers outside_state_D_8(1,1):
1
//end answers outside_state_D_8(1,1)
start answers state_IL_9(0,0):
[]
//end answers state_IL_9(0,0)
start answers state_IL_9(0,1):
1
//end answers state_IL_9(0,1)
start answers state_IL_9(1,1):
[]
//end answers state_IL_9(1,1)
start answers outside_state_IL_9(0,0):
[]
//end answers outside_state_IL_9(0,0)
start answers outside_state_IL_9(0,1):
1
//end answers outside_state_IL_9(0,1)
start answers outside_state_IL_9(1,1):
[]
//end answers outside_state_IL_9(1,1)
start answers state_E_11(0,0):
1
//end answers state_E_11(0,0)
start answers state_E_11(0,1):
[]
//end answers state_E_11(0,1)
start answers state_E_11(1,1):
1
//end answers state_E_11(1,1)
start answers outside_state_E_11(0,0):
6
//end answers outside_state_E_11(0,0)
start answers outside_state_E_11(0,1):
[]
//end answers outside_state_E_11(0,1)
start answers outside_state_E_11(1,1):
3
//end answers outside_state_E_11(1,1)
start answers state_S_12(0,0):
1
//end answers state_S_12(0,0)
start answers state_S_12(0,1):
4
//end answers state_S_12(0,1)
start answers state_S_12(1,1):
1
//end answers state_S_12(1,1)
start answers outside_state_S_12(0,0):
1
//end answers outside_state_S_12(0,0)
start answers outside_state_S_12(0,1):
1
//end answers outside_state_S_12(0,1)
start answers outside_state_S_12(1,1):
4
//end answers outside_state_S_12(1,1)
start answers state_IL_13(0,0):
[]
//end answers state_IL_13(0,0)
start answers state_IL_13(0,1):
1
//end answers state_IL_13(0,1)
start answers state_IL_13(1,1):
[]
//end answers state_IL_13(1,1)
start answers outside_state_IL_13(0,0):
[]
//end answers outside_state_IL_13(0,0)
start answers outside_state_IL_13(0,1):
1
//end answers outside_state_IL_13(0,1)
start answers outside_state_IL_13(1,1):
[]
//end answers outside_state_IL_13(1,1)
start answers state_MP_14(0,0):
[]
//end answers state_MP_14(0,0)
start answers state_MP_14(0,1):
[]
//end answers state_MP_14(0,1)
start answers state_MP_14(1,1):
[]
//end answers state_MP_14(1,1)
start answers outside_state_MP_14(0,0):
[]
//end answers outside_state_MP_14(0,0)
start answers outside_state_MP_14(0,1):
[]
//end answers outside_state_MP_14(0,1)
start answers outside_state_MP_14(1,1):
[]
//end answers outside_state_MP_14(1,1)
start answers state_ML_15(0,0):
[]
//end answers state_ML_15(0,0)
start answers state_ML_15(0,1):
1
//end answers state_ML_15(0,1)
start answers state_ML_15(1,1):
[]
//end answers state_ML_15(1,1)
start answers outside_state_ML_15(0,0):
[]
//end answers outside_state_ML_15(0,0)
start answers outside_state_ML_15(0,1):
1
//end answers outside_state_ML_15(0,1)
start answers outside_state_ML_15(1,1):
[]
//end answers outside_state_ML_15(1,1)
start answers state_MR_16(0,0):
[]
//end answers state_MR_16(0,0)
start answers state_MR_16(0,1):
1
//end answers state_MR_16(0,1)
start answers state_MR_16(1,1):
[]
//end answers state_MR_16(1,1)
start answers outside_state_MR_16(0,0):
[]
//end answers outside_state_MR_16(0,0)
start answers outside_state_MR_16(0,1):
1
//end answers outside_state_MR_16(0,1)
start answers outside_state_MR_16(1,1):
[]
//end answers outside_state_MR_16(1,1)
start answers state_D_17(0,0):
1
//end answers state_D_17(0,0)
start answers state_D_17(0,1):
1
//end answers state_D_17(0,1)
start answers state_D_17(1,1):
1
//end answers state_D_17(1,1)
start answers outside_state_D_17(0,0):
1
//end answers outside_state_D_17(0,0)
start answers outside_state_D_17(0,1):
1
//end answers outside_state_D_17(0,1)
start answers outside_state_D_17(1,1):
5
//end answers outside_state_D_17(1,1)
start answers state_IL_18(0,0):
[]
//end answers state_IL_18(0,0)
start answers state_IL_18(0,1):
1
//end answers state_IL_18(0,1)
start answers state_IL_18(1,1):
[]
//end answers state_IL_18(1,1)
start answers outside_state_IL_18(0,0):
[]
//end answers outside_state_IL_18(0,0)
start answers outside_state_IL_18(0,1):
1
//end answers outside_state_IL_18(0,1)
start answers outside_state_IL_18(1,1):
[]
//end answers outside_state_IL_18(1,1)
start answers state_E_20(0,0):
1
//end answers state_E_20(0,0)
start answers state_E_20(0,1):
[]
//end answers state_E_20(0,1)
start answers state_E_20(1,1):
1
//end answers state_E_20(1,1)
start answers outside_state_E_20(0,0):
2
//end answers outside_state_E_20(0,0)
start answers outside_state_E_20(0,1):
[]
//end answers outside_state_E_20(0,1)
start answers outside_state_E_20(1,1):
7
//end answers outside_state_E_20(1,1)
