Answer: 
( (-1460, <1, 44>, <0, 0>) , .((((....(((...((.((((((....))))))))))).)))).(((.....))). )
( (-1300, <1, 44>, <0, 0>) , .((((....((((((((((........))).)))).))).)))).(((.....))). )
( (-1310, <1, 44>, <0, 0>) , .((((....((((((((((.((...))))).)))).))).)))).(((.....))). )
( (-1290, <1, 44>, <0, 0>) , .((((....(((......((((((....))))))..))).)))).(((.....))). )
( (-1290, <1, 44>, <0, 0>) , .((((....((....((.((((((....)))))))).)).)))).(((.....))). )
( (-1400, <1, 44>, <0, 0>) , .((((....(((...((.((((((....))))))))))).))))((((.....)))) )
( (-1370, <1, 44>, <0, 0>) , .((((....(((...((.((((((....))))))))))).))))..((.....)).. )
( (-1300, <1, 44>, <0, 0>) , .((((....(((...((.((((((....))))))))))).))))............. )
( (-1360, <1, 48>, <0, 0>) , .((((((....(((.((.((((((....))))))))...)))))))))......... )
( (-1300, <1, 48>, <0, 0>) , .((((((....(((....((((((....)))))).....)))))))))......... )
( (-1800, <1, 48>, <0, 0>) , .((((((..(((...((.((((((....)))))))))))...))))))......... )
( (-1570, <1, 48>, <0, 0>) , .((((((..(((...((.(((((......))))))))))...))))))......... )
( (-1320, <1, 48>, <0, 0>) , .((((((..(((...((.((((........)))))))))...))))))......... )
( (-1370, <1, 48>, <0, 0>) , .((((((..(((...((.(((.((....)).))))))))...))))))......... )
( (-1350, <1, 48>, <0, 0>) , .((((((..(((...((..(((((....))))).)))))...))))))......... )
( (-1290, <1, 48>, <0, 0>) , .((((((..(((...((...((((....))))..)))))...))))))......... )
( (-1316, <1, 48>, <0, 0>) , .((((((..(((((((...............)))).)))...))))))......... )
( (-1390, <1, 48>, <0, 0>) , .((((((..(((((((.....(((....))))))).)))...))))))......... )
( (-1640, <1, 48>, <0, 0>) , .((((((..((((((((((........))).)))).)))...))))))......... )
( (-1650, <1, 48>, <0, 0>) , .((((((..((((((((((.((...))))).)))).)))...))))))......... )
( (-1500, <1, 48>, <0, 0>) , .((((((..(((((((((..........)).)))).)))...))))))......... )
( (-1300, <1, 48>, <0, 0>) , .((((((..(((((((....((...))....)))).)))...))))))......... )
( (-1420, <1, 48>, <0, 0>) , .((((((..((((((.....((((....))))))).)))...))))))......... )
( (-1370, <1, 48>, <0, 0>) , .((((((..(((((.....(((((....))))))).)))...))))))......... )
( (-1630, <1, 48>, <0, 0>) , .((((((..(((......((((((....))))))..)))...))))))......... )
( (-1400, <1, 48>, <0, 0>) , .((((((..(((......(((((......)))))..)))...))))))......... )
( (-1440, <1, 48>, <0, 0>) , .((((((..(((.......(((((....)))))...)))...))))))......... )
( (-1630, <1, 48>, <0, 0>) , .((((((..((....((.((((((....)))))))).))...))))))......... )
( (-1400, <1, 48>, <0, 0>) , .((((((..((....((.(((((......))))))).))...))))))......... )
( (-1470, <1, 48>, <0, 0>) , .((((((..((.......((((((....))))))...))...))))))......... )
( (-1420, <1, 48>, <0, 0>) , .((((((...((...((.((((((....))))))))))....))))))......... )
( (-1464, <1, 48>, <0, 0>) , .((((((........((.((((((....))))))))......))))))......... )
( (-1341, <1, 48>, <0, 0>) , .((((((...........((((((....))))))........))))))......... )
( (-1420, <1, 48>, <0, 0>) , .(((((....((((.((.((((((....))))))))...)))))))))......... )
( (-1360, <1, 48>, <0, 0>) , .(((((....((((....((((((....)))))).....)))))))))......... )
( (-1580, <1, 48>, <0, 0>) , .(((((...(((...((.((((((....)))))))))))....)))))......... )
( (-1350, <1, 48>, <0, 0>) , .(((((...(((...((.(((((......))))))))))....)))))......... )
( (-1420, <1, 48>, <0, 0>) , .(((((...((((((((((........))).)))).)))....)))))......... )
( (-1430, <1, 48>, <0, 0>) , .(((((...((((((((((.((...))))).)))).)))....)))))......... )
( (-1410, <1, 48>, <0, 0>) , .(((((...(((......((((((....))))))..)))....)))))......... )
( (-1410, <1, 48>, <0, 0>) , .(((((...((....((.((((((....)))))))).))....)))))......... )
( (-1500, <1, 48>, <0, 0>) , .((((....(((((.((.((((((....))))))))...)))))))))......... )
( (-1440, <1, 48>, <0, 0>) , .((((....(((((....((((((....)))))).....)))))))))......... )
( (-1360, <1, 48>, <0, 0>) , .((((....((((..((.((((((....))))))))....))))))))......... )
( (-1310, <1, 48>, <0, 0>) , .((((....((((.....((((((....))))))......))))))))......... )
( (-1530, <1, 48>, <0, 0>) , .(((....((((((.((.((((((....))))))))...)))))))))......... )
( (-1300, <1, 48>, <0, 0>) , .(((....((((((.((.(((((......)))))))...)))))))))......... )
( (-1470, <1, 48>, <0, 0>) , .(((....((((((....((((((....)))))).....)))))))))......... )
( (-1390, <1, 48>, <0, 0>) , .(((....(((((..((.((((((....))))))))....))))))))......... )
( (-1340, <1, 48>, <0, 0>) , .(((....(((((.....((((((....))))))......))))))))......... )
( (-1350, <1, 48>, <0, 0>) , .(((.((..(((...((.((((((....)))))))))))...)).)))......... )
( (-1310, <1, 48>, <0, 0>) , .(((.....(((((.((.((((((....))))))))...))))).)))......... )
( (-1350, <1, 48>, <0, 0>) , .((.(((..(((...((.((((((....)))))))))))...))).))......... )
( (-1310, <1, 48>, <0, 0>) , .((.....((((((.((.((((((....))))))))...)))))).))......... )
( (-1330, <1, 55>, <0, 0>) , .((((((..((((..((.((((((....)))))))).((...)))))))))).)).. )
( (-1330, <1, 55>, <0, 0>) , .((((((..(((...((.((((((....)))))))).((...)).))))))).)).. )
( (-1710, <1, 55>, <0, 0>) , .((((((.((((((.((.((((((....))))))))...))))))...)))).)).. )
( (-1480, <1, 55>, <0, 0>) , .((((((.((((((.((.(((((......)))))))...))))))...)))).)).. )
( (-1340, <1, 55>, <0, 0>) , .((((((.((((((...(((((((....)))))...)).))))))...)))).)).. )
( (-1650, <1, 55>, <0, 0>) , .((((((.((((((....((((((....)))))).....))))))...)))).)).. )
( (-1420, <1, 55>, <0, 0>) , .((((((.((((((....(((((......))))).....))))))...)))).)).. )
( (-1460, <1, 55>, <0, 0>) , .((((((.((((((.....(((((....)))))......))))))...)))).)).. )
( (-1570, <1, 55>, <0, 0>) , .((((((.(((((..((.((((((....))))))))....)))))...)))).)).. )
( (-1340, <1, 55>, <0, 0>) , .((((((.(((((..((.(((((......)))))))....)))))...)))).)).. )
( (-1520, <1, 55>, <0, 0>) , .((((((.(((((.....((((((....))))))......)))))...)))).)).. )
( (-1290, <1, 55>, <0, 0>) , .((((((.(((((.....(((((......)))))......)))))...)))).)).. )
( (-1332, <1, 55>, <0, 0>) , .((((((.(((((......(((((....))))).......)))))...)))).)).. )
( (-1410, <1, 55>, <0, 0>) , .((((((.((((...((.((((((....)))))))).....))))...)))).)).. )
( (-1372, <1, 55>, <0, 0>) , .((((((.((((......((((((....)))))).......))))...)))).)).. )
( (-1540, <1, 55>, <0, 0>) , .((((((..(((((.((.((((((....))))))))...)))))....)))).)).. )
( (-1310, <1, 55>, <0, 0>) , .((((((..(((((.((.(((((......)))))))...)))))....)))).)).. )
( (-1480, <1, 55>, <0, 0>) , .((((((..(((((....((((((....)))))).....)))))....)))).)).. )
( (-1290, <1, 55>, <0, 0>) , .((((((..(((((.....(((((....)))))......)))))....)))).)).. )
( (-1400, <1, 55>, <0, 0>) , .((((((..((((..((.((((((....))))))))....))))....)))).)).. )
( (-1350, <1, 55>, <0, 0>) , .((((((..((((.....((((((....))))))......))))....)))).)).. )
( (-1530, <1, 55>, <0, 0>) , .(((((..((((((.((.((((((....))))))))...))))))....))).)).. )
( (-1300, <1, 55>, <0, 0>) , .(((((..((((((.((.(((((......)))))))...))))))....))).)).. )
( (-1470, <1, 55>, <0, 0>) , .(((((..((((((....((((((....)))))).....))))))....))).)).. )
( (-1390, <1, 55>, <0, 0>) , .(((((..(((((..((.((((((....))))))))....)))))....))).)).. )
( (-1340, <1, 55>, <0, 0>) , .(((((..(((((.....((((((....))))))......)))))....))).)).. )
( (-1360, <1, 55>, <0, 0>) , .(((((...(((((.((.((((((....))))))))...))))).....))).)).. )
( (-1300, <1, 55>, <0, 0>) , .(((((...(((((....((((((....)))))).....))))).....))).)).. )
( (-1440, <1, 55>, <0, 0>) , .((((((.((((((.((.((((((....))))))))...)))))).))..)).)).. )
( (-1380, <1, 55>, <0, 0>) , .((((((.((((((....((((((....)))))).....)))))).))..)).)).. )
( (-1300, <1, 55>, <0, 0>) , .((((((.(((((..((.((((((....))))))))....))))).))..)).)).. )
( (-1440, <1, 55>, <0, 0>) , .((..((.((((((.((.((((((....))))))))...)))))).)).....)).. )
( (-1380, <1, 55>, <0, 0>) , .((..((.((((((....((((((....)))))).....)))))).)).....)).. )
( (-1300, <1, 55>, <0, 0>) , .((..((.(((((..((.((((((....))))))))....))))).)).....)).. )
( (-1310, <1, 55>, <0, 0>) , .((..((.((((((.((.((((((....))))))))...))))))...))...)).. )
( (-1400, <0, 49>, <0, 0>) , (((((((....(((.((.((((((....))))))))...))))))))))........ )
( (-1340, <0, 49>, <0, 0>) , (((((((....(((....((((((....)))))).....))))))))))........ )
( (-1840, <0, 49>, <0, 0>) , (((((((..(((...((.((((((....)))))))))))...)))))))........ )
( (-1610, <0, 49>, <0, 0>) , (((((((..(((...((.(((((......))))))))))...)))))))........ )
( (-1360, <0, 49>, <0, 0>) , (((((((..(((...((.((((........)))))))))...)))))))........ )
( (-1410, <0, 49>, <0, 0>) , (((((((..(((...((.(((.((....)).))))))))...)))))))........ )
( (-1390, <0, 49>, <0, 0>) , (((((((..(((...((..(((((....))))).)))))...)))))))........ )
( (-1330, <0, 49>, <0, 0>) , (((((((..(((...((...((((....))))..)))))...)))))))........ )
( (-1356, <0, 49>, <0, 0>) , (((((((..(((((((...............)))).)))...)))))))........ )
( (-1430, <0, 49>, <0, 0>) , (((((((..(((((((.....(((....))))))).)))...)))))))........ )
( (-1680, <0, 49>, <0, 0>) , (((((((..((((((((((........))).)))).)))...)))))))........ )
( (-1690, <0, 49>, <0, 0>) , (((((((..((((((((((.((...))))).)))).)))...)))))))........ )
( (-1540, <0, 49>, <0, 0>) , (((((((..(((((((((..........)).)))).)))...)))))))........ )
( (-1290, <0, 49>, <0, 0>) , (((((((..(((((((((...((...)))).)))).)))...)))))))........ )
( (-1340, <0, 49>, <0, 0>) , (((((((..(((((((....((...))....)))).)))...)))))))........ )
( (-1460, <0, 49>, <0, 0>) , (((((((..((((((.....((((....))))))).)))...)))))))........ )
( (-1410, <0, 49>, <0, 0>) , (((((((..(((((.....(((((....))))))).)))...)))))))........ )
( (-1290, <0, 49>, <0, 0>) , (((((((..(((..(((((.((...))))).))...)))...)))))))........ )
( (-1670, <0, 49>, <0, 0>) , (((((((..(((......((((((....))))))..)))...)))))))........ )
( (-1440, <0, 49>, <0, 0>) , (((((((..(((......(((((......)))))..)))...)))))))........ )
( (-1480, <0, 49>, <0, 0>) , (((((((..(((.......(((((....)))))...)))...)))))))........ )
( (-1310, <0, 49>, <0, 0>) , (((((((..((..((((((........))).)))...))...)))))))........ )
( (-1320, <0, 49>, <0, 0>) , (((((((..((..((((((.((...))))).)))...))...)))))))........ )
( (-1670, <0, 49>, <0, 0>) , (((((((..((....((.((((((....)))))))).))...)))))))........ )
( (-1440, <0, 49>, <0, 0>) , (((((((..((....((.(((((......))))))).))...)))))))........ )
( (-1510, <0, 49>, <0, 0>) , (((((((..((.......((((((....))))))...))...)))))))........ )
( (-1320, <0, 49>, <0, 0>) , (((((((..((........(((((....)))))....))...)))))))........ )
( (-1460, <0, 49>, <0, 0>) , (((((((...((...((.((((((....))))))))))....)))))))........ )
( (-1300, <0, 49>, <0, 0>) , (((((((...(((((((((........))).)))).))....)))))))........ )
( (-1310, <0, 49>, <0, 0>) , (((((((...(((((((((.((...))))).)))).))....)))))))........ )
( (-1290, <0, 49>, <0, 0>) , (((((((...((......((((((....))))))..))....)))))))........ )
( (-1504, <0, 49>, <0, 0>) , (((((((........((.((((((....))))))))......)))))))........ )
( (-1381, <0, 49>, <0, 0>) , (((((((...........((((((....))))))........)))))))........ )
( (-1460, <0, 49>, <0, 0>) , ((((((....((((.((.((((((....))))))))...))))))))))........ )
( (-1400, <0, 49>, <0, 0>) , ((((((....((((....((((((....)))))).....))))))))))........ )
( (-1320, <0, 49>, <0, 0>) , ((((((....(((..((.((((((....))))))))....)))))))))........ )
( (-1620, <0, 49>, <0, 0>) , ((((((...(((...((.((((((....)))))))))))....))))))........ )
( (-1390, <0, 49>, <0, 0>) , ((((((...(((...((.(((((......))))))))))....))))))........ )
( (-1460, <0, 49>, <0, 0>) , ((((((...((((((((((........))).)))).)))....))))))........ )
( (-1470, <0, 49>, <0, 0>) , ((((((...((((((((((.((...))))).)))).)))....))))))........ )
( (-1320, <0, 49>, <0, 0>) , ((((((...(((((((((..........)).)))).)))....))))))........ )
( (-1450, <0, 49>, <0, 0>) , ((((((...(((......((((((....))))))..)))....))))))........ )
( (-1450, <0, 49>, <0, 0>) , ((((((...((....((.((((((....)))))))).))....))))))........ )
( (-1290, <0, 49>, <0, 0>) , ((((((...((.......((((((....))))))...))....))))))........ )
( (-1309, <0, 49>, <0, 0>) , ((((((.........((.((((((....)))))))).......))))))........ )
( (-1540, <0, 49>, <0, 0>) , (((((....(((((.((.((((((....))))))))...))))))))))........ )
( (-1310, <0, 49>, <0, 0>) , (((((....(((((.((.(((((......)))))))...))))))))))........ )
( (-1480, <0, 49>, <0, 0>) , (((((....(((((....((((((....)))))).....))))))))))........ )
( (-1290, <0, 49>, <0, 0>) , (((((....(((((.....(((((....)))))......))))))))))........ )
( (-1400, <0, 49>, <0, 0>) , (((((....((((..((.((((((....))))))))....)))))))))........ )
( (-1350, <0, 49>, <0, 0>) , (((((....((((.....((((((....))))))......)))))))))........ )
( (-1320, <0, 49>, <0, 0>) , (((((....(((...((.((((((....))))))))))).....)))))........ )
( (-1570, <0, 49>, <0, 0>) , ((((....((((((.((.((((((....))))))))...))))))))))........ )
( (-1340, <0, 49>, <0, 0>) , ((((....((((((.((.(((((......)))))))...))))))))))........ )
( (-1510, <0, 49>, <0, 0>) , ((((....((((((....((((((....)))))).....))))))))))........ )
( (-1320, <0, 49>, <0, 0>) , ((((....((((((.....(((((....)))))......))))))))))........ )
( (-1430, <0, 49>, <0, 0>) , ((((....(((((..((.((((((....))))))))....)))))))))........ )
( (-1380, <0, 49>, <0, 0>) , ((((....(((((.....((((((....))))))......)))))))))........ )
( (-1390, <0, 49>, <0, 0>) , ((((.((..(((...((.((((((....)))))))))))...)).))))........ )
( (-1350, <0, 49>, <0, 0>) , ((((.....(((((.((.((((((....))))))))...))))).))))........ )
( (-1290, <0, 49>, <0, 0>) , ((((.....(((((....((((((....)))))).....))))).))))........ )
( (-1390, <0, 49>, <0, 0>) , (((.(((..(((...((.((((((....)))))))))))...))).)))........ )
( (-1350, <0, 49>, <0, 0>) , (((.....((((((.((.((((((....))))))))...)))))).)))........ )
( (-1290, <0, 49>, <0, 0>) , (((.....((((((....((((((....)))))).....)))))).)))........ )
( (-1400, <0, 54>, <0, 0>) , ((.((((.((((((.((.((((((....))))))))...))))))...))))))... )
( (-1340, <0, 54>, <0, 0>) , ((.((((.((((((....((((((....)))))).....))))))...))))))... )
( (-1300, <0, 49>, <0, 0>) , (((((((..(((...((.((((((....)))))))))))...))))))).((...)) )
( (-1360, <0, 44>, <0, 0>) , .........(((((.((.((((((....))))))))...))))).(((.....))). )
( (-1300, <0, 44>, <0, 0>) , .........(((((....((((((....)))))).....))))).(((.....))). )
( (-1300, <0, 44>, <0, 0>) , .........(((((.((.((((((....))))))))...)))))((((.....)))) )
( (-1370, <0, 45>, <0, 0>) , ........((((((.((.((((((....))))))))...)))))).((.....)).. )
( (-1310, <0, 45>, <0, 0>) , ........((((((....((((((....)))))).....)))))).((.....)).. )
( (-1410, <0, 45>, <0, 0>) , ........((((((.((.((((((....))))))))...))))))(((.....))). )
( (-1350, <0, 45>, <0, 0>) , ........((((((....((((((....)))))).....))))))(((.....))). )
( (-1320, <0, 45>, <0, 0>) , ........((((((.((.((((((....))))))))...))))))............ )
( (-1540, <0, 48>, <0, 0>) , .....((.((((((.((.((((((....))))))))...)))))).))......... )
( (-1310, <0, 48>, <0, 0>) , .....((.((((((.((.(((((......)))))))...)))))).))......... )
( (-1480, <0, 48>, <0, 0>) , .....((.((((((....((((((....)))))).....)))))).))......... )
( (-1290, <0, 48>, <0, 0>) , .....((.((((((.....(((((....)))))......)))))).))......... )
( (-1400, <0, 48>, <0, 0>) , .....((.(((((..((.((((((....))))))))....))))).))......... )
( (-1350, <0, 48>, <0, 0>) , .....((.(((((.....((((((....))))))......))))).))......... )
( (-1300, <0, 48>, <0, 0>) , .....((..(((((.((.((((((....))))))))...)))))..))......... )
( (-1330, <0, 51>, <0, 0>) , ....(((.((((((.((.((((((....))))))))...))))))...)))...... )
( (-1430, <0, 52>, <0, 0>) , ...((((.((((((.((.((((((....))))))))...))))))...))))..... )
( (-1370, <0, 52>, <0, 0>) , ...((((.((((((....((((((....)))))).....))))))...))))..... )
( (-1290, <0, 52>, <0, 0>) , ...((((.(((((..((.((((((....))))))))....)))))...))))..... )
( (-1350, <0, 47>, <0, 0>) , ..(((((..(((...((.((((((....)))))))))))...))))).......... )
