[][][[][][][]] 1.56633e-06 -2419
	...(((((((................))).)).))........(((((...)))))....((((((.((((....)))).(((.....))).....(((......))).((((..((.(((......))).))...))))...)))))).
[[][]][[[][]][]] 4.89766e-06 -2450
	.....((((((....((((.((.......)).(((.......))).))))...)))))).((((((...(((..(((((.(((.....))).))..(((......)))..))).))).(((......))).............)))))).
[[][]][[[][]][][]] 4.54087e-06 -2450
	.....((((((....((((.((.......)).(((.......))).))))...)))))).((((((...(((..(((((.(((.....))).))..(((......)))..))).))).(((......))).(((.....))).)))))).
[[[][]][][[][]]] 7.12013e-06 -2460
	((((............(((((((.((.((.((((.........(((((...))))).......(((.....))).)))).)).)).)))).)))..(((......))).......((.(((......))).(((.....))).)))))).
	((((..((.((...(((((..........))))).........(((((...))))).....)).)).((((....))))..(((((((........(((......))).......((.(((......))).))...)))))))..)))).
	((((.((((((....((((.((.......)).(((.......))).))))...))))))....(((.....))).......(((((((........(((......))).......((.(((......))).))...)))))))..)))).
[[][]][[][][][]] 1.478e-06 -2410
	.....((((((....((((.((.......)).(((.......))).))))...)))))).((((((.((((....)))).(((.....))).....(((......))).((((..((.(((......))).))...))))...)))))).
[][][][[][]] 1.24942e-05 -2469
	(((....)))....(((((..........))))).........(((((...)))))....((((((.((((....))))..(((((((.........(((...(((((((.......)))))))..))).......))))))))))))).
[[[][]][][][]] 2.46995e-06 -2450
	((((............(((((((.((.((.((((.........(((((...))))).......(((.....))).)))).)).)).)))).)))..(((......))).......((.(((......))).))....((....)))))).
[[][[[][]][][]]] 9.46982e-05 -2594
	((((..((..............)).(((...(((.........(((((...)))))..((((((.((.((((.....)))))))))))).)))...(((......)))..(((..((.(((......))).))...))).)))..)))).
	((((..((..............)).(((...(((.........(((((...)))))..(((((.(((.((((.....)))))))))))).)))...(((......)))..(((..((.(((......))).))...))).)))..)))).
	((((..((..............)).(((...(((.........(((((...)))))..(((((.((.(((((.....)))))))))))).)))...(((......)))..(((..((.(((......))).))...))).)))..)))).
[][[[][][]][]] 2.38755e-05 -2440
	......(((....)))..(((....(((............((.(((((...)))))..((((((.((.((((.....)))))))))))).......(((......)))...))..((.(((......))).)).......))).)))...
	......(((....)))..(((....(((............((.(((((...)))))..(((((.(((.((((.....)))))))))))).......(((......)))...))..((.(((......))).)).......))).)))...
	......(((....)))..(((....(((............((.(((((...)))))..(((((.((.(((((.....)))))))))))).......(((......)))...))..((.(((......))).)).......))).)))...
[][[][][][]] 0.000108137 -2580
	......(((....)))..(((....(((...............(((((...)))))..((((((.((.((((.....)))))))))))).......(((......)))..(((..((.(((......))).))...))).))).)))...
	......(((....)))..(((....(((...............(((((...)))))..(((((.(((.((((.....)))))))))))).......(((......)))..(((..((.(((......))).))...))).))).)))...
	......(((....)))..(((....(((...............(((((...)))))..(((((.((.(((((.....)))))))))))).......(((......)))..(((..((.(((......))).))...))).))).)))...
[[][]][[][]] 0.00499227 -2850
	...(((((...(((((.((.((.......))..)))))))...(((((...))))).............))))).......(((((((........(((......))).......((.(((......))).))...))))))).......
	...(((((...((((.(((.((.......))..)))))))...(((((...))))).............))))).......(((((((........(((......))).......((.(((......))).))...))))))).......
[[][[][][[][]]]] 1.22681e-06 -2334
	((((..((..............)).(((...............(((((...)))))..((((((.((.((((.....))))))))))))...(((.(((......))).......((.(((......))).))....))))))..)))).
	((((..((..............)).(((...............(((((...)))))..(((((.(((.((((.....))))))))))))...(((.(((......))).......((.(((......))).))....))))))..)))).
	((((..((..............)).(((...............(((((...)))))..(((((.((.(((((.....))))))))))))...(((.(((......))).......((.(((......))).))....))))))..)))).
[[][[][]][]] 0.000349674 -2630
	..................(((....(((...(((.((......))))).(((((.........((((.((((.....))))))))..(((......)))....)))))..(((..((.(((......))).))...))).))).)))...
	..................(((....(((...(((.((......))))).(((((.........(((.(((((.....))))))))..(((......)))....)))))..(((..((.(((......))).))...))).))).)))...
[][][][] 7.05205e-06 -2349
	...(((((((................))).)).))........(((((...)))))..((((((.((.((((.....)))))))))))).......((((......((((.....((.(((......))).))....))))..))))...
	...(((((((................))).)).))........(((((...)))))..((((((.((.((((.....))))))))))))...(((.((((......((((.....((.(((......))).))....))))..)))))))
	...(((((((................))).)).))........(((((...)))))..(((((.(((.((((.....)))))))))))).......((((......((((.....((.(((......))).))....))))..))))...
	...(((((((................))).)).))........(((((...)))))..(((((.(((.((((.....))))))))))))...(((.((((......((((.....((.(((......))).))....))))..)))))))
	...(((((((................))).)).))........(((((...)))))..(((((.((.(((((.....)))))))))))).......((((......((((.....((.(((......))).))....))))..))))...
	...(((((((................))).)).))........(((((...)))))..(((((.((.(((((.....))))))))))))...(((.((((......((((.....((.(((......))).))....))))..)))))))
[][[][]] 0.0275094 -2922
	.....((((((....((((...........................))))...)))))).((((((.((((....))))..(((((((.........(((...(((((((.......)))))))..))).......))))))))))))).
[[][[][[][]][]]] 3.05291e-06 -2334
	((((..((..............)).(((...(((.((......))))).(((((.........((((.((((.....))))))))..(((......)))....)))))..(((..((.(((......))).))...))).)))..)))).
	((((..((..............)).(((...(((.((......))))).(((((.........(((.(((((.....))))))))..(((......)))....)))))..(((..((.(((......))).))...))).)))..)))).
[][][[[][]][]] 9.10252e-06 -2459
	...(((((((................))).)).))........(((((...)))))....((((((...(((..(((((.(((.....))).))..(((......)))..))).))).(((......))).............)))))).
[[][[][[[][]][]]]] 1.45471e-06 -2354
	((((..((..............)).(((...............(((((...))))).....(((((...(((..(((((.(((.....))).))..(((......)))..))).))).(((......))).)).)))...)))..)))).
[[][]][] 0.0066736 -2980
	...((..((((.....(((((((.((.((.((((.........(((((...))))).......(((.....))).)))).)).)).)))).))).....))))..))..((((..((.(((......))).))...))))..........
[][[][[][]]] 0.0521141 -3013
	.....((((((....((((...........................))))...)))))).((((((.((((....))))..(((((((........(((......))).......((.(((......))).))...))))))))))))).
[[[][][][]][]] 1.91102e-06 -2420
	((((.((.((.((((..((((....((......))........(((((...)))))..((((((.((.((((.....)))))))))))).......(((......)))...))))((.(((......))).))..)))).)))).)))).
	((((.((.((.((((..((((....((......))........(((((...)))))..(((((.(((.((((.....)))))))))))).......(((......)))...))))((.(((......))).))..)))).)))).)))).
	((((.((.((.((((..((((....((......))........(((((...)))))..(((((.((.(((((.....)))))))))))).......(((......)))...))))((.(((......))).))..)))).)))).)))).
[[[[][]][]][]] 0.00209594 -2920
	((((.((.(((.....(((((((.((.((.((((.........(((((...))))).......(((.....))).)))).)).)).)))).)))..(((......))).)))...((.(((......))).)).........)).)))).
[][[][[][][]]] 6.34593e-05 -2573
	.....((((((....((((...........................))))...)))))).((((((.((((....))))..(((((((((......))(((........)))...((.(((......))).))...))))))))))))).
[][[][]][][] 1.05738e-05 -2510
	......(((....)))(((((((.((.((.((((.........(((((...))))).......(((.....))).)))).)).)).)))).)))..(((......))).((((..((.(((......))).))...))))..........
[[][][]][] 5.93636e-06 -2390
	.................((((......................(((((...)))))..((((((.((.((((.....)))))))))))).......(((......)))...)))).((((((.....(((........)))...))))))
	.................((((......................(((((...)))))..(((((.(((.((((.....)))))))))))).......(((......)))...)))).((((((.....(((........)))...))))))
	.................((((......................(((((...)))))..(((((.((.(((((.....)))))))))))).......(((......)))...)))).((((((.....(((........)))...))))))
[[][]][][][] 6.20268e-06 -2590
	................(((((((.((.((.((((.........(((((...))))).......(((.....))).)))).)).)).)))).)))..(((......))).......((.(((......))).))....((((....)))).
[][][] 0.000252343 -2629
	...(((((((................))).)).))........(((((...)))))....((((((...((...(((..((((..(((((((...((((((........))).))).)))))))...)))))))...))....)))))).
	...(((((((................))).)).))........(((((...)))))....((((((...((...(((..((((..(((((((...((((((........)))).)).)))))))...)))))))...))....)))))).
[] 8.92218e-06 -2442
	((((.((.((.((((..(((.....((....((((......((((((..(((((((.(((...((..((((...........))))..))....))).)))...)))))))))).......))))..))...))))))).)))).)))).
[[[][]][]][][] 4.35813e-05 -2630
	........(((.....(((((((.((.((.((((.........(((((...))))).......(((.....))).)))).)).)).)))).)))..(((......))).)))...((.(((......))).))....((((....)))).
[][[][]][[][]] 6.16681e-06 -2460
	......(((....)))(((((((.((.((.((((.........(((((...))))).......(((.....))).)))).)).)).)))).)))..((((...(((((((.......)))))))...(((........)))..))))...
[[][]] 0.0861954 -3000
	..................(((....(((...............(((((...(((....((((((.((.((((.....)))))))))))).)))....))))).......((((..((.(((......))).))...))))))).)))...
	..................(((....(((...............(((((...(((....(((((.(((.((((.....)))))))))))).)))....))))).......((((..((.(((......))).))...))))))).)))...
	..................(((....(((...............(((((...(((....(((((.((.(((((.....)))))))))))).)))....))))).......((((..((.(((......))).))...))))))).)))...
[][][[][][]] 5.76946e-05 -2539
	...(((((((................))).)).))........(((((...)))))....((((((.....(((((...)))))............(((......))).((((..((.(((......))).))...))))...)))))).
[][[][][]] 0.000706164 -2618
	...(((((((................))).)).))...((((((((((...))))).......(((.....))).......(((((((.........(((...(((((((.......)))))))..))).......))))))).))))).
[[][]][][[][]] 4.15894e-06 -2460
	................(((((((.((.((.((((.........(((((...))))).......(((.....))).)))).)).)).)))).)))..(((......))).......((.(((......))).(((.....))).)).....
[[][][][][]] 8.2009e-06 -2430
	..................(((....(((.((..........))(((((...)))))..((((((.((.((((.....)))))))))))).......(((......)))..(((..((.(((......))).))...))).))).)))...
	..................(((....(((.((..........))(((((...)))))..(((((.(((.((((.....)))))))))))).......(((......)))..(((..((.(((......))).))...))).))).)))...
	..................(((....(((.((..........))(((((...)))))..(((((.((.(((((.....)))))))))))).......(((......)))..(((..((.(((......))).))...))).))).)))...
[[[][]][][]] 0.0453061 -3110
	((((.((.((.((((.(((((((.((.((.((((.........(((((...))))).......(((.....))).)))).)).)).)))).)))..(((......))).......((.(((......))).))..)))).)))).)))).
[][[[[][]][]][]] 2.20062e-06 -2290
	......(((....)))........((((...((((......(((((((...))))).......((((.((((.....))))))))...))..(((((((((........))).))).))).))))..(((........)))..))))...
	......(((....)))........((((...((((......(((((((...))))).......((((.((((.....))))))))...))..(((((((((........)))).)).))).))))..(((........)))..))))...
	......(((....)))........((((...((((......(((((((...))))).......(((.(((((.....))))))))...))..(((((((((........))).))).))).))))..(((........)))..))))...
	......(((....)))........((((...((((......(((((((...))))).......(((.(((((.....))))))))...))..(((((((((........)))).)).))).))))..(((........)))..))))...
[[][[][]]] 0.0133886 -2850
	((((.((.((....(((((..........))))).....((((((......(((....((((((.((.((((.....))))))))))))....))).(((...(((((((.......)))))))..)))..))))))...)))).)))).
	((((.((.((....(((((..........))))).....((((((......(((....(((((.(((.((((.....))))))))))))....))).(((...(((((((.......)))))))..)))..))))))...)))).)))).
	((((.((.((....(((((..........))))).....((((((......(((....(((((.((.(((((.....))))))))))))....))).(((...(((((((.......)))))))..)))..))))))...)))).)))).
[[][[[][]][]]] 0.00106474 -2674
	((((..((..............)).(((.(((((.........(((((...)))))..((((((.((.((((.....))))))))))))....)))))...........((((..((.(((......))).))...)))))))..)))).
	((((..((..............)).(((.(((((.........(((((...)))))..(((((.(((.((((.....))))))))))))....)))))...........((((..((.(((......))).))...)))))))..)))).
	((((..((..............)).(((.(((((.........(((((...)))))..(((((.((.(((((.....))))))))))))....)))))...........((((..((.(((......))).))...)))))))..)))).
[][[[][]][[][]]] 7.85264e-06 -2480
	......(((....)))........((((.......(((((...(((((...))))).......(((.....))).))))).(((((((........(((......))).......((.(((......))).))...)))))))))))...
[[][[[][][]][]]] 2.7756e-06 -2364
	((((..((..............)).(((............((.(((((...)))))..((((((.((.((((.....)))))))))))).......(((......)))...))..((.(((......))).)).......)))..)))).
	((((..((..............)).(((............((.(((((...)))))..(((((.(((.((((.....)))))))))))).......(((......)))...))..((.(((......))).)).......)))..)))).
	((((..((..............)).(((............((.(((((...)))))..(((((.((.(((((.....)))))))))))).......(((......)))...))..((.(((......))).)).......)))..)))).
[[][[][]][]][] 1.3315e-06 -2380
	...((.(((....)))(((((((.((.((.((((.........(((((...))))).......(((.....))).)))).)).)).)))).)))..(((......))).....)).((((((.....(((........)))...))))))
[][[[][]][][]] 0.00042403 -2670
	......(((....)))..(((....(((...(((.........(((((...)))))..((((((.((.((((.....)))))))))))).)))...(((......)))..(((..((.(((......))).))...))).))).)))...
	......(((....)))..(((....(((...(((.........(((((...)))))..(((((.(((.((((.....)))))))))))).)))...(((......)))..(((..((.(((......))).))...))).))).)))...
	......(((....)))..(((....(((...(((.........(((((...)))))..(((((.((.(((((.....)))))))))))).)))...(((......)))..(((..((.(((......))).))...))).))).)))...
[][][[[][]][][]] 4.87107e-06 -2459
	...(((((((................))).)).))........(((((...)))))....((((((...(((..(((((.(((.....))).))..(((......)))..))).))).(((......))).(((.....))).)))))).
[[][][]] 0.00324531 -2864
	((((.((.((.((((.(((((((.((.((.((((.......((((.(((........)))....)))).......)))).)).)).)))).)))..(((......))).......((.(((......))).))..)))).)))).)))).
[][[[][[][]]][]] 9.7947e-07 -2320
	......(((....)))..(((....(((.............(((((((...))))).((....((((.((((.....))))))))..(((......)))..))...))..(((..((.(((......))).))...))).))).)))...
	......(((....)))..(((....(((.............(((((((...))))).((....(((.(((((.....))))))))..(((......)))..))...))..(((..((.(((......))).))...))).))).)))...
[[[[][]][]][][]] 3.61518e-05 -2610
	((((..(((.......(((((((.((.((.((((.........(((((...))))).......(((.....))).)))).)).)).)))).)))..(((......)))......))).(((......))).(((.....)))...)))).
[[][[][[][]]]] 4.19165e-05 -2513
	.((..((((((....((((...........................))))...))))))..(((((.((((....))))..(((((((........(((......))).......((.(((......))).))...))))))))))))))
[[][][[][]]] 9.91987e-05 -2640
	........................((((...............(((((...))))).......(((.....))).......(((((((........(((......))).......((.(((......))).))...)))))))))))...
[][][[][[][][]]] 4.55033e-06 -2509
	...(((((((................))).)).))........(((((...)))))....((((((.((((....))))..(((((((((......))(((........)))...((.(((......))).))...))))))))))))).
[][[][[][[][]]]] 1.44532e-05 -2519
	...(((((((................))).)).))...((((((((((...))))).......(((.((((....))))...((((..........(((......))).......((.(((......))).))..)))).))).))))).
[[[][][]][][]] 1.74717e-05 -2510
	((((.((.((.((((.(((((((..((......))........(((((...))))).......((((.((((.....)))))))).)))).)))..(((......))).......((.(((......))).))..)))).)))).)))).
	((((.((.((.((((.(((((((..((......))........(((((...))))).......(((.(((((.....)))))))).)))).)))..(((......))).......((.(((......))).))..)))).)))).)))).
[][][[][]] 0.00153974 -2858
	...(((((((................))).)).))........(((((...)))))....((((((.((((....))))..(((((((.........(((...(((((((.......)))))))..))).......))))))))))))).
[][] 0.00182552 -2734
	...((..((((.....(((((((.((.((.((((.......((((.(((........)))....)))).......)))).)).)).)))).))).....))))..))..((((..((.(((......))).))...))))..........
[][[][[[][]][]]] 2.7873e-05 -2559
	...(((((((................))).)).))...((((((((((...))))).......((((..(((..(((((.(((.....))).))..(((......)))..))).))).(((......))).........)))).))))).
[[][][]][[][]] 8.46925e-06 -2470
	...(((((...(((((.((.((.......))..)))))))...(((((...))))).(((......)))))))).......(((((((........(((......))).......((.(((......))).))...))))))).......
	...(((((...((((.(((.((.......))..)))))))...(((((...))))).(((......)))))))).......(((((((........(((......))).......((.(((......))).))...))))))).......
[][[][][[][]]] 0.00028041 -2709
	...(((((((................))).)).))...((((((((((...))))).......(((.....))).......(((((((........(((......))).......((.(((......))).))...))))))).))))).
[[][][][]] 0.000454257 -2800
	..................(((....(((...............(((((...)))))..((((((.((.((((.....)))))))))))).......(((......)))..(((..((.(((......))).))...))).))).)))...
	..................(((....(((...............(((((...)))))..(((((.(((.((((.....)))))))))))).......(((......)))..(((..((.(((......))).))...))).))).)))...
	..................(((....(((...............(((((...)))))..(((((.((.(((((.....)))))))))))).......(((......)))..(((..((.(((......))).))...))).))).)))...
[[[][]][]] 0.730118 -3160
	((((.((.((.((((....((((...((.(((((.........(((((...)))))..((((((.((.((((.....))))))))))))....)))))))....)))).......((.(((......))).))..)))).)))).)))).
	((((.((.((.((((....((((...((.(((((.........(((((...)))))..(((((.(((.((((.....))))))))))))....)))))))....)))).......((.(((......))).))..)))).)))).)))).
	((((.((.((.((((....((((...((.(((((.........(((((...)))))..(((((.((.(((((.....))))))))))))....)))))))....)))).......((.(((......))).))..)))).)))).)))).
[][][][[][[][]]] 3.85415e-05 -2560
	(((....)))....(((((..........))))).........(((((...)))))....((((((.((((....))))..(((((((........(((......))).......((.(((......))).))...))))))))))))).
[[][[][]]][[][]] 3.06672e-06 -2450
	...(((((....((......))..((((....((....))...(((((...)))))........)))).))))).......(((((((........(((......))).......((.(((......))).))...))))))).......
	...(((((....((......))..((((....(((.......))).(((........)))....)))).))))).......(((((((........(((......))).......((.(((......))).))...))))))).......
[[[][]][[][[][]]]] 3.01349e-06 -2440
	.((..((((((....((((.((.......)).(((.......))).))))...))))))..(((((.((((....))))..(((((((........(((......))).......((.(((......))).))...))))))))))))))
[[[][]][][]][] 4.50404e-06 -2500
	.((((...........(((((((.((.((.((((.........(((((...))))).......(((.....))).)))).)).)).)))).)))..(((......))).......((.(((......))).))))))((((....)))).
[[][[][][]]] 0.000131806 -2570
	((((.((.((....(((((..........))))).....((((((.(((........)))...((..((((...........))))..)).......(((...(((((((.......)))))))..)))..))))))...)))).)))).
[[][]][[][[][]]] 0.00664049 -2940
	.....((((((....((((.((.......)).(((.......))).))))...)))))).((((((.((((....))))..(((((((........(((......))).......((.(((......))).))...))))))))))))).
[[][[][]]][] 1.85517e-05 -2440
	...((.(((....)))...((((...((.(((((.........(((((...)))))..((((((.((.((((.....))))))))))))....)))))))....)))).....)).((((((.....(((........)))...))))))
	...((.(((....)))...((((...((.(((((.........(((((...)))))..(((((.(((.((((.....))))))))))))....)))))))....)))).....)).((((((.....(((........)))...))))))
	...((.(((....)))...((((...((.(((((.........(((((...)))))..(((((.((.(((((.....))))))))))))....)))))))....)))).....)).((((((.....(((........)))...))))))
	...((.(((....)))...((((.((.((.((((.........(((((...))))).......(((.....))).)))).)).)).)))).))...((((......((((.....((.(((......))).))....))))..))))...
[[][[][][][]]] 1.7372e-05 -2504
	((((..((..............)).(((...............(((((...)))))..((((((.((.((((.....)))))))))))).......(((......)))..(((..((.(((......))).))...))).)))..)))).
	((((..((..............)).(((...............(((((...)))))..(((((.(((.((((.....)))))))))))).......(((......)))..(((..((.(((......))).))...))).)))..)))).
	((((..((..............)).(((...............(((((...)))))..(((((.((.(((((.....)))))))))))).......(((......)))..(((..((.(((......))).))...))).)))..)))).
[[][]][[][][]] 5.57016e-05 -2530
	.....((((((....((((.((.......)).(((.......))).))))...)))))).((((((.....(((((...)))))............(((......))).((((..((.(((......))).))...))))...)))))).
[[][[][]][[][]]] 1.40867e-06 -2390
	((((..........(((((..........))))).(((((...(((((...))))).......(((.....))).))))).(((((((........(((......))).......((.(((......))).))...)))))))..)))).
[[][[][]][][]] 1.05681e-05 -2560
	((((.((((....)).(((((((.((.((.((((.........(((((...))))).......(((.....))).)))).)).)).)))).)))..(((......))).((((..((.(((......))).))...))))..)).)))).
[][[[][]][]] 0.0032077 -2750
	......(((....)))..(((....(((.(((((.........(((((...)))))..((((((.((.((((.....))))))))))))....)))))...........((((..((.(((......))).))...))))))).)))...
	......(((....)))..(((....(((.(((((.........(((((...)))))..(((((.(((.((((.....))))))))))))....)))))...........((((..((.(((......))).))...))))))).)))...
	......(((....)))..(((....(((.(((((.........(((((...)))))..(((((.((.(((((.....))))))))))))....)))))...........((((..((.(((......))).))...))))))).)))...
[][[][[][][][]]] 8.68774e-07 -2359
	...(((((((................))).)).))...((((((((((...))))).......(((.((((....)))).(((.....))).....(((......)))..(((..((.(((......))).))...))).))).))))).
[[][]][[][[][][]]] 4.28927e-06 -2500
	.....((((((....((((.((.......)).(((.......))).))))...)))))).((((((.((((....))))..(((((((((......))(((........)))...((.(((......))).))...))))))))))))).
[][[][[][]][]] 1.3649e-05 -2410
	......(((....)))..(((....(((...(((.((......))))).(((((.........((((.((((.....))))))))..(((......)))....)))))..(((..((.(((......))).))...))).))).)))...
	......(((....)))..(((....(((...(((.((......))))).(((((.........(((.(((((.....))))))))..(((......)))....)))))..(((..((.(((......))).))...))).))).)))...
[[[][[][]]][]] 9.15368e-05 -2540
	((((.((.((.((((....((((...((.(((((.........(((((...)))))..((((((((...))..(((...))).))))))....)))))))....)))).......((.(((......))).))..)))).)))).)))).
[[[][[][]]][]] 9.15368e-05 -2540
	..................(((....(((.............(((((((...))))).((....((((.((((.....))))))))..(((......)))..))...))..(((..((.(((......))).))...))).))).)))...
	..................(((....(((.............(((((((...))))).((....(((.(((((.....))))))))..(((......)))..))...))..(((..((.(((......))).))...))).))).)))...
[[][][[][[][]]]] 2.78795e-06 -2390
	.....(((...(((((.((.((.......))..)))))))...(((((...)))))......((((.((((....))))..(((((((........(((......))).......((.(((......))).))...))))))))))))))
	.....(((...((((.(((.((.......))..)))))))...(((((...)))))......((((.((((....))))..(((((((........(((......))).......((.(((......))).))...))))))))))))))
[[[[][]][]][]][] 3.82026e-05 -2580
	.((((...(((.....(((((((.((.((.((((.........(((((...))))).......(((.....))).)))).)).)).)))).)))..(((......))).)))...((.(((......))).))))))((((....)))).
[[[][]][]][[][]] 5.05248e-06 -2500
	........(((.....(((((((.((.((.((((.........(((((...))))).......(((.....))).)))).)).)).)))).)))..(((......))).)))...((.(((......))).(((.....))).)).....
[][[][]][] 8.97418e-05 -2590
	......(((....)))(((((((.((.((.((((.........(((((...))))).......(((.....))).)))).)).)).)))).)))..((((......((((.....((.(((......))).))....))))..))))...
[][][[][[][]]] 0.0070647 -2949
	...(((((((................))).)).))........(((((...)))))....((((((.((((....))))..(((((((........(((......))).......((.(((......))).))...))))))))))))).
[[[][][]][]] 0.000624711 -2710
	((((.((.((.((((....((((...((.((((((......))(((((...)))))..((((((.((.((((.....)))))))))))).....))))))....)))).......((.(((......))).))..)))).)))).)))).
	((((.((.((.((((....((((...((.((((((......))(((((...)))))..(((((.(((.((((.....)))))))))))).....))))))....)))).......((.(((......))).))..)))).)))).)))).
	((((.((.((.((((....((((...((.((((((......))(((((...)))))..(((((.((.(((((.....)))))))))))).....))))))....)))).......((.(((......))).))..)))).)))).)))).
[[[][]][]][] 0.00190901 -2900
	...((.(((.......(((((((.((.((.((((.........(((((...))))).......(((.....))).)))).)).)).)))).)))..(((......))).))).)).((((((.....(((........)))...))))))
[[][][][[][]]] 2.63077e-06 -2420
	((((...(((.((.(((((..........))))).)).)))..(((((...))))).......(((.....))).......(((((((........(((......))).......((.(((......))).))...)))))))..)))).
[[][]][][] 0.000354337 -2780
	...((..((((.....(((((((.((.((.((((.........(((((...))))).......(((.....))).)))).)).)).)))).))).....))))..))........((.(((......))).))....((((....)))).
[[[][]][[][]]] 0.000351228 -2770
	((((.((............((((.((.((.((((.........(((((...))))).......(((.....))).)))).)).)).))))..(((.(((......))).......((.(((......))).))....)))..)).)))).
	((((.((.((.........((((.((.((.((((.........(((((...))))).......(((.....))).)))).)).)).))))..(((.(((......))).......((.(((......))).))....))))))).)))).
[[[[][]][]][[][]]] 8.46985e-06 -2540
	((((....(((.....(((((((.((.((.((((.........(((((...))))).......(((.....))).)))).)).)).)))).)))..(((......))).)))...((.(((......))).(((.....))).)))))).
