[][] 0.000954654 -2634 .....(((((.(((.((((.............(((.......))).)))).)))))))).((((((...((...(((..((((..(((((((....(((((........)))))...)))))))...)))))))...))....)))))).
[[][][]] 0.00620525 -2700 ((((.((.((.((((....((((.((.((.((((.....((((...(((........))).....))))......)))).)).)).))))......(((......))).......((.(((......))).))..)))).)))).)))).
[][[][]] 0.0520286 -2852 .....((((((....((((...........................))))...)))))).((((((..(((....)))...(((((((.........(((...(((((((.......)))))))..))).......))))))))))))).
[[][]] 0.0821002 -2954 ..................(((....(((...........((((((......(((....((((.((((.((((.....))))))))))))....))).(((...(((((((.......)))))))..)))..))))))...))).)))...
[[][]][] 0.00763723 -2850 ...((..((((.....(((((((.((.((.(((..........(((((...))))).......(((.....)))..))).)).)).)))).))).....))))..)).........((((((.....(((........)))...))))))
[[][[][][]]] 0.00334129 -2090 ((((.((.((....(((((..........)))))(((......(((((...)))))..(((((.(((.(((.......)))))))))))........(((...(((((((.......)))))))..)))........))))))).)))).
[[][][[][]]] 0.00429594 -2550 ..................(((....(((...............(((((...)))))..(((((.(((.((((.....))))))))))))(((....(((......))).......((.(((......))).))....)))))).)))...
[][[][[][]]] 0.0224344 -2940 .....((((((....((((.......((.((..........)))).))))...)))))).((((((..(((....)))...(((((((........(((......))).......((.(((......))).))...))))))))))))).
[][[[][]][]] 0.00143198 -2550 ......(((....)))..(((....(((...(((.........(((((...)))))..((((.(((.(((((.....)))))))))))).)))....(((...(((((((.......)))))))..)))...........))).)))...
[[[][]][][]] 0.0677804 -3110 ((((.((.((.((((.(((((((.((.((.((((.........(((((...))))).......(((.....))).)))).)).)).)))).)))..(((......))).......((.(((......))).))..)))).)))).)))).
[][[][][][]] 0.000477327 -1565 ......((......))........((((.((....................)).....((((((.((((((....))))..)))))))).......(((......)))..(((..((.(((......))).))...)))....))))...
[[][]][[][]] 0.0109785 -2840 ...(((((...((((.(((.((.......))..)))))))...(((((...))))).............)))))......((((((((........(((......))).......((.(((......))).))...))))))))......
[][][[][]] 0.00572792 -2373 ......((..............))...................(((((...))))).....(((((..(((....)))...(((((((.........(((...(((((((.......)))))))..))).......))))))))))))..
[[][[][]]] 0.0868735 -2850 ((((.((.((....(((((..........))))).....((((((......(((....(((((.(((.((((.....))))))))))))....))).(((...(((((((.......)))))))..)))..))))))...)))).)))).
[[[][]][]] 0.617184 -3160 ((((.((.((.((((....((((...((.(((((.........(((((...)))))..(((((.(((.((((.....))))))))))))....)))))))....)))).......((.(((......))).))..)))).)))).)))).
[[][][][]] 0.00143198 -2294 ..................(((....(((.((............(((((...)))))..))...((..((((...........))))..))......(((......)))..(((..((.(((......))).))...))).))).)))...
[][[][][]] 0.00190931 -2270 .....(((((.(((.((((.......((.((..........)))).)))).)))))))).((((((.((((...........))))...........(((....((((((.......))))))...)))..(((.....))).)))))).
[[[][]][]][] 0.000954654 -2650 ...((.(((.......(((((((.((.((.((((.........(((((...))))).......(((.....))).)))).)).)).)))).)))..(((......))).))).)).((((((....((.........)).....))))))
[[][[][]][[][]]] 0.000954654 -1870 ((((........((.....))(((((.......((((......(((((...)))))))))...(((.....)))..)))))((((((.........(((......))).......((.(((......))).))....))))))..)))).
[[][]][[][[][]]] 0.00334129 -2860 .....((((((.((.((((.((.......)).(((.......))).)))).)))))))).((((((..(((....)))...(((((((........(((......))).......((.(((......))).))...))))))))))))).
[[][[[][]][][]]] 0.000477327 -2414 ((((..((..............)).(((...((..........(((((...)))))..((((.((((((((....))))..))))))))..))...(((......))).......((.(((......))).)).......)))..)))).
[][][[][[][]]] 0.00238663 -2879 ...(((((((................))).)).))........(((((...)))))....((((((..(((....)))...(((((((........(((......))).......((.(((......))).))...))))))))))))).
[[][[][][][]]] 0.000477327 -2130 ((((.((.((.......((..........))...(((..(((.(((((...)))))..((((((.((.((((.....)))))))))))).......(((......))).......((.(((......))).)).)))))))))).)))).
[[[][]][[][]]] 0.00811456 -2770 ((((.((.((.........((((.((.((.((((.........(((((...))))).......(((.....))).)))).)).)).))))..(((.(((......))).......((.(((......))).))....))))))).)))).
[][[][[][][]]] 0.000954654 -2050 ...(((((((..((......))....))).)).))...(((((((((.....)))).......((((.((.(((((...)))))............((........)).......((.(((......))).)).))...)))).))))).
[][[][][[][]]] 0.000477327 -1450 .((......)).......(((....(((.(((((.((......)))))...)).....((((.(((.((((....))))...)))))))(((....(((......))).......((.(((......))).))....)))))).)))...
[[[[][]][]][]] 0.00286396 -2750 ((((..(((.......(((((((.((.((.((((.........(((((...))))).......(((.....))).)))).)).)).)))).)))..(((......))).)))...((.(((......))).))............)))).
[[[][][]][][]] 0.000477327 -950 ((((.((.((....(((((.((.......))..))).......(((((...)))))...(((.(((.....))).))).......)).((......)).........(((.....((.(((......))).))....))))))).)))).
[][[[][]][][]] 0.000954654 -2350 ........((....))..(((....(((...((..........(((((...)))))..((((.((((.((((.....))))))))))))..))...(((......))).......((.(((......))).)).......))).)))...
[[[][]][][][]] 0.00238663 -2360 ..................(((....(((.(((.((......))(((((...))))).)))...((..((((...........))))..))......(((......)))..(((..((.(((......))).))...))).))).)))...
[[][[][[][]]]] 0.000477327 -1690 ..((....((..((....))..)).(((...............(((((...))))).....(((((.....(((((...))))).((((((....((((((........))).)))..)))))).......)).)))...)))..))...
[[][[[][]][]]] 0.00143198 -2114 ..................(((....(((.((............((((.....))))..)).((((((..(((..(((((.(((.....))).))..(((......)))..))).)))..((......)).))).)))...))).)))...
[[][[[][]][[][]]]] 0.000477327 -1760 ((((........((......))...(((.((.((....))...(((((...)))))..)).((((((..(((..(((...(((....(((......))).......))).))).))).(((......)))))).)))...)))..)))).
